#
# A fatal error has been detected by the Java Runtime Environment:
#
#  SIGSEGV (0xb) at pc=0x00007fff84ddd4dd, pid=2296, tid=0x0000000000000a0b
#
# JRE version: Java(TM) SE Runtime Environment (8.0_181-b13) (build 1.8.0_181-b13)
# Java VM: Java HotSpot(TM) 64-Bit Server VM (25.181-b13 mixed mode bsd-amd64 compressed oops)
# Problematic frame:
# C  [libobjc.A.dylib+0x14dd]  objc_msgSend+0x1d
#
# Failed to write core dump. Core dumps have been disabled. To enable core dumping, try "ulimit -c unlimited" before starting Java again
#
# If you would like to submit a bug report, please visit:
#   http://bugreport.java.com/bugreport/crash.jsp
# The crash happened outside the Java Virtual Machine in native code.
# See problematic frame for where to report the bug.
#

---------------  T H R E A D  ---------------

Current thread (0x00007f9a7924f800):  JavaThread "AWT-AppKit" daemon [_thread_in_native, id=2571, stack(0x00007fff5ec6b000,0x00007fff5f46b000)]

siginfo: si_signo: 11 (SIGSEGV), si_code: 1 (SEGV_MAPERR), si_addr: 0x0000000000000018

Registers:
RAX=0x00007f9a7b94ea60, RBX=0x00000001176e7450, RCX=0x00000001176d47c0, RDX=0x00000001176d44e0
RSP=0x00007fff5f465ec8, RBP=0x00007fff5f465f80, RSI=0x00007fff8a65ecbe, RDI=0x00007f9a7b947520
R8 =0x0000000000000000, R9 =0x0000000000000000, R10=0x00007fff8a65ecbe, R11=0x0000000000000000
R12=0x0000000000000000, R13=0x00000001858fd568, R14=0x00000001176e7440, R15=0x00007f9a7924f800
RIP=0x00007fff84ddd4dd, EFLAGS=0x0000000000010246, ERR=0x0000000000000004
  TRAPNO=0x000000000000000e

Top of Stack: (sp=0x00007fff5f465ec8)
0x00007fff5f465ec8:   00000001176e5157 00007fff5f465f20
0x00007fff5f465ed8:   0000000000000003 00007fff5f465f00
0x00007fff5f465ee8:   0000000100b5a64e 00000001858fd568
0x00007fff5f465ef8:   00000001858fd568 00007f9a7b94ea60
0x00007fff5f465f08:   00000001176e76a0 00000001176e7710
0x00007fff5f465f18:   00007fff73211770 00007fff72712500
0x00007fff5f465f28:   00000001176e7450 00000001176e7690
0x00007fff5f465f38:   00007f9a7b94ea60 00007f9a7b947520
0x00007fff5f465f48:   00007f9a7badb770 00007f9a7b94ea60
0x00007fff5f465f58:   00007f9a7b947520 00007fff5f466008
0x00007fff5f465f68:   00007f9a7924f9f8 00000001858fd568
0x00007fff5f465f78:   00007fff5f466030 00007fff5f465ff8
0x00007fff5f465f88:   0000000101e4c087 00000001858fd568
0x00007fff5f465f98:   00007fff5f466030 00007fff5f465ff8
0x00007fff5f465fa8:   0000000101e4bde7 0000000101e4bda2
0x00007fff5f465fb8:   00007fff5f465fb8 00000001858fd568
0x00007fff5f465fc8:   00007fff5f466030 00000001859001a0
0x00007fff5f465fd8:   0000000000000000 00000001858fd568
0x00007fff5f465fe8:   0000000000000000 00007fff5f466018
0x00007fff5f465ff8:   00007fff5f466078 0000000101e3dffd
0x00007fff5f466008:   0000000780ec4170 0000000101e47a58
0x00007fff5f466018:   00007f9a7b94ea60 00007fff5f466078
0x00007fff5f466028:   00007f9a7b947520 0000000101e494c2
0x00007fff5f466038:   00007fff5f466038 00000001858fd732
0x00007fff5f466048:   00007fff5f4660a0 00000001859001a0
0x00007fff5f466058:   0000000000000000 00000001858fd740
0x00007fff5f466068:   00007fff5f466018 00007fff5f466088
0x00007fff5f466078:   00007fff5f4660e8 0000000101e3dffd
0x00007fff5f466088:   00007f9a7b94ea60 0000000780f7dcd8
0x00007fff5f466098:   00007f9a7b947520 0000000780f7dcd8
0x00007fff5f4660a8:   00007fff5f4660a8 0000000186721e16
0x00007fff5f4660b8:   00007fff5f4660f8 0000000186721ed0 

Instructions: (pc=0x00007fff84ddd4dd)
0x00007fff84ddd4bd:   44 00 00 48 85 ff 2e 74 62 40 f6 c7 01 2e 75 66
0x00007fff84ddd4cd:   49 bb f8 ff ff ff ff 7f 00 00 4c 23 1f 49 89 f2
0x00007fff84ddd4dd:   45 23 53 18 49 c1 e2 04 4d 03 53 10 49 3b 32 75
0x00007fff84ddd4ed:   04 41 ff 62 08 49 83 3a 01 76 0d 49 83 c2 10 49 

Register to memory mapping:

RAX=0x00007f9a7b94ea60 is an unknown value
RBX=0x00000001176e7450: Java_jogamp_nativewindow_macosx_OSXUtil_GetScreenRefreshRate0+0x1cf0 in /private/var/folders/j0/y00zbzts2y705611_794rs200000gn/T/jogamp_0000/file_cache/jln5620072473790722227/jln3476435862436667016/libnativewindow_macosx.jnilib at 0x00000001176e0000
RCX=0x00000001176d47c0 is an unknown value
RDX=0x00000001176d44e0 is an unknown value
RSP=0x00007fff5f465ec8 is pointing into the stack for thread: 0x00007f9a7924f800
RBP=0x00007fff5f465f80 is pointing into the stack for thread: 0x00007f9a7924f800
RSI=0x00007fff8a65ecbe is an unknown value
RDI=0x00007f9a7b947520 is an unknown value
R8 =0x0000000000000000 is an unknown value
R9 =0x0000000000000000 is an unknown value
R10=0x00007fff8a65ecbe is an unknown value
R11=0x0000000000000000 is an unknown value
R12=0x0000000000000000 is an unknown value
R13={method} {0x00000001858fd568} 'UnsetJAWTRootSurfaceLayer0' '(JJ)V' in 'jogamp/nativewindow/jawt/macosx/MacOSXJAWTWindow'
R14=0x00000001176e7440: Java_jogamp_nativewindow_macosx_OSXUtil_GetScreenRefreshRate0+0x1ce0 in /private/var/folders/j0/y00zbzts2y705611_794rs200000gn/T/jogamp_0000/file_cache/jln5620072473790722227/jln3476435862436667016/libnativewindow_macosx.jnilib at 0x00000001176e0000
R15=0x00007f9a7924f800 is a thread


Stack: [0x00007fff5ec6b000,0x00007fff5f46b000],  sp=0x00007fff5f465ec8,  free space=8171k
Native frames: (J=compiled Java code, j=interpreted, Vv=VM code, C=native code)
C  [libobjc.A.dylib+0x14dd]  objc_msgSend+0x1d
j  jogamp.nativewindow.jawt.macosx.MacOSXJAWTWindow.UnsetJAWTRootSurfaceLayer0(JJ)V+0
j  jogamp.nativewindow.jawt.macosx.MacOSXJAWTWindow.access$200(JJ)V+2
j  jogamp.nativewindow.jawt.macosx.MacOSXJAWTWindow$1.run()V+38
j  com.jogamp.common.util.RunnableTask.run()V+24
v  ~StubRoutines::call_stub
V  [libjvm.dylib+0x2efcba]  JavaCalls::call_helper(JavaValue*, methodHandle*, JavaCallArguments*, Thread*)+0x6ae
V  [libjvm.dylib+0x326ff8]  jni_invoke_nonstatic(JNIEnv_*, JavaValue*, _jobject*, JNICallType, _jmethodID*, JNI_ArgumentPusher*, Thread*)+0x2ec
V  [libjvm.dylib+0x3197db]  jni_CallVoidMethod+0x16b
C  [libnativewindow_macosx.jnilib+0x5326]  Java_jogamp_nativewindow_jawt_macosx_MacOSXJAWTWindow_UnsetJAWTRootSurfaceLayer0+0x2b6
C  [Foundation+0x76dbe]  __NSThreadPerformPerform+0x117
C  [CoreFoundation+0xaa7e1]  __CFRUNLOOP_IS_CALLING_OUT_TO_A_SOURCE0_PERFORM_FUNCTION__+0x11
C  [CoreFoundation+0x89e87]  __CFRunLoopDoSources0+0x1a7
C  [CoreFoundation+0x8942f]  __CFRunLoopRun+0x39f
C  [CoreFoundation+0x88e28]  CFRunLoopRunSpecific+0x128
C  [HIToolbox+0x30935]  RunCurrentEventLoopInMode+0xeb
C  [HIToolbox+0x30677]  ReceiveNextEventCommon+0xb8
C  [HIToolbox+0x305af]  _BlockUntilNextEventMatchingListInModeWithFilter+0x47
C  [AppKit+0x48df6]  _DPSNextEvent+0x42b
C  [AppKit+0x48226]  -[NSApplication _nextEventMatchingEventMask:untilDate:inMode:dequeue:]+0x1c6
C  [libosxapp.dylib+0x2328]  -[NSApplicationAWT nextEventMatchingMask:untilDate:inMode:dequeue:]+0x7c
C  [AppKit+0x3cd80]  -[NSApplication run]+0x2aa
C  [libosxapp.dylib+0x1f72]  +[NSApplicationAWT runAWTLoopWithApp:]+0x9c
C  [libawt_lwawt.dylib+0x4711f]  -[AWTStarter starter:]+0x389
C  [Foundation+0x76dbe]  __NSThreadPerformPerform+0x117
C  [CoreFoundation+0xaa7e1]  __CFRUNLOOP_IS_CALLING_OUT_TO_A_SOURCE0_PERFORM_FUNCTION__+0x11
C  [CoreFoundation+0x89f0c]  __CFRunLoopDoSources0+0x22c
C  [CoreFoundation+0x8942f]  __CFRunLoopRun+0x39f
C  [CoreFoundation+0x88e28]  CFRunLoopRunSpecific+0x128
C  [java+0x646e]  CreateExecutionEnvironment+0x367
C  [java+0x203c]  JLI_Launch+0x7a0
C  [java+0x84cb]  main+0x65
C  [java+0x1894]  start+0x34
C  0x0000000000000007

Java frames: (J=compiled Java code, j=interpreted, Vv=VM code)
j  jogamp.nativewindow.jawt.macosx.MacOSXJAWTWindow.UnsetJAWTRootSurfaceLayer0(JJ)V+0
j  jogamp.nativewindow.jawt.macosx.MacOSXJAWTWindow.access$200(JJ)V+2
j  jogamp.nativewindow.jawt.macosx.MacOSXJAWTWindow$1.run()V+38
j  com.jogamp.common.util.RunnableTask.run()V+24
v  ~StubRoutines::call_stub

---------------  P R O C E S S  ---------------

Java Threads: ( => current thread )
  0x00007f9a6b8bd800 JavaThread "Thread-20" [_thread_blocked, id=5203, stack(0x0000700001662000,0x0000700001762000)]
  0x00007f9a79188800 JavaThread "AWT-EventQueue-1" [_thread_blocked, id=56663, stack(0x00007000014dc000,0x00007000015dc000)]
  0x00007f9a7990a800 JavaThread "DestroyJavaVM" [_thread_blocked, id=6403, stack(0x000070000011a000,0x000070000021a000)]
  0x00007f9a7939c000 JavaThread "AWT-EventQueue-0" [_thread_blocked, id=55043, stack(0x00007000012d6000,0x00007000013d6000)]
  0x00007f9a79ab0800 JavaThread "Java2D Disposer" daemon [_thread_blocked, id=51719, stack(0x000070000104d000,0x000070000114d000)]
  0x00007f9a792c2800 JavaThread "Java2D Queue Flusher" daemon [_thread_blocked, id=41543, stack(0x0000700000f4a000,0x000070000104a000)]
  0x00007f9a79273000 JavaThread "AWT-Shutdown" [_thread_blocked, id=26651, stack(0x0000700000dc4000,0x0000700000ec4000)]
=>0x00007f9a7924f800 JavaThread "AWT-AppKit" daemon [_thread_in_native, id=2571, stack(0x00007fff5ec6b000,0x00007fff5f46b000)]
  0x00007f9a79864000 JavaThread "Service Thread" daemon [_thread_blocked, id=17411, stack(0x0000700000b3b000,0x0000700000c3b000)]
  0x00007f9a79856800 JavaThread "C1 CompilerThread1" daemon [_thread_blocked, id=16899, stack(0x0000700000a38000,0x0000700000b38000)]
  0x00007f9a79046000 JavaThread "C2 CompilerThread0" daemon [_thread_in_native, id=16387, stack(0x0000700000935000,0x0000700000a35000)]
  0x00007f9a79053000 JavaThread "Signal Dispatcher" daemon [_thread_blocked, id=12819, stack(0x0000700000832000,0x0000700000932000)]
  0x00007f9a79035800 JavaThread "Finalizer" daemon [_thread_blocked, id=11779, stack(0x0000700000629000,0x0000700000729000)]
  0x00007f9a79035000 JavaThread "Reference Handler" daemon [_thread_blocked, id=11267, stack(0x0000700000526000,0x0000700000626000)]

Other Threads:
  0x00007f9a7902e800 VMThread [stack: 0x0000700000423000,0x0000700000523000] [id=10755]
  0x00007f9a79054000 WatcherThread [stack: 0x0000700000c3e000,0x0000700000d3e000] [id=17923]

VM state:not at safepoint (normal execution)

VM Mutex/Monitor currently owned by a thread: None

Heap:
 PSYoungGen      total 19968K, used 8830K [0x00000007aab00000, 0x00000007b3580000, 0x00000007c0000000)
  eden space 19456K, 44% used [0x00000007aab00000,0x00000007ab373b48,0x00000007abe00000)
  from space 512K, 34% used [0x00000007b3500000,0x00000007b352c010,0x00000007b3580000)
  to   space 512K, 0% used [0x00000007b3480000,0x00000007b3480000,0x00000007b3500000)
 ParOldGen       total 44544K, used 29367K [0x0000000780000000, 0x0000000782b80000, 0x00000007aab00000)
  object space 44544K, 65% used [0x0000000780000000,0x0000000781cadd00,0x0000000782b80000)
 Metaspace       used 27853K, capacity 28179K, committed 28544K, reserved 1075200K
  class space    used 2220K, capacity 2346K, committed 2432K, reserved 1048576K

Card table byte_map: [0x00000001111f6000,0x00000001113f7000] byte_map_base: 0x000000010d5f6000

Marking Bits: (ParMarkBitMap*) 0x0000000101310cd0
 Begin Bits: [0x000000011154d000, 0x000000011254d000)
 End Bits:   [0x000000011254d000, 0x000000011354d000)

Polling page: 0x00000001019dd000

CodeCache: size=245760Kb used=11160Kb max_used=11160Kb free=234599Kb
 bounds [0x0000000101e36000, 0x0000000102946000, 0x0000000110e36000]
 total_blobs=3841 nmethods=2916 adapters=840
 compilation: enabled

Compilation events (10 events):
Event: 2019.974 Thread 0x00007f9a79046000 3421       4       jogamp.opengl.ThreadingImpl::invokeOnOpenGLThread (103 bytes)
Event: 2019.976 Thread 0x00007f9a79046000 nmethod 3421 0x0000000102469a50 code [0x0000000102469ba0, 0x0000000102469c08]
Event: 2019.978 Thread 0x00007f9a79046000 3422       4       sun.lwawt.LWComponentPeer::getVisibleRegion (9 bytes)
Event: 2020.090 Thread 0x00007f9a79856800 3424       3       jdk.internal.org.objectweb.asm.ClassWriter::visitMethod (24 bytes)
Event: 2020.091 Thread 0x00007f9a79856800 nmethod 3424 0x00000001025f0a10 code [0x00000001025f0b80, 0x00000001025f0da8]
Event: 2020.091 Thread 0x00007f9a79856800 3425       3       jdk.internal.org.objectweb.asm.MethodWriter::<init> (268 bytes)
Event: 2020.093 Thread 0x00007f9a79856800 nmethod 3425 0x000000010202aed0 code [0x000000010202b100, 0x000000010202bde8]
Event: 2020.093 Thread 0x00007f9a79856800 3426       3       jdk.internal.org.objectweb.asm.MethodVisitor::<init> (7 bytes)
Event: 2020.094 Thread 0x00007f9a79856800 nmethod 3426 0x00000001026bdb50 code [0x00000001026bdce0, 0x00000001026be048]
Event: 2020.094 Thread 0x00007f9a79856800 3427       3       jdk.internal.org.objectweb.asm.MethodWriter::getSize (838 bytes)

GC Heap History (10 events):
Event: 1998.315 GC heap before
{Heap before GC invocations=175 (full 1):
 PSYoungGen      total 19968K, used 19488K [0x00000007aab00000, 0x00000007b3580000, 0x00000007c0000000)
  eden space 19456K, 100% used [0x00000007aab00000,0x00000007abe00000,0x00000007abe00000)
  from space 512K, 6% used [0x00000007b3480000,0x00000007b3488000,0x00000007b3500000)
  to   space 512K, 0% used [0x00000007b3500000,0x00000007b3500000,0x00000007b3580000)
 ParOldGen       total 44544K, used 29359K [0x0000000780000000, 0x0000000782b80000, 0x00000007aab00000)
  object space 44544K, 65% used [0x0000000780000000,0x0000000781cabd00,0x0000000782b80000)
 Metaspace       used 27739K, capacity 28073K, committed 28544K, reserved 1075200K
  class space    used 2204K, capacity 2311K, committed 2432K, reserved 1048576K
Event: 1998.317 GC heap after
Heap after GC invocations=175 (full 1):
 PSYoungGen      total 19968K, used 32K [0x00000007aab00000, 0x00000007b3580000, 0x00000007c0000000)
  eden space 19456K, 0% used [0x00000007aab00000,0x00000007aab00000,0x00000007abe00000)
  from space 512K, 6% used [0x00000007b3500000,0x00000007b3508000,0x00000007b3580000)
  to   space 512K, 0% used [0x00000007b3480000,0x00000007b3480000,0x00000007b3500000)
 ParOldGen       total 44544K, used 29359K [0x0000000780000000, 0x0000000782b80000, 0x00000007aab00000)
  object space 44544K, 65% used [0x0000000780000000,0x0000000781cabd00,0x0000000782b80000)
 Metaspace       used 27739K, capacity 28073K, committed 28544K, reserved 1075200K
  class space    used 2204K, capacity 2311K, committed 2432K, reserved 1048576K
}
Event: 2003.449 GC heap before
{Heap before GC invocations=176 (full 1):
 PSYoungGen      total 19968K, used 19488K [0x00000007aab00000, 0x00000007b3580000, 0x00000007c0000000)
  eden space 19456K, 100% used [0x00000007aab00000,0x00000007abe00000,0x00000007abe00000)
  from space 512K, 6% used [0x00000007b3500000,0x00000007b3508000,0x00000007b3580000)
  to   space 512K, 0% used [0x00000007b3480000,0x00000007b3480000,0x00000007b3500000)
 ParOldGen       total 44544K, used 29359K [0x0000000780000000, 0x0000000782b80000, 0x00000007aab00000)
  object space 44544K, 65% used [0x0000000780000000,0x0000000781cabd00,0x0000000782b80000)
 Metaspace       used 27739K, capacity 28073K, committed 28544K, reserved 1075200K
  class space    used 2204K, capacity 2311K, committed 2432K, reserved 1048576K
Event: 2003.452 GC heap after
Heap after GC invocations=176 (full 1):
 PSYoungGen      total 19968K, used 64K [0x00000007aab00000, 0x00000007b3580000, 0x00000007c0000000)
  eden space 19456K, 0% used [0x00000007aab00000,0x00000007aab00000,0x00000007abe00000)
  from space 512K, 12% used [0x00000007b3480000,0x00000007b3490000,0x00000007b3500000)
  to   space 512K, 0% used [0x00000007b3500000,0x00000007b3500000,0x00000007b3580000)
 ParOldGen       total 44544K, used 29359K [0x0000000780000000, 0x0000000782b80000, 0x00000007aab00000)
  object space 44544K, 65% used [0x0000000780000000,0x0000000781cabd00,0x0000000782b80000)
 Metaspace       used 27739K, capacity 28073K, committed 28544K, reserved 1075200K
  class space    used 2204K, capacity 2311K, committed 2432K, reserved 1048576K
}
Event: 2008.496 GC heap before
{Heap before GC invocations=177 (full 1):
 PSYoungGen      total 19968K, used 19520K [0x00000007aab00000, 0x00000007b3580000, 0x00000007c0000000)
  eden space 19456K, 100% used [0x00000007aab00000,0x00000007abe00000,0x00000007abe00000)
  from space 512K, 12% used [0x00000007b3480000,0x00000007b3490000,0x00000007b3500000)
  to   space 512K, 0% used [0x00000007b3500000,0x00000007b3500000,0x00000007b3580000)
 ParOldGen       total 44544K, used 29359K [0x0000000780000000, 0x0000000782b80000, 0x00000007aab00000)
  object space 44544K, 65% used [0x0000000780000000,0x0000000781cabd00,0x0000000782b80000)
 Metaspace       used 27739K, capacity 28073K, committed 28544K, reserved 1075200K
  class space    used 2204K, capacity 2311K, committed 2432K, reserved 1048576K
Event: 2008.499 GC heap after
Heap after GC invocations=177 (full 1):
 PSYoungGen      total 19968K, used 32K [0x00000007aab00000, 0x00000007b3580000, 0x00000007c0000000)
  eden space 19456K, 0% used [0x00000007aab00000,0x00000007aab00000,0x00000007abe00000)
  from space 512K, 6% used [0x00000007b3500000,0x00000007b3508000,0x00000007b3580000)
  to   space 512K, 0% used [0x00000007b3480000,0x00000007b3480000,0x00000007b3500000)
 ParOldGen       total 44544K, used 29359K [0x0000000780000000, 0x0000000782b80000, 0x00000007aab00000)
  object space 44544K, 65% used [0x0000000780000000,0x0000000781cabd00,0x0000000782b80000)
 Metaspace       used 27739K, capacity 28073K, committed 28544K, reserved 1075200K
  class space    used 2204K, capacity 2311K, committed 2432K, reserved 1048576K
}
Event: 2013.924 GC heap before
{Heap before GC invocations=178 (full 1):
 PSYoungGen      total 19968K, used 19488K [0x00000007aab00000, 0x00000007b3580000, 0x00000007c0000000)
  eden space 19456K, 100% used [0x00000007aab00000,0x00000007abe00000,0x00000007abe00000)
  from space 512K, 6% used [0x00000007b3500000,0x00000007b3508000,0x00000007b3580000)
  to   space 512K, 0% used [0x00000007b3480000,0x00000007b3480000,0x00000007b3500000)
 ParOldGen       total 44544K, used 29359K [0x0000000780000000, 0x0000000782b80000, 0x00000007aab00000)
  object space 44544K, 65% used [0x0000000780000000,0x0000000781cabd00,0x0000000782b80000)
 Metaspace       used 27739K, capacity 28073K, committed 28544K, reserved 1075200K
  class space    used 2204K, capacity 2311K, committed 2432K, reserved 1048576K
Event: 2013.926 GC heap after
Heap after GC invocations=178 (full 1):
 PSYoungGen      total 19968K, used 64K [0x00000007aab00000, 0x00000007b3580000, 0x00000007c0000000)
  eden space 19456K, 0% used [0x00000007aab00000,0x00000007aab00000,0x00000007abe00000)
  from space 512K, 12% used [0x00000007b3480000,0x00000007b3490000,0x00000007b3500000)
  to   space 512K, 0% used [0x00000007b3500000,0x00000007b3500000,0x00000007b3580000)
 ParOldGen       total 44544K, used 29359K [0x0000000780000000, 0x0000000782b80000, 0x00000007aab00000)
  object space 44544K, 65% used [0x0000000780000000,0x0000000781cabd00,0x0000000782b80000)
 Metaspace       used 27739K, capacity 28073K, committed 28544K, reserved 1075200K
  class space    used 2204K, capacity 2311K, committed 2432K, reserved 1048576K
}
Event: 2018.759 GC heap before
{Heap before GC invocations=179 (full 1):
 PSYoungGen      total 19968K, used 19520K [0x00000007aab00000, 0x00000007b3580000, 0x00000007c0000000)
  eden space 19456K, 100% used [0x00000007aab00000,0x00000007abe00000,0x00000007abe00000)
  from space 512K, 12% used [0x00000007b3480000,0x00000007b3490000,0x00000007b3500000)
  to   space 512K, 0% used [0x00000007b3500000,0x00000007b3500000,0x00000007b3580000)
 ParOldGen       total 44544K, used 29359K [0x0000000780000000, 0x0000000782b80000, 0x00000007aab00000)
  object space 44544K, 65% used [0x0000000780000000,0x0000000781cabd00,0x0000000782b80000)
 Metaspace       used 27781K, capacity 28175K, committed 28544K, reserved 1075200K
  class space    used 2206K, capacity 2344K, committed 2432K, reserved 1048576K
Event: 2018.763 GC heap after
Heap after GC invocations=179 (full 1):
 PSYoungGen      total 19968K, used 176K [0x00000007aab00000, 0x00000007b3580000, 0x00000007c0000000)
  eden space 19456K, 0% used [0x00000007aab00000,0x00000007aab00000,0x00000007abe00000)
  from space 512K, 34% used [0x00000007b3500000,0x00000007b352c010,0x00000007b3580000)
  to   space 512K, 0% used [0x00000007b3480000,0x00000007b3480000,0x00000007b3500000)
 ParOldGen       total 44544K, used 29367K [0x0000000780000000, 0x0000000782b80000, 0x00000007aab00000)
  object space 44544K, 65% used [0x0000000780000000,0x0000000781cadd00,0x0000000782b80000)
 Metaspace       used 27781K, capacity 28175K, committed 28544K, reserved 1075200K
  class space    used 2206K, capacity 2344K, committed 2432K, reserved 1048576K
}

Deoptimization events (10 events):
Event: 2020.054 Thread 0x00007f9a7939c000 Uncommon trap: reason=unstable_if action=reinterpret pc=0x00000001028bb45c method=sun.java2d.pipe.Region.isInsideQuickCheck(Lsun/java2d/pipe/Region;)Z @ 48
Event: 2020.054 Thread 0x00007f9a7939c000 Uncommon trap: reason=unstable_if action=reinterpret pc=0x00000001028beb28 method=sun.java2d.pipe.Region.isInsideQuickCheck(Lsun/java2d/pipe/Region;)Z @ 48
Event: 2020.054 Thread 0x00007f9a79188800 Uncommon trap: reason=class_check action=maybe_recompile pc=0x0000000102572474 method=java.awt.event.InvocationEvent.dispatch()V @ 11
Event: 2020.054 Thread 0x00007f9a79188800 Uncommon trap: reason=unstable_if action=reinterpret pc=0x00000001021b5d88 method=java.awt.EventQueue.isDispatchThreadImpl()Z @ 65
Event: 2020.056 Thread 0x00007f9a7924f800 Uncommon trap: reason=class_check action=maybe_recompile pc=0x00000001021d0940 method=com.jogamp.common.util.RunnableTask.run()V @ 24
Event: 2020.071 Thread 0x00007f9a79188800 Uncommon trap: reason=unstable_if action=reinterpret pc=0x000000010275c6f8 method=jogamp.opengl.GLContextImpl.release(Z)V @ 161
Event: 2020.080 Thread 0x00007f9a79188800 Uncommon trap: reason=unstable_if action=reinterpret pc=0x0000000102373e58 method=java.security.AccessControlContext.combine([Ljava/security/ProtectionDomain;[Ljava/security/ProtectionDomain;)[Ljava/security/ProtectionDomain; @ 151
Event: 2020.084 Thread 0x00007f9a6b8bd800 Uncommon trap: reason=predicate action=maybe_recompile pc=0x0000000102754c8c method=java.util.Vector.indexOf(Ljava/lang/Object;I)I @ 44
Event: 2020.086 Thread 0x00007f9a79188800 Uncommon trap: reason=class_check action=maybe_recompile pc=0x0000000102572474 method=java.awt.event.InvocationEvent.dispatch()V @ 11
Event: 2020.098 Thread 0x00007f9a7924f800 Uncommon trap: reason=class_check action=maybe_recompile pc=0x00000001021d0940 method=com.jogamp.common.util.RunnableTask.run()V @ 24

Classes redefined (0 events):
No events

Internal exceptions (10 events):
Event: 6.899 Thread 0x00007f9a79035800 Exception <a 'java/lang/NullPointerException'> (0x00000007aab00150) thrown at [/Users/java_re/workspace/8-2-build-macosx-x86_64/jdk8u181/11358/hotspot/src/share/vm/interpreter/linkResolver.cpp, line 1185]
Event: 7.193 Thread 0x00007f9a79617000 Exception <a 'java/lang/UnsatisfiedLinkError': com.jogamp.common.util.JarUtil.fixNativeLibAttribs(Ljava/lang/String;)Z> (0x00000007ab0822a8) thrown at [/Users/java_re/workspace/8-2-build-macosx-x86_64/jdk8u181/11358/hotspot/src/share/vm/prims/nativeLookup
Event: 9.186 Thread 0x00007f9a79188800 Exception <a 'java/io/FileNotFoundException'> (0x00000007ab316238) thrown at [/Users/java_re/workspace/8-2-build-macosx-x86_64/jdk8u181/11358/hotspot/src/share/vm/prims/jni.cpp, line 709]
Event: 9.186 Thread 0x00007f9a79188800 Exception <a 'java/io/FileNotFoundException'> (0x00000007ab31c4c0) thrown at [/Users/java_re/workspace/8-2-build-macosx-x86_64/jdk8u181/11358/hotspot/src/share/vm/prims/jni.cpp, line 709]
Event: 9.187 Thread 0x00007f9a79188800 Implicit null exception at 0x000000010200edb6 to 0x000000010200f171
Event: 10.593 Thread 0x00007f9a79188800 Implicit null exception at 0x0000000101f4c086 to 0x0000000101f4c2cd
Event: 10.670 Thread 0x00007f9a7c96c800 Implicit null exception at 0x0000000102019175 to 0x0000000102019529
Event: 2017.040 Thread 0x00007f9a79188800 Implicit null exception at 0x00000001028fc05c to 0x00000001028fcabd
Event: 2017.051 Thread 0x00007f9a79188800 Implicit null exception at 0x00000001025e0cdc to 0x00000001025e1362
Event: 2017.788 Thread 0x00007f9a79188800 Implicit null exception at 0x000000010279643b to 0x0000000102796dac

Events (10 events):
Event: 2020.084 Thread 0x00007f9a6b8bd800 DEOPT PACKING pc=0x0000000102754c8c sp=0x00007000017617e0
Event: 2020.084 Thread 0x00007f9a6b8bd800 DEOPT UNPACKING pc=0x0000000101e7b47a sp=0x00007000017617a0 mode 2
Event: 2020.084 loading class java/awt/Window$1DisposeAction
Event: 2020.084 loading class java/awt/Window$1DisposeAction done
Event: 2020.086 Thread 0x00007f9a79188800 Uncommon trap: trap_request=0xffffffde fr.pc=0x0000000102572474
Event: 2020.086 Thread 0x00007f9a79188800 DEOPT PACKING pc=0x0000000102572474 sp=0x00007000015d9dd0
Event: 2020.086 Thread 0x00007f9a79188800 DEOPT UNPACKING pc=0x0000000101e7b47a sp=0x00007000015d9c28 mode 2
Event: 2020.098 Thread 0x00007f9a7924f800 Uncommon trap: trap_request=0xffffffde fr.pc=0x00000001021d0940
Event: 2020.098 Thread 0x00007f9a7924f800 DEOPT PACKING pc=0x00000001021d0940 sp=0x00007fff5f466140
Event: 2020.098 Thread 0x00007f9a7924f800 DEOPT UNPACKING pc=0x0000000101e7b47a sp=0x00007fff5f4660e8 mode 2


Dynamic libraries:
0x00007fff951ba000 	/System/Library/Frameworks/Cocoa.framework/Versions/A/Cocoa
0x00007fff85c93000 	/System/Library/Frameworks/Security.framework/Versions/A/Security
0x00007fff92f3a000 	/System/Library/Frameworks/ApplicationServices.framework/Versions/A/ApplicationServices
0x00007fff89020000 	/usr/lib/libz.1.dylib
0x00007fff9542e000 	/usr/lib/libSystem.B.dylib
0x00007fff84ddc000 	/usr/lib/libobjc.A.dylib
0x00007fff89ac0000 	/System/Library/Frameworks/CoreFoundation.framework/Versions/A/CoreFoundation
0x00007fff8df37000 	/System/Library/Frameworks/Foundation.framework/Versions/C/Foundation
0x00007fff95665000 	/System/Library/Frameworks/AppKit.framework/Versions/C/AppKit
0x00007fff8420f000 	/System/Library/Frameworks/CoreData.framework/Versions/A/CoreData
0x00007fff96afa000 	/System/Library/PrivateFrameworks/RemoteViewServices.framework/Versions/A/RemoteViewServices
0x00007fff95279000 	/System/Library/PrivateFrameworks/UIFoundation.framework/Versions/A/UIFoundation
0x00007fff8fc92000 	/usr/lib/libScreenReader.dylib
0x00007fff93f85000 	/System/Library/Frameworks/Accelerate.framework/Versions/A/Accelerate
0x00007fff8457a000 	/System/Library/Frameworks/IOSurface.framework/Versions/A/IOSurface
0x00007fff85f2e000 	/System/Library/Frameworks/AudioToolbox.framework/Versions/A/AudioToolbox
0x00007fff95168000 	/System/Library/Frameworks/AudioUnit.framework/Versions/A/AudioUnit
0x00007fff881e0000 	/System/Library/PrivateFrameworks/DataDetectorsCore.framework/Versions/A/DataDetectorsCore
0x00007fff8b484000 	/System/Library/PrivateFrameworks/DesktopServicesPriv.framework/Versions/A/DesktopServicesPriv
0x00007fff865b1000 	/System/Library/Frameworks/Carbon.framework/Versions/A/Frameworks/HIToolbox.framework/Versions/A/HIToolbox
0x00007fff8518d000 	/System/Library/Frameworks/QuartzCore.framework/Versions/A/QuartzCore
0x00007fff84d56000 	/System/Library/Frameworks/Carbon.framework/Versions/A/Frameworks/SpeechRecognition.framework/Versions/A/SpeechRecognition
0x00007fff860db000 	/usr/lib/libauto.dylib
0x00007fff896c1000 	/usr/lib/libicucore.A.dylib
0x00007fff92e4a000 	/usr/lib/libxml2.2.dylib
0x00007fff97ee8000 	/System/Library/PrivateFrameworks/CoreUI.framework/Versions/A/CoreUI
0x00007fff88fce000 	/System/Library/Frameworks/CoreAudio.framework/Versions/A/CoreAudio
0x00007fff8ea9e000 	/System/Library/Frameworks/DiskArbitration.framework/Versions/A/DiskArbitration
0x00007fff9175f000 	/usr/lib/liblangid.dylib
0x00007fff85168000 	/System/Library/PrivateFrameworks/MultitouchSupport.framework/Versions/A/MultitouchSupport
0x00007fff85b9f000 	/System/Library/Frameworks/IOKit.framework/Versions/A/IOKit
0x00007fff86396000 	/usr/lib/libDiagnosticMessagesClient.dylib
0x00007fff901c7000 	/System/Library/Frameworks/CoreServices.framework/Versions/A/CoreServices
0x00007fff90ccf000 	/System/Library/PrivateFrameworks/PerformanceAnalysis.framework/Versions/A/PerformanceAnalysis
0x00007fff92222000 	/System/Library/PrivateFrameworks/GenerationalStorage.framework/Versions/A/GenerationalStorage
0x00007fff90ed2000 	/System/Library/Frameworks/OpenGL.framework/Versions/A/OpenGL
0x00007fff8c807000 	/System/Library/PrivateFrameworks/Sharing.framework/Versions/A/Sharing
0x00007fff96b33000 	/System/Library/Frameworks/CoreGraphics.framework/Versions/A/CoreGraphics
0x00007fff8ba26000 	/System/Library/Frameworks/CoreImage.framework/Versions/A/CoreImage
0x00007fff8bc49000 	/System/Library/Frameworks/CoreText.framework/Versions/A/CoreText
0x00007fff91ab7000 	/System/Library/Frameworks/ImageIO.framework/Versions/A/ImageIO
0x00007fff8e64e000 	/System/Library/PrivateFrameworks/Backup.framework/Versions/A/Backup
0x00007fff86122000 	/usr/lib/libextension.dylib
0x00007fff8809a000 	/usr/lib/libarchive.2.dylib
0x00007fff922e1000 	/System/Library/Frameworks/CFNetwork.framework/Versions/A/CFNetwork
0x00007fff8ddb1000 	/System/Library/Frameworks/SystemConfiguration.framework/Versions/A/SystemConfiguration
0x00007fff9628f000 	/usr/lib/libCRFSuite.dylib
0x00007fff898f7000 	/usr/lib/libc++.1.dylib
0x00007fff88062000 	/usr/lib/libc++abi.dylib
0x00007fff939c8000 	/usr/lib/system/libcache.dylib
0x00007fff86f30000 	/usr/lib/system/libcommonCrypto.dylib
0x00007fff84d5d000 	/usr/lib/system/libcompiler_rt.dylib
0x00007fff8d73e000 	/usr/lib/system/libcopyfile.dylib
0x00007fff89fd5000 	/usr/lib/system/libcorecrypto.dylib
0x00007fff8a6fc000 	/usr/lib/system/libdispatch.dylib
0x00007fff962b3000 	/usr/lib/system/libdyld.dylib
0x00007fff82fe8000 	/usr/lib/system/libkeymgr.dylib
0x00007fff8305c000 	/usr/lib/system/liblaunch.dylib
0x00007fff90cbe000 	/usr/lib/system/libmacho.dylib
0x00007fff85a4c000 	/usr/lib/system/libquarantine.dylib
0x00007fff8a911000 	/usr/lib/system/libremovefile.dylib
0x00007fff9410b000 	/usr/lib/system/libsystem_asl.dylib
0x00007fff903d3000 	/usr/lib/system/libsystem_blocks.dylib
0x00007fff8e7b6000 	/usr/lib/system/libsystem_c.dylib
0x00007fff84074000 	/usr/lib/system/libsystem_configuration.dylib
0x00007fff82f0b000 	/usr/lib/system/libsystem_coreservices.dylib
0x00007fff92155000 	/usr/lib/system/libsystem_coretls.dylib
0x00007fff8f95a000 	/usr/lib/system/libsystem_dnssd.dylib
0x00007fff8de91000 	/usr/lib/system/libsystem_info.dylib
0x00007fff920d5000 	/usr/lib/system/libsystem_kernel.dylib
0x00007fff95138000 	/usr/lib/system/libsystem_m.dylib
0x00007fff90ee3000 	/usr/lib/system/libsystem_malloc.dylib
0x00007fff82cd1000 	/usr/lib/system/libsystem_network.dylib
0x00007fff8402b000 	/usr/lib/system/libsystem_networkextension.dylib
0x00007fff841e9000 	/usr/lib/system/libsystem_notify.dylib
0x00007fff87a41000 	/usr/lib/system/libsystem_platform.dylib
0x00007fff89a6c000 	/usr/lib/system/libsystem_pthread.dylib
0x00007fff97dba000 	/usr/lib/system/libsystem_sandbox.dylib
0x00007fff86475000 	/usr/lib/system/libsystem_secinit.dylib
0x00007fff8e2e6000 	/usr/lib/system/libsystem_trace.dylib
0x00007fff87a3c000 	/usr/lib/system/libunc.dylib
0x00007fff9221c000 	/usr/lib/system/libunwind.dylib
0x00007fff864f6000 	/usr/lib/system/libxpc.dylib
0x00007fff8e9ff000 	/usr/lib/libenergytrace.dylib
0x00007fff83fd7000 	/usr/lib/libbsm.0.dylib
0x00007fff92997000 	/usr/lib/system/libkxld.dylib
0x00007fff8ec03000 	/usr/lib/libxar.1.dylib
0x00007fff9549f000 	/usr/lib/libsqlite3.dylib
0x00007fff878c3000 	/usr/lib/libpam.2.dylib
0x00007fff8808d000 	/usr/lib/libOpenScriptingUtil.dylib
0x00007fff84065000 	/usr/lib/libbz2.1.0.dylib
0x00007fff9226c000 	/usr/lib/liblzma.5.dylib
0x00007fff928d7000 	/System/Library/Frameworks/CoreServices.framework/Versions/A/Frameworks/FSEvents.framework/Versions/A/FSEvents
0x00007fff8305d000 	/System/Library/Frameworks/CoreServices.framework/Versions/A/Frameworks/CarbonCore.framework/Versions/A/CarbonCore
0x00007fff94fef000 	/System/Library/Frameworks/CoreServices.framework/Versions/A/Frameworks/Metadata.framework/Versions/A/Metadata
0x00007fff880c6000 	/System/Library/Frameworks/CoreServices.framework/Versions/A/Frameworks/OSServices.framework/Versions/A/OSServices
0x00007fff92d7e000 	/System/Library/Frameworks/CoreServices.framework/Versions/A/Frameworks/SearchKit.framework/Versions/A/SearchKit
0x00007fff8de25000 	/System/Library/Frameworks/CoreServices.framework/Versions/A/Frameworks/AE.framework/Versions/A/AE
0x00007fff936de000 	/System/Library/Frameworks/CoreServices.framework/Versions/A/Frameworks/LaunchServices.framework/Versions/A/LaunchServices
0x00007fff816f9000 	/System/Library/Frameworks/CoreServices.framework/Versions/A/Frameworks/DictionaryServices.framework/Versions/A/DictionaryServices
0x00007fff91213000 	/System/Library/Frameworks/CoreServices.framework/Versions/A/Frameworks/SharedFileList.framework/Versions/A/SharedFileList
0x00007fff91140000 	/System/Library/Frameworks/NetFS.framework/Versions/A/NetFS
0x00007fff8eaa4000 	/System/Library/PrivateFrameworks/NetAuth.framework/Versions/A/NetAuth
0x00007fff8289c000 	/System/Library/PrivateFrameworks/login.framework/Versions/A/Frameworks/loginsupport.framework/Versions/A/loginsupport
0x00007fff87860000 	/System/Library/PrivateFrameworks/TCC.framework/Versions/A/TCC
0x00007fff8ab6a000 	/usr/lib/libmecabra.dylib
0x00007fff95430000 	/System/Library/Frameworks/ApplicationServices.framework/Versions/A/Frameworks/ATS.framework/Versions/A/ATS
0x00007fff8c6d0000 	/System/Library/Frameworks/ApplicationServices.framework/Versions/A/Frameworks/ColorSync.framework/Versions/A/ColorSync
0x00007fff833be000 	/System/Library/Frameworks/ApplicationServices.framework/Versions/A/Frameworks/HIServices.framework/Versions/A/HIServices
0x00007fff92feb000 	/System/Library/Frameworks/ApplicationServices.framework/Versions/A/Frameworks/LangAnalysis.framework/Versions/A/LangAnalysis
0x00007fff8b5d2000 	/System/Library/Frameworks/ApplicationServices.framework/Versions/A/Frameworks/PrintCore.framework/Versions/A/PrintCore
0x00007fff82f15000 	/System/Library/Frameworks/ApplicationServices.framework/Versions/A/Frameworks/QD.framework/Versions/A/QD
0x00007fff912b9000 	/System/Library/Frameworks/ApplicationServices.framework/Versions/A/Frameworks/SpeechSynthesis.framework/Versions/A/SpeechSynthesis
0x00007fff901c8000 	/System/Library/Frameworks/Metal.framework/Versions/A/Metal
0x00007fff8af0c000 	/System/Library/Frameworks/Accelerate.framework/Versions/A/Frameworks/vImage.framework/Versions/A/vImage
0x00007fff8763c000 	/System/Library/Frameworks/Accelerate.framework/Versions/A/Frameworks/vecLib.framework/Versions/A/vecLib
0x00007fff889de000 	/System/Library/Frameworks/Accelerate.framework/Versions/A/Frameworks/vecLib.framework/Versions/A/libvDSP.dylib
0x00007fff863bb000 	/System/Library/Frameworks/Accelerate.framework/Versions/A/Frameworks/vecLib.framework/Versions/A/libvMisc.dylib
0x00007fff88af1000 	/System/Library/Frameworks/Accelerate.framework/Versions/A/Frameworks/vecLib.framework/Versions/A/libLAPACK.dylib
0x00007fff9020b000 	/System/Library/Frameworks/Accelerate.framework/Versions/A/Frameworks/vecLib.framework/Versions/A/libBLAS.dylib
0x00007fff93f86000 	/System/Library/Frameworks/Accelerate.framework/Versions/A/Frameworks/vecLib.framework/Versions/A/libLinearAlgebra.dylib
0x00007fff845e8000 	/System/Library/Frameworks/Accelerate.framework/Versions/A/Frameworks/vecLib.framework/Versions/A/libSparseBLAS.dylib
0x00007fff92df1000 	/System/Library/PrivateFrameworks/GPUCompiler.framework/libmetal_timestamp.dylib
0x00007fff94ac7000 	/System/Library/Frameworks/OpenGL.framework/Versions/A/Libraries/libCoreFSCache.dylib
0x00007fff92287000 	/System/Library/PrivateFrameworks/IOAccelerator.framework/Versions/A/IOAccelerator
0x00007fff85a4f000 	/System/Library/Frameworks/ApplicationServices.framework/Versions/A/Frameworks/ATS.framework/Versions/A/Resources/libFontParser.dylib
0x00007fff8b788000 	/System/Library/Frameworks/ApplicationServices.framework/Versions/A/Frameworks/ATS.framework/Versions/A/Resources/libFontRegistry.dylib
0x00007fff97e4a000 	/System/Library/PrivateFrameworks/AppleVPA.framework/Versions/A/AppleVPA
0x00007fff8b829000 	/System/Library/PrivateFrameworks/AppleJPEG.framework/Versions/A/AppleJPEG
0x00007fff86e95000 	/System/Library/Frameworks/ImageIO.framework/Versions/A/Resources/libJPEG.dylib
0x00007fff920f4000 	/System/Library/Frameworks/ImageIO.framework/Versions/A/Resources/libTIFF.dylib
0x00007fff98036000 	/System/Library/Frameworks/ImageIO.framework/Versions/A/Resources/libPng.dylib
0x00007fff928e4000 	/System/Library/Frameworks/ImageIO.framework/Versions/A/Resources/libGIF.dylib
0x00007fff82bde000 	/System/Library/Frameworks/ImageIO.framework/Versions/A/Resources/libJP2.dylib
0x00007fff84062000 	/System/Library/Frameworks/ImageIO.framework/Versions/A/Resources/libRadiance.dylib
0x00007fff8a913000 	/System/Library/Frameworks/CoreVideo.framework/Versions/A/CoreVideo
0x00007fff8e6ff000 	/System/Library/Frameworks/OpenGL.framework/Versions/A/Libraries/libGLU.dylib
0x00007fff844f5000 	/System/Library/Frameworks/OpenGL.framework/Versions/A/Libraries/libGFXShared.dylib
0x00007fff9172b000 	/System/Library/Frameworks/OpenGL.framework/Versions/A/Libraries/libGL.dylib
0x00007fff844b6000 	/System/Library/Frameworks/OpenGL.framework/Versions/A/Libraries/libGLImage.dylib
0x00007fff8e4e5000 	/System/Library/Frameworks/OpenGL.framework/Versions/A/Libraries/libCVMSPluginSupport.dylib
0x00007fff928e0000 	/System/Library/Frameworks/OpenGL.framework/Versions/A/Libraries/libCoreVMClient.dylib
0x00007fff8c499000 	/usr/lib/libcompression.dylib
0x00007fff84151000 	/usr/lib/libcups.2.dylib
0x00007fff87cb9000 	/System/Library/Frameworks/Kerberos.framework/Versions/A/Kerberos
0x00007fff87b9a000 	/System/Library/Frameworks/GSS.framework/Versions/A/GSS
0x00007fff8e9e2000 	/usr/lib/libresolv.9.dylib
0x00007fff9162b000 	/usr/lib/libiconv.2.dylib
0x00007fff96a64000 	/System/Library/PrivateFrameworks/Heimdal.framework/Versions/A/Heimdal
0x00007fff88fc8000 	/usr/lib/libheimdal-asn1.dylib
0x00007fff8e328000 	/System/Library/Frameworks/OpenDirectory.framework/Versions/A/OpenDirectory
0x00007fff8400e000 	/System/Library/PrivateFrameworks/CommonAuth.framework/Versions/A/CommonAuth
0x00007fff8f963000 	/System/Library/Frameworks/OpenDirectory.framework/Versions/A/Frameworks/CFOpenDirectory.framework/Versions/A/CFOpenDirectory
0x00007fff8e741000 	/System/Library/Frameworks/SecurityFoundation.framework/Versions/A/SecurityFoundation
0x00007fff955bd000 	/System/Library/PrivateFrameworks/LanguageModeling.framework/Versions/A/LanguageModeling
0x00007fff8b6f6000 	/usr/lib/libmarisa.dylib
0x00007fff87d14000 	/usr/lib/libChineseTokenizer.dylib
0x00007fff86eba000 	/usr/lib/libcmph.dylib
0x00007fff8a955000 	/System/Library/Frameworks/ServiceManagement.framework/Versions/A/ServiceManagement
0x00007fff8a093000 	/usr/lib/libxslt.1.dylib
0x00007fff8a666000 	/System/Library/Frameworks/Carbon.framework/Versions/A/Frameworks/Ink.framework/Versions/A/Ink
0x00007fff8291c000 	/usr/lib/libFosl_dynamic.dylib
0x00007fff89032000 	/System/Library/PrivateFrameworks/FaceCore.framework/Versions/A/FaceCore
0x00007fff8aaae000 	/System/Library/Frameworks/OpenCL.framework/Versions/A/OpenCL
0x00007fff8453c000 	/System/Library/PrivateFrameworks/CrashReporterSupport.framework/Versions/A/CrashReporterSupport
0x00007fff8ab47000 	/System/Library/PrivateFrameworks/IconServices.framework/Versions/A/IconServices
0x00007fff85148000 	/System/Library/PrivateFrameworks/Apple80211.framework/Versions/A/Apple80211
0x00007fff87e31000 	/System/Library/Frameworks/CoreWLAN.framework/Versions/A/CoreWLAN
0x00007fff94123000 	/System/Library/Frameworks/IOBluetooth.framework/Versions/A/IOBluetooth
0x00007fff921b4000 	/System/Library/PrivateFrameworks/CoreWiFi.framework/Versions/A/CoreWiFi
0x00007fff87ca5000 	/System/Library/Frameworks/CoreBluetooth.framework/Versions/A/CoreBluetooth
0x00007fff86477000 	/System/Library/PrivateFrameworks/ChunkingLibrary.framework/Versions/A/ChunkingLibrary
0x00007fff94a8c000 	/System/Library/PrivateFrameworks/DebugSymbols.framework/Versions/A/DebugSymbols
0x00007fff82813000 	/System/Library/PrivateFrameworks/CoreSymbolication.framework/Versions/A/CoreSymbolication
0x00007fff911c2000 	/System/Library/PrivateFrameworks/Symbolication.framework/Versions/A/Symbolication
0x00007fff914b7000 	/System/Library/PrivateFrameworks/SpeechRecognitionCore.framework/Versions/A/SpeechRecognitionCore
0x00000001009e1000 	/System/Library/CoreServices/Encodings/libCyrillicConverter.dylib
0x0000000100a17000 	/Library/Java/JavaVirtualMachines/jdk1.8.0_181.jdk/Contents/Home/jre/lib/server/libjvm.dylib
0x00007fff84cd2000 	/usr/lib/libstdc++.6.dylib
0x00000001019cf000 	/Library/Java/JavaVirtualMachines/jdk1.8.0_181.jdk/Contents/Home/jre/lib/libverify.dylib
0x0000000101e00000 	/Library/Java/JavaVirtualMachines/jdk1.8.0_181.jdk/Contents/Home/jre/lib/libjava.dylib
0x00000001019e7000 	/Library/Java/JavaVirtualMachines/jdk1.8.0_181.jdk/Contents/Home/jre/lib/libzip.dylib
0x0000000116541000 	/Library/Java/JavaVirtualMachines/jdk1.8.0_181.jdk/Contents/Home/jre/lib/libawt.dylib
0x00000001165eb000 	/Library/Java/JavaVirtualMachines/jdk1.8.0_181.jdk/Contents/Home/jre/lib/./libmlib_image.dylib
0x00000001166b7000 	/System/Library/Frameworks/JavaVM.framework/Versions/A/Frameworks/JavaNativeFoundation.framework/Versions/A/JavaNativeFoundation
0x00000001166cc000 	/System/Library/Frameworks/JavaVM.framework/Versions/A/Frameworks/JavaRuntimeSupport.framework/Versions/A/JavaRuntimeSupport
0x00000001166e7000 	/System/Library/Frameworks/JavaVM.framework/Versions/A/JavaVM
0x00000001166f4000 	/System/Library/PrivateFrameworks/JavaLaunching.framework/Versions/A/JavaLaunching
0x00007fff8bc48000 	/System/Library/Frameworks/Carbon.framework/Versions/A/Carbon
0x00007fff92150000 	/System/Library/Frameworks/Carbon.framework/Versions/A/Frameworks/CommonPanels.framework/Versions/A/CommonPanels
0x00007fff87e9d000 	/System/Library/Frameworks/Carbon.framework/Versions/A/Frameworks/Help.framework/Versions/A/Help
0x00007fff8eab8000 	/System/Library/Frameworks/Carbon.framework/Versions/A/Frameworks/ImageCapture.framework/Versions/A/ImageCapture
0x00007fff8ae62000 	/System/Library/Frameworks/Carbon.framework/Versions/A/Frameworks/OpenScripting.framework/Versions/A/OpenScripting
0x00007fff8291a000 	/System/Library/Frameworks/Carbon.framework/Versions/A/Frameworks/Print.framework/Versions/A/Print
0x00007fff898cf000 	/System/Library/Frameworks/Carbon.framework/Versions/A/Frameworks/SecurityHI.framework/Versions/A/SecurityHI
0x0000000116700000 	/Library/Java/JavaVirtualMachines/jdk1.8.0_181.jdk/Contents/Home/jre/lib/libawt_lwawt.dylib
0x00000001167ba000 	/Library/Java/JavaVirtualMachines/jdk1.8.0_181.jdk/Contents/Home/jre/lib/./libosxapp.dylib
0x00007fff96af7000 	/System/Library/Frameworks/ExceptionHandling.framework/Versions/A/ExceptionHandling
0x00007fff8e4e8000 	/System/Library/PrivateFrameworks/CoreServicesInternal.framework/Versions/A/CoreServicesInternal
0x00007fff953f8000 	/System/Library/Frameworks/CoreGraphics.framework/Versions/A/Resources/libRIP.A.dylib
0x00007fff86ed1000 	/System/Library/Frameworks/Accelerate.framework/Versions/A/Frameworks/vImage.framework/Versions/A/Libraries/libCGInterfaces.dylib
0x00007fff8849b000 	/System/Library/Frameworks/CoreGraphics.framework/Versions/A/Resources/libCGXType.A.dylib
0x00007fff84793000 	/System/Library/Frameworks/OpenCL.framework/Versions/A/Libraries/libcldcpuengine.dylib
0x00007fff8b61f000 	/System/Library/PrivateFrameworks/DiskImages.framework/Versions/A/DiskImages
0x00007fff88125000 	/System/Library/Frameworks/DiscRecording.framework/Versions/A/DiscRecording
0x00007fff83488000 	/usr/lib/libcsfde.dylib
0x00007fff92f9a000 	/usr/lib/libcurl.4.dylib
0x00007fff8b754000 	/System/Library/PrivateFrameworks/MediaKit.framework/Versions/A/MediaKit
0x00007fff912d2000 	/System/Library/PrivateFrameworks/ProtectedCloudStorage.framework/Versions/A/ProtectedCloudStorage
0x00007fff86520000 	/usr/lib/libCoreStorage.dylib
0x00007fff92dee000 	/System/Library/PrivateFrameworks/EFILogin.framework/Versions/A/EFILogin
0x00007fff91f4c000 	/usr/lib/libutil.dylib
0x00007fff88f7c000 	/System/Library/PrivateFrameworks/FindMyDevice.framework/Versions/A/FindMyDevice
0x00007fff83c9e000 	/System/Library/Frameworks/LDAP.framework/Versions/A/LDAP
0x00007fff84018000 	/usr/lib/libsasl2.2.dylib
0x00007fff950f7000 	/System/Library/PrivateFrameworks/CoreDaemon.framework/Versions/B/CoreDaemon
0x00007fff8eabe000 	/usr/lib/libcrypto.0.9.8.dylib
0x00007fff8de7b000 	/System/Library/PrivateFrameworks/AppleSRP.framework/Versions/A/AppleSRP
0x00007fff83fbc000 	/System/Library/PrivateFrameworks/TrustEvaluationAgent.framework/Versions/A/TrustEvaluationAgent
0x0000000118100000 	cl_kernels
0x00007fff84600000 	/System/Library/Frameworks/OpenCL.framework/Versions/A/Libraries/ImageFormats/unorm8_bgra.dylib
0x00007fff8e386000 	/System/Library/Frameworks/OpenCL.framework/Versions/A/Libraries/ImageFormats/unorm8_rgba.dylib
0x00007fff8783d000 	/System/Library/PrivateFrameworks/FamilyControls.framework/Versions/A/FamilyControls
0x00007fff8de84000 	/System/Library/PrivateFrameworks/CommerceKit.framework/Versions/A/Frameworks/CommerceCore.framework/Versions/A/CommerceCore
0x00007fff903f2000 	/System/Library/PrivateFrameworks/SystemAdministration.framework/Versions/A/SystemAdministration
0x00007fff88f96000 	/System/Library/PrivateFrameworks/AppContainer.framework/Versions/A/AppContainer
0x00007fff98033000 	/System/Library/PrivateFrameworks/SecCodeWrapper.framework/Versions/A/SecCodeWrapper
0x00007fff912c6000 	/System/Library/Frameworks/DirectoryService.framework/Versions/A/DirectoryService
0x00007fff878e2000 	/System/Library/PrivateFrameworks/LoginUIKit.framework/Versions/A/Frameworks/LoginUICore.framework/Versions/A/LoginUICore
0x00007fff88499000 	/usr/lib/libodfde.dylib
0x00007fff8535c000 	/System/Library/Frameworks/OpenGL.framework/Versions/A/Resources/GLEngine.bundle/GLEngine
0x00007fff87ea9000 	/System/Library/Frameworks/OpenGL.framework/Versions/A/Libraries/libGLProgrammability.dylib
0x000000011911a000 	/System/Library/Extensions/GeForceTeslaGLDriver.bundle/Contents/MacOS/GeForceTeslaGLDriver
0x000000011acd8000 	/System/Library/Extensions/GeForceTeslaGLDriver.bundle/Contents/MacOS/libclh.dylib
0x00007fff920a1000 	/System/Library/PrivateFrameworks/GPUSupport.framework/Versions/A/Libraries/libGPUSupport.dylib
0x00007fff8df0c000 	/System/Library/Frameworks/OpenGL.framework/Versions/A/Resources/GLRendererFloat.bundle/GLRendererFloat
0x000000011ba70000 	/Library/Java/JavaVirtualMachines/jdk1.8.0_181.jdk/Contents/Home/jre/lib/libfontmanager.dylib
0x000000011d0c7000 	/Library/Java/JavaVirtualMachines/jdk1.8.0_181.jdk/Contents/Home/jre/lib/libosxui.dylib
0x000000011dec8000 	/Library/Java/JavaVirtualMachines/jdk1.8.0_181.jdk/Contents/Home/jre/lib/libnet.dylib
0x000000011df27000 	/Library/Java/JavaVirtualMachines/jdk1.8.0_181.jdk/Contents/Home/jre/lib/libnio.dylib
0x00007fff95105000 	/System/Library/Frameworks/ApplicationServices.framework/Versions/A/Frameworks/ATS.framework/Versions/A/Resources/libTrueTypeScaler.dylib
0x00000001176d5000 	/private/var/folders/j0/y00zbzts2y705611_794rs200000gn/T/jogamp_0000/file_cache/jln5620072473790722227/jln3476435862436667016/libgluegen-rt.jnilib
0x00000001176da000 	/private/var/folders/j0/y00zbzts2y705611_794rs200000gn/T/jogamp_0000/file_cache/jln5620072473790722227/jln3476435862436667016/libnativewindow_awt.jnilib
0x00000001176dd000 	/Library/Java/JavaVirtualMachines/jdk1.8.0_181.jdk/Contents/Home/jre/lib/libjawt.dylib
0x00000001176e0000 	/private/var/folders/j0/y00zbzts2y705611_794rs200000gn/T/jogamp_0000/file_cache/jln5620072473790722227/jln3476435862436667016/libnativewindow_macosx.jnilib
0x00000001859bb000 	/private/var/folders/j0/y00zbzts2y705611_794rs200000gn/T/jogamp_0000/file_cache/jln5620072473790722227/jln3476435862436667016/libjogl_desktop.jnilib
0x0000000186f35000 	/Library/Java/JavaVirtualMachines/jdk1.8.0_181.jdk/Contents/Home/jre/lib/libt2k.dylib

VM Arguments:
jvm_args: -Djava.security.policy=java.policy.applet -Dfile.encoding=UTF-8 
java_command: sun.applet.AppletViewer module6.EarthquakeCityMap1537794992625.html
java_class_path (initial): /Library/Java/JavaVirtualMachines/jdk1.8.0_181.jdk/Contents/Home/jre/lib/resources.jar:/Library/Java/JavaVirtualMachines/jdk1.8.0_181.jdk/Contents/Home/jre/lib/rt.jar:/Library/Java/JavaVirtualMachines/jdk1.8.0_181.jdk/Contents/Home/jre/lib/jsse.jar:/Library/Java/JavaVirtualMachines/jdk1.8.0_181.jdk/Contents/Home/jre/lib/jce.jar:/Library/Java/JavaVirtualMachines/jdk1.8.0_181.jdk/Contents/Home/jre/lib/charsets.jar:/Library/Java/JavaVirtualMachines/jdk1.8.0_181.jdk/Contents/Home/jre/lib/jfr.jar:/Library/Java/JavaVirtualMachines/jdk1.8.0_181.jdk/Contents/Home/jre/lib/ext/cldrdata.jar:/Library/Java/JavaVirtualMachines/jdk1.8.0_181.jdk/Contents/Home/jre/lib/ext/dnsns.jar:/Library/Java/JavaVirtualMachines/jdk1.8.0_181.jdk/Contents/Home/jre/lib/ext/jaccess.jar:/Library/Java/JavaVirtualMachines/jdk1.8.0_181.jdk/Contents/Home/jre/lib/ext/jfxrt.jar:/Library/Java/JavaVirtualMachines/jdk1.8.0_181.jdk/Contents/Home/jre/lib/ext/localedata.jar:/Library/Java/JavaVirtualMachines/jdk1.8.0_181.jdk/Contents/Home/jre/lib/ext/nashorn.jar:/Library/Java/JavaVirtualMachines/jdk1.8.0_181.jdk/Contents/Home/jre/lib/ext/sunec.jar:/Library/Java/JavaVirtualMachines/jdk1.8.0_181.jdk/Contents/Home/jre/lib/ext/sunjce_provider.jar:/Library/Java/JavaVirtualMachines/jdk1.8.0_181.jdk/Contents/Home/jre/lib/ext/sunpkcs11.jar:/Library/Java/JavaVirtualMachines/jdk1.8.0_181.jdk/Contents/Home/jre/lib/ext/zipfs.jar:/System/Library/Java/Extensions/MRJToolkit.jar:/Users/hel/eclipse-workspace/UCSDUnfoldingMaps/build:/Users/hel/eclipse-workspace/UCSDUnfoldingMaps/lib/core.jar:/Users/hel/eclipse-workspace/UCSDUnfoldingMaps/lib/gluegen-rt.jar:/Users/hel/eclipse-workspace/UCSDUnfoldingMaps/lib/jogl-all.jar:/Users/hel/eclipse-workspace/UCSDUnfoldingMaps/lib/log4j-1.2.15.jar:/Users/hel/eclipse-workspace/UCSDUnfoldingMaps/lib/sqlite-jdbc-3.7.2.jar:/Users/hel/eclipse-workspace/UCSDUnfoldingMaps/lib/json4processing.jar:/Users/hel/eclipse-workspace/UCSDUnfoldingMaps/lib/libTUIO.jar:/Users/hel/ec
Launcher Type: SUN_STANDARD

Environment Variables:
PATH=/usr/bin:/bin:/usr/sbin:/sbin
SHELL=/bin/bash
DISPLAY=/private/tmp/com.apple.launchd.3KoagpEvT7/org.macosforge.xquartz:0

Signal Handlers:
SIGSEGV: [libjvm.dylib+0x5b6029], sa_mask[0]=11111111011111110111111111111111, sa_flags=SA_ONSTACK|SA_RESTART|SA_SIGINFO
SIGBUS: [libjvm.dylib+0x5b6029], sa_mask[0]=11111111011111110111111111111111, sa_flags=SA_RESTART|SA_SIGINFO
SIGFPE: [libjvm.dylib+0x48b934], sa_mask[0]=11111111011111110111111111111111, sa_flags=SA_RESTART|SA_SIGINFO
SIGPIPE: [libjvm.dylib+0x48b934], sa_mask[0]=11111111011111110111111111111111, sa_flags=SA_RESTART|SA_SIGINFO
SIGXFSZ: [libjvm.dylib+0x48b934], sa_mask[0]=11111111011111110111111111111111, sa_flags=SA_RESTART|SA_SIGINFO
SIGILL: [libjvm.dylib+0x48b934], sa_mask[0]=11111111011111110111111111111111, sa_flags=SA_RESTART|SA_SIGINFO
SIGUSR1: SIG_DFL, sa_mask[0]=00000000000000000000000000000000, sa_flags=none
SIGUSR2: [libjvm.dylib+0x48b452], sa_mask[0]=00100000000000000000000000000000, sa_flags=SA_RESTART|SA_SIGINFO
SIGHUP: [libjvm.dylib+0x489a1d], sa_mask[0]=11111111011111110111111111111111, sa_flags=SA_RESTART|SA_SIGINFO
SIGINT: [libjvm.dylib+0x489a1d], sa_mask[0]=11111111011111110111111111111111, sa_flags=SA_RESTART|SA_SIGINFO
SIGTERM: [libjvm.dylib+0x489a1d], sa_mask[0]=11111111011111110111111111111111, sa_flags=SA_RESTART|SA_SIGINFO
SIGQUIT: [libjvm.dylib+0x489a1d], sa_mask[0]=11111111011111110111111111111111, sa_flags=SA_RESTART|SA_SIGINFO


---------------  S Y S T E M  ---------------

OS:Bsduname:Darwin 15.6.0 Darwin Kernel Version 15.6.0: Thu Jun 21 20:07:40 PDT 2018; root:xnu-3248.73.11~1/RELEASE_X86_64 x86_64
rlimit: STACK 8192k, CORE 0k, NPROC 709, NOFILE 10240, AS infinity
load average:2.45 2.35 2.21

CPU:total 2 (initial active 2) (2 cores per cpu, 1 threads per core) family 6 model 23 stepping 10, cmov, cx8, fxsr, mmx, sse, sse2, sse3, ssse3, sse4.1, tsc

Memory: 4k page, physical 4194304k(19488k free)

/proc/meminfo:


vm_info: Java HotSpot(TM) 64-Bit Server VM (25.181-b13) for bsd-amd64 JRE (1.8.0_181-b13), built on Jul  7 2018 01:02:31 by "java_re" with gcc 4.2.1 (Based on Apple Inc. build 5658) (LLVM build 2336.11.00)

time: Mon Sep 24 15:50:13 2018
elapsed time: 2020 seconds (0d 0h 33m 40s)

