#
# A fatal error has been detected by the Java Runtime Environment:
#
#  SIGSEGV (0xb) at pc=0x00007fff8880a4dd, pid=682, tid=0x0000000000000a0b
#
# JRE version: Java(TM) SE Runtime Environment (8.0_181-b13) (build 1.8.0_181-b13)
# Java VM: Java HotSpot(TM) 64-Bit Server VM (25.181-b13 mixed mode bsd-amd64 compressed oops)
# Problematic frame:
# C  [libobjc.A.dylib+0x14dd]  objc_msgSend+0x1d
#
# Failed to write core dump. Core dumps have been disabled. To enable core dumping, try "ulimit -c unlimited" before starting Java again
#
# If you would like to submit a bug report, please visit:
#   http://bugreport.java.com/bugreport/crash.jsp
# The crash happened outside the Java Virtual Machine in native code.
# See problematic frame for where to report the bug.
#

---------------  T H R E A D  ---------------

Current thread (0x00007fb0fba92800):  JavaThread "AWT-AppKit" daemon [_thread_in_native, id=2571, stack(0x00007fff5c2dc000,0x00007fff5cadc000)]

siginfo: si_signo: 11 (SIGSEGV), si_code: 1 (SEGV_MAPERR), si_addr: 0x0000000000000018

Registers:
RAX=0x00007fb0fda40640, RBX=0x0000000184f5f450, RCX=0x0000000119af3920, RDX=0x0000000119af3f20
RSP=0x00007fff5cad6ed8, RBP=0x00007fff5cad6f90, RSI=0x00007fff8e08bcbe, RDI=0x00007fb0fd878c20
R8 =0x0000000000000000, R9 =0x0000000000000000, R10=0x00007fff8e08bcbe, R11=0x0000000000000000
R12=0x0000000000000000, R13=0x0000000186a32b08, R14=0x0000000184f5f440, R15=0x00007fb0fba92800
RIP=0x00007fff8880a4dd, EFLAGS=0x0000000000010246, ERR=0x0000000000000004
  TRAPNO=0x000000000000000e

Top of Stack: (sp=0x00007fff5cad6ed8)
0x00007fff5cad6ed8:   0000000184f5d157 00007fff5cad6f30
0x00007fff5cad6ee8:   0000000000000003 00007fff5cad6f10
0x00007fff5cad6ef8:   00000001034e964e 0000000186a32b08
0x00007fff5cad6f08:   0000000186a32b08 00007fb0fda40640
0x00007fff5cad6f18:   0000000184f5f6a0 0000000184f5f710
0x00007fff5cad6f28:   00007fff76c3e770 00007fff7613f500
0x00007fff5cad6f38:   0000000184f5f450 0000000184f5f690
0x00007fff5cad6f48:   00007fb0fda40640 00007fb0fd878c20
0x00007fff5cad6f58:   00007fb0fd98c150 00007fb0fda40640
0x00007fff5cad6f68:   00007fb0fd878c20 00007fff5cad7010
0x00007fff5cad6f78:   00007fb0fba929f8 0000000186a32b08
0x00007fff5cad6f88:   00007fff5cad7038 00007fff5cad7000
0x00007fff5cad6f98:   0000000104816087 00007fff5cad7000
0x00007fff5cad6fa8:   0000000104815dd9 00007fff5cad6ff0
0x00007fff5cad6fb8:   0000000104815da2 00007fff5cad6fc0
0x00007fff5cad6fc8:   0000000186a32b08 00007fff5cad7038
0x00007fff5cad6fd8:   0000000186a342b8 0000000000000000
0x00007fff5cad6fe8:   0000000186a32b08 0000000000000000
0x00007fff5cad6ff8:   00007fff5cad7020 00007fff5cad7080
0x00007fff5cad7008:   0000000104807ffd 000000078079b6a8
0x00007fff5cad7018:   0000000104811a58 00007fb0fda40640
0x00007fff5cad7028:   00000001048134f9 00007fb0fd878c20
0x00007fff5cad7038:   00000001048134c2 00007fff5cad7040
0x00007fff5cad7048:   0000000186a32cd2 00007fff5cad70a8
0x00007fff5cad7058:   0000000186a342b8 0000000000000000
0x00007fff5cad7068:   0000000186a32ce0 00007fff5cad7020
0x00007fff5cad7078:   00007fff5cad7090 00007fff5cad70f0
0x00007fff5cad7088:   0000000104807ffd 00007fb0fda40640
0x00007fff5cad7098:   00000007abe428e0 00007fb0fd878c20
0x00007fff5cad70a8:   00000007abe428e0 00007fff5cad70b0
0x00007fff5cad70b8:   0000000187ec839e 00007fff5cad7100
0x00007fff5cad70c8:   0000000187ec8458 0000000000000000 

Instructions: (pc=0x00007fff8880a4dd)
0x00007fff8880a4bd:   44 00 00 48 85 ff 2e 74 62 40 f6 c7 01 2e 75 66
0x00007fff8880a4cd:   49 bb f8 ff ff ff ff 7f 00 00 4c 23 1f 49 89 f2
0x00007fff8880a4dd:   45 23 53 18 49 c1 e2 04 4d 03 53 10 49 3b 32 75
0x00007fff8880a4ed:   04 41 ff 62 08 49 83 3a 01 76 0d 49 83 c2 10 49 

Register to memory mapping:

RAX=0x00007fb0fda40640 is an unknown value
RBX=0x0000000184f5f450: Java_jogamp_nativewindow_macosx_OSXUtil_GetScreenRefreshRate0+0x1cf0 in /private/var/folders/j0/y00zbzts2y705611_794rs200000gn/T/jogamp_0000/file_cache/jln4997662523386520379/jln2759545138719024354/libnativewindow_macosx.jnilib at 0x0000000184f58000
RCX=0x0000000119af3920 is an unknown value
RDX=0x0000000119af3f20 is an unknown value
RSP=0x00007fff5cad6ed8 is pointing into the stack for thread: 0x00007fb0fba92800
RBP=0x00007fff5cad6f90 is pointing into the stack for thread: 0x00007fb0fba92800
RSI=0x00007fff8e08bcbe is an unknown value
RDI=0x00007fb0fd878c20 is an unknown value
R8 =0x0000000000000000 is an unknown value
R9 =0x0000000000000000 is an unknown value
R10=0x00007fff8e08bcbe is an unknown value
R11=0x0000000000000000 is an unknown value
R12=0x0000000000000000 is an unknown value
R13={method} {0x0000000186a32b08} 'UnsetJAWTRootSurfaceLayer0' '(JJ)V' in 'jogamp/nativewindow/jawt/macosx/MacOSXJAWTWindow'
R14=0x0000000184f5f440: Java_jogamp_nativewindow_macosx_OSXUtil_GetScreenRefreshRate0+0x1ce0 in /private/var/folders/j0/y00zbzts2y705611_794rs200000gn/T/jogamp_0000/file_cache/jln4997662523386520379/jln2759545138719024354/libnativewindow_macosx.jnilib at 0x0000000184f58000
R15=0x00007fb0fba92800 is a thread


Stack: [0x00007fff5c2dc000,0x00007fff5cadc000],  sp=0x00007fff5cad6ed8,  free space=8171k
Native frames: (J=compiled Java code, j=interpreted, Vv=VM code, C=native code)
C  [libobjc.A.dylib+0x14dd]  objc_msgSend+0x1d
j  jogamp.nativewindow.jawt.macosx.MacOSXJAWTWindow.UnsetJAWTRootSurfaceLayer0(JJ)V+0
j  jogamp.nativewindow.jawt.macosx.MacOSXJAWTWindow.access$200(JJ)V+2
j  jogamp.nativewindow.jawt.macosx.MacOSXJAWTWindow$1.run()V+38
j  com.jogamp.common.util.RunnableTask.run()V+24
v  ~StubRoutines::call_stub
V  [libjvm.dylib+0x2efcba]
V  [libjvm.dylib+0x326ff8]
V  [libjvm.dylib+0x3197db]
C  [libnativewindow_macosx.jnilib+0x5326]  Java_jogamp_nativewindow_jawt_macosx_MacOSXJAWTWindow_UnsetJAWTRootSurfaceLayer0+0x2b6
C  [Foundation+0x76dbe]  __NSThreadPerformPerform+0x117
C  [CoreFoundation+0xaa7e1]  __CFRUNLOOP_IS_CALLING_OUT_TO_A_SOURCE0_PERFORM_FUNCTION__+0x11
C  [CoreFoundation+0x89f0c]  __CFRunLoopDoSources0+0x22c
C  [CoreFoundation+0x8942f]  __CFRunLoopRun+0x39f
C  [CoreFoundation+0x88e28]  CFRunLoopRunSpecific+0x128
C  [HIToolbox+0x30935]  RunCurrentEventLoopInMode+0xeb
C  [HIToolbox+0x30677]  ReceiveNextEventCommon+0xb8
C  [HIToolbox+0x305af]  _BlockUntilNextEventMatchingListInModeWithFilter+0x47
C  [AppKit+0x48df6]  _DPSNextEvent+0x42b
C  [AppKit+0x48226]  -[NSApplication _nextEventMatchingEventMask:untilDate:inMode:dequeue:]+0x1c6
C  [libosxapp.dylib+0x2328]  -[NSApplicationAWT nextEventMatchingMask:untilDate:inMode:dequeue:]+0x7c
C  [AppKit+0x3cd80]  -[NSApplication run]+0x2aa
C  [libosxapp.dylib+0x1f72]  +[NSApplicationAWT runAWTLoopWithApp:]+0x9c
C  [libawt_lwawt.dylib+0x4711f]  -[AWTStarter starter:]+0x389
C  [Foundation+0x76dbe]  __NSThreadPerformPerform+0x117
C  [CoreFoundation+0xaa7e1]  __CFRUNLOOP_IS_CALLING_OUT_TO_A_SOURCE0_PERFORM_FUNCTION__+0x11
C  [CoreFoundation+0x89f0c]  __CFRunLoopDoSources0+0x22c
C  [CoreFoundation+0x8942f]  __CFRunLoopRun+0x39f
C  [CoreFoundation+0x88e28]  CFRunLoopRunSpecific+0x128
C  [java+0x646e]  CreateExecutionEnvironment+0x367
C  [java+0x203c]  JLI_Launch+0x7a0
C  [java+0x84cb]  main+0x65
C  [java+0x1894]  start+0x34
C  0x0000000000000007

Java frames: (J=compiled Java code, j=interpreted, Vv=VM code)
j  jogamp.nativewindow.jawt.macosx.MacOSXJAWTWindow.UnsetJAWTRootSurfaceLayer0(JJ)V+0
j  jogamp.nativewindow.jawt.macosx.MacOSXJAWTWindow.access$200(JJ)V+2
j  jogamp.nativewindow.jawt.macosx.MacOSXJAWTWindow$1.run()V+38
j  com.jogamp.common.util.RunnableTask.run()V+24
v  ~StubRoutines::call_stub

---------------  P R O C E S S  ---------------

Java Threads: ( => current thread )
  0x00007fb0fbb13000 JavaThread "Thread-3" [_thread_blocked, id=20495, stack(0x0000700001662000,0x0000700001762000)]
  0x00007fb0fbe2b000 JavaThread "AWT-EventQueue-1" [_thread_blocked, id=13607, stack(0x000070000155f000,0x000070000165f000)]
  0x00007fb0fbe1e000 JavaThread "DestroyJavaVM" [_thread_blocked, id=5891, stack(0x000070000011a000,0x000070000021a000)]
  0x00007fb0fb272000 JavaThread "AWT-EventQueue-0" [_thread_blocked, id=55299, stack(0x0000700001359000,0x0000700001459000)]
  0x00007fb0fbbb5800 JavaThread "Java2D Disposer" daemon [_thread_blocked, id=51971, stack(0x00007000010d0000,0x00007000011d0000)]
  0x00007fb0fbb24000 JavaThread "Java2D Queue Flusher" daemon [_thread_blocked, id=48903, stack(0x0000700000fcd000,0x00007000010cd000)]
  0x00007fb0fbaf0800 JavaThread "AWT-Shutdown" [_thread_blocked, id=28431, stack(0x0000700000e47000,0x0000700000f47000)]
=>0x00007fb0fba92800 JavaThread "AWT-AppKit" daemon [_thread_in_native, id=2571, stack(0x00007fff5c2dc000,0x00007fff5cadc000)]
  0x00007fb0fb895000 JavaThread "Service Thread" daemon [_thread_blocked, id=16899, stack(0x0000700000ab8000,0x0000700000bb8000)]
  0x00007fb0fb054000 JavaThread "C1 CompilerThread1" daemon [_thread_blocked, id=16387, stack(0x00007000009b5000,0x0000700000ab5000)]
  0x00007fb0fb86f800 JavaThread "C2 CompilerThread0" daemon [_thread_blocked, id=15875, stack(0x00007000008b2000,0x00007000009b2000)]
  0x00007fb0fb86f000 JavaThread "Signal Dispatcher" daemon [_thread_blocked, id=13075, stack(0x00007000007af000,0x00007000008af000)]
  0x00007fb0fb84c800 JavaThread "Finalizer" daemon [_thread_blocked, id=11267, stack(0x0000700000629000,0x0000700000729000)]
  0x00007fb0fb033000 JavaThread "Reference Handler" daemon [_thread_blocked, id=10755, stack(0x0000700000526000,0x0000700000626000)]

Other Threads:
  0x00007fb0fb842000 VMThread [stack: 0x0000700000423000,0x0000700000523000] [id=10243]
  0x00007fb0fb829800 WatcherThread [stack: 0x0000700000bbb000,0x0000700000cbb000] [id=17411]

VM state:not at safepoint (normal execution)

VM Mutex/Monitor currently owned by a thread: None

Heap:
 PSYoungGen      total 18944K, used 16439K [0x00000007aab00000, 0x00000007ac000000, 0x00000007c0000000)
  eden space 16384K, 84% used [0x00000007aab00000,0x00000007ab895c70,0x00000007abb00000)
  from space 2560K, 98% used [0x00000007abd80000,0x00000007abff80a0,0x00000007ac000000)
  to   space 2560K, 0% used [0x00000007abb00000,0x00000007abb00000,0x00000007abd80000)
 ParOldGen       total 44032K, used 8151K [0x0000000780000000, 0x0000000782b00000, 0x00000007aab00000)
  object space 44032K, 18% used [0x0000000780000000,0x00000007807f5d58,0x0000000782b00000)
 Metaspace       used 19801K, capacity 20099K, committed 20352K, reserved 1067008K
  class space    used 2024K, capacity 2121K, committed 2176K, reserved 1048576K

Card table byte_map: [0x0000000113bc0000,0x0000000113dc1000] byte_map_base: 0x000000010ffc0000

Marking Bits: (ParMarkBitMap*) 0x0000000103c9fcd0
 Begin Bits: [0x0000000113f17000, 0x0000000114f17000)
 End Bits:   [0x0000000114f17000, 0x0000000115f17000)

Polling page: 0x00000001043a2000

CodeCache: size=245760Kb used=6053Kb max_used=6053Kb free=239707Kb
 bounds [0x0000000104800000, 0x0000000104df0000, 0x0000000113800000]
 total_blobs=2450 nmethods=1554 adapters=811
 compilation: enabled

Compilation events (10 events):
Event: 4697.762 Thread 0x00007fb0fb054000 1595       3       java.nio.MappedByteBuffer::<init> (15 bytes)
Event: 4697.763 Thread 0x00007fb0fb054000 nmethod 1595 0x0000000104deb610 code [0x0000000104deb780, 0x0000000104deb9a8]
Event: 4697.765 Thread 0x00007fb0fb054000 1596       3       java.nio.ByteBuffer::<init> (12 bytes)
Event: 4697.765 Thread 0x00007fb0fb054000 nmethod 1596 0x0000000104914590 code [0x0000000104914700, 0x00000001049148a8]
Event: 4697.778 Thread 0x00007fb0fb054000 1597       1       sun.java2d.SurfaceData::isValid (5 bytes)
Event: 4697.779 Thread 0x00007fb0fb054000 nmethod 1597 0x0000000104deb350 code [0x0000000104deb4a0, 0x0000000104deb5b0]
Event: 4697.876 Thread 0x00007fb0fb054000 1598       3       java.awt.Rectangle::intersection (180 bytes)
Event: 4697.876 Thread 0x00007fb0fb054000 nmethod 1598 0x0000000104dea9d0 code [0x0000000104deab60, 0x0000000104deb090]
Event: 4697.878 Thread 0x00007fb0fb054000 1599       3       java.util.AbstractList::listIterator (6 bytes)
Event: 4697.879 Thread 0x00007fb0fb054000 nmethod 1599 0x0000000104dea5d0 code [0x0000000104dea740, 0x0000000104dea948]

GC Heap History (8 events):
Event: 24.148 GC heap before
{Heap before GC invocations=1 (full 0):
 PSYoungGen      total 18944K, used 16384K [0x00000007aab00000, 0x00000007ac000000, 0x00000007c0000000)
  eden space 16384K, 100% used [0x00000007aab00000,0x00000007abb00000,0x00000007abb00000)
  from space 2560K, 0% used [0x00000007abd80000,0x00000007abd80000,0x00000007ac000000)
  to   space 2560K, 0% used [0x00000007abb00000,0x00000007abb00000,0x00000007abd80000)
 ParOldGen       total 44032K, used 0K [0x0000000780000000, 0x0000000782b00000, 0x00000007aab00000)
  object space 44032K, 0% used [0x0000000780000000,0x0000000780000000,0x0000000782b00000)
 Metaspace       used 11655K, capacity 11920K, committed 12032K, reserved 1060864K
  class space    used 1342K, capacity 1448K, committed 1536K, reserved 1048576K
Event: 24.207 GC heap after
Heap after GC invocations=1 (full 0):
 PSYoungGen      total 18944K, used 2556K [0x00000007aab00000, 0x00000007ac000000, 0x00000007c0000000)
  eden space 16384K, 0% used [0x00000007aab00000,0x00000007aab00000,0x00000007abb00000)
  from space 2560K, 99% used [0x00000007abb00000,0x00000007abd7f130,0x00000007abd80000)
  to   space 2560K, 0% used [0x00000007abd80000,0x00000007abd80000,0x00000007ac000000)
 ParOldGen       total 44032K, used 1068K [0x0000000780000000, 0x0000000782b00000, 0x00000007aab00000)
  object space 44032K, 2% used [0x0000000780000000,0x000000078010b200,0x0000000782b00000)
 Metaspace       used 11655K, capacity 11920K, committed 12032K, reserved 1060864K
  class space    used 1342K, capacity 1448K, committed 1536K, reserved 1048576K
}
Event: 26.631 GC heap before
{Heap before GC invocations=2 (full 0):
 PSYoungGen      total 18944K, used 18940K [0x00000007aab00000, 0x00000007ac000000, 0x00000007c0000000)
  eden space 16384K, 100% used [0x00000007aab00000,0x00000007abb00000,0x00000007abb00000)
  from space 2560K, 99% used [0x00000007abb00000,0x00000007abd7f130,0x00000007abd80000)
  to   space 2560K, 0% used [0x00000007abd80000,0x00000007abd80000,0x00000007ac000000)
 ParOldGen       total 44032K, used 1068K [0x0000000780000000, 0x0000000782b00000, 0x00000007aab00000)
  object space 44032K, 2% used [0x0000000780000000,0x000000078010b200,0x0000000782b00000)
 Metaspace       used 16600K, capacity 16973K, committed 17280K, reserved 1064960K
  class space    used 1709K, capacity 1828K, committed 1920K, reserved 1048576K
Event: 26.645 GC heap after
Heap after GC invocations=2 (full 0):
 PSYoungGen      total 18944K, used 2528K [0x00000007aab00000, 0x00000007ac000000, 0x00000007c0000000)
  eden space 16384K, 0% used [0x00000007aab00000,0x00000007aab00000,0x00000007abb00000)
  from space 2560K, 98% used [0x00000007abd80000,0x00000007abff8040,0x00000007ac000000)
  to   space 2560K, 0% used [0x00000007abb00000,0x00000007abb00000,0x00000007abd80000)
 ParOldGen       total 44032K, used 2800K [0x0000000780000000, 0x0000000782b00000, 0x00000007aab00000)
  object space 44032K, 6% used [0x0000000780000000,0x00000007802bc028,0x0000000782b00000)
 Metaspace       used 16600K, capacity 16973K, committed 17280K, reserved 1064960K
  class space    used 1709K, capacity 1828K, committed 1920K, reserved 1048576K
}
Event: 28.921 GC heap before
{Heap before GC invocations=3 (full 0):
 PSYoungGen      total 18944K, used 18912K [0x00000007aab00000, 0x00000007ac000000, 0x00000007c0000000)
  eden space 16384K, 100% used [0x00000007aab00000,0x00000007abb00000,0x00000007abb00000)
  from space 2560K, 98% used [0x00000007abd80000,0x00000007abff8040,0x00000007ac000000)
  to   space 2560K, 0% used [0x00000007abb00000,0x00000007abb00000,0x00000007abd80000)
 ParOldGen       total 44032K, used 2800K [0x0000000780000000, 0x0000000782b00000, 0x00000007aab00000)
  object space 44032K, 6% used [0x0000000780000000,0x00000007802bc028,0x0000000782b00000)
 Metaspace       used 17992K, capacity 18351K, committed 18688K, reserved 1067008K
  class space    used 1859K, capacity 1989K, committed 2048K, reserved 1048576K
Event: 28.946 GC heap after
Heap after GC invocations=3 (full 0):
 PSYoungGen      total 18944K, used 2528K [0x00000007aab00000, 0x00000007ac000000, 0x00000007c0000000)
  eden space 16384K, 0% used [0x00000007aab00000,0x00000007aab00000,0x00000007abb00000)
  from space 2560K, 98% used [0x00000007abb00000,0x00000007abd78040,0x00000007abd80000)
  to   space 2560K, 0% used [0x00000007abd80000,0x00000007abd80000,0x00000007ac000000)
 ParOldGen       total 44032K, used 7035K [0x0000000780000000, 0x0000000782b00000, 0x00000007aab00000)
  object space 44032K, 15% used [0x0000000780000000,0x00000007806deef0,0x0000000782b00000)
 Metaspace       used 17992K, capacity 18351K, committed 18688K, reserved 1067008K
  class space    used 1859K, capacity 1989K, committed 2048K, reserved 1048576K
}
Event: 30.759 GC heap before
{Heap before GC invocations=4 (full 0):
 PSYoungGen      total 18944K, used 18912K [0x00000007aab00000, 0x00000007ac000000, 0x00000007c0000000)
  eden space 16384K, 100% used [0x00000007aab00000,0x00000007abb00000,0x00000007abb00000)
  from space 2560K, 98% used [0x00000007abb00000,0x00000007abd78040,0x00000007abd80000)
  to   space 2560K, 0% used [0x00000007abd80000,0x00000007abd80000,0x00000007ac000000)
 ParOldGen       total 44032K, used 7035K [0x0000000780000000, 0x0000000782b00000, 0x00000007aab00000)
  object space 44032K, 15% used [0x0000000780000000,0x00000007806deef0,0x0000000782b00000)
 Metaspace       used 19496K, capacity 19835K, committed 20096K, reserved 1067008K
  class space    used 2010K, capacity 2119K, committed 2176K, reserved 1048576K
Event: 30.788 GC heap after
Heap after GC invocations=4 (full 0):
 PSYoungGen      total 18944K, used 2528K [0x00000007aab00000, 0x00000007ac000000, 0x00000007c0000000)
  eden space 16384K, 0% used [0x00000007aab00000,0x00000007aab00000,0x00000007abb00000)
  from space 2560K, 98% used [0x00000007abd80000,0x00000007abff80a0,0x00000007ac000000)
  to   space 2560K, 0% used [0x00000007abb00000,0x00000007abb00000,0x00000007abd80000)
 ParOldGen       total 44032K, used 8151K [0x0000000780000000, 0x0000000782b00000, 0x00000007aab00000)
  object space 44032K, 18% used [0x0000000780000000,0x00000007807f5d58,0x0000000782b00000)
 Metaspace       used 19496K, capacity 19835K, committed 20096K, reserved 1067008K
  class space    used 2010K, capacity 2119K, committed 2176K, reserved 1048576K
}

Deoptimization events (9 events):
Event: 9.359 Thread 0x00007fb0fb013800 Uncommon trap: reason=unstable_if action=reinterpret pc=0x00000001049da3d4 method=java.lang.String.replace(CC)Ljava/lang/String; @ 26
Event: 24.779 Thread 0x00007fb0fb464000 Uncommon trap: reason=unstable_if action=reinterpret pc=0x0000000104a5887c method=java.lang.String.indexOf([CII[CIII)I @ 3
Event: 24.779 Thread 0x00007fb0fb464000 Uncommon trap: reason=unstable_if action=reinterpret pc=0x00000001049e80d4 method=java.lang.String.indexOf([CII[CIII)I @ 3
Event: 28.758 Thread 0x00007fb0fbe2b000 Uncommon trap: reason=unstable_if action=reinterpret pc=0x00000001049e6748 method=java.lang.AbstractStringBuilder.append(Ljava/lang/String;)Ljava/lang/AbstractStringBuilder; @ 1
Event: 30.502 Thread 0x00007fb0fbe2b000 Uncommon trap: reason=unstable_if action=reinterpret pc=0x0000000104c35960 method=sun.misc.FloatingDecimal.readJavaFormatString(Ljava/lang/String;)Lsun/misc/FloatingDecimal$ASCIIToBinaryConverter; @ 445
Event: 30.819 Thread 0x00007fb0fbe2b000 Uncommon trap: reason=unstable_if action=reinterpret pc=0x0000000104c187e8 method=org.json.JSONTokener.nextClean()C @ 12
Event: 30.819 Thread 0x00007fb0fbe2b000 Uncommon trap: reason=unstable_if action=reinterpret pc=0x0000000104c42194 method=org.json.JSONTokener.nextClean()C @ 12
Event: 4697.749 Thread 0x00007fb0fb103800 Uncommon trap: reason=unstable_if action=reinterpret pc=0x0000000104dd6c5c method=java.security.AccessControlContext.combine([Ljava/security/ProtectionDomain;[Ljava/security/ProtectionDomain;)[Ljava/security/ProtectionDomain; @ 151
Event: 4697.786 Thread 0x00007fb0fb103800 Uncommon trap: reason=unstable_if action=reinterpret pc=0x0000000104bccca4 method=java.util.HashMap$HashIterator.<init>(Ljava/util/HashMap;)V @ 38

Classes redefined (0 events):
No events

Internal exceptions (10 events):
Event: 7.471 Thread 0x00007fb0fb013800 Exception <a 'java/io/FileNotFoundException'> (0x00000007aae960f8) thrown at [/Users/java_re/workspace/8-2-build-macosx-x86_64/jdk8u181/11358/hotspot/src/share/vm/prims/jni.cpp, line 709]
Event: 24.216 Thread 0x00007fb0fb84c800 Exception <a 'java/lang/NullPointerException'> (0x00000007aab82d90) thrown at [/Users/java_re/workspace/8-2-build-macosx-x86_64/jdk8u181/11358/hotspot/src/share/vm/interpreter/linkResolver.cpp, line 1185]
Event: 25.048 Thread 0x00007fb0fb464000 Exception <a 'java/lang/UnsatisfiedLinkError': com.jogamp.common.util.JarUtil.fixNativeLibAttribs(Ljava/lang/String;)Z> (0x00000007ab0509b0) thrown at [/Users/java_re/workspace/8-2-build-macosx-x86_64/jdk8u181/11358/hotspot/src/share/vm/prims/nativeLookup
Event: 28.757 Thread 0x00007fb0fbe2b000 Exception <a 'java/io/FileNotFoundException'> (0x00000007ab2fbf18) thrown at [/Users/java_re/workspace/8-2-build-macosx-x86_64/jdk8u181/11358/hotspot/src/share/vm/prims/jni.cpp, line 709]
Event: 28.758 Thread 0x00007fb0fbe2b000 Exception <a 'java/io/FileNotFoundException'> (0x00000007ab3021a0) thrown at [/Users/java_re/workspace/8-2-build-macosx-x86_64/jdk8u181/11358/hotspot/src/share/vm/prims/jni.cpp, line 709]
Event: 28.758 Thread 0x00007fb0fbe2b000 Implicit null exception at 0x00000001049e6376 to 0x00000001049e6731
Event: 30.624 Thread 0x00007fb0fbe2b000 Exception <a 'java/lang/ClassCastException': java.util.ArrayList cannot be cast to module6.EarthquakeCityMap> (0x00000007ab02e738) thrown at [/Users/java_re/workspace/8-2-build-macosx-x86_64/jdk8u181/11358/hotspot/src/share/vm/interpreter/interpreterRunti
Event: 31.022 Thread 0x00007fb0fbe2b000 Exception <a 'java/lang/ClassCastException': java.util.ArrayList cannot be cast to module6.EarthquakeCityMap> (0x00000007aabfd9e0) thrown at [/Users/java_re/workspace/8-2-build-macosx-x86_64/jdk8u181/11358/hotspot/src/share/vm/interpreter/interpreterRunti
Event: 31.224 Thread 0x00007fb0fbe2b000 Exception <a 'java/lang/ClassCastException': java.util.ArrayList cannot be cast to module6.EarthquakeCityMap> (0x00000007ab74e6c8) thrown at [/Users/java_re/workspace/8-2-build-macosx-x86_64/jdk8u181/11358/hotspot/src/share/vm/interpreter/interpreterRunti
Event: 4697.786 Thread 0x00007fb0fb103800 Implicit null exception at 0x0000000104bcca46 to 0x0000000104bccc8d

Events (10 events):
Event: 4697.789 loading class jogamp/opengl/macosx/cgl/MacOSXCGLContext$NSOpenGLImpl$DetachGLLayerCmd
Event: 4697.789 loading class jogamp/opengl/macosx/cgl/MacOSXCGLContext$NSOpenGLImpl$DetachGLLayerCmd done
Event: 4697.805 loading class jogamp/nativewindow/jawt/macosx/MacOSXJAWTWindow$4
Event: 4697.805 loading class jogamp/nativewindow/jawt/macosx/MacOSXJAWTWindow$4 done
Event: 4697.872 loading class com/jogamp/nativewindow/awt/JAWTWindow$JAWTComponentListener$2
Event: 4697.872 loading class com/jogamp/nativewindow/awt/JAWTWindow$JAWTComponentListener$2 done
Event: 4697.873 Executing VM operation: RevokeBias
Event: 4697.873 Executing VM operation: RevokeBias done
Event: 4697.874 loading class jogamp/nativewindow/jawt/macosx/MacOSXJAWTWindow$1
Event: 4697.874 loading class jogamp/nativewindow/jawt/macosx/MacOSXJAWTWindow$1 done


Dynamic libraries:
0x00007fff98be7000 	/System/Library/Frameworks/Cocoa.framework/Versions/A/Cocoa
0x00007fff896c0000 	/System/Library/Frameworks/Security.framework/Versions/A/Security
0x00007fff96967000 	/System/Library/Frameworks/ApplicationServices.framework/Versions/A/ApplicationServices
0x00007fff8ca4d000 	/usr/lib/libz.1.dylib
0x00007fff98e5b000 	/usr/lib/libSystem.B.dylib
0x00007fff88809000 	/usr/lib/libobjc.A.dylib
0x00007fff8d4ed000 	/System/Library/Frameworks/CoreFoundation.framework/Versions/A/CoreFoundation
0x00007fff91964000 	/System/Library/Frameworks/Foundation.framework/Versions/C/Foundation
0x00007fff99092000 	/System/Library/Frameworks/AppKit.framework/Versions/C/AppKit
0x00007fff87c3c000 	/System/Library/Frameworks/CoreData.framework/Versions/A/CoreData
0x00007fff9a527000 	/System/Library/PrivateFrameworks/RemoteViewServices.framework/Versions/A/RemoteViewServices
0x00007fff98ca6000 	/System/Library/PrivateFrameworks/UIFoundation.framework/Versions/A/UIFoundation
0x00007fff936bf000 	/usr/lib/libScreenReader.dylib
0x00007fff979b2000 	/System/Library/Frameworks/Accelerate.framework/Versions/A/Accelerate
0x00007fff87fa7000 	/System/Library/Frameworks/IOSurface.framework/Versions/A/IOSurface
0x00007fff8995b000 	/System/Library/Frameworks/AudioToolbox.framework/Versions/A/AudioToolbox
0x00007fff98b95000 	/System/Library/Frameworks/AudioUnit.framework/Versions/A/AudioUnit
0x00007fff8bc0d000 	/System/Library/PrivateFrameworks/DataDetectorsCore.framework/Versions/A/DataDetectorsCore
0x00007fff8eeb1000 	/System/Library/PrivateFrameworks/DesktopServicesPriv.framework/Versions/A/DesktopServicesPriv
0x00007fff89fde000 	/System/Library/Frameworks/Carbon.framework/Versions/A/Frameworks/HIToolbox.framework/Versions/A/HIToolbox
0x00007fff88bba000 	/System/Library/Frameworks/QuartzCore.framework/Versions/A/QuartzCore
0x00007fff88783000 	/System/Library/Frameworks/Carbon.framework/Versions/A/Frameworks/SpeechRecognition.framework/Versions/A/SpeechRecognition
0x00007fff89b08000 	/usr/lib/libauto.dylib
0x00007fff8d0ee000 	/usr/lib/libicucore.A.dylib
0x00007fff96877000 	/usr/lib/libxml2.2.dylib
0x00007fff9b915000 	/System/Library/PrivateFrameworks/CoreUI.framework/Versions/A/CoreUI
0x00007fff8c9fb000 	/System/Library/Frameworks/CoreAudio.framework/Versions/A/CoreAudio
0x00007fff924cb000 	/System/Library/Frameworks/DiskArbitration.framework/Versions/A/DiskArbitration
0x00007fff9518c000 	/usr/lib/liblangid.dylib
0x00007fff88b95000 	/System/Library/PrivateFrameworks/MultitouchSupport.framework/Versions/A/MultitouchSupport
0x00007fff895cc000 	/System/Library/Frameworks/IOKit.framework/Versions/A/IOKit
0x00007fff89dc3000 	/usr/lib/libDiagnosticMessagesClient.dylib
0x00007fff93bf4000 	/System/Library/Frameworks/CoreServices.framework/Versions/A/CoreServices
0x00007fff946fc000 	/System/Library/PrivateFrameworks/PerformanceAnalysis.framework/Versions/A/PerformanceAnalysis
0x00007fff95c4f000 	/System/Library/PrivateFrameworks/GenerationalStorage.framework/Versions/A/GenerationalStorage
0x00007fff948ff000 	/System/Library/Frameworks/OpenGL.framework/Versions/A/OpenGL
0x00007fff90234000 	/System/Library/PrivateFrameworks/Sharing.framework/Versions/A/Sharing
0x00007fff9a560000 	/System/Library/Frameworks/CoreGraphics.framework/Versions/A/CoreGraphics
0x00007fff8f453000 	/System/Library/Frameworks/CoreImage.framework/Versions/A/CoreImage
0x00007fff8f676000 	/System/Library/Frameworks/CoreText.framework/Versions/A/CoreText
0x00007fff954e4000 	/System/Library/Frameworks/ImageIO.framework/Versions/A/ImageIO
0x00007fff9207b000 	/System/Library/PrivateFrameworks/Backup.framework/Versions/A/Backup
0x00007fff89b4f000 	/usr/lib/libextension.dylib
0x00007fff8bac7000 	/usr/lib/libarchive.2.dylib
0x00007fff95d0e000 	/System/Library/Frameworks/CFNetwork.framework/Versions/A/CFNetwork
0x00007fff917de000 	/System/Library/Frameworks/SystemConfiguration.framework/Versions/A/SystemConfiguration
0x00007fff99cbc000 	/usr/lib/libCRFSuite.dylib
0x00007fff8d324000 	/usr/lib/libc++.1.dylib
0x00007fff8ba8f000 	/usr/lib/libc++abi.dylib
0x00007fff973f5000 	/usr/lib/system/libcache.dylib
0x00007fff8a95d000 	/usr/lib/system/libcommonCrypto.dylib
0x00007fff8878a000 	/usr/lib/system/libcompiler_rt.dylib
0x00007fff9116b000 	/usr/lib/system/libcopyfile.dylib
0x00007fff8da02000 	/usr/lib/system/libcorecrypto.dylib
0x00007fff8e129000 	/usr/lib/system/libdispatch.dylib
0x00007fff99ce0000 	/usr/lib/system/libdyld.dylib
0x00007fff86a15000 	/usr/lib/system/libkeymgr.dylib
0x00007fff86a89000 	/usr/lib/system/liblaunch.dylib
0x00007fff946eb000 	/usr/lib/system/libmacho.dylib
0x00007fff89479000 	/usr/lib/system/libquarantine.dylib
0x00007fff8e33e000 	/usr/lib/system/libremovefile.dylib
0x00007fff97b38000 	/usr/lib/system/libsystem_asl.dylib
0x00007fff93e00000 	/usr/lib/system/libsystem_blocks.dylib
0x00007fff921e3000 	/usr/lib/system/libsystem_c.dylib
0x00007fff87aa1000 	/usr/lib/system/libsystem_configuration.dylib
0x00007fff86938000 	/usr/lib/system/libsystem_coreservices.dylib
0x00007fff95b82000 	/usr/lib/system/libsystem_coretls.dylib
0x00007fff93387000 	/usr/lib/system/libsystem_dnssd.dylib
0x00007fff918be000 	/usr/lib/system/libsystem_info.dylib
0x00007fff95b02000 	/usr/lib/system/libsystem_kernel.dylib
0x00007fff98b65000 	/usr/lib/system/libsystem_m.dylib
0x00007fff94910000 	/usr/lib/system/libsystem_malloc.dylib
0x00007fff866fe000 	/usr/lib/system/libsystem_network.dylib
0x00007fff87a58000 	/usr/lib/system/libsystem_networkextension.dylib
0x00007fff87c16000 	/usr/lib/system/libsystem_notify.dylib
0x00007fff8b46e000 	/usr/lib/system/libsystem_platform.dylib
0x00007fff8d499000 	/usr/lib/system/libsystem_pthread.dylib
0x00007fff9b7e7000 	/usr/lib/system/libsystem_sandbox.dylib
0x00007fff89ea2000 	/usr/lib/system/libsystem_secinit.dylib
0x00007fff91d13000 	/usr/lib/system/libsystem_trace.dylib
0x00007fff8b469000 	/usr/lib/system/libunc.dylib
0x00007fff95c49000 	/usr/lib/system/libunwind.dylib
0x00007fff89f23000 	/usr/lib/system/libxpc.dylib
0x00007fff9242c000 	/usr/lib/libenergytrace.dylib
0x00007fff87a04000 	/usr/lib/libbsm.0.dylib
0x00007fff963c4000 	/usr/lib/system/libkxld.dylib
0x00007fff92630000 	/usr/lib/libxar.1.dylib
0x00007fff98ecc000 	/usr/lib/libsqlite3.dylib
0x00007fff8b2f0000 	/usr/lib/libpam.2.dylib
0x00007fff8baba000 	/usr/lib/libOpenScriptingUtil.dylib
0x00007fff87a92000 	/usr/lib/libbz2.1.0.dylib
0x00007fff95c99000 	/usr/lib/liblzma.5.dylib
0x00007fff96304000 	/System/Library/Frameworks/CoreServices.framework/Versions/A/Frameworks/FSEvents.framework/Versions/A/FSEvents
0x00007fff86a8a000 	/System/Library/Frameworks/CoreServices.framework/Versions/A/Frameworks/CarbonCore.framework/Versions/A/CarbonCore
0x00007fff98a1c000 	/System/Library/Frameworks/CoreServices.framework/Versions/A/Frameworks/Metadata.framework/Versions/A/Metadata
0x00007fff8baf3000 	/System/Library/Frameworks/CoreServices.framework/Versions/A/Frameworks/OSServices.framework/Versions/A/OSServices
0x00007fff967ab000 	/System/Library/Frameworks/CoreServices.framework/Versions/A/Frameworks/SearchKit.framework/Versions/A/SearchKit
0x00007fff91852000 	/System/Library/Frameworks/CoreServices.framework/Versions/A/Frameworks/AE.framework/Versions/A/AE
0x00007fff9710b000 	/System/Library/Frameworks/CoreServices.framework/Versions/A/Frameworks/LaunchServices.framework/Versions/A/LaunchServices
0x00007fff85126000 	/System/Library/Frameworks/CoreServices.framework/Versions/A/Frameworks/DictionaryServices.framework/Versions/A/DictionaryServices
0x00007fff94c40000 	/System/Library/Frameworks/CoreServices.framework/Versions/A/Frameworks/SharedFileList.framework/Versions/A/SharedFileList
0x00007fff94b6d000 	/System/Library/Frameworks/NetFS.framework/Versions/A/NetFS
0x00007fff924d1000 	/System/Library/PrivateFrameworks/NetAuth.framework/Versions/A/NetAuth
0x00007fff862c9000 	/System/Library/PrivateFrameworks/login.framework/Versions/A/Frameworks/loginsupport.framework/Versions/A/loginsupport
0x00007fff8b28d000 	/System/Library/PrivateFrameworks/TCC.framework/Versions/A/TCC
0x00007fff8e597000 	/usr/lib/libmecabra.dylib
0x00007fff98e5d000 	/System/Library/Frameworks/ApplicationServices.framework/Versions/A/Frameworks/ATS.framework/Versions/A/ATS
0x00007fff900fd000 	/System/Library/Frameworks/ApplicationServices.framework/Versions/A/Frameworks/ColorSync.framework/Versions/A/ColorSync
0x00007fff86deb000 	/System/Library/Frameworks/ApplicationServices.framework/Versions/A/Frameworks/HIServices.framework/Versions/A/HIServices
0x00007fff96a18000 	/System/Library/Frameworks/ApplicationServices.framework/Versions/A/Frameworks/LangAnalysis.framework/Versions/A/LangAnalysis
0x00007fff8efff000 	/System/Library/Frameworks/ApplicationServices.framework/Versions/A/Frameworks/PrintCore.framework/Versions/A/PrintCore
0x00007fff86942000 	/System/Library/Frameworks/ApplicationServices.framework/Versions/A/Frameworks/QD.framework/Versions/A/QD
0x00007fff94ce6000 	/System/Library/Frameworks/ApplicationServices.framework/Versions/A/Frameworks/SpeechSynthesis.framework/Versions/A/SpeechSynthesis
0x00007fff93bf5000 	/System/Library/Frameworks/Metal.framework/Versions/A/Metal
0x00007fff8e939000 	/System/Library/Frameworks/Accelerate.framework/Versions/A/Frameworks/vImage.framework/Versions/A/vImage
0x00007fff8b069000 	/System/Library/Frameworks/Accelerate.framework/Versions/A/Frameworks/vecLib.framework/Versions/A/vecLib
0x00007fff8c40b000 	/System/Library/Frameworks/Accelerate.framework/Versions/A/Frameworks/vecLib.framework/Versions/A/libvDSP.dylib
0x00007fff89de8000 	/System/Library/Frameworks/Accelerate.framework/Versions/A/Frameworks/vecLib.framework/Versions/A/libvMisc.dylib
0x00007fff8c51e000 	/System/Library/Frameworks/Accelerate.framework/Versions/A/Frameworks/vecLib.framework/Versions/A/libLAPACK.dylib
0x00007fff93c38000 	/System/Library/Frameworks/Accelerate.framework/Versions/A/Frameworks/vecLib.framework/Versions/A/libBLAS.dylib
0x00007fff979b3000 	/System/Library/Frameworks/Accelerate.framework/Versions/A/Frameworks/vecLib.framework/Versions/A/libLinearAlgebra.dylib
0x00007fff88015000 	/System/Library/Frameworks/Accelerate.framework/Versions/A/Frameworks/vecLib.framework/Versions/A/libSparseBLAS.dylib
0x00007fff9681e000 	/System/Library/PrivateFrameworks/GPUCompiler.framework/libmetal_timestamp.dylib
0x00007fff984f4000 	/System/Library/Frameworks/OpenGL.framework/Versions/A/Libraries/libCoreFSCache.dylib
0x00007fff95cb4000 	/System/Library/PrivateFrameworks/IOAccelerator.framework/Versions/A/IOAccelerator
0x00007fff8947c000 	/System/Library/Frameworks/ApplicationServices.framework/Versions/A/Frameworks/ATS.framework/Versions/A/Resources/libFontParser.dylib
0x00007fff8f1b5000 	/System/Library/Frameworks/ApplicationServices.framework/Versions/A/Frameworks/ATS.framework/Versions/A/Resources/libFontRegistry.dylib
0x00007fff9b877000 	/System/Library/PrivateFrameworks/AppleVPA.framework/Versions/A/AppleVPA
0x00007fff8f256000 	/System/Library/PrivateFrameworks/AppleJPEG.framework/Versions/A/AppleJPEG
0x00007fff8a8c2000 	/System/Library/Frameworks/ImageIO.framework/Versions/A/Resources/libJPEG.dylib
0x00007fff95b21000 	/System/Library/Frameworks/ImageIO.framework/Versions/A/Resources/libTIFF.dylib
0x00007fff9ba63000 	/System/Library/Frameworks/ImageIO.framework/Versions/A/Resources/libPng.dylib
0x00007fff96311000 	/System/Library/Frameworks/ImageIO.framework/Versions/A/Resources/libGIF.dylib
0x00007fff8660b000 	/System/Library/Frameworks/ImageIO.framework/Versions/A/Resources/libJP2.dylib
0x00007fff87a8f000 	/System/Library/Frameworks/ImageIO.framework/Versions/A/Resources/libRadiance.dylib
0x00007fff8e340000 	/System/Library/Frameworks/CoreVideo.framework/Versions/A/CoreVideo
0x00007fff9212c000 	/System/Library/Frameworks/OpenGL.framework/Versions/A/Libraries/libGLU.dylib
0x00007fff87f22000 	/System/Library/Frameworks/OpenGL.framework/Versions/A/Libraries/libGFXShared.dylib
0x00007fff95158000 	/System/Library/Frameworks/OpenGL.framework/Versions/A/Libraries/libGL.dylib
0x00007fff87ee3000 	/System/Library/Frameworks/OpenGL.framework/Versions/A/Libraries/libGLImage.dylib
0x00007fff91f12000 	/System/Library/Frameworks/OpenGL.framework/Versions/A/Libraries/libCVMSPluginSupport.dylib
0x00007fff9630d000 	/System/Library/Frameworks/OpenGL.framework/Versions/A/Libraries/libCoreVMClient.dylib
0x00007fff8fec6000 	/usr/lib/libcompression.dylib
0x00007fff87b7e000 	/usr/lib/libcups.2.dylib
0x00007fff8b6e6000 	/System/Library/Frameworks/Kerberos.framework/Versions/A/Kerberos
0x00007fff8b5c7000 	/System/Library/Frameworks/GSS.framework/Versions/A/GSS
0x00007fff9240f000 	/usr/lib/libresolv.9.dylib
0x00007fff95058000 	/usr/lib/libiconv.2.dylib
0x00007fff9a491000 	/System/Library/PrivateFrameworks/Heimdal.framework/Versions/A/Heimdal
0x00007fff8c9f5000 	/usr/lib/libheimdal-asn1.dylib
0x00007fff91d55000 	/System/Library/Frameworks/OpenDirectory.framework/Versions/A/OpenDirectory
0x00007fff87a3b000 	/System/Library/PrivateFrameworks/CommonAuth.framework/Versions/A/CommonAuth
0x00007fff93390000 	/System/Library/Frameworks/OpenDirectory.framework/Versions/A/Frameworks/CFOpenDirectory.framework/Versions/A/CFOpenDirectory
0x00007fff9216e000 	/System/Library/Frameworks/SecurityFoundation.framework/Versions/A/SecurityFoundation
0x00007fff98fea000 	/System/Library/PrivateFrameworks/LanguageModeling.framework/Versions/A/LanguageModeling
0x00007fff8f123000 	/usr/lib/libmarisa.dylib
0x00007fff8b741000 	/usr/lib/libChineseTokenizer.dylib
0x00007fff8a8e7000 	/usr/lib/libcmph.dylib
0x00007fff8e382000 	/System/Library/Frameworks/ServiceManagement.framework/Versions/A/ServiceManagement
0x00007fff8dac0000 	/usr/lib/libxslt.1.dylib
0x00007fff8e093000 	/System/Library/Frameworks/Carbon.framework/Versions/A/Frameworks/Ink.framework/Versions/A/Ink
0x00007fff86349000 	/usr/lib/libFosl_dynamic.dylib
0x00007fff8ca5f000 	/System/Library/PrivateFrameworks/FaceCore.framework/Versions/A/FaceCore
0x00007fff8e4db000 	/System/Library/Frameworks/OpenCL.framework/Versions/A/OpenCL
0x00007fff87f69000 	/System/Library/PrivateFrameworks/CrashReporterSupport.framework/Versions/A/CrashReporterSupport
0x00007fff8e574000 	/System/Library/PrivateFrameworks/IconServices.framework/Versions/A/IconServices
0x00007fff88b75000 	/System/Library/PrivateFrameworks/Apple80211.framework/Versions/A/Apple80211
0x00007fff8b85e000 	/System/Library/Frameworks/CoreWLAN.framework/Versions/A/CoreWLAN
0x00007fff97b50000 	/System/Library/Frameworks/IOBluetooth.framework/Versions/A/IOBluetooth
0x00007fff95be1000 	/System/Library/PrivateFrameworks/CoreWiFi.framework/Versions/A/CoreWiFi
0x00007fff8b6d2000 	/System/Library/Frameworks/CoreBluetooth.framework/Versions/A/CoreBluetooth
0x00007fff89ea4000 	/System/Library/PrivateFrameworks/ChunkingLibrary.framework/Versions/A/ChunkingLibrary
0x00007fff984b9000 	/System/Library/PrivateFrameworks/DebugSymbols.framework/Versions/A/DebugSymbols
0x00007fff86240000 	/System/Library/PrivateFrameworks/CoreSymbolication.framework/Versions/A/CoreSymbolication
0x00007fff94bef000 	/System/Library/PrivateFrameworks/Symbolication.framework/Versions/A/Symbolication
0x00007fff94ee4000 	/System/Library/PrivateFrameworks/SpeechRecognitionCore.framework/Versions/A/SpeechRecognitionCore
0x0000000103370000 	/System/Library/CoreServices/Encodings/libCyrillicConverter.dylib
0x00000001033a6000 	/Library/Java/JavaVirtualMachines/jdk1.8.0_181.jdk/Contents/Home/jre/lib/server/libjvm.dylib
0x00007fff886ff000 	/usr/lib/libstdc++.6.dylib
0x000000010435e000 	/Library/Java/JavaVirtualMachines/jdk1.8.0_181.jdk/Contents/Home/jre/lib/libverify.dylib
0x000000010436c000 	/Library/Java/JavaVirtualMachines/jdk1.8.0_181.jdk/Contents/Home/jre/lib/libjava.dylib
0x00000001043ac000 	/Library/Java/JavaVirtualMachines/jdk1.8.0_181.jdk/Contents/Home/jre/lib/libzip.dylib
0x0000000118ed1000 	/Library/Java/JavaVirtualMachines/jdk1.8.0_181.jdk/Contents/Home/jre/lib/libawt.dylib
0x0000000118f7b000 	/Library/Java/JavaVirtualMachines/jdk1.8.0_181.jdk/Contents/Home/jre/lib/./libmlib_image.dylib
0x0000000119047000 	/System/Library/Frameworks/JavaVM.framework/Versions/A/Frameworks/JavaNativeFoundation.framework/Versions/A/JavaNativeFoundation
0x000000011905c000 	/System/Library/Frameworks/JavaVM.framework/Versions/A/Frameworks/JavaRuntimeSupport.framework/Versions/A/JavaRuntimeSupport
0x0000000119077000 	/System/Library/Frameworks/JavaVM.framework/Versions/A/JavaVM
0x0000000119084000 	/System/Library/PrivateFrameworks/JavaLaunching.framework/Versions/A/JavaLaunching
0x00007fff8f675000 	/System/Library/Frameworks/Carbon.framework/Versions/A/Carbon
0x00007fff95b7d000 	/System/Library/Frameworks/Carbon.framework/Versions/A/Frameworks/CommonPanels.framework/Versions/A/CommonPanels
0x00007fff8b8ca000 	/System/Library/Frameworks/Carbon.framework/Versions/A/Frameworks/Help.framework/Versions/A/Help
0x00007fff924e5000 	/System/Library/Frameworks/Carbon.framework/Versions/A/Frameworks/ImageCapture.framework/Versions/A/ImageCapture
0x00007fff8e88f000 	/System/Library/Frameworks/Carbon.framework/Versions/A/Frameworks/OpenScripting.framework/Versions/A/OpenScripting
0x00007fff86347000 	/System/Library/Frameworks/Carbon.framework/Versions/A/Frameworks/Print.framework/Versions/A/Print
0x00007fff8d2fc000 	/System/Library/Frameworks/Carbon.framework/Versions/A/Frameworks/SecurityHI.framework/Versions/A/SecurityHI
0x0000000119090000 	/Library/Java/JavaVirtualMachines/jdk1.8.0_181.jdk/Contents/Home/jre/lib/libawt_lwawt.dylib
0x000000011914a000 	/Library/Java/JavaVirtualMachines/jdk1.8.0_181.jdk/Contents/Home/jre/lib/./libosxapp.dylib
0x00007fff9a524000 	/System/Library/Frameworks/ExceptionHandling.framework/Versions/A/ExceptionHandling
0x00007fff91f15000 	/System/Library/PrivateFrameworks/CoreServicesInternal.framework/Versions/A/CoreServicesInternal
0x00007fff98e25000 	/System/Library/Frameworks/CoreGraphics.framework/Versions/A/Resources/libRIP.A.dylib
0x00007fff8a8fe000 	/System/Library/Frameworks/Accelerate.framework/Versions/A/Frameworks/vImage.framework/Versions/A/Libraries/libCGInterfaces.dylib
0x00007fff8bec8000 	/System/Library/Frameworks/CoreGraphics.framework/Versions/A/Resources/libCGXType.A.dylib
0x00007fff881c0000 	/System/Library/Frameworks/OpenCL.framework/Versions/A/Libraries/libcldcpuengine.dylib
0x00007fff8f04c000 	/System/Library/PrivateFrameworks/DiskImages.framework/Versions/A/DiskImages
0x00007fff8bb52000 	/System/Library/Frameworks/DiscRecording.framework/Versions/A/DiscRecording
0x00007fff86eb5000 	/usr/lib/libcsfde.dylib
0x00007fff969c7000 	/usr/lib/libcurl.4.dylib
0x00007fff8f181000 	/System/Library/PrivateFrameworks/MediaKit.framework/Versions/A/MediaKit
0x00007fff94cff000 	/System/Library/PrivateFrameworks/ProtectedCloudStorage.framework/Versions/A/ProtectedCloudStorage
0x00007fff89f4d000 	/usr/lib/libCoreStorage.dylib
0x00007fff9681b000 	/System/Library/PrivateFrameworks/EFILogin.framework/Versions/A/EFILogin
0x00007fff95979000 	/usr/lib/libutil.dylib
0x00007fff8c9a9000 	/System/Library/PrivateFrameworks/FindMyDevice.framework/Versions/A/FindMyDevice
0x00007fff876cb000 	/System/Library/Frameworks/LDAP.framework/Versions/A/LDAP
0x00007fff87a45000 	/usr/lib/libsasl2.2.dylib
0x00007fff98b24000 	/System/Library/PrivateFrameworks/CoreDaemon.framework/Versions/B/CoreDaemon
0x00007fff924eb000 	/usr/lib/libcrypto.0.9.8.dylib
0x00007fff918a8000 	/System/Library/PrivateFrameworks/AppleSRP.framework/Versions/A/AppleSRP
0x00007fff879e9000 	/System/Library/PrivateFrameworks/TrustEvaluationAgent.framework/Versions/A/TrustEvaluationAgent
0x0000000119cd4000 	cl_kernels
0x00007fff8802d000 	/System/Library/Frameworks/OpenCL.framework/Versions/A/Libraries/ImageFormats/unorm8_bgra.dylib
0x00007fff91db3000 	/System/Library/Frameworks/OpenCL.framework/Versions/A/Libraries/ImageFormats/unorm8_rgba.dylib
0x00007fff8b26a000 	/System/Library/PrivateFrameworks/FamilyControls.framework/Versions/A/FamilyControls
0x00007fff918b1000 	/System/Library/PrivateFrameworks/CommerceKit.framework/Versions/A/Frameworks/CommerceCore.framework/Versions/A/CommerceCore
0x00007fff93e1f000 	/System/Library/PrivateFrameworks/SystemAdministration.framework/Versions/A/SystemAdministration
0x00007fff8c9c3000 	/System/Library/PrivateFrameworks/AppContainer.framework/Versions/A/AppContainer
0x00007fff9ba60000 	/System/Library/PrivateFrameworks/SecCodeWrapper.framework/Versions/A/SecCodeWrapper
0x00007fff94cf3000 	/System/Library/Frameworks/DirectoryService.framework/Versions/A/DirectoryService
0x00007fff8b30f000 	/System/Library/PrivateFrameworks/LoginUIKit.framework/Versions/A/Frameworks/LoginUICore.framework/Versions/A/LoginUICore
0x00007fff8bec6000 	/usr/lib/libodfde.dylib
0x00007fff88d89000 	/System/Library/Frameworks/OpenGL.framework/Versions/A/Resources/GLEngine.bundle/GLEngine
0x00007fff8b8d6000 	/System/Library/Frameworks/OpenGL.framework/Versions/A/Libraries/libGLProgrammability.dylib
0x000000011bc3e000 	/System/Library/Extensions/GeForceTeslaGLDriver.bundle/Contents/MacOS/GeForceTeslaGLDriver
0x000000011d7fc000 	/System/Library/Extensions/GeForceTeslaGLDriver.bundle/Contents/MacOS/libclh.dylib
0x00007fff95ace000 	/System/Library/PrivateFrameworks/GPUSupport.framework/Versions/A/Libraries/libGPUSupport.dylib
0x00007fff91939000 	/System/Library/Frameworks/OpenGL.framework/Versions/A/Resources/GLRendererFloat.bundle/GLRendererFloat
0x000000011e400000 	/Library/Java/JavaVirtualMachines/jdk1.8.0_181.jdk/Contents/Home/jre/lib/libfontmanager.dylib
0x000000011ee09000 	/Library/Java/JavaVirtualMachines/jdk1.8.0_181.jdk/Contents/Home/jre/lib/libosxui.dylib
0x000000012049e000 	/Library/Java/JavaVirtualMachines/jdk1.8.0_181.jdk/Contents/Home/jre/lib/libnet.dylib
0x00000001204b5000 	/Library/Java/JavaVirtualMachines/jdk1.8.0_181.jdk/Contents/Home/jre/lib/libnio.dylib
0x00007fff98b32000 	/System/Library/Frameworks/ApplicationServices.framework/Versions/A/Frameworks/ATS.framework/Versions/A/Resources/libTrueTypeScaler.dylib
0x000000011e58b000 	/private/var/folders/j0/y00zbzts2y705611_794rs200000gn/T/jogamp_0000/file_cache/jln4997662523386520379/jln2759545138719024354/libgluegen-rt.jnilib
0x000000011e58f000 	/private/var/folders/j0/y00zbzts2y705611_794rs200000gn/T/jogamp_0000/file_cache/jln4997662523386520379/jln2759545138719024354/libnativewindow_awt.jnilib
0x000000011e592000 	/Library/Java/JavaVirtualMachines/jdk1.8.0_181.jdk/Contents/Home/jre/lib/libjawt.dylib
0x0000000184f58000 	/private/var/folders/j0/y00zbzts2y705611_794rs200000gn/T/jogamp_0000/file_cache/jln4997662523386520379/jln2759545138719024354/libnativewindow_macosx.jnilib
0x0000000186b15000 	/private/var/folders/j0/y00zbzts2y705611_794rs200000gn/T/jogamp_0000/file_cache/jln4997662523386520379/jln2759545138719024354/libjogl_desktop.jnilib

VM Arguments:
jvm_args: -Djava.security.policy=java.policy.applet -Dfile.encoding=UTF-8 
java_command: sun.applet.AppletViewer module6.EarthquakeCityMap1537616706942.html
java_class_path (initial): /Library/Java/JavaVirtualMachines/jdk1.8.0_181.jdk/Contents/Home/jre/lib/resources.jar:/Library/Java/JavaVirtualMachines/jdk1.8.0_181.jdk/Contents/Home/jre/lib/rt.jar:/Library/Java/JavaVirtualMachines/jdk1.8.0_181.jdk/Contents/Home/jre/lib/jsse.jar:/Library/Java/JavaVirtualMachines/jdk1.8.0_181.jdk/Contents/Home/jre/lib/jce.jar:/Library/Java/JavaVirtualMachines/jdk1.8.0_181.jdk/Contents/Home/jre/lib/charsets.jar:/Library/Java/JavaVirtualMachines/jdk1.8.0_181.jdk/Contents/Home/jre/lib/jfr.jar:/Library/Java/JavaVirtualMachines/jdk1.8.0_181.jdk/Contents/Home/jre/lib/ext/cldrdata.jar:/Library/Java/JavaVirtualMachines/jdk1.8.0_181.jdk/Contents/Home/jre/lib/ext/dnsns.jar:/Library/Java/JavaVirtualMachines/jdk1.8.0_181.jdk/Contents/Home/jre/lib/ext/jaccess.jar:/Library/Java/JavaVirtualMachines/jdk1.8.0_181.jdk/Contents/Home/jre/lib/ext/jfxrt.jar:/Library/Java/JavaVirtualMachines/jdk1.8.0_181.jdk/Contents/Home/jre/lib/ext/localedata.jar:/Library/Java/JavaVirtualMachines/jdk1.8.0_181.jdk/Contents/Home/jre/lib/ext/nashorn.jar:/Library/Java/JavaVirtualMachines/jdk1.8.0_181.jdk/Contents/Home/jre/lib/ext/sunec.jar:/Library/Java/JavaVirtualMachines/jdk1.8.0_181.jdk/Contents/Home/jre/lib/ext/sunjce_provider.jar:/Library/Java/JavaVirtualMachines/jdk1.8.0_181.jdk/Contents/Home/jre/lib/ext/sunpkcs11.jar:/Library/Java/JavaVirtualMachines/jdk1.8.0_181.jdk/Contents/Home/jre/lib/ext/zipfs.jar:/System/Library/Java/Extensions/MRJToolkit.jar:/Users/hel/eclipse-workspace/UCSDUnfoldingMaps/build:/Users/hel/eclipse-workspace/UCSDUnfoldingMaps/lib/core.jar:/Users/hel/eclipse-workspace/UCSDUnfoldingMaps/lib/gluegen-rt.jar:/Users/hel/eclipse-workspace/UCSDUnfoldingMaps/lib/jogl-all.jar:/Users/hel/eclipse-workspace/UCSDUnfoldingMaps/lib/log4j-1.2.15.jar:/Users/hel/eclipse-workspace/UCSDUnfoldingMaps/lib/sqlite-jdbc-3.7.2.jar:/Users/hel/eclipse-workspace/UCSDUnfoldingMaps/lib/json4processing.jar:/Users/hel/eclipse-workspace/UCSDUnfoldingMaps/lib/libTUIO.jar:/Users/hel/ec
Launcher Type: SUN_STANDARD

Environment Variables:
PATH=/usr/bin:/bin:/usr/sbin:/sbin
SHELL=/bin/bash
DISPLAY=/private/tmp/com.apple.launchd.z3ACL5j1lo/org.macosforge.xquartz:0

Signal Handlers:
SIGSEGV: [libjvm.dylib+0x5b6029], sa_mask[0]=11111111011111110111111111111111, sa_flags=SA_ONSTACK|SA_RESTART|SA_SIGINFO
SIGBUS: [libjvm.dylib+0x5b6029], sa_mask[0]=11111111011111110111111111111111, sa_flags=SA_RESTART|SA_SIGINFO
SIGFPE: [libjvm.dylib+0x48b934], sa_mask[0]=11111111011111110111111111111111, sa_flags=SA_RESTART|SA_SIGINFO
SIGPIPE: [libjvm.dylib+0x48b934], sa_mask[0]=11111111011111110111111111111111, sa_flags=SA_RESTART|SA_SIGINFO
SIGXFSZ: [libjvm.dylib+0x48b934], sa_mask[0]=11111111011111110111111111111111, sa_flags=SA_RESTART|SA_SIGINFO
SIGILL: [libjvm.dylib+0x48b934], sa_mask[0]=11111111011111110111111111111111, sa_flags=SA_RESTART|SA_SIGINFO
SIGUSR1: SIG_DFL, sa_mask[0]=00000000000000000000000000000000, sa_flags=none
SIGUSR2: [libjvm.dylib+0x48b452], sa_mask[0]=00100000000000000000000000000000, sa_flags=SA_RESTART|SA_SIGINFO
SIGHUP: [libjvm.dylib+0x489a1d], sa_mask[0]=11111111011111110111111111111111, sa_flags=SA_RESTART|SA_SIGINFO
SIGINT: [libjvm.dylib+0x489a1d], sa_mask[0]=11111111011111110111111111111111, sa_flags=SA_RESTART|SA_SIGINFO
SIGTERM: [libjvm.dylib+0x489a1d], sa_mask[0]=11111111011111110111111111111111, sa_flags=SA_RESTART|SA_SIGINFO
SIGQUIT: [libjvm.dylib+0x489a1d], sa_mask[0]=11111111011111110111111111111111, sa_flags=SA_RESTART|SA_SIGINFO


---------------  S Y S T E M  ---------------

OS:Bsduname:Darwin 15.6.0 Darwin Kernel Version 15.6.0: Thu Jun 21 20:07:40 PDT 2018; root:xnu-3248.73.11~1/RELEASE_X86_64 x86_64
rlimit: STACK 8192k, CORE 0k, NPROC 709, NOFILE 10240, AS infinity
load average:5.60 4.39 3.61

CPU:total 2 (initial active 2) (2 cores per cpu, 1 threads per core) family 6 model 23 stepping 10, cmov, cx8, fxsr, mmx, sse, sse2, sse3, ssse3, sse4.1, tsc

Memory: 4k page, physical 4194304k(815504k free)

/proc/meminfo:


vm_info: Java HotSpot(TM) 64-Bit Server VM (25.181-b13) for bsd-amd64 JRE (1.8.0_181-b13), built on Jul  7 2018 01:02:31 by "java_re" with gcc 4.2.1 (Based on Apple Inc. build 5658) (LLVM build 2336.11.00)

time: Sat Sep 22 15:03:25 2018
elapsed time: 4697 seconds (0d 1h 18m 17s)

