#
# A fatal error has been detected by the Java Runtime Environment:
#
#  SIGSEGV (0xb) at pc=0x00007fff8a94c4dd, pid=2512, tid=0x0000000000000a0b
#
# JRE version: Java(TM) SE Runtime Environment (8.0_181-b13) (build 1.8.0_181-b13)
# Java VM: Java HotSpot(TM) 64-Bit Server VM (25.181-b13 mixed mode bsd-amd64 compressed oops)
# Problematic frame:
# C  [libobjc.A.dylib+0x14dd]  objc_msgSend+0x1d
#
# Failed to write core dump. Core dumps have been disabled. To enable core dumping, try "ulimit -c unlimited" before starting Java again
#
# If you would like to submit a bug report, please visit:
#   http://bugreport.java.com/bugreport/crash.jsp
# The crash happened outside the Java Virtual Machine in native code.
# See problematic frame for where to report the bug.
#

---------------  T H R E A D  ---------------

Current thread (0x00007fe14a97c000):  JavaThread "AWT-AppKit" daemon [_thread_in_native, id=2571, stack(0x00007fff5a636000,0x00007fff5ae36000)]

siginfo: si_signo: 11 (SIGSEGV), si_code: 1 (SEGV_MAPERR), si_addr: 0x0000000000000018

Registers:
RAX=0x00007fe14d0d5720, RBX=0x0000000186d64450, RCX=0x000000011bc0f800, RDX=0x000000011bc0f300
RSP=0x00007fff5ae30dd8, RBP=0x00007fff5ae30e90, RSI=0x00007fff901cdcbe, RDI=0x00007fe14d1d2a60
R8 =0x0000000000000000, R9 =0x0000000000000000, R10=0x00007fff901cdcbe, R11=0x0000000000000000
R12=0x0000000000000000, R13=0x000000018a51e468, R14=0x0000000186d64440, R15=0x00007fe14a97c000
RIP=0x00007fff8a94c4dd, EFLAGS=0x0000000000010246, ERR=0x0000000000000004
  TRAPNO=0x000000000000000e

Top of Stack: (sp=0x00007fff5ae30dd8)
0x00007fff5ae30dd8:   0000000186d62157 00007fff5ae30e30
0x00007fff5ae30de8:   0000000000000003 00007fff5ae30e10
0x00007fff5ae30df8:   000000010518f64e 000000018a51e468
0x00007fff5ae30e08:   000000018a51e468 00007fe14d0d5720
0x00007fff5ae30e18:   0000000186d646a0 0000000186d64710
0x00007fff5ae30e28:   00007fff78d80770 00007fff78281500
0x00007fff5ae30e38:   0000000186d64450 0000000186d64690
0x00007fff5ae30e48:   00007fe14d0d5720 00007fe14d1d2a60
0x00007fff5ae30e58:   00007fe14d22c640 00007fe14d0d5720
0x00007fff5ae30e68:   00007fe14d1d2a60 00007fff5ae30f18
0x00007fff5ae30e78:   00007fe14a97c1f8 000000018a51e468
0x00007fff5ae30e88:   00007fff5ae30f40 00007fff5ae30f08
0x00007fff5ae30e98:   0000000106471087 000000018a51e468
0x00007fff5ae30ea8:   00007fff5ae30f40 00007fff5ae30f08
0x00007fff5ae30eb8:   0000000106470de7 0000000106470da2
0x00007fff5ae30ec8:   00007fff5ae30ec8 000000018a51e468
0x00007fff5ae30ed8:   00007fff5ae30f40 000000018a5210a0
0x00007fff5ae30ee8:   0000000000000000 000000018a51e468
0x00007fff5ae30ef8:   0000000000000000 00007fff5ae30f28
0x00007fff5ae30f08:   00007fff5ae30f88 0000000106462ffd
0x00007fff5ae30f18:   0000000780352e40 000000010646ca58
0x00007fff5ae30f28:   00007fe14d0d5720 00007fff5ae30f88
0x00007fff5ae30f38:   00007fe14d1d2a60 000000010646e4c2
0x00007fff5ae30f48:   00007fff5ae30f48 000000018a51e632
0x00007fff5ae30f58:   00007fff5ae30fb0 000000018a5210a0
0x00007fff5ae30f68:   0000000000000000 000000018a51e640
0x00007fff5ae30f78:   00007fff5ae30f28 00007fff5ae30f98
0x00007fff5ae30f88:   00007fff5ae30ff8 0000000106462ffd
0x00007fff5ae30f98:   00007fe14d0d5720 000000078147c868
0x00007fff5ae30fa8:   00007fe14d1d2a60 000000078147c868
0x00007fff5ae30fb8:   00007fff5ae30fb8 0000000189603b8e
0x00007fff5ae30fc8:   00007fff5ae31008 0000000189603c48 

Instructions: (pc=0x00007fff8a94c4dd)
0x00007fff8a94c4bd:   44 00 00 48 85 ff 2e 74 62 40 f6 c7 01 2e 75 66
0x00007fff8a94c4cd:   49 bb f8 ff ff ff ff 7f 00 00 4c 23 1f 49 89 f2
0x00007fff8a94c4dd:   45 23 53 18 49 c1 e2 04 4d 03 53 10 49 3b 32 75
0x00007fff8a94c4ed:   04 41 ff 62 08 49 83 3a 01 76 0d 49 83 c2 10 49 

Register to memory mapping:

RAX=0x00007fe14d0d5720 is an unknown value
RBX=0x0000000186d64450: Java_jogamp_nativewindow_macosx_OSXUtil_GetScreenRefreshRate0+0x1cf0 in /private/var/folders/j0/y00zbzts2y705611_794rs200000gn/T/jogamp_0000/file_cache/jln3037865207954604489/jln2270580898075537811/libnativewindow_macosx.jnilib at 0x0000000186d5d000
RCX=0x000000011bc0f800 is an unknown value
RDX=0x000000011bc0f300 is an unknown value
RSP=0x00007fff5ae30dd8 is pointing into the stack for thread: 0x00007fe14a97c000
RBP=0x00007fff5ae30e90 is pointing into the stack for thread: 0x00007fe14a97c000
RSI=0x00007fff901cdcbe is an unknown value
RDI=0x00007fe14d1d2a60 is an unknown value
R8 =0x0000000000000000 is an unknown value
R9 =0x0000000000000000 is an unknown value
R10=0x00007fff901cdcbe is an unknown value
R11=0x0000000000000000 is an unknown value
R12=0x0000000000000000 is an unknown value
R13={method} {0x000000018a51e468} 'UnsetJAWTRootSurfaceLayer0' '(JJ)V' in 'jogamp/nativewindow/jawt/macosx/MacOSXJAWTWindow'
R14=0x0000000186d64440: Java_jogamp_nativewindow_macosx_OSXUtil_GetScreenRefreshRate0+0x1ce0 in /private/var/folders/j0/y00zbzts2y705611_794rs200000gn/T/jogamp_0000/file_cache/jln3037865207954604489/jln2270580898075537811/libnativewindow_macosx.jnilib at 0x0000000186d5d000
R15=0x00007fe14a97c000 is a thread


Stack: [0x00007fff5a636000,0x00007fff5ae36000],  sp=0x00007fff5ae30dd8,  free space=8171k
Native frames: (J=compiled Java code, j=interpreted, Vv=VM code, C=native code)
C  [libobjc.A.dylib+0x14dd]  objc_msgSend+0x1d
j  jogamp.nativewindow.jawt.macosx.MacOSXJAWTWindow.UnsetJAWTRootSurfaceLayer0(JJ)V+0
j  jogamp.nativewindow.jawt.macosx.MacOSXJAWTWindow.access$200(JJ)V+2
j  jogamp.nativewindow.jawt.macosx.MacOSXJAWTWindow$1.run()V+38
J 1285 C1 com.jogamp.common.util.RunnableTask.run()V (345 bytes) @ 0x000000010693305c [0x0000000106932fa0+0xbc]
v  ~StubRoutines::call_stub
V  [libjvm.dylib+0x2efcba]
V  [libjvm.dylib+0x326ff8]
V  [libjvm.dylib+0x3197db]
C  [libnativewindow_macosx.jnilib+0x5326]  Java_jogamp_nativewindow_jawt_macosx_MacOSXJAWTWindow_UnsetJAWTRootSurfaceLayer0+0x2b6
C  [Foundation+0x76dbe]  __NSThreadPerformPerform+0x117
C  [CoreFoundation+0xaa7e1]  __CFRUNLOOP_IS_CALLING_OUT_TO_A_SOURCE0_PERFORM_FUNCTION__+0x11
C  [CoreFoundation+0x89e87]  __CFRunLoopDoSources0+0x1a7
C  [CoreFoundation+0x8942f]  __CFRunLoopRun+0x39f
C  [CoreFoundation+0x88e28]  CFRunLoopRunSpecific+0x128
C  [HIToolbox+0x30935]  RunCurrentEventLoopInMode+0xeb
C  [HIToolbox+0x30677]  ReceiveNextEventCommon+0xb8
C  [HIToolbox+0x305af]  _BlockUntilNextEventMatchingListInModeWithFilter+0x47
C  [AppKit+0x48df6]  _DPSNextEvent+0x42b
C  [AppKit+0x48226]  -[NSApplication _nextEventMatchingEventMask:untilDate:inMode:dequeue:]+0x1c6
C  [libosxapp.dylib+0x2328]  -[NSApplicationAWT nextEventMatchingMask:untilDate:inMode:dequeue:]+0x7c
C  [AppKit+0x3cd80]  -[NSApplication run]+0x2aa
C  [libosxapp.dylib+0x1f72]  +[NSApplicationAWT runAWTLoopWithApp:]+0x9c
C  [libawt_lwawt.dylib+0x4711f]  -[AWTStarter starter:]+0x389
C  [Foundation+0x76dbe]  __NSThreadPerformPerform+0x117
C  [CoreFoundation+0xaa7e1]  __CFRUNLOOP_IS_CALLING_OUT_TO_A_SOURCE0_PERFORM_FUNCTION__+0x11
C  [CoreFoundation+0x89f0c]  __CFRunLoopDoSources0+0x22c
C  [CoreFoundation+0x8942f]  __CFRunLoopRun+0x39f
C  [CoreFoundation+0x88e28]  CFRunLoopRunSpecific+0x128
C  [java+0x646e]  CreateExecutionEnvironment+0x367
C  [java+0x203c]  JLI_Launch+0x7a0
C  [java+0x84cb]  main+0x65
C  [java+0x1894]  start+0x34
C  0x0000000000000007

Java frames: (J=compiled Java code, j=interpreted, Vv=VM code)
j  jogamp.nativewindow.jawt.macosx.MacOSXJAWTWindow.UnsetJAWTRootSurfaceLayer0(JJ)V+0
j  jogamp.nativewindow.jawt.macosx.MacOSXJAWTWindow.access$200(JJ)V+2
j  jogamp.nativewindow.jawt.macosx.MacOSXJAWTWindow$1.run()V+38
J 1285 C1 com.jogamp.common.util.RunnableTask.run()V (345 bytes) @ 0x000000010693305c [0x0000000106932fa0+0xbc]
v  ~StubRoutines::call_stub

---------------  P R O C E S S  ---------------

Java Threads: ( => current thread )
  0x00007fe14ea6d800 JavaThread "Thread-15" [_thread_blocked, id=66059, stack(0x000070000145c000,0x000070000155c000)]
  0x00007fe14b67a000 JavaThread "AWT-EventQueue-1" [_thread_blocked, id=57923, stack(0x00007000015e2000,0x00007000016e2000)]
  0x00007fe14b3a7800 JavaThread "DestroyJavaVM" [_thread_blocked, id=5891, stack(0x000070000011a000,0x000070000021a000)]
  0x00007fe14b39c000 JavaThread "AWT-EventQueue-0" [_thread_blocked, id=55299, stack(0x0000700001359000,0x0000700001459000)]
  0x00007fe14aa7e000 JavaThread "Java2D Disposer" daemon [_thread_blocked, id=51975, stack(0x00007000010d0000,0x00007000011d0000)]
  0x00007fe14aa14800 JavaThread "Java2D Queue Flusher" daemon [_thread_blocked, id=48391, stack(0x0000700000fcd000,0x00007000010cd000)]
  0x00007fe14b282800 JavaThread "AWT-Shutdown" [_thread_blocked, id=28687, stack(0x0000700000e47000,0x0000700000f47000)]
=>0x00007fe14a97c000 JavaThread "AWT-AppKit" daemon [_thread_in_native, id=2571, stack(0x00007fff5a636000,0x00007fff5ae36000)]
  0x00007fe14b03c800 JavaThread "Service Thread" daemon [_thread_blocked, id=16899, stack(0x0000700000ab8000,0x0000700000bb8000)]
  0x00007fe14b046000 JavaThread "C1 CompilerThread1" daemon [_thread_blocked, id=16387, stack(0x00007000009b5000,0x0000700000ab5000)]
  0x00007fe14b03b800 JavaThread "C2 CompilerThread0" daemon [_thread_blocked, id=15875, stack(0x00007000008b2000,0x00007000009b2000)]
  0x00007fe14a845800 JavaThread "Signal Dispatcher" daemon [_thread_blocked, id=13579, stack(0x00007000007af000,0x00007000008af000)]
  0x00007fe14a867000 JavaThread "Finalizer" daemon [_thread_blocked, id=11267, stack(0x0000700000629000,0x0000700000729000)]
  0x00007fe14b012000 JavaThread "Reference Handler" daemon [_thread_blocked, id=10755, stack(0x0000700000526000,0x0000700000626000)]

Other Threads:
  0x00007fe14b00b800 VMThread [stack: 0x0000700000423000,0x0000700000523000] [id=10243]
  0x00007fe14b09b800 WatcherThread [stack: 0x0000700000bbb000,0x0000700000cbb000] [id=17411]

VM state:not at safepoint (normal execution)

VM Mutex/Monitor currently owned by a thread: None

Heap:
 PSYoungGen      total 103424K, used 14790K [0x00000007aab00000, 0x00000007b3980000, 0x00000007c0000000)
  eden space 82432K, 11% used [0x00000007aab00000,0x00000007ab3e1918,0x00000007afb80000)
  from space 20992K, 27% used [0x00000007b2500000,0x00000007b2a900b0,0x00000007b3980000)
  to   space 31744K, 0% used [0x00000007afb80000,0x00000007afb80000,0x00000007b1a80000)
 ParOldGen       total 78336K, used 49687K [0x0000000780000000, 0x0000000784c80000, 0x00000007aab00000)
  object space 78336K, 63% used [0x0000000780000000,0x0000000783085db0,0x0000000784c80000)
 Metaspace       used 19252K, capacity 19609K, committed 19840K, reserved 1067008K
  class space    used 1960K, capacity 2060K, committed 2176K, reserved 1048576K

Card table byte_map: [0x000000011581b000,0x0000000115a1c000] byte_map_base: 0x0000000111c1b000

Marking Bits: (ParMarkBitMap*) 0x0000000105945cd0
 Begin Bits: [0x0000000115b72000, 0x0000000116b72000)
 End Bits:   [0x0000000116b72000, 0x0000000117b72000)

Polling page: 0x0000000106448000

CodeCache: size=245760Kb used=6090Kb max_used=6637Kb free=239669Kb
 bounds [0x000000010645b000, 0x0000000106aeb000, 0x000000011545b000]
 total_blobs=2506 nmethods=1603 adapters=818
 compilation: enabled

Compilation events (10 events):
Event: 43.229 Thread 0x00007fe14b046000 1869       3       java.awt.EventQueue$4::run (5 bytes)
Event: 43.230 Thread 0x00007fe14b046000 nmethod 1869 0x000000010690e950 code [0x000000010690eb40, 0x000000010690f1f8]
Event: 43.230 Thread 0x00007fe14b046000 1870       3       java.awt.EventQueue$4::run (19 bytes)
Event: 43.230 Thread 0x00007fe14b046000 nmethod 1870 0x0000000106a2de10 code [0x0000000106a2e000, 0x0000000106a2e638]
Event: 43.230 Thread 0x00007fe14b046000 1871       3       java.awt.EventQueue::access$700 (4 bytes)
Event: 43.230 Thread 0x00007fe14b046000 nmethod 1871 0x000000010699ae10 code [0x000000010699af60, 0x000000010699b090]
Event: 43.230 Thread 0x00007fe14b046000 1872       3       java.security.ProtectionDomain$JavaSecurityAccessImpl::doIntersectionPrivilege (10 bytes)
Event: 43.231 Thread 0x00007fe14b046000 nmethod 1872 0x0000000106568b90 code [0x0000000106568da0, 0x00000001065696e8]
Event: 43.240 Thread 0x00007fe14b046000 1873   !   3       java.awt.AWTEvent::dispatched (47 bytes)
Event: 43.241 Thread 0x00007fe14b046000 nmethod 1873 0x0000000106916a10 code [0x0000000106916c00, 0x0000000106917638]

GC Heap History (10 events):
Event: 10.505 GC heap before
{Heap before GC invocations=7 (full 0):
 PSYoungGen      total 41472K, used 41270K [0x00000007aab00000, 0x00000007ae400000, 0x00000007c0000000)
  eden space 30720K, 99% used [0x00000007aab00000,0x00000007ac8d4a90,0x00000007ac900000)
  from space 10752K, 99% used [0x00000007ad580000,0x00000007adff8fb0,0x00000007ae000000)
  to   space 12800K, 0% used [0x00000007ac900000,0x00000007ac900000,0x00000007ad580000)
 ParOldGen       total 44032K, used 20124K [0x0000000780000000, 0x0000000782b00000, 0x00000007aab00000)
  object space 44032K, 45% used [0x0000000780000000,0x00000007813a7378,0x0000000782b00000)
 Metaspace       used 17859K, capacity 18187K, committed 18432K, reserved 1064960K
  class space    used 1840K, capacity 1953K, committed 2048K, reserved 1048576K
Event: 10.592 GC heap after
Heap after GC invocations=7 (full 0):
 PSYoungGen      total 43520K, used 12774K [0x00000007aab00000, 0x00000007b0e00000, 0x00000007c0000000)
  eden space 30720K, 0% used [0x00000007aab00000,0x00000007aab00000,0x00000007ac900000)
  from space 12800K, 99% used [0x00000007ac900000,0x00000007ad579928,0x00000007ad580000)
  to   space 19968K, 0% used [0x00000007afa80000,0x00000007afa80000,0x00000007b0e00000)
 ParOldGen       total 44032K, used 29858K [0x0000000780000000, 0x0000000782b00000, 0x00000007aab00000)
  object space 44032K, 67% used [0x0000000780000000,0x0000000781d289e0,0x0000000782b00000)
 Metaspace       used 17859K, capacity 18187K, committed 18432K, reserved 1064960K
  class space    used 1840K, capacity 1953K, committed 2048K, reserved 1048576K
}
Event: 12.432 GC heap before
{Heap before GC invocations=8 (full 0):
 PSYoungGen      total 43520K, used 43494K [0x00000007aab00000, 0x00000007b0e00000, 0x00000007c0000000)
  eden space 30720K, 100% used [0x00000007aab00000,0x00000007ac900000,0x00000007ac900000)
  from space 12800K, 99% used [0x00000007ac900000,0x00000007ad579928,0x00000007ad580000)
  to   space 19968K, 0% used [0x00000007afa80000,0x00000007afa80000,0x00000007b0e00000)
 ParOldGen       total 44032K, used 29858K [0x0000000780000000, 0x0000000782b00000, 0x00000007aab00000)
  object space 44032K, 67% used [0x0000000780000000,0x0000000781d289e0,0x0000000782b00000)
 Metaspace       used 17914K, capacity 18251K, committed 18432K, reserved 1064960K
  class space    used 1842K, capacity 1953K, committed 2048K, reserved 1048576K
Event: 12.502 GC heap after
Heap after GC invocations=8 (full 0):
 PSYoungGen      total 77824K, used 19948K [0x00000007aab00000, 0x00000007b1500000, 0x00000007c0000000)
  eden space 57856K, 0% used [0x00000007aab00000,0x00000007aab00000,0x00000007ae380000)
  from space 19968K, 99% used [0x00000007afa80000,0x00000007b0dfb388,0x00000007b0e00000)
  to   space 23552K, 0% used [0x00000007ae380000,0x00000007ae380000,0x00000007afa80000)
 ParOldGen       total 44032K, used 30822K [0x0000000780000000, 0x0000000782b00000, 0x00000007aab00000)
  object space 44032K, 70% used [0x0000000780000000,0x0000000781e19b98,0x0000000782b00000)
 Metaspace       used 17914K, capacity 18251K, committed 18432K, reserved 1064960K
  class space    used 1842K, capacity 1953K, committed 2048K, reserved 1048576K
}
Event: 15.893 GC heap before
{Heap before GC invocations=9 (full 0):
 PSYoungGen      total 77824K, used 77804K [0x00000007aab00000, 0x00000007b1500000, 0x00000007c0000000)
  eden space 57856K, 100% used [0x00000007aab00000,0x00000007ae380000,0x00000007ae380000)
  from space 19968K, 99% used [0x00000007afa80000,0x00000007b0dfb388,0x00000007b0e00000)
  to   space 23552K, 0% used [0x00000007ae380000,0x00000007ae380000,0x00000007afa80000)
 ParOldGen       total 44032K, used 30822K [0x0000000780000000, 0x0000000782b00000, 0x00000007aab00000)
  object space 44032K, 70% used [0x0000000780000000,0x0000000781e19b98,0x0000000782b00000)
 Metaspace       used 18850K, capacity 19231K, committed 19456K, reserved 1067008K
  class space    used 1925K, capacity 2023K, committed 2048K, reserved 1048576K
Event: 15.995 GC heap after
Heap after GC invocations=9 (full 0):
 PSYoungGen      total 81408K, used 23531K [0x00000007aab00000, 0x00000007b4480000, 0x00000007c0000000)
  eden space 57856K, 0% used [0x00000007aab00000,0x00000007aab00000,0x00000007ae380000)
  from space 23552K, 99% used [0x00000007ae380000,0x00000007afa7af90,0x00000007afa80000)
  to   space 32256K, 0% used [0x00000007b2500000,0x00000007b2500000,0x00000007b4480000)
 ParOldGen       total 44032K, used 42895K [0x0000000780000000, 0x0000000782b00000, 0x00000007aab00000)
  object space 44032K, 97% used [0x0000000780000000,0x00000007829e3ed0,0x0000000782b00000)
 Metaspace       used 18850K, capacity 19231K, committed 19456K, reserved 1067008K
  class space    used 1925K, capacity 2023K, committed 2048K, reserved 1048576K
}
Event: 15.995 GC heap before
{Heap before GC invocations=10 (full 1):
 PSYoungGen      total 81408K, used 23531K [0x00000007aab00000, 0x00000007b4480000, 0x00000007c0000000)
  eden space 57856K, 0% used [0x00000007aab00000,0x00000007aab00000,0x00000007ae380000)
  from space 23552K, 99% used [0x00000007ae380000,0x00000007afa7af90,0x00000007afa80000)
  to   space 32256K, 0% used [0x00000007b2500000,0x00000007b2500000,0x00000007b4480000)
 ParOldGen       total 44032K, used 42895K [0x0000000780000000, 0x0000000782b00000, 0x00000007aab00000)
  object space 44032K, 97% used [0x0000000780000000,0x00000007829e3ed0,0x0000000782b00000)
 Metaspace       used 18850K, capacity 19231K, committed 19456K, reserved 1067008K
  class space    used 1925K, capacity 2023K, committed 2048K, reserved 1048576K
Event: 16.536 GC heap after
Heap after GC invocations=10 (full 1):
 PSYoungGen      total 81408K, used 9367K [0x00000007aab00000, 0x00000007b4480000, 0x00000007c0000000)
  eden space 57856K, 0% used [0x00000007aab00000,0x00000007aab00000,0x00000007ae380000)
  from space 23552K, 39% used [0x00000007ae380000,0x00000007aeca5fb0,0x00000007afa80000)
  to   space 32256K, 0% used [0x00000007b2500000,0x00000007b2500000,0x00000007b4480000)
 ParOldGen       total 78336K, used 43999K [0x0000000780000000, 0x0000000784c80000, 0x00000007aab00000)
  object space 78336K, 56% used [0x0000000780000000,0x0000000782af7db0,0x0000000784c80000)
 Metaspace       used 18850K, capacity 19231K, committed 19456K, reserved 1067008K
  class space    used 1925K, capacity 2023K, committed 2048K, reserved 1048576K
}
Event: 17.435 GC heap before
{Heap before GC invocations=11 (full 1):
 PSYoungGen      total 81408K, used 67223K [0x00000007aab00000, 0x00000007b4480000, 0x00000007c0000000)
  eden space 57856K, 100% used [0x00000007aab00000,0x00000007ae380000,0x00000007ae380000)
  from space 23552K, 39% used [0x00000007ae380000,0x00000007aeca5fb0,0x00000007afa80000)
  to   space 32256K, 0% used [0x00000007b2500000,0x00000007b2500000,0x00000007b4480000)
 ParOldGen       total 78336K, used 43999K [0x0000000780000000, 0x0000000784c80000, 0x00000007aab00000)
  object space 78336K, 56% used [0x0000000780000000,0x0000000782af7db0,0x0000000784c80000)
 Metaspace       used 18911K, capacity 19239K, committed 19456K, reserved 1067008K
  class space    used 1927K, capacity 2023K, committed 2048K, reserved 1048576K
Event: 17.484 GC heap after
Heap after GC invocations=11 (full 1):
 PSYoungGen      total 103424K, used 5696K [0x00000007aab00000, 0x00000007b3980000, 0x00000007c0000000)
  eden space 82432K, 0% used [0x00000007aab00000,0x00000007aab00000,0x00000007afb80000)
  from space 20992K, 27% used [0x00000007b2500000,0x00000007b2a900b0,0x00000007b3980000)
  to   space 31744K, 0% used [0x00000007afb80000,0x00000007afb80000,0x00000007b1a80000)
 ParOldGen       total 78336K, used 49687K [0x0000000780000000, 0x0000000784c80000, 0x00000007aab00000)
  object space 78336K, 63% used [0x0000000780000000,0x0000000783085db0,0x0000000784c80000)
 Metaspace       used 18911K, capacity 19239K, committed 19456K, reserved 1067008K
  class space    used 1927K, capacity 2023K, committed 2048K, reserved 1048576K
}

Deoptimization events (10 events):
Event: 15.750 Thread 0x00007fe14d9df000 Uncommon trap: reason=class_check action=maybe_recompile pc=0x00000001069a41f8 method=java.io.BufferedOutputStream.flushBuffer()V @ 20
Event: 15.756 Thread 0x00007fe14e84d000 Uncommon trap: reason=class_check action=maybe_recompile pc=0x00000001069a41f8 method=java.io.BufferedOutputStream.flushBuffer()V @ 20
Event: 15.771 Thread 0x00007fe14d9e8000 Uncommon trap: reason=class_check action=maybe_recompile pc=0x00000001069a41f8 method=java.io.BufferedOutputStream.flushBuffer()V @ 20
Event: 15.786 Thread 0x00007fe14d9e5800 Uncommon trap: reason=class_check action=maybe_recompile pc=0x00000001069a41f8 method=java.io.BufferedOutputStream.flushBuffer()V @ 20
Event: 16.809 Thread 0x00007fe14b67a000 Uncommon trap: reason=unstable_if action=reinterpret pc=0x00000001069efde0 method=com.jogamp.common.util.IntIntHashMap.get(I)I @ 19
Event: 16.822 Thread 0x00007fe14b67a000 Uncommon trap: reason=unstable_if action=reinterpret pc=0x0000000106a75ad0 method=processing.core.PGraphics.colorCalc(I)V @ 5
Event: 16.822 Thread 0x00007fe14b67a000 Uncommon trap: reason=unstable_if action=reinterpret pc=0x0000000106a74754 method=processing.core.PGraphics.colorCalc(FFFF)V @ 128
Event: 16.822 Thread 0x00007fe14b67a000 Uncommon trap: reason=unstable_if action=reinterpret pc=0x0000000106a74fa4 method=de.fhpotsdam.unfolding.mapdisplay.Java2DMapDisplay.getInnerTransformedPosition(FFZ)[F @ 1
Event: 16.831 Thread 0x00007fe14b67a000 Uncommon trap: reason=unstable_if action=reinterpret pc=0x0000000106a754f4 method=processing.opengl.PGraphicsOpenGL.vertexImpl(FFFFF)V @ 4
Event: 39.719 Thread 0x00007fe14a97c000 Uncommon trap: reason=unstable_if action=reinterpret pc=0x0000000106a75db0 method=java.util.ArrayList.isEmpty()Z @ 4

Classes redefined (0 events):
No events

Internal exceptions (10 events):
Event: 6.332 Thread 0x00007fe14a867000 Exception <a 'java/lang/NullPointerException'> (0x00000007aab51f28) thrown at [/Users/java_re/workspace/8-2-build-macosx-x86_64/jdk8u181/11358/hotspot/src/share/vm/interpreter/linkResolver.cpp, line 1185]
Event: 6.576 Thread 0x00007fe14ad4f800 Exception <a 'java/lang/UnsatisfiedLinkError': com.jogamp.common.util.JarUtil.fixNativeLibAttribs(Ljava/lang/String;)Z> (0x00000007ab0901d8) thrown at [/Users/java_re/workspace/8-2-build-macosx-x86_64/jdk8u181/11358/hotspot/src/share/vm/prims/nativeLookup
Event: 8.777 Thread 0x00007fe14b67a000 Exception <a 'java/io/FileNotFoundException'> (0x00000007ab5d6710) thrown at [/Users/java_re/workspace/8-2-build-macosx-x86_64/jdk8u181/11358/hotspot/src/share/vm/prims/jni.cpp, line 709]
Event: 8.777 Thread 0x00007fe14b67a000 Exception <a 'java/io/FileNotFoundException'> (0x00000007ab5dc998) thrown at [/Users/java_re/workspace/8-2-build-macosx-x86_64/jdk8u181/11358/hotspot/src/share/vm/prims/jni.cpp, line 709]
Event: 8.778 Thread 0x00007fe14b67a000 Implicit null exception at 0x000000010663b0b6 to 0x000000010663b471
Event: 15.049 Thread 0x00007fe14b67a000 Implicit null exception at 0x00000001065735c6 to 0x000000010657380d
Event: 16.739 Thread 0x00007fe14b67a000 Exception <a 'java/lang/NullPointerException'> (0x00000007aba6eff8) thrown at [/Users/java_re/workspace/8-2-build-macosx-x86_64/jdk8u181/11358/hotspot/src/share/vm/interpreter/linkResolver.cpp, line 1185]
Event: 16.809 Thread 0x00007fe14b67a000 Implicit null exception at 0x00000001069efc65 to 0x00000001069efdb9
Event: 17.239 Thread 0x00007fe14b67a000 Exception <a 'java/lang/NullPointerException'> (0x00000007ad175250) thrown at [/Users/java_re/workspace/8-2-build-macosx-x86_64/jdk8u181/11358/hotspot/src/share/vm/interpreter/linkResolver.cpp, line 1185]
Event: 17.542 Thread 0x00007fe14b67a000 Exception <a 'java/lang/NullPointerException'> (0x00000007aafd7d50) thrown at [/Users/java_re/workspace/8-2-build-macosx-x86_64/jdk8u181/11358/hotspot/src/share/vm/interpreter/linkResolver.cpp, line 1185]

Events (10 events):
Event: 43.248 Executing VM operation: RevokeBias done
Event: 43.248 Thread 0x00007fe14b350800 Thread exited: 0x00007fe14b350800
Event: 43.248 Executing VM operation: RevokeBias
Event: 43.248 Executing VM operation: RevokeBias done
Event: 43.248 loading class jogamp/opengl/egl/EGLDisplayUtil
Event: 43.248 loading class jogamp/opengl/egl/EGLDisplayUtil done
Event: 43.249 loading class com/jogamp/nativewindow/egl/EGLGraphicsDevice$EGLDisplayLifecycleCallback
Event: 43.249 loading class com/jogamp/nativewindow/egl/EGLGraphicsDevice$EGLDisplayLifecycleCallback done
Event: 43.251 loading class jogamp/opengl/egl/EGLDisplayUtil$1
Event: 43.251 loading class jogamp/opengl/egl/EGLDisplayUtil$1 done


Dynamic libraries:
0x00007fff9ad29000 	/System/Library/Frameworks/Cocoa.framework/Versions/A/Cocoa
0x00007fff8b802000 	/System/Library/Frameworks/Security.framework/Versions/A/Security
0x00007fff98aa9000 	/System/Library/Frameworks/ApplicationServices.framework/Versions/A/ApplicationServices
0x00007fff8eb8f000 	/usr/lib/libz.1.dylib
0x00007fff9af9d000 	/usr/lib/libSystem.B.dylib
0x00007fff8a94b000 	/usr/lib/libobjc.A.dylib
0x00007fff8f62f000 	/System/Library/Frameworks/CoreFoundation.framework/Versions/A/CoreFoundation
0x00007fff93aa6000 	/System/Library/Frameworks/Foundation.framework/Versions/C/Foundation
0x00007fff9b1d4000 	/System/Library/Frameworks/AppKit.framework/Versions/C/AppKit
0x00007fff89d7e000 	/System/Library/Frameworks/CoreData.framework/Versions/A/CoreData
0x00007fff9c669000 	/System/Library/PrivateFrameworks/RemoteViewServices.framework/Versions/A/RemoteViewServices
0x00007fff9ade8000 	/System/Library/PrivateFrameworks/UIFoundation.framework/Versions/A/UIFoundation
0x00007fff95801000 	/usr/lib/libScreenReader.dylib
0x00007fff99af4000 	/System/Library/Frameworks/Accelerate.framework/Versions/A/Accelerate
0x00007fff8a0e9000 	/System/Library/Frameworks/IOSurface.framework/Versions/A/IOSurface
0x00007fff8ba9d000 	/System/Library/Frameworks/AudioToolbox.framework/Versions/A/AudioToolbox
0x00007fff9acd7000 	/System/Library/Frameworks/AudioUnit.framework/Versions/A/AudioUnit
0x00007fff8dd4f000 	/System/Library/PrivateFrameworks/DataDetectorsCore.framework/Versions/A/DataDetectorsCore
0x00007fff90ff3000 	/System/Library/PrivateFrameworks/DesktopServicesPriv.framework/Versions/A/DesktopServicesPriv
0x00007fff8c120000 	/System/Library/Frameworks/Carbon.framework/Versions/A/Frameworks/HIToolbox.framework/Versions/A/HIToolbox
0x00007fff8acfc000 	/System/Library/Frameworks/QuartzCore.framework/Versions/A/QuartzCore
0x00007fff8a8c5000 	/System/Library/Frameworks/Carbon.framework/Versions/A/Frameworks/SpeechRecognition.framework/Versions/A/SpeechRecognition
0x00007fff8bc4a000 	/usr/lib/libauto.dylib
0x00007fff8f230000 	/usr/lib/libicucore.A.dylib
0x00007fff989b9000 	/usr/lib/libxml2.2.dylib
0x00007fff9da57000 	/System/Library/PrivateFrameworks/CoreUI.framework/Versions/A/CoreUI
0x00007fff8eb3d000 	/System/Library/Frameworks/CoreAudio.framework/Versions/A/CoreAudio
0x00007fff9460d000 	/System/Library/Frameworks/DiskArbitration.framework/Versions/A/DiskArbitration
0x00007fff972ce000 	/usr/lib/liblangid.dylib
0x00007fff8acd7000 	/System/Library/PrivateFrameworks/MultitouchSupport.framework/Versions/A/MultitouchSupport
0x00007fff8b70e000 	/System/Library/Frameworks/IOKit.framework/Versions/A/IOKit
0x00007fff8bf05000 	/usr/lib/libDiagnosticMessagesClient.dylib
0x00007fff95d36000 	/System/Library/Frameworks/CoreServices.framework/Versions/A/CoreServices
0x00007fff9683e000 	/System/Library/PrivateFrameworks/PerformanceAnalysis.framework/Versions/A/PerformanceAnalysis
0x00007fff97d91000 	/System/Library/PrivateFrameworks/GenerationalStorage.framework/Versions/A/GenerationalStorage
0x00007fff96a41000 	/System/Library/Frameworks/OpenGL.framework/Versions/A/OpenGL
0x00007fff92376000 	/System/Library/PrivateFrameworks/Sharing.framework/Versions/A/Sharing
0x00007fff9c6a2000 	/System/Library/Frameworks/CoreGraphics.framework/Versions/A/CoreGraphics
0x00007fff91595000 	/System/Library/Frameworks/CoreImage.framework/Versions/A/CoreImage
0x00007fff917b8000 	/System/Library/Frameworks/CoreText.framework/Versions/A/CoreText
0x00007fff97626000 	/System/Library/Frameworks/ImageIO.framework/Versions/A/ImageIO
0x00007fff941bd000 	/System/Library/PrivateFrameworks/Backup.framework/Versions/A/Backup
0x00007fff8bc91000 	/usr/lib/libextension.dylib
0x00007fff8dc09000 	/usr/lib/libarchive.2.dylib
0x00007fff97e50000 	/System/Library/Frameworks/CFNetwork.framework/Versions/A/CFNetwork
0x00007fff93920000 	/System/Library/Frameworks/SystemConfiguration.framework/Versions/A/SystemConfiguration
0x00007fff9bdfe000 	/usr/lib/libCRFSuite.dylib
0x00007fff8f466000 	/usr/lib/libc++.1.dylib
0x00007fff8dbd1000 	/usr/lib/libc++abi.dylib
0x00007fff99537000 	/usr/lib/system/libcache.dylib
0x00007fff8ca9f000 	/usr/lib/system/libcommonCrypto.dylib
0x00007fff8a8cc000 	/usr/lib/system/libcompiler_rt.dylib
0x00007fff932ad000 	/usr/lib/system/libcopyfile.dylib
0x00007fff8fb44000 	/usr/lib/system/libcorecrypto.dylib
0x00007fff9026b000 	/usr/lib/system/libdispatch.dylib
0x00007fff9be22000 	/usr/lib/system/libdyld.dylib
0x00007fff88b57000 	/usr/lib/system/libkeymgr.dylib
0x00007fff88bcb000 	/usr/lib/system/liblaunch.dylib
0x00007fff9682d000 	/usr/lib/system/libmacho.dylib
0x00007fff8b5bb000 	/usr/lib/system/libquarantine.dylib
0x00007fff90480000 	/usr/lib/system/libremovefile.dylib
0x00007fff99c7a000 	/usr/lib/system/libsystem_asl.dylib
0x00007fff95f42000 	/usr/lib/system/libsystem_blocks.dylib
0x00007fff94325000 	/usr/lib/system/libsystem_c.dylib
0x00007fff89be3000 	/usr/lib/system/libsystem_configuration.dylib
0x00007fff88a7a000 	/usr/lib/system/libsystem_coreservices.dylib
0x00007fff97cc4000 	/usr/lib/system/libsystem_coretls.dylib
0x00007fff954c9000 	/usr/lib/system/libsystem_dnssd.dylib
0x00007fff93a00000 	/usr/lib/system/libsystem_info.dylib
0x00007fff97c44000 	/usr/lib/system/libsystem_kernel.dylib
0x00007fff9aca7000 	/usr/lib/system/libsystem_m.dylib
0x00007fff96a52000 	/usr/lib/system/libsystem_malloc.dylib
0x00007fff88840000 	/usr/lib/system/libsystem_network.dylib
0x00007fff89b9a000 	/usr/lib/system/libsystem_networkextension.dylib
0x00007fff89d58000 	/usr/lib/system/libsystem_notify.dylib
0x00007fff8d5b0000 	/usr/lib/system/libsystem_platform.dylib
0x00007fff8f5db000 	/usr/lib/system/libsystem_pthread.dylib
0x00007fff9d929000 	/usr/lib/system/libsystem_sandbox.dylib
0x00007fff8bfe4000 	/usr/lib/system/libsystem_secinit.dylib
0x00007fff93e55000 	/usr/lib/system/libsystem_trace.dylib
0x00007fff8d5ab000 	/usr/lib/system/libunc.dylib
0x00007fff97d8b000 	/usr/lib/system/libunwind.dylib
0x00007fff8c065000 	/usr/lib/system/libxpc.dylib
0x00007fff9456e000 	/usr/lib/libenergytrace.dylib
0x00007fff89b46000 	/usr/lib/libbsm.0.dylib
0x00007fff98506000 	/usr/lib/system/libkxld.dylib
0x00007fff94772000 	/usr/lib/libxar.1.dylib
0x00007fff9b00e000 	/usr/lib/libsqlite3.dylib
0x00007fff8d432000 	/usr/lib/libpam.2.dylib
0x00007fff8dbfc000 	/usr/lib/libOpenScriptingUtil.dylib
0x00007fff89bd4000 	/usr/lib/libbz2.1.0.dylib
0x00007fff97ddb000 	/usr/lib/liblzma.5.dylib
0x00007fff98446000 	/System/Library/Frameworks/CoreServices.framework/Versions/A/Frameworks/FSEvents.framework/Versions/A/FSEvents
0x00007fff88bcc000 	/System/Library/Frameworks/CoreServices.framework/Versions/A/Frameworks/CarbonCore.framework/Versions/A/CarbonCore
0x00007fff9ab5e000 	/System/Library/Frameworks/CoreServices.framework/Versions/A/Frameworks/Metadata.framework/Versions/A/Metadata
0x00007fff8dc35000 	/System/Library/Frameworks/CoreServices.framework/Versions/A/Frameworks/OSServices.framework/Versions/A/OSServices
0x00007fff988ed000 	/System/Library/Frameworks/CoreServices.framework/Versions/A/Frameworks/SearchKit.framework/Versions/A/SearchKit
0x00007fff93994000 	/System/Library/Frameworks/CoreServices.framework/Versions/A/Frameworks/AE.framework/Versions/A/AE
0x00007fff9924d000 	/System/Library/Frameworks/CoreServices.framework/Versions/A/Frameworks/LaunchServices.framework/Versions/A/LaunchServices
0x00007fff87268000 	/System/Library/Frameworks/CoreServices.framework/Versions/A/Frameworks/DictionaryServices.framework/Versions/A/DictionaryServices
0x00007fff96d82000 	/System/Library/Frameworks/CoreServices.framework/Versions/A/Frameworks/SharedFileList.framework/Versions/A/SharedFileList
0x00007fff96caf000 	/System/Library/Frameworks/NetFS.framework/Versions/A/NetFS
0x00007fff94613000 	/System/Library/PrivateFrameworks/NetAuth.framework/Versions/A/NetAuth
0x00007fff8840b000 	/System/Library/PrivateFrameworks/login.framework/Versions/A/Frameworks/loginsupport.framework/Versions/A/loginsupport
0x00007fff8d3cf000 	/System/Library/PrivateFrameworks/TCC.framework/Versions/A/TCC
0x00007fff906d9000 	/usr/lib/libmecabra.dylib
0x00007fff9af9f000 	/System/Library/Frameworks/ApplicationServices.framework/Versions/A/Frameworks/ATS.framework/Versions/A/ATS
0x00007fff9223f000 	/System/Library/Frameworks/ApplicationServices.framework/Versions/A/Frameworks/ColorSync.framework/Versions/A/ColorSync
0x00007fff88f2d000 	/System/Library/Frameworks/ApplicationServices.framework/Versions/A/Frameworks/HIServices.framework/Versions/A/HIServices
0x00007fff98b5a000 	/System/Library/Frameworks/ApplicationServices.framework/Versions/A/Frameworks/LangAnalysis.framework/Versions/A/LangAnalysis
0x00007fff91141000 	/System/Library/Frameworks/ApplicationServices.framework/Versions/A/Frameworks/PrintCore.framework/Versions/A/PrintCore
0x00007fff88a84000 	/System/Library/Frameworks/ApplicationServices.framework/Versions/A/Frameworks/QD.framework/Versions/A/QD
0x00007fff96e28000 	/System/Library/Frameworks/ApplicationServices.framework/Versions/A/Frameworks/SpeechSynthesis.framework/Versions/A/SpeechSynthesis
0x00007fff95d37000 	/System/Library/Frameworks/Metal.framework/Versions/A/Metal
0x00007fff90a7b000 	/System/Library/Frameworks/Accelerate.framework/Versions/A/Frameworks/vImage.framework/Versions/A/vImage
0x00007fff8d1ab000 	/System/Library/Frameworks/Accelerate.framework/Versions/A/Frameworks/vecLib.framework/Versions/A/vecLib
0x00007fff8e54d000 	/System/Library/Frameworks/Accelerate.framework/Versions/A/Frameworks/vecLib.framework/Versions/A/libvDSP.dylib
0x00007fff8bf2a000 	/System/Library/Frameworks/Accelerate.framework/Versions/A/Frameworks/vecLib.framework/Versions/A/libvMisc.dylib
0x00007fff8e660000 	/System/Library/Frameworks/Accelerate.framework/Versions/A/Frameworks/vecLib.framework/Versions/A/libLAPACK.dylib
0x00007fff95d7a000 	/System/Library/Frameworks/Accelerate.framework/Versions/A/Frameworks/vecLib.framework/Versions/A/libBLAS.dylib
0x00007fff99af5000 	/System/Library/Frameworks/Accelerate.framework/Versions/A/Frameworks/vecLib.framework/Versions/A/libLinearAlgebra.dylib
0x00007fff8a157000 	/System/Library/Frameworks/Accelerate.framework/Versions/A/Frameworks/vecLib.framework/Versions/A/libSparseBLAS.dylib
0x00007fff98960000 	/System/Library/PrivateFrameworks/GPUCompiler.framework/libmetal_timestamp.dylib
0x00007fff9a636000 	/System/Library/Frameworks/OpenGL.framework/Versions/A/Libraries/libCoreFSCache.dylib
0x00007fff97df6000 	/System/Library/PrivateFrameworks/IOAccelerator.framework/Versions/A/IOAccelerator
0x00007fff8b5be000 	/System/Library/Frameworks/ApplicationServices.framework/Versions/A/Frameworks/ATS.framework/Versions/A/Resources/libFontParser.dylib
0x00007fff912f7000 	/System/Library/Frameworks/ApplicationServices.framework/Versions/A/Frameworks/ATS.framework/Versions/A/Resources/libFontRegistry.dylib
0x00007fff9d9b9000 	/System/Library/PrivateFrameworks/AppleVPA.framework/Versions/A/AppleVPA
0x00007fff91398000 	/System/Library/PrivateFrameworks/AppleJPEG.framework/Versions/A/AppleJPEG
0x00007fff8ca04000 	/System/Library/Frameworks/ImageIO.framework/Versions/A/Resources/libJPEG.dylib
0x00007fff97c63000 	/System/Library/Frameworks/ImageIO.framework/Versions/A/Resources/libTIFF.dylib
0x00007fff9dba5000 	/System/Library/Frameworks/ImageIO.framework/Versions/A/Resources/libPng.dylib
0x00007fff98453000 	/System/Library/Frameworks/ImageIO.framework/Versions/A/Resources/libGIF.dylib
0x00007fff8874d000 	/System/Library/Frameworks/ImageIO.framework/Versions/A/Resources/libJP2.dylib
0x00007fff89bd1000 	/System/Library/Frameworks/ImageIO.framework/Versions/A/Resources/libRadiance.dylib
0x00007fff90482000 	/System/Library/Frameworks/CoreVideo.framework/Versions/A/CoreVideo
0x00007fff9426e000 	/System/Library/Frameworks/OpenGL.framework/Versions/A/Libraries/libGLU.dylib
0x00007fff8a064000 	/System/Library/Frameworks/OpenGL.framework/Versions/A/Libraries/libGFXShared.dylib
0x00007fff9729a000 	/System/Library/Frameworks/OpenGL.framework/Versions/A/Libraries/libGL.dylib
0x00007fff8a025000 	/System/Library/Frameworks/OpenGL.framework/Versions/A/Libraries/libGLImage.dylib
0x00007fff94054000 	/System/Library/Frameworks/OpenGL.framework/Versions/A/Libraries/libCVMSPluginSupport.dylib
0x00007fff9844f000 	/System/Library/Frameworks/OpenGL.framework/Versions/A/Libraries/libCoreVMClient.dylib
0x00007fff92008000 	/usr/lib/libcompression.dylib
0x00007fff89cc0000 	/usr/lib/libcups.2.dylib
0x00007fff8d828000 	/System/Library/Frameworks/Kerberos.framework/Versions/A/Kerberos
0x00007fff8d709000 	/System/Library/Frameworks/GSS.framework/Versions/A/GSS
0x00007fff94551000 	/usr/lib/libresolv.9.dylib
0x00007fff9719a000 	/usr/lib/libiconv.2.dylib
0x00007fff9c5d3000 	/System/Library/PrivateFrameworks/Heimdal.framework/Versions/A/Heimdal
0x00007fff8eb37000 	/usr/lib/libheimdal-asn1.dylib
0x00007fff93e97000 	/System/Library/Frameworks/OpenDirectory.framework/Versions/A/OpenDirectory
0x00007fff89b7d000 	/System/Library/PrivateFrameworks/CommonAuth.framework/Versions/A/CommonAuth
0x00007fff954d2000 	/System/Library/Frameworks/OpenDirectory.framework/Versions/A/Frameworks/CFOpenDirectory.framework/Versions/A/CFOpenDirectory
0x00007fff942b0000 	/System/Library/Frameworks/SecurityFoundation.framework/Versions/A/SecurityFoundation
0x00007fff9b12c000 	/System/Library/PrivateFrameworks/LanguageModeling.framework/Versions/A/LanguageModeling
0x00007fff91265000 	/usr/lib/libmarisa.dylib
0x00007fff8d883000 	/usr/lib/libChineseTokenizer.dylib
0x00007fff8ca29000 	/usr/lib/libcmph.dylib
0x00007fff904c4000 	/System/Library/Frameworks/ServiceManagement.framework/Versions/A/ServiceManagement
0x00007fff8fc02000 	/usr/lib/libxslt.1.dylib
0x00007fff901d5000 	/System/Library/Frameworks/Carbon.framework/Versions/A/Frameworks/Ink.framework/Versions/A/Ink
0x00007fff8848b000 	/usr/lib/libFosl_dynamic.dylib
0x00007fff8eba1000 	/System/Library/PrivateFrameworks/FaceCore.framework/Versions/A/FaceCore
0x00007fff9061d000 	/System/Library/Frameworks/OpenCL.framework/Versions/A/OpenCL
0x00007fff8a0ab000 	/System/Library/PrivateFrameworks/CrashReporterSupport.framework/Versions/A/CrashReporterSupport
0x00007fff906b6000 	/System/Library/PrivateFrameworks/IconServices.framework/Versions/A/IconServices
0x00007fff8acb7000 	/System/Library/PrivateFrameworks/Apple80211.framework/Versions/A/Apple80211
0x00007fff8d9a0000 	/System/Library/Frameworks/CoreWLAN.framework/Versions/A/CoreWLAN
0x00007fff99c92000 	/System/Library/Frameworks/IOBluetooth.framework/Versions/A/IOBluetooth
0x00007fff97d23000 	/System/Library/PrivateFrameworks/CoreWiFi.framework/Versions/A/CoreWiFi
0x00007fff8d814000 	/System/Library/Frameworks/CoreBluetooth.framework/Versions/A/CoreBluetooth
0x00007fff8bfe6000 	/System/Library/PrivateFrameworks/ChunkingLibrary.framework/Versions/A/ChunkingLibrary
0x00007fff9a5fb000 	/System/Library/PrivateFrameworks/DebugSymbols.framework/Versions/A/DebugSymbols
0x00007fff88382000 	/System/Library/PrivateFrameworks/CoreSymbolication.framework/Versions/A/CoreSymbolication
0x00007fff96d31000 	/System/Library/PrivateFrameworks/Symbolication.framework/Versions/A/Symbolication
0x00007fff97026000 	/System/Library/PrivateFrameworks/SpeechRecognitionCore.framework/Versions/A/SpeechRecognitionCore
0x0000000105016000 	/System/Library/CoreServices/Encodings/libCyrillicConverter.dylib
0x000000010504c000 	/Library/Java/JavaVirtualMachines/jdk1.8.0_181.jdk/Contents/Home/jre/lib/server/libjvm.dylib
0x00007fff8a841000 	/usr/lib/libstdc++.6.dylib
0x0000000106404000 	/Library/Java/JavaVirtualMachines/jdk1.8.0_181.jdk/Contents/Home/jre/lib/libverify.dylib
0x0000000106412000 	/Library/Java/JavaVirtualMachines/jdk1.8.0_181.jdk/Contents/Home/jre/lib/libjava.dylib
0x0000000106452000 	/Library/Java/JavaVirtualMachines/jdk1.8.0_181.jdk/Contents/Home/jre/lib/libzip.dylib
0x000000011ab76000 	/Library/Java/JavaVirtualMachines/jdk1.8.0_181.jdk/Contents/Home/jre/lib/libawt.dylib
0x000000011ac20000 	/Library/Java/JavaVirtualMachines/jdk1.8.0_181.jdk/Contents/Home/jre/lib/./libmlib_image.dylib
0x000000011acec000 	/System/Library/Frameworks/JavaVM.framework/Versions/A/Frameworks/JavaNativeFoundation.framework/Versions/A/JavaNativeFoundation
0x000000011ad01000 	/System/Library/Frameworks/JavaVM.framework/Versions/A/Frameworks/JavaRuntimeSupport.framework/Versions/A/JavaRuntimeSupport
0x000000011ad1c000 	/System/Library/Frameworks/JavaVM.framework/Versions/A/JavaVM
0x000000011ad29000 	/System/Library/PrivateFrameworks/JavaLaunching.framework/Versions/A/JavaLaunching
0x00007fff917b7000 	/System/Library/Frameworks/Carbon.framework/Versions/A/Carbon
0x00007fff97cbf000 	/System/Library/Frameworks/Carbon.framework/Versions/A/Frameworks/CommonPanels.framework/Versions/A/CommonPanels
0x00007fff8da0c000 	/System/Library/Frameworks/Carbon.framework/Versions/A/Frameworks/Help.framework/Versions/A/Help
0x00007fff94627000 	/System/Library/Frameworks/Carbon.framework/Versions/A/Frameworks/ImageCapture.framework/Versions/A/ImageCapture
0x00007fff909d1000 	/System/Library/Frameworks/Carbon.framework/Versions/A/Frameworks/OpenScripting.framework/Versions/A/OpenScripting
0x00007fff88489000 	/System/Library/Frameworks/Carbon.framework/Versions/A/Frameworks/Print.framework/Versions/A/Print
0x00007fff8f43e000 	/System/Library/Frameworks/Carbon.framework/Versions/A/Frameworks/SecurityHI.framework/Versions/A/SecurityHI
0x000000011ad35000 	/Library/Java/JavaVirtualMachines/jdk1.8.0_181.jdk/Contents/Home/jre/lib/libawt_lwawt.dylib
0x000000011adef000 	/Library/Java/JavaVirtualMachines/jdk1.8.0_181.jdk/Contents/Home/jre/lib/./libosxapp.dylib
0x00007fff9c666000 	/System/Library/Frameworks/ExceptionHandling.framework/Versions/A/ExceptionHandling
0x00007fff94057000 	/System/Library/PrivateFrameworks/CoreServicesInternal.framework/Versions/A/CoreServicesInternal
0x00007fff9af67000 	/System/Library/Frameworks/CoreGraphics.framework/Versions/A/Resources/libRIP.A.dylib
0x00007fff8ca40000 	/System/Library/Frameworks/Accelerate.framework/Versions/A/Frameworks/vImage.framework/Versions/A/Libraries/libCGInterfaces.dylib
0x00007fff8e00a000 	/System/Library/Frameworks/CoreGraphics.framework/Versions/A/Resources/libCGXType.A.dylib
0x00007fff8a302000 	/System/Library/Frameworks/OpenCL.framework/Versions/A/Libraries/libcldcpuengine.dylib
0x00007fff9118e000 	/System/Library/PrivateFrameworks/DiskImages.framework/Versions/A/DiskImages
0x00007fff8dc94000 	/System/Library/Frameworks/DiscRecording.framework/Versions/A/DiscRecording
0x00007fff88ff7000 	/usr/lib/libcsfde.dylib
0x00007fff98b09000 	/usr/lib/libcurl.4.dylib
0x00007fff912c3000 	/System/Library/PrivateFrameworks/MediaKit.framework/Versions/A/MediaKit
0x00007fff96e41000 	/System/Library/PrivateFrameworks/ProtectedCloudStorage.framework/Versions/A/ProtectedCloudStorage
0x00007fff8c08f000 	/usr/lib/libCoreStorage.dylib
0x00007fff9895d000 	/System/Library/PrivateFrameworks/EFILogin.framework/Versions/A/EFILogin
0x00007fff97abb000 	/usr/lib/libutil.dylib
0x00007fff8eaeb000 	/System/Library/PrivateFrameworks/FindMyDevice.framework/Versions/A/FindMyDevice
0x00007fff8980d000 	/System/Library/Frameworks/LDAP.framework/Versions/A/LDAP
0x00007fff89b87000 	/usr/lib/libsasl2.2.dylib
0x00007fff9ac66000 	/System/Library/PrivateFrameworks/CoreDaemon.framework/Versions/B/CoreDaemon
0x00007fff9462d000 	/usr/lib/libcrypto.0.9.8.dylib
0x00007fff939ea000 	/System/Library/PrivateFrameworks/AppleSRP.framework/Versions/A/AppleSRP
0x00007fff89b2b000 	/System/Library/PrivateFrameworks/TrustEvaluationAgent.framework/Versions/A/TrustEvaluationAgent
0x000000011c735000 	cl_kernels
0x00007fff8a16f000 	/System/Library/Frameworks/OpenCL.framework/Versions/A/Libraries/ImageFormats/unorm8_bgra.dylib
0x00007fff93ef5000 	/System/Library/Frameworks/OpenCL.framework/Versions/A/Libraries/ImageFormats/unorm8_rgba.dylib
0x00007fff8d3ac000 	/System/Library/PrivateFrameworks/FamilyControls.framework/Versions/A/FamilyControls
0x00007fff939f3000 	/System/Library/PrivateFrameworks/CommerceKit.framework/Versions/A/Frameworks/CommerceCore.framework/Versions/A/CommerceCore
0x00007fff95f61000 	/System/Library/PrivateFrameworks/SystemAdministration.framework/Versions/A/SystemAdministration
0x00007fff8eb05000 	/System/Library/PrivateFrameworks/AppContainer.framework/Versions/A/AppContainer
0x00007fff9dba2000 	/System/Library/PrivateFrameworks/SecCodeWrapper.framework/Versions/A/SecCodeWrapper
0x00007fff96e35000 	/System/Library/Frameworks/DirectoryService.framework/Versions/A/DirectoryService
0x00007fff8d451000 	/System/Library/PrivateFrameworks/LoginUIKit.framework/Versions/A/Frameworks/LoginUICore.framework/Versions/A/LoginUICore
0x00007fff8e008000 	/usr/lib/libodfde.dylib
0x00007fff8aecb000 	/System/Library/Frameworks/OpenGL.framework/Versions/A/Resources/GLEngine.bundle/GLEngine
0x00007fff8da18000 	/System/Library/Frameworks/OpenGL.framework/Versions/A/Libraries/libGLProgrammability.dylib
0x000000011d74f000 	/System/Library/Extensions/GeForceTeslaGLDriver.bundle/Contents/MacOS/GeForceTeslaGLDriver
0x000000011f30d000 	/System/Library/Extensions/GeForceTeslaGLDriver.bundle/Contents/MacOS/libclh.dylib
0x00007fff97c10000 	/System/Library/PrivateFrameworks/GPUSupport.framework/Versions/A/Libraries/libGPUSupport.dylib
0x00007fff93a7b000 	/System/Library/Frameworks/OpenGL.framework/Versions/A/Resources/GLRendererFloat.bundle/GLRendererFloat
0x00000001200a5000 	/Library/Java/JavaVirtualMachines/jdk1.8.0_181.jdk/Contents/Home/jre/lib/libfontmanager.dylib
0x000000012164d000 	/Library/Java/JavaVirtualMachines/jdk1.8.0_181.jdk/Contents/Home/jre/lib/libosxui.dylib
0x0000000122349000 	/Library/Java/JavaVirtualMachines/jdk1.8.0_181.jdk/Contents/Home/jre/lib/libnet.dylib
0x0000000122360000 	/Library/Java/JavaVirtualMachines/jdk1.8.0_181.jdk/Contents/Home/jre/lib/libnio.dylib
0x00007fff9ac74000 	/System/Library/Frameworks/ApplicationServices.framework/Versions/A/Frameworks/ATS.framework/Versions/A/Resources/libTrueTypeScaler.dylib
0x0000000120e43000 	/private/var/folders/j0/y00zbzts2y705611_794rs200000gn/T/jogamp_0000/file_cache/jln3037865207954604489/jln2270580898075537811/libgluegen-rt.jnilib
0x00000001222ba000 	/private/var/folders/j0/y00zbzts2y705611_794rs200000gn/T/jogamp_0000/file_cache/jln3037865207954604489/jln2270580898075537811/libnativewindow_awt.jnilib
0x000000012429d000 	/Library/Java/JavaVirtualMachines/jdk1.8.0_181.jdk/Contents/Home/jre/lib/libjawt.dylib
0x0000000186d5d000 	/private/var/folders/j0/y00zbzts2y705611_794rs200000gn/T/jogamp_0000/file_cache/jln3037865207954604489/jln2270580898075537811/libnativewindow_macosx.jnilib
0x000000018a615000 	/private/var/folders/j0/y00zbzts2y705611_794rs200000gn/T/jogamp_0000/file_cache/jln3037865207954604489/jln2270580898075537811/libjogl_desktop.jnilib

VM Arguments:
jvm_args: -Djava.security.policy=java.policy.applet -Dfile.encoding=UTF-8 
java_command: sun.applet.AppletViewer module6.AirportMap1538225890010.html
java_class_path (initial): /Library/Java/JavaVirtualMachines/jdk1.8.0_181.jdk/Contents/Home/jre/lib/resources.jar:/Library/Java/JavaVirtualMachines/jdk1.8.0_181.jdk/Contents/Home/jre/lib/rt.jar:/Library/Java/JavaVirtualMachines/jdk1.8.0_181.jdk/Contents/Home/jre/lib/jsse.jar:/Library/Java/JavaVirtualMachines/jdk1.8.0_181.jdk/Contents/Home/jre/lib/jce.jar:/Library/Java/JavaVirtualMachines/jdk1.8.0_181.jdk/Contents/Home/jre/lib/charsets.jar:/Library/Java/JavaVirtualMachines/jdk1.8.0_181.jdk/Contents/Home/jre/lib/jfr.jar:/Library/Java/JavaVirtualMachines/jdk1.8.0_181.jdk/Contents/Home/jre/lib/ext/cldrdata.jar:/Library/Java/JavaVirtualMachines/jdk1.8.0_181.jdk/Contents/Home/jre/lib/ext/dnsns.jar:/Library/Java/JavaVirtualMachines/jdk1.8.0_181.jdk/Contents/Home/jre/lib/ext/jaccess.jar:/Library/Java/JavaVirtualMachines/jdk1.8.0_181.jdk/Contents/Home/jre/lib/ext/jfxrt.jar:/Library/Java/JavaVirtualMachines/jdk1.8.0_181.jdk/Contents/Home/jre/lib/ext/localedata.jar:/Library/Java/JavaVirtualMachines/jdk1.8.0_181.jdk/Contents/Home/jre/lib/ext/nashorn.jar:/Library/Java/JavaVirtualMachines/jdk1.8.0_181.jdk/Contents/Home/jre/lib/ext/sunec.jar:/Library/Java/JavaVirtualMachines/jdk1.8.0_181.jdk/Contents/Home/jre/lib/ext/sunjce_provider.jar:/Library/Java/JavaVirtualMachines/jdk1.8.0_181.jdk/Contents/Home/jre/lib/ext/sunpkcs11.jar:/Library/Java/JavaVirtualMachines/jdk1.8.0_181.jdk/Contents/Home/jre/lib/ext/zipfs.jar:/System/Library/Java/Extensions/MRJToolkit.jar:/Users/hel/eclipse-workspace/UCSDUnfoldingMaps/build:/Users/hel/eclipse-workspace/UCSDUnfoldingMaps/lib/core.jar:/Users/hel/eclipse-workspace/UCSDUnfoldingMaps/lib/gluegen-rt.jar:/Users/hel/eclipse-workspace/UCSDUnfoldingMaps/lib/jogl-all.jar:/Users/hel/eclipse-workspace/UCSDUnfoldingMaps/lib/log4j-1.2.15.jar:/Users/hel/eclipse-workspace/UCSDUnfoldingMaps/lib/sqlite-jdbc-3.7.2.jar:/Users/hel/eclipse-workspace/UCSDUnfoldingMaps/lib/json4processing.jar:/Users/hel/eclipse-workspace/UCSDUnfoldingMaps/lib/libTUIO.jar:/Users/hel/ec
Launcher Type: SUN_STANDARD

Environment Variables:
PATH=/usr/bin:/bin:/usr/sbin:/sbin
SHELL=/bin/bash
DISPLAY=/private/tmp/com.apple.launchd.kT2AxtNqQ7/org.macosforge.xquartz:0

Signal Handlers:
SIGSEGV: [libjvm.dylib+0x5b6029], sa_mask[0]=11111111011111110111111111111111, sa_flags=SA_ONSTACK|SA_RESTART|SA_SIGINFO
SIGBUS: [libjvm.dylib+0x5b6029], sa_mask[0]=11111111011111110111111111111111, sa_flags=SA_RESTART|SA_SIGINFO
SIGFPE: [libjvm.dylib+0x48b934], sa_mask[0]=11111111011111110111111111111111, sa_flags=SA_RESTART|SA_SIGINFO
SIGPIPE: [libjvm.dylib+0x48b934], sa_mask[0]=11111111011111110111111111111111, sa_flags=SA_RESTART|SA_SIGINFO
SIGXFSZ: [libjvm.dylib+0x48b934], sa_mask[0]=11111111011111110111111111111111, sa_flags=SA_RESTART|SA_SIGINFO
SIGILL: [libjvm.dylib+0x48b934], sa_mask[0]=11111111011111110111111111111111, sa_flags=SA_RESTART|SA_SIGINFO
SIGUSR1: SIG_DFL, sa_mask[0]=00000000000000000000000000000000, sa_flags=none
SIGUSR2: [libjvm.dylib+0x48b452], sa_mask[0]=00100000000000000000000000000000, sa_flags=SA_RESTART|SA_SIGINFO
SIGHUP: [libjvm.dylib+0x489a1d], sa_mask[0]=11111111011111110111111111111111, sa_flags=SA_RESTART|SA_SIGINFO
SIGINT: [libjvm.dylib+0x489a1d], sa_mask[0]=11111111011111110111111111111111, sa_flags=SA_RESTART|SA_SIGINFO
SIGTERM: [libjvm.dylib+0x489a1d], sa_mask[0]=11111111011111110111111111111111, sa_flags=SA_RESTART|SA_SIGINFO
SIGQUIT: [libjvm.dylib+0x489a1d], sa_mask[0]=11111111011111110111111111111111, sa_flags=SA_RESTART|SA_SIGINFO


---------------  S Y S T E M  ---------------

OS:Bsduname:Darwin 15.6.0 Darwin Kernel Version 15.6.0: Thu Jun 21 20:07:40 PDT 2018; root:xnu-3248.73.11~1/RELEASE_X86_64 x86_64
rlimit: STACK 8192k, CORE 0k, NPROC 709, NOFILE 10240, AS infinity
load average:1.87 2.19 2.19

CPU:total 2 (initial active 2) (2 cores per cpu, 1 threads per core) family 6 model 23 stepping 10, cmov, cx8, fxsr, mmx, sse, sse2, sse3, ssse3, sse4.1, tsc

Memory: 4k page, physical 4194304k(359352k free)

/proc/meminfo:


vm_info: Java HotSpot(TM) 64-Bit Server VM (25.181-b13) for bsd-amd64 JRE (1.8.0_181-b13), built on Jul  7 2018 01:02:31 by "java_re" with gcc 4.2.1 (Based on Apple Inc. build 5658) (LLVM build 2336.11.00)

time: Sat Sep 29 14:58:53 2018
elapsed time: 43 seconds (0d 0h 0m 43s)

