#
# A fatal error has been detected by the Java Runtime Environment:
#
#  SIGSEGV (0xb) at pc=0x00007fff88c5f4dd, pid=1734, tid=0x0000000000000a0b
#
# JRE version: Java(TM) SE Runtime Environment (8.0_181-b13) (build 1.8.0_181-b13)
# Java VM: Java HotSpot(TM) 64-Bit Server VM (25.181-b13 mixed mode bsd-amd64 compressed oops)
# Problematic frame:
# C  [libobjc.A.dylib+0x14dd]  objc_msgSend+0x1d
#
# Failed to write core dump. Core dumps have been disabled. To enable core dumping, try "ulimit -c unlimited" before starting Java again
#
# If you would like to submit a bug report, please visit:
#   http://bugreport.java.com/bugreport/crash.jsp
# The crash happened outside the Java Virtual Machine in native code.
# See problematic frame for where to report the bug.
#

---------------  T H R E A D  ---------------

Current thread (0x00007fe6cc133800):  JavaThread "AWT-AppKit" daemon [_thread_in_native, id=2571, stack(0x00007fff5b112000,0x00007fff5b912000)]

siginfo: si_signo: 11 (SIGSEGV), si_code: 1 (SEGV_MAPERR), si_addr: 0x0000000000000018

Registers:
RAX=0x00007fe6ce9f85c0, RBX=0x000000011b23f450, RCX=0x000000011b133300, RDX=0x000000011b133020
RSP=0x00007fff5b90ced8, RBP=0x00007fff5b90cf90, RSI=0x00007fff8e4e0cbe, RDI=0x00007fe6ce8bf710
R8 =0x0000000000000000, R9 =0x0000000000000000, R10=0x00007fff8e4e0cbe, R11=0x0000000000000000
R12=0x0000000000000000, R13=0x0000000187b006a8, R14=0x000000011b23f440, R15=0x00007fe6cc133800
RIP=0x00007fff88c5f4dd, EFLAGS=0x0000000000010246, ERR=0x0000000000000004
  TRAPNO=0x000000000000000e

Top of Stack: (sp=0x00007fff5b90ced8)
0x00007fff5b90ced8:   000000011b23d157 00007fff5b90cf30
0x00007fff5b90cee8:   0000000000000003 00007fff5b90cf10
0x00007fff5b90cef8:   00000001046b364e 0000000187b006a8
0x00007fff5b90cf08:   0000000187b006a8 00007fe6ce9f85c0
0x00007fff5b90cf18:   000000011b23f6a0 000000011b23f710
0x00007fff5b90cf28:   00007fff77093770 00007fff76594500
0x00007fff5b90cf38:   000000011b23f450 000000011b23f690
0x00007fff5b90cf48:   00007fe6ce9f85c0 00007fe6ce8bf710
0x00007fff5b90cf58:   00007fe6ceb071b0 00007fe6ce9f85c0
0x00007fff5b90cf68:   00007fe6ce8bf710 00007fff5b90d010
0x00007fff5b90cf78:   00007fe6cc1339f8 0000000187b006a8
0x00007fff5b90cf88:   00007fff5b90d038 00007fff5b90d000
0x00007fff5b90cf98:   0000000105a16087 00007fff5b90d000
0x00007fff5b90cfa8:   0000000105a15dd9 00007fff5b90cff0
0x00007fff5b90cfb8:   0000000105a15da2 00007fff5b90cfc0
0x00007fff5b90cfc8:   0000000187b006a8 00007fff5b90d038
0x00007fff5b90cfd8:   0000000187b01e58 0000000000000000
0x00007fff5b90cfe8:   0000000187b006a8 0000000000000000
0x00007fff5b90cff8:   00007fff5b90d020 00007fff5b90d080
0x00007fff5b90d008:   0000000105a07ffd 0000000780722b08
0x00007fff5b90d018:   0000000105a11a58 00007fe6ce9f85c0
0x00007fff5b90d028:   0000000105a134f9 00007fe6ce8bf710
0x00007fff5b90d038:   0000000105a134c2 00007fff5b90d040
0x00007fff5b90d048:   0000000187b00872 00007fff5b90d0a8
0x00007fff5b90d058:   0000000187b01e58 0000000000000000
0x00007fff5b90d068:   0000000187b00880 00007fff5b90d020
0x00007fff5b90d078:   00007fff5b90d090 00007fff5b90d0f0
0x00007fff5b90d088:   0000000105a07ffd 00007fe6ce9f85c0
0x00007fff5b90d098:   00000007ace21bb8 00007fe6ce8bf710
0x00007fff5b90d0a8:   00000007ace21bb8 00007fff5b90d0b0
0x00007fff5b90d0b8:   0000000188cc0b36 00007fff5b90d100
0x00007fff5b90d0c8:   0000000188cc0bf0 0000000000000000 

Instructions: (pc=0x00007fff88c5f4dd)
0x00007fff88c5f4bd:   44 00 00 48 85 ff 2e 74 62 40 f6 c7 01 2e 75 66
0x00007fff88c5f4cd:   49 bb f8 ff ff ff ff 7f 00 00 4c 23 1f 49 89 f2
0x00007fff88c5f4dd:   45 23 53 18 49 c1 e2 04 4d 03 53 10 49 3b 32 75
0x00007fff88c5f4ed:   04 41 ff 62 08 49 83 3a 01 76 0d 49 83 c2 10 49 

Register to memory mapping:

RAX=0x00007fe6ce9f85c0 is an unknown value
RBX=0x000000011b23f450: Java_jogamp_nativewindow_macosx_OSXUtil_GetScreenRefreshRate0+0x1cf0 in /private/var/folders/j0/y00zbzts2y705611_794rs200000gn/T/jogamp_0000/file_cache/jln9104265734065756394/jln8491206975228783243/libnativewindow_macosx.jnilib at 0x000000011b238000
RCX=0x000000011b133300 is an unknown value
RDX=0x000000011b133020 is an unknown value
RSP=0x00007fff5b90ced8 is pointing into the stack for thread: 0x00007fe6cc133800
RBP=0x00007fff5b90cf90 is pointing into the stack for thread: 0x00007fe6cc133800
RSI=0x00007fff8e4e0cbe is an unknown value
RDI=0x00007fe6ce8bf710 is an unknown value
R8 =0x0000000000000000 is an unknown value
R9 =0x0000000000000000 is an unknown value
R10=0x00007fff8e4e0cbe is an unknown value
R11=0x0000000000000000 is an unknown value
R12=0x0000000000000000 is an unknown value
R13={method} {0x0000000187b006a8} 'UnsetJAWTRootSurfaceLayer0' '(JJ)V' in 'jogamp/nativewindow/jawt/macosx/MacOSXJAWTWindow'
R14=0x000000011b23f440: Java_jogamp_nativewindow_macosx_OSXUtil_GetScreenRefreshRate0+0x1ce0 in /private/var/folders/j0/y00zbzts2y705611_794rs200000gn/T/jogamp_0000/file_cache/jln9104265734065756394/jln8491206975228783243/libnativewindow_macosx.jnilib at 0x000000011b238000
R15=0x00007fe6cc133800 is a thread


Stack: [0x00007fff5b112000,0x00007fff5b912000],  sp=0x00007fff5b90ced8,  free space=8171k
Native frames: (J=compiled Java code, j=interpreted, Vv=VM code, C=native code)
C  [libobjc.A.dylib+0x14dd]  objc_msgSend+0x1d
j  jogamp.nativewindow.jawt.macosx.MacOSXJAWTWindow.UnsetJAWTRootSurfaceLayer0(JJ)V+0
j  jogamp.nativewindow.jawt.macosx.MacOSXJAWTWindow.access$200(JJ)V+2
j  jogamp.nativewindow.jawt.macosx.MacOSXJAWTWindow$1.run()V+38
j  com.jogamp.common.util.RunnableTask.run()V+24
v  ~StubRoutines::call_stub
V  [libjvm.dylib+0x2efcba]
V  [libjvm.dylib+0x326ff8]
V  [libjvm.dylib+0x3197db]
C  [libnativewindow_macosx.jnilib+0x5326]  Java_jogamp_nativewindow_jawt_macosx_MacOSXJAWTWindow_UnsetJAWTRootSurfaceLayer0+0x2b6
C  [Foundation+0x76dbe]  __NSThreadPerformPerform+0x117
C  [CoreFoundation+0xaa7e1]  __CFRUNLOOP_IS_CALLING_OUT_TO_A_SOURCE0_PERFORM_FUNCTION__+0x11
C  [CoreFoundation+0x89e87]  __CFRunLoopDoSources0+0x1a7
C  [CoreFoundation+0x8942f]  __CFRunLoopRun+0x39f
C  [CoreFoundation+0x88e28]  CFRunLoopRunSpecific+0x128
C  [HIToolbox+0x30935]  RunCurrentEventLoopInMode+0xeb
C  [HIToolbox+0x30677]  ReceiveNextEventCommon+0xb8
C  [HIToolbox+0x305af]  _BlockUntilNextEventMatchingListInModeWithFilter+0x47
C  [AppKit+0x48df6]  _DPSNextEvent+0x42b
C  [AppKit+0x48226]  -[NSApplication _nextEventMatchingEventMask:untilDate:inMode:dequeue:]+0x1c6
C  [libosxapp.dylib+0x2328]  -[NSApplicationAWT nextEventMatchingMask:untilDate:inMode:dequeue:]+0x7c
C  [AppKit+0x3cd80]  -[NSApplication run]+0x2aa
C  [libosxapp.dylib+0x1f72]  +[NSApplicationAWT runAWTLoopWithApp:]+0x9c
C  [libawt_lwawt.dylib+0x4711f]  -[AWTStarter starter:]+0x389
C  [Foundation+0x76dbe]  __NSThreadPerformPerform+0x117
C  [CoreFoundation+0xaa7e1]  __CFRUNLOOP_IS_CALLING_OUT_TO_A_SOURCE0_PERFORM_FUNCTION__+0x11
C  [CoreFoundation+0x89f0c]  __CFRunLoopDoSources0+0x22c
C  [CoreFoundation+0x8942f]  __CFRunLoopRun+0x39f
C  [CoreFoundation+0x88e28]  CFRunLoopRunSpecific+0x128
C  [java+0x646e]  CreateExecutionEnvironment+0x367
C  [java+0x203c]  JLI_Launch+0x7a0
C  [java+0x84cb]  main+0x65
C  [java+0x1894]  start+0x34
C  0x0000000000000007

Java frames: (J=compiled Java code, j=interpreted, Vv=VM code)
j  jogamp.nativewindow.jawt.macosx.MacOSXJAWTWindow.UnsetJAWTRootSurfaceLayer0(JJ)V+0
j  jogamp.nativewindow.jawt.macosx.MacOSXJAWTWindow.access$200(JJ)V+2
j  jogamp.nativewindow.jawt.macosx.MacOSXJAWTWindow$1.run()V+38
j  com.jogamp.common.util.RunnableTask.run()V+24
v  ~StubRoutines::call_stub

---------------  P R O C E S S  ---------------

Java Threads: ( => current thread )
  0x00007fe6ccc68000 JavaThread "Thread-3" [_thread_blocked, id=32279, stack(0x0000700001662000,0x0000700001762000)]
  0x00007fe6ccd19000 JavaThread "AWT-EventQueue-1" [_thread_blocked, id=57363, stack(0x000070000155f000,0x000070000165f000)]
  0x00007fe6cc00d800 JavaThread "DestroyJavaVM" [_thread_blocked, id=5891, stack(0x000070000011a000,0x000070000021a000)]
  0x00007fe6cc992000 JavaThread "AWT-EventQueue-0" [_thread_blocked, id=55299, stack(0x0000700001359000,0x0000700001459000)]
  0x00007fe6cc95a800 JavaThread "Java2D Disposer" daemon [_thread_blocked, id=51975, stack(0x00007000010d0000,0x00007000011d0000)]
  0x00007fe6cc35b800 JavaThread "Java2D Queue Flusher" daemon [_thread_blocked, id=48391, stack(0x0000700000fcd000,0x00007000010cd000)]
  0x00007fe6cc2ed000 JavaThread "AWT-Shutdown" [_thread_blocked, id=27163, stack(0x0000700000e47000,0x0000700000f47000)]
=>0x00007fe6cc133800 JavaThread "AWT-AppKit" daemon [_thread_in_native, id=2571, stack(0x00007fff5b112000,0x00007fff5b912000)]
  0x00007fe6cc07a800 JavaThread "Service Thread" daemon [_thread_blocked, id=16899, stack(0x0000700000ab8000,0x0000700000bb8000)]
  0x00007fe6cc823800 JavaThread "C1 CompilerThread1" daemon [_thread_blocked, id=16387, stack(0x00007000009b5000,0x0000700000ab5000)]
  0x00007fe6cc828800 JavaThread "C2 CompilerThread0" daemon [_thread_blocked, id=15875, stack(0x00007000008b2000,0x00007000009b2000)]
  0x00007fe6cc825000 JavaThread "Signal Dispatcher" daemon [_thread_blocked, id=13075, stack(0x00007000007af000,0x00007000008af000)]
  0x00007fe6cc822800 JavaThread "Finalizer" daemon [_thread_blocked, id=11267, stack(0x0000700000629000,0x0000700000729000)]
  0x00007fe6cc822000 JavaThread "Reference Handler" daemon [_thread_blocked, id=10755, stack(0x0000700000526000,0x0000700000626000)]

Other Threads:
  0x00007fe6cc81b000 VMThread [stack: 0x0000700000423000,0x0000700000523000] [id=10243]
  0x00007fe6cc061800 WatcherThread [stack: 0x0000700000bbb000,0x0000700000cbb000] [id=17411]

VM state:not at safepoint (normal execution)

VM Mutex/Monitor currently owned by a thread: None

Heap:
 PSYoungGen      total 35328K, used 17172K [0x00000007aab00000, 0x00000007ad000000, 0x00000007c0000000)
  eden space 32768K, 44% used [0x00000007aab00000,0x00000007ab949368,0x00000007acb00000)
  from space 2560K, 99% used [0x00000007acd80000,0x00000007acffc030,0x00000007ad000000)
  to   space 2560K, 0% used [0x00000007acb00000,0x00000007acb00000,0x00000007acd80000)
 ParOldGen       total 44032K, used 9336K [0x0000000780000000, 0x0000000782b00000, 0x00000007aab00000)
  object space 44032K, 21% used [0x0000000780000000,0x000000078091e248,0x0000000782b00000)
 Metaspace       used 19788K, capacity 20113K, committed 20352K, reserved 1067008K
  class space    used 2022K, capacity 2120K, committed 2176K, reserved 1048576K

Card table byte_map: [0x0000000114dc0000,0x0000000114fc1000] byte_map_base: 0x00000001111c0000

Marking Bits: (ParMarkBitMap*) 0x0000000104e69cd0
 Begin Bits: [0x0000000115117000, 0x0000000116117000)
 End Bits:   [0x0000000116117000, 0x0000000117117000)

Polling page: 0x000000010556c000

CodeCache: size=245760Kb used=5543Kb max_used=5543Kb free=240216Kb
 bounds [0x0000000105a00000, 0x0000000105f70000, 0x0000000114a00000]
 total_blobs=2408 nmethods=1515 adapters=808
 compilation: enabled

Compilation events (10 events):
Event: 96.472 Thread 0x00007fe6cc823800 1547       3       java.util.HashSet::<init> (16 bytes)
Event: 96.473 Thread 0x00007fe6cc823800 nmethod 1547 0x0000000105f69790 code [0x0000000105f69920, 0x0000000105f69d30]
Event: 96.473 Thread 0x00007fe6cc823800 1545   !   3       java.awt.AWTEvent::dispatched (47 bytes)
Event: 96.473 Thread 0x00007fe6cc823800 nmethod 1545 0x0000000105f69f10 code [0x0000000105f6a100, 0x0000000105f6ab38]
Event: 96.526 Thread 0x00007fe6cc823800 1548       1       java.awt.AWTEvent::isConsumed (5 bytes)
Event: 96.528 Thread 0x00007fe6cc823800 nmethod 1548 0x0000000105f6aed0 code [0x0000000105f6b020, 0x0000000105f6b130]
Event: 96.534 Thread 0x00007fe6cc823800 1550       3       jdk.internal.org.objectweb.asm.MethodWriter::<init> (268 bytes)
Event: 96.535 Thread 0x00007fe6cc823800 nmethod 1550 0x0000000105f6b190 code [0x0000000105f6b3e0, 0x0000000105f6c0e8]
Event: 96.535 Thread 0x00007fe6cc823800 1549       3       jdk.internal.org.objectweb.asm.ClassWriter::visitMethod (24 bytes)
Event: 96.536 Thread 0x00007fe6cc823800 nmethod 1549 0x0000000105f6c810 code [0x0000000105f6c980, 0x0000000105f6cba8]

GC Heap History (8 events):
Event: 6.476 GC heap before
{Heap before GC invocations=1 (full 0):
 PSYoungGen      total 18944K, used 16384K [0x00000007aab00000, 0x00000007ac000000, 0x00000007c0000000)
  eden space 16384K, 100% used [0x00000007aab00000,0x00000007abb00000,0x00000007abb00000)
  from space 2560K, 0% used [0x00000007abd80000,0x00000007abd80000,0x00000007ac000000)
  to   space 2560K, 0% used [0x00000007abb00000,0x00000007abb00000,0x00000007abd80000)
 ParOldGen       total 44032K, used 0K [0x0000000780000000, 0x0000000782b00000, 0x00000007aab00000)
  object space 44032K, 0% used [0x0000000780000000,0x0000000780000000,0x0000000782b00000)
 Metaspace       used 11575K, capacity 11934K, committed 12288K, reserved 1060864K
  class space    used 1336K, capacity 1447K, committed 1536K, reserved 1048576K
Event: 6.490 GC heap after
Heap after GC invocations=1 (full 0):
 PSYoungGen      total 18944K, used 2556K [0x00000007aab00000, 0x00000007ac000000, 0x00000007c0000000)
  eden space 16384K, 0% used [0x00000007aab00000,0x00000007aab00000,0x00000007abb00000)
  from space 2560K, 99% used [0x00000007abb00000,0x00000007abd7f150,0x00000007abd80000)
  to   space 2560K, 0% used [0x00000007abd80000,0x00000007abd80000,0x00000007ac000000)
 ParOldGen       total 44032K, used 1035K [0x0000000780000000, 0x0000000782b00000, 0x00000007aab00000)
  object space 44032K, 2% used [0x0000000780000000,0x0000000780102c30,0x0000000782b00000)
 Metaspace       used 11575K, capacity 11934K, committed 12288K, reserved 1060864K
  class space    used 1336K, capacity 1447K, committed 1536K, reserved 1048576K
}
Event: 7.297 GC heap before
{Heap before GC invocations=2 (full 0):
 PSYoungGen      total 18944K, used 18940K [0x00000007aab00000, 0x00000007ac000000, 0x00000007c0000000)
  eden space 16384K, 100% used [0x00000007aab00000,0x00000007abb00000,0x00000007abb00000)
  from space 2560K, 99% used [0x00000007abb00000,0x00000007abd7f150,0x00000007abd80000)
  to   space 2560K, 0% used [0x00000007abd80000,0x00000007abd80000,0x00000007ac000000)
 ParOldGen       total 44032K, used 1035K [0x0000000780000000, 0x0000000782b00000, 0x00000007aab00000)
  object space 44032K, 2% used [0x0000000780000000,0x0000000780102c30,0x0000000782b00000)
 Metaspace       used 16523K, capacity 16827K, committed 17024K, reserved 1064960K
  class space    used 1701K, capacity 1795K, committed 1920K, reserved 1048576K
Event: 7.310 GC heap after
Heap after GC invocations=2 (full 0):
 PSYoungGen      total 18944K, used 2544K [0x00000007aab00000, 0x00000007ac000000, 0x00000007c0000000)
  eden space 16384K, 0% used [0x00000007aab00000,0x00000007aab00000,0x00000007abb00000)
  from space 2560K, 99% used [0x00000007abd80000,0x00000007abffc030,0x00000007ac000000)
  to   space 2560K, 0% used [0x00000007abb00000,0x00000007abb00000,0x00000007abd80000)
 ParOldGen       total 44032K, used 2697K [0x0000000780000000, 0x0000000782b00000, 0x00000007aab00000)
  object space 44032K, 6% used [0x0000000780000000,0x00000007802a24e0,0x0000000782b00000)
 Metaspace       used 16523K, capacity 16827K, committed 17024K, reserved 1064960K
  class space    used 1701K, capacity 1795K, committed 1920K, reserved 1048576K
}
Event: 8.923 GC heap before
{Heap before GC invocations=3 (full 0):
 PSYoungGen      total 18944K, used 18928K [0x00000007aab00000, 0x00000007ac000000, 0x00000007c0000000)
  eden space 16384K, 100% used [0x00000007aab00000,0x00000007abb00000,0x00000007abb00000)
  from space 2560K, 99% used [0x00000007abd80000,0x00000007abffc030,0x00000007ac000000)
  to   space 2560K, 0% used [0x00000007abb00000,0x00000007abb00000,0x00000007abd80000)
 ParOldGen       total 44032K, used 2697K [0x0000000780000000, 0x0000000782b00000, 0x00000007aab00000)
  object space 44032K, 6% used [0x0000000780000000,0x00000007802a24e0,0x0000000782b00000)
 Metaspace       used 17977K, capacity 18301K, committed 18688K, reserved 1067008K
  class space    used 1858K, capacity 1988K, committed 2048K, reserved 1048576K
Event: 8.954 GC heap after
Heap after GC invocations=3 (full 0):
 PSYoungGen      total 18944K, used 2544K [0x00000007aab00000, 0x00000007ad000000, 0x00000007c0000000)
  eden space 16384K, 0% used [0x00000007aab00000,0x00000007aab00000,0x00000007abb00000)
  from space 2560K, 99% used [0x00000007abb00000,0x00000007abd7c070,0x00000007abd80000)
  to   space 2560K, 0% used [0x00000007acd80000,0x00000007acd80000,0x00000007ad000000)
 ParOldGen       total 44032K, used 6931K [0x0000000780000000, 0x0000000782b00000, 0x00000007aab00000)
  object space 44032K, 15% used [0x0000000780000000,0x00000007806c4f40,0x0000000782b00000)
 Metaspace       used 17977K, capacity 18301K, committed 18688K, reserved 1067008K
  class space    used 1858K, capacity 1988K, committed 2048K, reserved 1048576K
}
Event: 9.853 GC heap before
{Heap before GC invocations=4 (full 0):
 PSYoungGen      total 18944K, used 18928K [0x00000007aab00000, 0x00000007ad000000, 0x00000007c0000000)
  eden space 16384K, 100% used [0x00000007aab00000,0x00000007abb00000,0x00000007abb00000)
  from space 2560K, 99% used [0x00000007abb00000,0x00000007abd7c070,0x00000007abd80000)
  to   space 2560K, 0% used [0x00000007acd80000,0x00000007acd80000,0x00000007ad000000)
 ParOldGen       total 44032K, used 6931K [0x0000000780000000, 0x0000000782b00000, 0x00000007aab00000)
  object space 44032K, 15% used [0x0000000780000000,0x00000007806c4f40,0x0000000782b00000)
 Metaspace       used 19490K, capacity 19849K, committed 20096K, reserved 1067008K
  class space    used 2010K, capacity 2118K, committed 2176K, reserved 1048576K
Event: 9.881 GC heap after
Heap after GC invocations=4 (full 0):
 PSYoungGen      total 35328K, used 2544K [0x00000007aab00000, 0x00000007ad000000, 0x00000007c0000000)
  eden space 32768K, 0% used [0x00000007aab00000,0x00000007aab00000,0x00000007acb00000)
  from space 2560K, 99% used [0x00000007acd80000,0x00000007acffc030,0x00000007ad000000)
  to   space 2560K, 0% used [0x00000007acb00000,0x00000007acb00000,0x00000007acd80000)
 ParOldGen       total 44032K, used 9336K [0x0000000780000000, 0x0000000782b00000, 0x00000007aab00000)
  object space 44032K, 21% used [0x0000000780000000,0x000000078091e248,0x0000000782b00000)
 Metaspace       used 19490K, capacity 19849K, committed 20096K, reserved 1067008K
  class space    used 2010K, capacity 2118K, committed 2176K, reserved 1048576K
}

Deoptimization events (6 events):
Event: 3.459 Thread 0x00007fe6cc00d800 Uncommon trap: reason=unstable_if action=reinterpret pc=0x0000000105bae8b4 method=java.lang.String.replace(CC)Ljava/lang/String; @ 26
Event: 6.660 Thread 0x00007fe6cc178800 Uncommon trap: reason=unstable_if action=reinterpret pc=0x0000000105c3f8bc method=java.lang.String.indexOf([CII[CIII)I @ 3
Event: 6.660 Thread 0x00007fe6cc178800 Uncommon trap: reason=unstable_if action=reinterpret pc=0x0000000105bd4814 method=java.lang.String.indexOf([CII[CIII)I @ 3
Event: 8.706 Thread 0x00007fe6ccd19000 Uncommon trap: reason=unstable_if action=reinterpret pc=0x0000000105bd6d48 method=java.lang.AbstractStringBuilder.append(Ljava/lang/String;)Ljava/lang/AbstractStringBuilder; @ 1
Event: 96.466 Thread 0x00007fe6cc95d800 Uncommon trap: reason=unstable_if action=reinterpret pc=0x0000000105f2eb5c method=java.security.AccessControlContext.combine([Ljava/security/ProtectionDomain;[Ljava/security/ProtectionDomain;)[Ljava/security/ProtectionDomain; @ 151
Event: 96.472 Thread 0x00007fe6cc95d800 Uncommon trap: reason=unstable_if action=reinterpret pc=0x0000000105dceca4 method=java.util.HashMap$HashIterator.<init>(Ljava/util/HashMap;)V @ 38

Classes redefined (0 events):
No events

Internal exceptions (10 events):
Event: 2.925 Thread 0x00007fe6cc00d800 Exception <a 'java/io/FileNotFoundException'> (0x00000007aae960f8) thrown at [/Users/java_re/workspace/8-2-build-macosx-x86_64/jdk8u181/11358/hotspot/src/share/vm/prims/jni.cpp, line 709]
Event: 6.491 Thread 0x00007fe6cc822800 Exception <a 'java/lang/NullPointerException'> (0x00000007aab82150) thrown at [/Users/java_re/workspace/8-2-build-macosx-x86_64/jdk8u181/11358/hotspot/src/share/vm/interpreter/linkResolver.cpp, line 1185]
Event: 6.693 Thread 0x00007fe6cc178800 Exception <a 'java/lang/UnsatisfiedLinkError': com.jogamp.common.util.JarUtil.fixNativeLibAttribs(Ljava/lang/String;)Z> (0x00000007ab0a0a10) thrown at [/Users/java_re/workspace/8-2-build-macosx-x86_64/jdk8u181/11358/hotspot/src/share/vm/prims/nativeLookup
Event: 8.705 Thread 0x00007fe6ccd19000 Exception <a 'java/io/FileNotFoundException'> (0x00000007ab3237c0) thrown at [/Users/java_re/workspace/8-2-build-macosx-x86_64/jdk8u181/11358/hotspot/src/share/vm/prims/jni.cpp, line 709]
Event: 8.706 Thread 0x00007fe6ccd19000 Exception <a 'java/io/FileNotFoundException'> (0x00000007ab329a48) thrown at [/Users/java_re/workspace/8-2-build-macosx-x86_64/jdk8u181/11358/hotspot/src/share/vm/prims/jni.cpp, line 709]
Event: 8.706 Thread 0x00007fe6ccd19000 Implicit null exception at 0x0000000105bd6976 to 0x0000000105bd6d31
Event: 9.470 Thread 0x00007fe6ccd19000 Exception <a 'java/lang/ClassCastException': java.util.ArrayList cannot be cast to module6.EarthquakeCityMap> (0x00000007ab054358) thrown at [/Users/java_re/workspace/8-2-build-macosx-x86_64/jdk8u181/11358/hotspot/src/share/vm/interpreter/interpreterRunti
Event: 9.998 Thread 0x00007fe6ccd19000 Exception <a 'java/lang/ClassCastException': java.util.ArrayList cannot be cast to module6.EarthquakeCityMap> (0x00000007aac3ebe0) thrown at [/Users/java_re/workspace/8-2-build-macosx-x86_64/jdk8u181/11358/hotspot/src/share/vm/interpreter/interpreterRunti
Event: 10.221 Thread 0x00007fe6ccd19000 Exception <a 'java/lang/ClassCastException': java.util.ArrayList cannot be cast to module6.EarthquakeCityMap> (0x00000007ab7a0d70) thrown at [/Users/java_re/workspace/8-2-build-macosx-x86_64/jdk8u181/11358/hotspot/src/share/vm/interpreter/interpreterRunti
Event: 96.471 Thread 0x00007fe6cc95d800 Implicit null exception at 0x0000000105dcea46 to 0x0000000105dcec8d

Events (10 events):
Event: 96.526 loading class java/awt/LightweightDispatcher$2 done
Event: 96.526 loading class java/awt/event/AWTEventListenerProxy
Event: 96.526 loading class java/awt/event/AWTEventListenerProxy done
Event: 96.526 Executing VM operation: Deoptimize
Event: 96.527 Executing VM operation: Deoptimize done
Event: 96.527 loading class java/awt/Toolkit$ToolkitEventMulticaster
Event: 96.527 loading class java/awt/Toolkit$ToolkitEventMulticaster done
Event: 96.528 Thread 0x00007fe6cc95d800 Thread exited: 0x00007fe6cc95d800
Event: 96.528 loading class java/awt/Window$1DisposeAction
Event: 96.529 loading class java/awt/Window$1DisposeAction done


Dynamic libraries:
0x00007fff9903c000 	/System/Library/Frameworks/Cocoa.framework/Versions/A/Cocoa
0x00007fff89b15000 	/System/Library/Frameworks/Security.framework/Versions/A/Security
0x00007fff96dbc000 	/System/Library/Frameworks/ApplicationServices.framework/Versions/A/ApplicationServices
0x00007fff8cea2000 	/usr/lib/libz.1.dylib
0x00007fff992b0000 	/usr/lib/libSystem.B.dylib
0x00007fff88c5e000 	/usr/lib/libobjc.A.dylib
0x00007fff8d942000 	/System/Library/Frameworks/CoreFoundation.framework/Versions/A/CoreFoundation
0x00007fff91db9000 	/System/Library/Frameworks/Foundation.framework/Versions/C/Foundation
0x00007fff994e7000 	/System/Library/Frameworks/AppKit.framework/Versions/C/AppKit
0x00007fff88091000 	/System/Library/Frameworks/CoreData.framework/Versions/A/CoreData
0x00007fff9a97c000 	/System/Library/PrivateFrameworks/RemoteViewServices.framework/Versions/A/RemoteViewServices
0x00007fff990fb000 	/System/Library/PrivateFrameworks/UIFoundation.framework/Versions/A/UIFoundation
0x00007fff93b14000 	/usr/lib/libScreenReader.dylib
0x00007fff97e07000 	/System/Library/Frameworks/Accelerate.framework/Versions/A/Accelerate
0x00007fff883fc000 	/System/Library/Frameworks/IOSurface.framework/Versions/A/IOSurface
0x00007fff89db0000 	/System/Library/Frameworks/AudioToolbox.framework/Versions/A/AudioToolbox
0x00007fff98fea000 	/System/Library/Frameworks/AudioUnit.framework/Versions/A/AudioUnit
0x00007fff8c062000 	/System/Library/PrivateFrameworks/DataDetectorsCore.framework/Versions/A/DataDetectorsCore
0x00007fff8f306000 	/System/Library/PrivateFrameworks/DesktopServicesPriv.framework/Versions/A/DesktopServicesPriv
0x00007fff8a433000 	/System/Library/Frameworks/Carbon.framework/Versions/A/Frameworks/HIToolbox.framework/Versions/A/HIToolbox
0x00007fff8900f000 	/System/Library/Frameworks/QuartzCore.framework/Versions/A/QuartzCore
0x00007fff88bd8000 	/System/Library/Frameworks/Carbon.framework/Versions/A/Frameworks/SpeechRecognition.framework/Versions/A/SpeechRecognition
0x00007fff89f5d000 	/usr/lib/libauto.dylib
0x00007fff8d543000 	/usr/lib/libicucore.A.dylib
0x00007fff96ccc000 	/usr/lib/libxml2.2.dylib
0x00007fff9bd6a000 	/System/Library/PrivateFrameworks/CoreUI.framework/Versions/A/CoreUI
0x00007fff8ce50000 	/System/Library/Frameworks/CoreAudio.framework/Versions/A/CoreAudio
0x00007fff92920000 	/System/Library/Frameworks/DiskArbitration.framework/Versions/A/DiskArbitration
0x00007fff955e1000 	/usr/lib/liblangid.dylib
0x00007fff88fea000 	/System/Library/PrivateFrameworks/MultitouchSupport.framework/Versions/A/MultitouchSupport
0x00007fff89a21000 	/System/Library/Frameworks/IOKit.framework/Versions/A/IOKit
0x00007fff8a218000 	/usr/lib/libDiagnosticMessagesClient.dylib
0x00007fff94049000 	/System/Library/Frameworks/CoreServices.framework/Versions/A/CoreServices
0x00007fff94b51000 	/System/Library/PrivateFrameworks/PerformanceAnalysis.framework/Versions/A/PerformanceAnalysis
0x00007fff960a4000 	/System/Library/PrivateFrameworks/GenerationalStorage.framework/Versions/A/GenerationalStorage
0x00007fff94d54000 	/System/Library/Frameworks/OpenGL.framework/Versions/A/OpenGL
0x00007fff90689000 	/System/Library/PrivateFrameworks/Sharing.framework/Versions/A/Sharing
0x00007fff9a9b5000 	/System/Library/Frameworks/CoreGraphics.framework/Versions/A/CoreGraphics
0x00007fff8f8a8000 	/System/Library/Frameworks/CoreImage.framework/Versions/A/CoreImage
0x00007fff8facb000 	/System/Library/Frameworks/CoreText.framework/Versions/A/CoreText
0x00007fff95939000 	/System/Library/Frameworks/ImageIO.framework/Versions/A/ImageIO
0x00007fff924d0000 	/System/Library/PrivateFrameworks/Backup.framework/Versions/A/Backup
0x00007fff89fa4000 	/usr/lib/libextension.dylib
0x00007fff8bf1c000 	/usr/lib/libarchive.2.dylib
0x00007fff96163000 	/System/Library/Frameworks/CFNetwork.framework/Versions/A/CFNetwork
0x00007fff91c33000 	/System/Library/Frameworks/SystemConfiguration.framework/Versions/A/SystemConfiguration
0x00007fff9a111000 	/usr/lib/libCRFSuite.dylib
0x00007fff8d779000 	/usr/lib/libc++.1.dylib
0x00007fff8bee4000 	/usr/lib/libc++abi.dylib
0x00007fff9784a000 	/usr/lib/system/libcache.dylib
0x00007fff8adb2000 	/usr/lib/system/libcommonCrypto.dylib
0x00007fff88bdf000 	/usr/lib/system/libcompiler_rt.dylib
0x00007fff915c0000 	/usr/lib/system/libcopyfile.dylib
0x00007fff8de57000 	/usr/lib/system/libcorecrypto.dylib
0x00007fff8e57e000 	/usr/lib/system/libdispatch.dylib
0x00007fff9a135000 	/usr/lib/system/libdyld.dylib
0x00007fff86e6a000 	/usr/lib/system/libkeymgr.dylib
0x00007fff86ede000 	/usr/lib/system/liblaunch.dylib
0x00007fff94b40000 	/usr/lib/system/libmacho.dylib
0x00007fff898ce000 	/usr/lib/system/libquarantine.dylib
0x00007fff8e793000 	/usr/lib/system/libremovefile.dylib
0x00007fff97f8d000 	/usr/lib/system/libsystem_asl.dylib
0x00007fff94255000 	/usr/lib/system/libsystem_blocks.dylib
0x00007fff92638000 	/usr/lib/system/libsystem_c.dylib
0x00007fff87ef6000 	/usr/lib/system/libsystem_configuration.dylib
0x00007fff86d8d000 	/usr/lib/system/libsystem_coreservices.dylib
0x00007fff95fd7000 	/usr/lib/system/libsystem_coretls.dylib
0x00007fff937dc000 	/usr/lib/system/libsystem_dnssd.dylib
0x00007fff91d13000 	/usr/lib/system/libsystem_info.dylib
0x00007fff95f57000 	/usr/lib/system/libsystem_kernel.dylib
0x00007fff98fba000 	/usr/lib/system/libsystem_m.dylib
0x00007fff94d65000 	/usr/lib/system/libsystem_malloc.dylib
0x00007fff86b53000 	/usr/lib/system/libsystem_network.dylib
0x00007fff87ead000 	/usr/lib/system/libsystem_networkextension.dylib
0x00007fff8806b000 	/usr/lib/system/libsystem_notify.dylib
0x00007fff8b8c3000 	/usr/lib/system/libsystem_platform.dylib
0x00007fff8d8ee000 	/usr/lib/system/libsystem_pthread.dylib
0x00007fff9bc3c000 	/usr/lib/system/libsystem_sandbox.dylib
0x00007fff8a2f7000 	/usr/lib/system/libsystem_secinit.dylib
0x00007fff92168000 	/usr/lib/system/libsystem_trace.dylib
0x00007fff8b8be000 	/usr/lib/system/libunc.dylib
0x00007fff9609e000 	/usr/lib/system/libunwind.dylib
0x00007fff8a378000 	/usr/lib/system/libxpc.dylib
0x00007fff92881000 	/usr/lib/libenergytrace.dylib
0x00007fff87e59000 	/usr/lib/libbsm.0.dylib
0x00007fff96819000 	/usr/lib/system/libkxld.dylib
0x00007fff92a85000 	/usr/lib/libxar.1.dylib
0x00007fff99321000 	/usr/lib/libsqlite3.dylib
0x00007fff8b745000 	/usr/lib/libpam.2.dylib
0x00007fff8bf0f000 	/usr/lib/libOpenScriptingUtil.dylib
0x00007fff87ee7000 	/usr/lib/libbz2.1.0.dylib
0x00007fff960ee000 	/usr/lib/liblzma.5.dylib
0x00007fff96759000 	/System/Library/Frameworks/CoreServices.framework/Versions/A/Frameworks/FSEvents.framework/Versions/A/FSEvents
0x00007fff86edf000 	/System/Library/Frameworks/CoreServices.framework/Versions/A/Frameworks/CarbonCore.framework/Versions/A/CarbonCore
0x00007fff98e71000 	/System/Library/Frameworks/CoreServices.framework/Versions/A/Frameworks/Metadata.framework/Versions/A/Metadata
0x00007fff8bf48000 	/System/Library/Frameworks/CoreServices.framework/Versions/A/Frameworks/OSServices.framework/Versions/A/OSServices
0x00007fff96c00000 	/System/Library/Frameworks/CoreServices.framework/Versions/A/Frameworks/SearchKit.framework/Versions/A/SearchKit
0x00007fff91ca7000 	/System/Library/Frameworks/CoreServices.framework/Versions/A/Frameworks/AE.framework/Versions/A/AE
0x00007fff97560000 	/System/Library/Frameworks/CoreServices.framework/Versions/A/Frameworks/LaunchServices.framework/Versions/A/LaunchServices
0x00007fff8557b000 	/System/Library/Frameworks/CoreServices.framework/Versions/A/Frameworks/DictionaryServices.framework/Versions/A/DictionaryServices
0x00007fff95095000 	/System/Library/Frameworks/CoreServices.framework/Versions/A/Frameworks/SharedFileList.framework/Versions/A/SharedFileList
0x00007fff94fc2000 	/System/Library/Frameworks/NetFS.framework/Versions/A/NetFS
0x00007fff92926000 	/System/Library/PrivateFrameworks/NetAuth.framework/Versions/A/NetAuth
0x00007fff8671e000 	/System/Library/PrivateFrameworks/login.framework/Versions/A/Frameworks/loginsupport.framework/Versions/A/loginsupport
0x00007fff8b6e2000 	/System/Library/PrivateFrameworks/TCC.framework/Versions/A/TCC
0x00007fff8e9ec000 	/usr/lib/libmecabra.dylib
0x00007fff992b2000 	/System/Library/Frameworks/ApplicationServices.framework/Versions/A/Frameworks/ATS.framework/Versions/A/ATS
0x00007fff90552000 	/System/Library/Frameworks/ApplicationServices.framework/Versions/A/Frameworks/ColorSync.framework/Versions/A/ColorSync
0x00007fff87240000 	/System/Library/Frameworks/ApplicationServices.framework/Versions/A/Frameworks/HIServices.framework/Versions/A/HIServices
0x00007fff96e6d000 	/System/Library/Frameworks/ApplicationServices.framework/Versions/A/Frameworks/LangAnalysis.framework/Versions/A/LangAnalysis
0x00007fff8f454000 	/System/Library/Frameworks/ApplicationServices.framework/Versions/A/Frameworks/PrintCore.framework/Versions/A/PrintCore
0x00007fff86d97000 	/System/Library/Frameworks/ApplicationServices.framework/Versions/A/Frameworks/QD.framework/Versions/A/QD
0x00007fff9513b000 	/System/Library/Frameworks/ApplicationServices.framework/Versions/A/Frameworks/SpeechSynthesis.framework/Versions/A/SpeechSynthesis
0x00007fff9404a000 	/System/Library/Frameworks/Metal.framework/Versions/A/Metal
0x00007fff8ed8e000 	/System/Library/Frameworks/Accelerate.framework/Versions/A/Frameworks/vImage.framework/Versions/A/vImage
0x00007fff8b4be000 	/System/Library/Frameworks/Accelerate.framework/Versions/A/Frameworks/vecLib.framework/Versions/A/vecLib
0x00007fff8c860000 	/System/Library/Frameworks/Accelerate.framework/Versions/A/Frameworks/vecLib.framework/Versions/A/libvDSP.dylib
0x00007fff8a23d000 	/System/Library/Frameworks/Accelerate.framework/Versions/A/Frameworks/vecLib.framework/Versions/A/libvMisc.dylib
0x00007fff8c973000 	/System/Library/Frameworks/Accelerate.framework/Versions/A/Frameworks/vecLib.framework/Versions/A/libLAPACK.dylib
0x00007fff9408d000 	/System/Library/Frameworks/Accelerate.framework/Versions/A/Frameworks/vecLib.framework/Versions/A/libBLAS.dylib
0x00007fff97e08000 	/System/Library/Frameworks/Accelerate.framework/Versions/A/Frameworks/vecLib.framework/Versions/A/libLinearAlgebra.dylib
0x00007fff8846a000 	/System/Library/Frameworks/Accelerate.framework/Versions/A/Frameworks/vecLib.framework/Versions/A/libSparseBLAS.dylib
0x00007fff96c73000 	/System/Library/PrivateFrameworks/GPUCompiler.framework/libmetal_timestamp.dylib
0x00007fff98949000 	/System/Library/Frameworks/OpenGL.framework/Versions/A/Libraries/libCoreFSCache.dylib
0x00007fff96109000 	/System/Library/PrivateFrameworks/IOAccelerator.framework/Versions/A/IOAccelerator
0x00007fff898d1000 	/System/Library/Frameworks/ApplicationServices.framework/Versions/A/Frameworks/ATS.framework/Versions/A/Resources/libFontParser.dylib
0x00007fff8f60a000 	/System/Library/Frameworks/ApplicationServices.framework/Versions/A/Frameworks/ATS.framework/Versions/A/Resources/libFontRegistry.dylib
0x00007fff9bccc000 	/System/Library/PrivateFrameworks/AppleVPA.framework/Versions/A/AppleVPA
0x00007fff8f6ab000 	/System/Library/PrivateFrameworks/AppleJPEG.framework/Versions/A/AppleJPEG
0x00007fff8ad17000 	/System/Library/Frameworks/ImageIO.framework/Versions/A/Resources/libJPEG.dylib
0x00007fff95f76000 	/System/Library/Frameworks/ImageIO.framework/Versions/A/Resources/libTIFF.dylib
0x00007fff9beb8000 	/System/Library/Frameworks/ImageIO.framework/Versions/A/Resources/libPng.dylib
0x00007fff96766000 	/System/Library/Frameworks/ImageIO.framework/Versions/A/Resources/libGIF.dylib
0x00007fff86a60000 	/System/Library/Frameworks/ImageIO.framework/Versions/A/Resources/libJP2.dylib
0x00007fff87ee4000 	/System/Library/Frameworks/ImageIO.framework/Versions/A/Resources/libRadiance.dylib
0x00007fff8e795000 	/System/Library/Frameworks/CoreVideo.framework/Versions/A/CoreVideo
0x00007fff92581000 	/System/Library/Frameworks/OpenGL.framework/Versions/A/Libraries/libGLU.dylib
0x00007fff88377000 	/System/Library/Frameworks/OpenGL.framework/Versions/A/Libraries/libGFXShared.dylib
0x00007fff955ad000 	/System/Library/Frameworks/OpenGL.framework/Versions/A/Libraries/libGL.dylib
0x00007fff88338000 	/System/Library/Frameworks/OpenGL.framework/Versions/A/Libraries/libGLImage.dylib
0x00007fff92367000 	/System/Library/Frameworks/OpenGL.framework/Versions/A/Libraries/libCVMSPluginSupport.dylib
0x00007fff96762000 	/System/Library/Frameworks/OpenGL.framework/Versions/A/Libraries/libCoreVMClient.dylib
0x00007fff9031b000 	/usr/lib/libcompression.dylib
0x00007fff87fd3000 	/usr/lib/libcups.2.dylib
0x00007fff8bb3b000 	/System/Library/Frameworks/Kerberos.framework/Versions/A/Kerberos
0x00007fff8ba1c000 	/System/Library/Frameworks/GSS.framework/Versions/A/GSS
0x00007fff92864000 	/usr/lib/libresolv.9.dylib
0x00007fff954ad000 	/usr/lib/libiconv.2.dylib
0x00007fff9a8e6000 	/System/Library/PrivateFrameworks/Heimdal.framework/Versions/A/Heimdal
0x00007fff8ce4a000 	/usr/lib/libheimdal-asn1.dylib
0x00007fff921aa000 	/System/Library/Frameworks/OpenDirectory.framework/Versions/A/OpenDirectory
0x00007fff87e90000 	/System/Library/PrivateFrameworks/CommonAuth.framework/Versions/A/CommonAuth
0x00007fff937e5000 	/System/Library/Frameworks/OpenDirectory.framework/Versions/A/Frameworks/CFOpenDirectory.framework/Versions/A/CFOpenDirectory
0x00007fff925c3000 	/System/Library/Frameworks/SecurityFoundation.framework/Versions/A/SecurityFoundation
0x00007fff9943f000 	/System/Library/PrivateFrameworks/LanguageModeling.framework/Versions/A/LanguageModeling
0x00007fff8f578000 	/usr/lib/libmarisa.dylib
0x00007fff8bb96000 	/usr/lib/libChineseTokenizer.dylib
0x00007fff8ad3c000 	/usr/lib/libcmph.dylib
0x00007fff8e7d7000 	/System/Library/Frameworks/ServiceManagement.framework/Versions/A/ServiceManagement
0x00007fff8df15000 	/usr/lib/libxslt.1.dylib
0x00007fff8e4e8000 	/System/Library/Frameworks/Carbon.framework/Versions/A/Frameworks/Ink.framework/Versions/A/Ink
0x00007fff8679e000 	/usr/lib/libFosl_dynamic.dylib
0x00007fff8ceb4000 	/System/Library/PrivateFrameworks/FaceCore.framework/Versions/A/FaceCore
0x00007fff8e930000 	/System/Library/Frameworks/OpenCL.framework/Versions/A/OpenCL
0x00007fff883be000 	/System/Library/PrivateFrameworks/CrashReporterSupport.framework/Versions/A/CrashReporterSupport
0x00007fff8e9c9000 	/System/Library/PrivateFrameworks/IconServices.framework/Versions/A/IconServices
0x00007fff88fca000 	/System/Library/PrivateFrameworks/Apple80211.framework/Versions/A/Apple80211
0x00007fff8bcb3000 	/System/Library/Frameworks/CoreWLAN.framework/Versions/A/CoreWLAN
0x00007fff97fa5000 	/System/Library/Frameworks/IOBluetooth.framework/Versions/A/IOBluetooth
0x00007fff96036000 	/System/Library/PrivateFrameworks/CoreWiFi.framework/Versions/A/CoreWiFi
0x00007fff8bb27000 	/System/Library/Frameworks/CoreBluetooth.framework/Versions/A/CoreBluetooth
0x00007fff8a2f9000 	/System/Library/PrivateFrameworks/ChunkingLibrary.framework/Versions/A/ChunkingLibrary
0x00007fff9890e000 	/System/Library/PrivateFrameworks/DebugSymbols.framework/Versions/A/DebugSymbols
0x00007fff86695000 	/System/Library/PrivateFrameworks/CoreSymbolication.framework/Versions/A/CoreSymbolication
0x00007fff95044000 	/System/Library/PrivateFrameworks/Symbolication.framework/Versions/A/Symbolication
0x00007fff95339000 	/System/Library/PrivateFrameworks/SpeechRecognitionCore.framework/Versions/A/SpeechRecognitionCore
0x000000010453a000 	/System/Library/CoreServices/Encodings/libCyrillicConverter.dylib
0x0000000104570000 	/Library/Java/JavaVirtualMachines/jdk1.8.0_181.jdk/Contents/Home/jre/lib/server/libjvm.dylib
0x00007fff88b54000 	/usr/lib/libstdc++.6.dylib
0x0000000105528000 	/Library/Java/JavaVirtualMachines/jdk1.8.0_181.jdk/Contents/Home/jre/lib/libverify.dylib
0x0000000105536000 	/Library/Java/JavaVirtualMachines/jdk1.8.0_181.jdk/Contents/Home/jre/lib/libjava.dylib
0x0000000105576000 	/Library/Java/JavaVirtualMachines/jdk1.8.0_181.jdk/Contents/Home/jre/lib/libzip.dylib
0x000000011a09a000 	/Library/Java/JavaVirtualMachines/jdk1.8.0_181.jdk/Contents/Home/jre/lib/libawt.dylib
0x000000011a144000 	/Library/Java/JavaVirtualMachines/jdk1.8.0_181.jdk/Contents/Home/jre/lib/./libmlib_image.dylib
0x000000011a210000 	/System/Library/Frameworks/JavaVM.framework/Versions/A/Frameworks/JavaNativeFoundation.framework/Versions/A/JavaNativeFoundation
0x000000011a225000 	/System/Library/Frameworks/JavaVM.framework/Versions/A/Frameworks/JavaRuntimeSupport.framework/Versions/A/JavaRuntimeSupport
0x000000011a240000 	/System/Library/Frameworks/JavaVM.framework/Versions/A/JavaVM
0x000000011a24d000 	/System/Library/PrivateFrameworks/JavaLaunching.framework/Versions/A/JavaLaunching
0x00007fff8faca000 	/System/Library/Frameworks/Carbon.framework/Versions/A/Carbon
0x00007fff95fd2000 	/System/Library/Frameworks/Carbon.framework/Versions/A/Frameworks/CommonPanels.framework/Versions/A/CommonPanels
0x00007fff8bd1f000 	/System/Library/Frameworks/Carbon.framework/Versions/A/Frameworks/Help.framework/Versions/A/Help
0x00007fff9293a000 	/System/Library/Frameworks/Carbon.framework/Versions/A/Frameworks/ImageCapture.framework/Versions/A/ImageCapture
0x00007fff8ece4000 	/System/Library/Frameworks/Carbon.framework/Versions/A/Frameworks/OpenScripting.framework/Versions/A/OpenScripting
0x00007fff8679c000 	/System/Library/Frameworks/Carbon.framework/Versions/A/Frameworks/Print.framework/Versions/A/Print
0x00007fff8d751000 	/System/Library/Frameworks/Carbon.framework/Versions/A/Frameworks/SecurityHI.framework/Versions/A/SecurityHI
0x000000011a259000 	/Library/Java/JavaVirtualMachines/jdk1.8.0_181.jdk/Contents/Home/jre/lib/libawt_lwawt.dylib
0x000000011a313000 	/Library/Java/JavaVirtualMachines/jdk1.8.0_181.jdk/Contents/Home/jre/lib/./libosxapp.dylib
0x00007fff9a979000 	/System/Library/Frameworks/ExceptionHandling.framework/Versions/A/ExceptionHandling
0x00007fff9236a000 	/System/Library/PrivateFrameworks/CoreServicesInternal.framework/Versions/A/CoreServicesInternal
0x00007fff9927a000 	/System/Library/Frameworks/CoreGraphics.framework/Versions/A/Resources/libRIP.A.dylib
0x00007fff8ad53000 	/System/Library/Frameworks/Accelerate.framework/Versions/A/Frameworks/vImage.framework/Versions/A/Libraries/libCGInterfaces.dylib
0x00007fff8c31d000 	/System/Library/Frameworks/CoreGraphics.framework/Versions/A/Resources/libCGXType.A.dylib
0x00007fff88615000 	/System/Library/Frameworks/OpenCL.framework/Versions/A/Libraries/libcldcpuengine.dylib
0x00007fff8f4a1000 	/System/Library/PrivateFrameworks/DiskImages.framework/Versions/A/DiskImages
0x00007fff8bfa7000 	/System/Library/Frameworks/DiscRecording.framework/Versions/A/DiscRecording
0x00007fff8730a000 	/usr/lib/libcsfde.dylib
0x00007fff96e1c000 	/usr/lib/libcurl.4.dylib
0x00007fff8f5d6000 	/System/Library/PrivateFrameworks/MediaKit.framework/Versions/A/MediaKit
0x00007fff95154000 	/System/Library/PrivateFrameworks/ProtectedCloudStorage.framework/Versions/A/ProtectedCloudStorage
0x00007fff8a3a2000 	/usr/lib/libCoreStorage.dylib
0x00007fff96c70000 	/System/Library/PrivateFrameworks/EFILogin.framework/Versions/A/EFILogin
0x00007fff95dce000 	/usr/lib/libutil.dylib
0x00007fff8cdfe000 	/System/Library/PrivateFrameworks/FindMyDevice.framework/Versions/A/FindMyDevice
0x00007fff87b20000 	/System/Library/Frameworks/LDAP.framework/Versions/A/LDAP
0x00007fff87e9a000 	/usr/lib/libsasl2.2.dylib
0x00007fff98f79000 	/System/Library/PrivateFrameworks/CoreDaemon.framework/Versions/B/CoreDaemon
0x00007fff92940000 	/usr/lib/libcrypto.0.9.8.dylib
0x00007fff91cfd000 	/System/Library/PrivateFrameworks/AppleSRP.framework/Versions/A/AppleSRP
0x00007fff87e3e000 	/System/Library/PrivateFrameworks/TrustEvaluationAgent.framework/Versions/A/TrustEvaluationAgent
0x000000011bc59000 	cl_kernels
0x00007fff88482000 	/System/Library/Frameworks/OpenCL.framework/Versions/A/Libraries/ImageFormats/unorm8_bgra.dylib
0x00007fff92208000 	/System/Library/Frameworks/OpenCL.framework/Versions/A/Libraries/ImageFormats/unorm8_rgba.dylib
0x00007fff8b6bf000 	/System/Library/PrivateFrameworks/FamilyControls.framework/Versions/A/FamilyControls
0x00007fff91d06000 	/System/Library/PrivateFrameworks/CommerceKit.framework/Versions/A/Frameworks/CommerceCore.framework/Versions/A/CommerceCore
0x00007fff94274000 	/System/Library/PrivateFrameworks/SystemAdministration.framework/Versions/A/SystemAdministration
0x00007fff8ce18000 	/System/Library/PrivateFrameworks/AppContainer.framework/Versions/A/AppContainer
0x00007fff9beb5000 	/System/Library/PrivateFrameworks/SecCodeWrapper.framework/Versions/A/SecCodeWrapper
0x00007fff95148000 	/System/Library/Frameworks/DirectoryService.framework/Versions/A/DirectoryService
0x00007fff8b764000 	/System/Library/PrivateFrameworks/LoginUIKit.framework/Versions/A/Frameworks/LoginUICore.framework/Versions/A/LoginUICore
0x00007fff8c31b000 	/usr/lib/libodfde.dylib
0x00007fff891de000 	/System/Library/Frameworks/OpenGL.framework/Versions/A/Resources/GLEngine.bundle/GLEngine
0x00007fff8bd2b000 	/System/Library/Frameworks/OpenGL.framework/Versions/A/Libraries/libGLProgrammability.dylib
0x000000011cc73000 	/System/Library/Extensions/GeForceTeslaGLDriver.bundle/Contents/MacOS/GeForceTeslaGLDriver
0x000000011e831000 	/System/Library/Extensions/GeForceTeslaGLDriver.bundle/Contents/MacOS/libclh.dylib
0x00007fff95f23000 	/System/Library/PrivateFrameworks/GPUSupport.framework/Versions/A/Libraries/libGPUSupport.dylib
0x00007fff91d8e000 	/System/Library/Frameworks/OpenGL.framework/Versions/A/Resources/GLRendererFloat.bundle/GLRendererFloat
0x000000011f449000 	/Library/Java/JavaVirtualMachines/jdk1.8.0_181.jdk/Contents/Home/jre/lib/libfontmanager.dylib
0x00000001207a0000 	/Library/Java/JavaVirtualMachines/jdk1.8.0_181.jdk/Contents/Home/jre/lib/libosxui.dylib
0x0000000121520000 	/Library/Java/JavaVirtualMachines/jdk1.8.0_181.jdk/Contents/Home/jre/lib/libnet.dylib
0x000000012157f000 	/Library/Java/JavaVirtualMachines/jdk1.8.0_181.jdk/Contents/Home/jre/lib/libnio.dylib
0x00007fff98f87000 	/System/Library/Frameworks/ApplicationServices.framework/Versions/A/Frameworks/ATS.framework/Versions/A/Resources/libTrueTypeScaler.dylib
0x000000011b22d000 	/private/var/folders/j0/y00zbzts2y705611_794rs200000gn/T/jogamp_0000/file_cache/jln9104265734065756394/jln8491206975228783243/libgluegen-rt.jnilib
0x000000011b232000 	/private/var/folders/j0/y00zbzts2y705611_794rs200000gn/T/jogamp_0000/file_cache/jln9104265734065756394/jln8491206975228783243/libnativewindow_awt.jnilib
0x000000011b235000 	/Library/Java/JavaVirtualMachines/jdk1.8.0_181.jdk/Contents/Home/jre/lib/libjawt.dylib
0x000000011b238000 	/private/var/folders/j0/y00zbzts2y705611_794rs200000gn/T/jogamp_0000/file_cache/jln9104265734065756394/jln8491206975228783243/libnativewindow_macosx.jnilib
0x0000000187be3000 	/private/var/folders/j0/y00zbzts2y705611_794rs200000gn/T/jogamp_0000/file_cache/jln9104265734065756394/jln8491206975228783243/libjogl_desktop.jnilib

VM Arguments:
jvm_args: -Djava.security.policy=java.policy.applet -Dfile.encoding=UTF-8 
java_command: sun.applet.AppletViewer module6.EarthquakeCityMap1537566011393.html
java_class_path (initial): /Library/Java/JavaVirtualMachines/jdk1.8.0_181.jdk/Contents/Home/jre/lib/resources.jar:/Library/Java/JavaVirtualMachines/jdk1.8.0_181.jdk/Contents/Home/jre/lib/rt.jar:/Library/Java/JavaVirtualMachines/jdk1.8.0_181.jdk/Contents/Home/jre/lib/jsse.jar:/Library/Java/JavaVirtualMachines/jdk1.8.0_181.jdk/Contents/Home/jre/lib/jce.jar:/Library/Java/JavaVirtualMachines/jdk1.8.0_181.jdk/Contents/Home/jre/lib/charsets.jar:/Library/Java/JavaVirtualMachines/jdk1.8.0_181.jdk/Contents/Home/jre/lib/jfr.jar:/Library/Java/JavaVirtualMachines/jdk1.8.0_181.jdk/Contents/Home/jre/lib/ext/cldrdata.jar:/Library/Java/JavaVirtualMachines/jdk1.8.0_181.jdk/Contents/Home/jre/lib/ext/dnsns.jar:/Library/Java/JavaVirtualMachines/jdk1.8.0_181.jdk/Contents/Home/jre/lib/ext/jaccess.jar:/Library/Java/JavaVirtualMachines/jdk1.8.0_181.jdk/Contents/Home/jre/lib/ext/jfxrt.jar:/Library/Java/JavaVirtualMachines/jdk1.8.0_181.jdk/Contents/Home/jre/lib/ext/localedata.jar:/Library/Java/JavaVirtualMachines/jdk1.8.0_181.jdk/Contents/Home/jre/lib/ext/nashorn.jar:/Library/Java/JavaVirtualMachines/jdk1.8.0_181.jdk/Contents/Home/jre/lib/ext/sunec.jar:/Library/Java/JavaVirtualMachines/jdk1.8.0_181.jdk/Contents/Home/jre/lib/ext/sunjce_provider.jar:/Library/Java/JavaVirtualMachines/jdk1.8.0_181.jdk/Contents/Home/jre/lib/ext/sunpkcs11.jar:/Library/Java/JavaVirtualMachines/jdk1.8.0_181.jdk/Contents/Home/jre/lib/ext/zipfs.jar:/System/Library/Java/Extensions/MRJToolkit.jar:/Users/hel/eclipse-workspace/UCSDUnfoldingMaps/build:/Users/hel/eclipse-workspace/UCSDUnfoldingMaps/lib/core.jar:/Users/hel/eclipse-workspace/UCSDUnfoldingMaps/lib/gluegen-rt.jar:/Users/hel/eclipse-workspace/UCSDUnfoldingMaps/lib/jogl-all.jar:/Users/hel/eclipse-workspace/UCSDUnfoldingMaps/lib/log4j-1.2.15.jar:/Users/hel/eclipse-workspace/UCSDUnfoldingMaps/lib/sqlite-jdbc-3.7.2.jar:/Users/hel/eclipse-workspace/UCSDUnfoldingMaps/lib/json4processing.jar:/Users/hel/eclipse-workspace/UCSDUnfoldingMaps/lib/libTUIO.jar:/Users/hel/ec
Launcher Type: SUN_STANDARD

Environment Variables:
PATH=/usr/bin:/bin:/usr/sbin:/sbin
SHELL=/bin/bash
DISPLAY=/private/tmp/com.apple.launchd.DSIzqYRZS5/org.macosforge.xquartz:0

Signal Handlers:
SIGSEGV: [libjvm.dylib+0x5b6029], sa_mask[0]=11111111011111110111111111111111, sa_flags=SA_ONSTACK|SA_RESTART|SA_SIGINFO
SIGBUS: [libjvm.dylib+0x5b6029], sa_mask[0]=11111111011111110111111111111111, sa_flags=SA_RESTART|SA_SIGINFO
SIGFPE: [libjvm.dylib+0x48b934], sa_mask[0]=11111111011111110111111111111111, sa_flags=SA_RESTART|SA_SIGINFO
SIGPIPE: [libjvm.dylib+0x48b934], sa_mask[0]=11111111011111110111111111111111, sa_flags=SA_RESTART|SA_SIGINFO
SIGXFSZ: [libjvm.dylib+0x48b934], sa_mask[0]=11111111011111110111111111111111, sa_flags=SA_RESTART|SA_SIGINFO
SIGILL: [libjvm.dylib+0x48b934], sa_mask[0]=11111111011111110111111111111111, sa_flags=SA_RESTART|SA_SIGINFO
SIGUSR1: SIG_DFL, sa_mask[0]=00000000000000000000000000000000, sa_flags=none
SIGUSR2: [libjvm.dylib+0x48b452], sa_mask[0]=00100000000000000000000000000000, sa_flags=SA_RESTART|SA_SIGINFO
SIGHUP: [libjvm.dylib+0x489a1d], sa_mask[0]=11111111011111110111111111111111, sa_flags=SA_RESTART|SA_SIGINFO
SIGINT: [libjvm.dylib+0x489a1d], sa_mask[0]=11111111011111110111111111111111, sa_flags=SA_RESTART|SA_SIGINFO
SIGTERM: [libjvm.dylib+0x489a1d], sa_mask[0]=11111111011111110111111111111111, sa_flags=SA_RESTART|SA_SIGINFO
SIGQUIT: [libjvm.dylib+0x489a1d], sa_mask[0]=11111111011111110111111111111111, sa_flags=SA_RESTART|SA_SIGINFO


---------------  S Y S T E M  ---------------

OS:Bsduname:Darwin 15.6.0 Darwin Kernel Version 15.6.0: Thu Jun 21 20:07:40 PDT 2018; root:xnu-3248.73.11~1/RELEASE_X86_64 x86_64
rlimit: STACK 8192k, CORE 0k, NPROC 709, NOFILE 10240, AS infinity
load average:2.04 1.89 2.85

CPU:total 2 (initial active 2) (2 cores per cpu, 1 threads per core) family 6 model 23 stepping 10, cmov, cx8, fxsr, mmx, sse, sse2, sse3, ssse3, sse4.1, tsc

Memory: 4k page, physical 4194304k(174872k free)

/proc/meminfo:


vm_info: Java HotSpot(TM) 64-Bit Server VM (25.181-b13) for bsd-amd64 JRE (1.8.0_181-b13), built on Jul  7 2018 01:02:31 by "java_re" with gcc 4.2.1 (Based on Apple Inc. build 5658) (LLVM build 2336.11.00)

time: Fri Sep 21 23:41:48 2018
elapsed time: 96 seconds (0d 0h 1m 36s)

