#
# A fatal error has been detected by the Java Runtime Environment:
#
#  SIGSEGV (0xb) at pc=0x00007fff8a94c4dd, pid=4526, tid=0x0000000000000a0b
#
# JRE version: Java(TM) SE Runtime Environment (8.0_181-b13) (build 1.8.0_181-b13)
# Java VM: Java HotSpot(TM) 64-Bit Server VM (25.181-b13 mixed mode bsd-amd64 compressed oops)
# Problematic frame:
# C  [libobjc.A.dylib+0x14dd]  objc_msgSend+0x1d
#
# Failed to write core dump. Core dumps have been disabled. To enable core dumping, try "ulimit -c unlimited" before starting Java again
#
# If you would like to submit a bug report, please visit:
#   http://bugreport.java.com/bugreport/crash.jsp
# The crash happened outside the Java Virtual Machine in native code.
# See problematic frame for where to report the bug.
#

---------------  T H R E A D  ---------------

Current thread (0x00007fce8b139000):  JavaThread "AWT-AppKit" daemon [_thread_in_native, id=2571, stack(0x00007fff5a4f4000,0x00007fff5acf4000)]

siginfo: si_signo: 11 (SIGSEGV), si_code: 1 (SEGV_MAPERR), si_addr: 0x0000000000000018

Registers:
RAX=0x00007fce8d1a9ca0, RBX=0x000000011be63450, RCX=0x000000011be5bcc0, RDX=0x000000011be5b1c0
RSP=0x00007fff5aceedd8, RBP=0x00007fff5aceee90, RSI=0x00007fff901cdcbe, RDI=0x00007fce8d19ccc0
R8 =0x0000000000000000, R9 =0x0000000000000000, R10=0x00007fff901cdcbe, R11=0x0000000000000000
R12=0x0000000000000000, R13=0x000000018adb8b10, R14=0x000000011be63440, R15=0x00007fce8b139000
RIP=0x00007fff8a94c4dd, EFLAGS=0x0000000000010246, ERR=0x0000000000000004
  TRAPNO=0x000000000000000e

Top of Stack: (sp=0x00007fff5aceedd8)
0x00007fff5aceedd8:   000000011be61157 00007fff5aceee30
0x00007fff5aceede8:   0000000000000003 00007fff5aceee10
0x00007fff5aceedf8:   00000001052d164e 000000018adb8b10
0x00007fff5aceee08:   000000018adb8b10 00007fce8d1a9ca0
0x00007fff5aceee18:   000000011be636a0 000000011be63710
0x00007fff5aceee28:   00007fff78d80770 00007fff78281500
0x00007fff5aceee38:   000000011be63450 000000011be63690
0x00007fff5aceee48:   00007fce8d1a9ca0 00007fce8d19ccc0
0x00007fff5aceee58:   00007fce8a45ef00 00007fce8d1a9ca0
0x00007fff5aceee68:   00007fce8d19ccc0 00007fff5aceef18
0x00007fff5aceee78:   00007fce8b1391f8 000000018adb8b10
0x00007fff5aceee88:   00007fff5aceef40 00007fff5aceef08
0x00007fff5aceee98:   0000000106616087 000000018adb8b10
0x00007fff5aceeea8:   00007fff5aceef40 00007fff5aceef08
0x00007fff5aceeeb8:   0000000106615de7 0000000106615da2
0x00007fff5aceeec8:   00007fff5aceeec8 000000018adb8b10
0x00007fff5aceeed8:   00007fff5aceef40 000000018adbb748
0x00007fff5aceeee8:   0000000000000000 000000018adb8b10
0x00007fff5aceeef8:   0000000000000000 00007fff5aceef28
0x00007fff5aceef08:   00007fff5aceef88 0000000106607ffd
0x00007fff5aceef18:   00000007823aecf0 0000000106611a58
0x00007fff5aceef28:   00007fce8d1a9ca0 00007fff5aceef88
0x00007fff5aceef38:   00007fce8d19ccc0 00000001066134c2
0x00007fff5aceef48:   00007fff5aceef48 000000018adb8cda
0x00007fff5aceef58:   00007fff5aceefb0 000000018adbb748
0x00007fff5aceef68:   0000000000000000 000000018adb8ce8
0x00007fff5aceef78:   00007fff5aceef28 00007fff5aceef98
0x00007fff5aceef88:   00007fff5aceeff8 0000000106607ffd
0x00007fff5aceef98:   00007fce8d1a9ca0 0000000782384080
0x00007fff5aceefa8:   00007fce8d19ccc0 0000000782384080
0x00007fff5aceefb8:   00007fff5aceefb8 000000018b6de856
0x00007fff5aceefc8:   00007fff5acef008 000000018b6de910 

Instructions: (pc=0x00007fff8a94c4dd)
0x00007fff8a94c4bd:   44 00 00 48 85 ff 2e 74 62 40 f6 c7 01 2e 75 66
0x00007fff8a94c4cd:   49 bb f8 ff ff ff ff 7f 00 00 4c 23 1f 49 89 f2
0x00007fff8a94c4dd:   45 23 53 18 49 c1 e2 04 4d 03 53 10 49 3b 32 75
0x00007fff8a94c4ed:   04 41 ff 62 08 49 83 3a 01 76 0d 49 83 c2 10 49 

Register to memory mapping:

RAX=0x00007fce8d1a9ca0 is an unknown value
RBX=0x000000011be63450: Java_jogamp_nativewindow_macosx_OSXUtil_GetScreenRefreshRate0+0x1cf0 in /private/var/folders/j0/y00zbzts2y705611_794rs200000gn/T/jogamp_0000/file_cache/jln4152012519508952745/jln7755641815539893107/libnativewindow_macosx.jnilib at 0x000000011be5c000
RCX=0x000000011be5bcc0 is an unknown value
RDX=0x000000011be5b1c0 is an unknown value
RSP=0x00007fff5aceedd8 is pointing into the stack for thread: 0x00007fce8b139000
RBP=0x00007fff5aceee90 is pointing into the stack for thread: 0x00007fce8b139000
RSI=0x00007fff901cdcbe is an unknown value
RDI=0x00007fce8d19ccc0 is an unknown value
R8 =0x0000000000000000 is an unknown value
R9 =0x0000000000000000 is an unknown value
R10=0x00007fff901cdcbe is an unknown value
R11=0x0000000000000000 is an unknown value
R12=0x0000000000000000 is an unknown value
R13={method} {0x000000018adb8b10} 'UnsetJAWTRootSurfaceLayer0' '(JJ)V' in 'jogamp/nativewindow/jawt/macosx/MacOSXJAWTWindow'
R14=0x000000011be63440: Java_jogamp_nativewindow_macosx_OSXUtil_GetScreenRefreshRate0+0x1ce0 in /private/var/folders/j0/y00zbzts2y705611_794rs200000gn/T/jogamp_0000/file_cache/jln4152012519508952745/jln7755641815539893107/libnativewindow_macosx.jnilib at 0x000000011be5c000
R15=0x00007fce8b139000 is a thread


Stack: [0x00007fff5a4f4000,0x00007fff5acf4000],  sp=0x00007fff5aceedd8,  free space=8171k
Native frames: (J=compiled Java code, j=interpreted, Vv=VM code, C=native code)
C  [libobjc.A.dylib+0x14dd]  objc_msgSend+0x1d
j  jogamp.nativewindow.jawt.macosx.MacOSXJAWTWindow.UnsetJAWTRootSurfaceLayer0(JJ)V+0
j  jogamp.nativewindow.jawt.macosx.MacOSXJAWTWindow.access$200(JJ)V+2
j  jogamp.nativewindow.jawt.macosx.MacOSXJAWTWindow$1.run()V+38
J 1198 C1 com.jogamp.common.util.RunnableTask.run()V (345 bytes) @ 0x0000000106a9959c [0x0000000106a994e0+0xbc]
v  ~StubRoutines::call_stub
V  [libjvm.dylib+0x2efcba]  JavaCalls::call_helper(JavaValue*, methodHandle*, JavaCallArguments*, Thread*)+0x6ae
V  [libjvm.dylib+0x326ff8]  jni_invoke_nonstatic(JNIEnv_*, JavaValue*, _jobject*, JNICallType, _jmethodID*, JNI_ArgumentPusher*, Thread*)+0x2ec
V  [libjvm.dylib+0x3197db]  jni_CallVoidMethod+0x16b
C  [libnativewindow_macosx.jnilib+0x5326]  Java_jogamp_nativewindow_jawt_macosx_MacOSXJAWTWindow_UnsetJAWTRootSurfaceLayer0+0x2b6
C  [Foundation+0x76dbe]  __NSThreadPerformPerform+0x117
C  [CoreFoundation+0xaa7e1]  __CFRUNLOOP_IS_CALLING_OUT_TO_A_SOURCE0_PERFORM_FUNCTION__+0x11
C  [CoreFoundation+0x89f0c]  __CFRunLoopDoSources0+0x22c
C  [CoreFoundation+0x8942f]  __CFRunLoopRun+0x39f
C  [CoreFoundation+0x88e28]  CFRunLoopRunSpecific+0x128
C  [HIToolbox+0x30935]  RunCurrentEventLoopInMode+0xeb
C  [HIToolbox+0x30677]  ReceiveNextEventCommon+0xb8
C  [HIToolbox+0x305af]  _BlockUntilNextEventMatchingListInModeWithFilter+0x47
C  [AppKit+0x48df6]  _DPSNextEvent+0x42b
C  [AppKit+0x48226]  -[NSApplication _nextEventMatchingEventMask:untilDate:inMode:dequeue:]+0x1c6
C  [libosxapp.dylib+0x2328]  -[NSApplicationAWT nextEventMatchingMask:untilDate:inMode:dequeue:]+0x7c
C  [AppKit+0x3cd80]  -[NSApplication run]+0x2aa
C  [libosxapp.dylib+0x1f72]  +[NSApplicationAWT runAWTLoopWithApp:]+0x9c
C  [libawt_lwawt.dylib+0x4711f]  -[AWTStarter starter:]+0x389
C  [Foundation+0x76dbe]  __NSThreadPerformPerform+0x117
C  [CoreFoundation+0xaa7e1]  __CFRUNLOOP_IS_CALLING_OUT_TO_A_SOURCE0_PERFORM_FUNCTION__+0x11
C  [CoreFoundation+0x89f0c]  __CFRunLoopDoSources0+0x22c
C  [CoreFoundation+0x8942f]  __CFRunLoopRun+0x39f
C  [CoreFoundation+0x88e28]  CFRunLoopRunSpecific+0x128
C  [java+0x646e]  CreateExecutionEnvironment+0x367
C  [java+0x203c]  JLI_Launch+0x7a0
C  [java+0x84cb]  main+0x65
C  [java+0x1894]  start+0x34
C  0x0000000000000007

Java frames: (J=compiled Java code, j=interpreted, Vv=VM code)
j  jogamp.nativewindow.jawt.macosx.MacOSXJAWTWindow.UnsetJAWTRootSurfaceLayer0(JJ)V+0
j  jogamp.nativewindow.jawt.macosx.MacOSXJAWTWindow.access$200(JJ)V+2
j  jogamp.nativewindow.jawt.macosx.MacOSXJAWTWindow$1.run()V+38
J 1198 C1 com.jogamp.common.util.RunnableTask.run()V (345 bytes) @ 0x0000000106a9959c [0x0000000106a994e0+0xbc]
v  ~StubRoutines::call_stub

---------------  P R O C E S S  ---------------

Java Threads: ( => current thread )
  0x00007fce8aef3800 JavaThread "Thread-20" [_thread_blocked, id=60439, stack(0x0000700001662000,0x0000700001762000)]
  0x00007fce8b58f800 JavaThread "AWT-EventQueue-1" [_thread_in_Java, id=56155, stack(0x00007000014dc000,0x00007000015dc000)]
  0x00007fce8b49f800 JavaThread "DestroyJavaVM" [_thread_blocked, id=5891, stack(0x000070000011a000,0x000070000021a000)]
  0x00007fce8abd9000 JavaThread "AWT-EventQueue-0" [_thread_blocked, id=54787, stack(0x00007000012d6000,0x00007000013d6000)]
  0x00007fce8b22f000 JavaThread "Java2D Disposer" daemon [_thread_blocked, id=51459, stack(0x000070000104d000,0x000070000114d000)]
  0x00007fce8b1b7000 JavaThread "Java2D Queue Flusher" daemon [_thread_blocked, id=47879, stack(0x0000700000f4a000,0x000070000104a000)]
  0x00007fce8b14d000 JavaThread "AWT-Shutdown" [_thread_blocked, id=27927, stack(0x0000700000dc4000,0x0000700000ec4000)]
=>0x00007fce8b139000 JavaThread "AWT-AppKit" daemon [_thread_in_native, id=2571, stack(0x00007fff5a4f4000,0x00007fff5acf4000)]
  0x00007fce8a878800 JavaThread "Service Thread" daemon [_thread_blocked, id=16643, stack(0x0000700000ab8000,0x0000700000bb8000)]
  0x00007fce8a877800 JavaThread "C1 CompilerThread1" daemon [_thread_in_vm, id=16131, stack(0x00007000009b5000,0x0000700000ab5000)]
  0x00007fce8b014800 JavaThread "C2 CompilerThread0" daemon [_thread_blocked, id=15619, stack(0x00007000008b2000,0x00007000009b2000)]
  0x00007fce8b013800 JavaThread "Signal Dispatcher" daemon [_thread_blocked, id=14095, stack(0x00007000007af000,0x00007000008af000)]
  0x00007fce8a85b800 JavaThread "Finalizer" daemon [_thread_blocked, id=11267, stack(0x0000700000629000,0x0000700000729000)]
  0x00007fce8a855800 JavaThread "Reference Handler" daemon [_thread_blocked, id=10755, stack(0x0000700000526000,0x0000700000626000)]

Other Threads:
  0x00007fce8b023800 VMThread [stack: 0x0000700000423000,0x0000700000523000] [id=10243]
  0x00007fce8a879000 WatcherThread [stack: 0x0000700000bbb000,0x0000700000cbb000] [id=17155]

VM state:synchronizing (normal execution)

VM Mutex/Monitor currently owned by a thread:  ([mutex/lock_event])
[0x00007fce8a406510] Safepoint_lock - owner thread: 0x00007fce8b023800
[0x00007fce8a406590] Threads_lock - owner thread: 0x00007fce8b023800

Heap:
 PSYoungGen      total 321024K, used 100846K [0x00000007aab00000, 0x00000007bf180000, 0x00000007c0000000)
  eden space 309760K, 32% used [0x00000007aab00000,0x00000007b0d6ba78,0x00000007bd980000)
  from space 11264K, 0% used [0x00000007be680000,0x00000007be690000,0x00000007bf180000)
  to   space 12288K, 0% used [0x00000007bd980000,0x00000007bd980000,0x00000007be580000)
 ParOldGen       total 86528K, used 72696K [0x0000000780000000, 0x0000000785480000, 0x00000007aab00000)
  object space 86528K, 84% used [0x0000000780000000,0x00000007846fe210,0x0000000785480000)
 Metaspace       used 26459K, capacity 26745K, committed 27136K, reserved 1075200K
  class space    used 2117K, capacity 2215K, committed 2304K, reserved 1048576K

Card table byte_map: [0x00000001159c0000,0x0000000115bc1000] byte_map_base: 0x0000000111dc0000

Marking Bits: (ParMarkBitMap*) 0x0000000105a87cd0
 Begin Bits: [0x0000000115d17000, 0x0000000116d17000)
 End Bits:   [0x0000000116d17000, 0x0000000117d17000)

Polling page: 0x000000010618a000

CodeCache: size=245760Kb used=9602Kb max_used=9603Kb free=236158Kb
 bounds [0x0000000106600000, 0x0000000106f70000, 0x0000000115600000]
 total_blobs=3411 nmethods=2496 adapters=830
 compilation: enabled

Compilation events (10 events):
Event: 105.523 Thread 0x00007fce8a877800 2808       3       java.lang.Object::toString (36 bytes)
Event: 105.525 Thread 0x00007fce8a877800 nmethod 2808 0x0000000106f5f290 code [0x0000000106f5f4a0, 0x0000000106f60028]
Event: 107.504 Thread 0x00007fce8a877800 2809       3       processing.opengl.PGraphicsOpenGL::flushLines (145 bytes)
Event: 107.505 Thread 0x00007fce8a877800 nmethod 2809 0x0000000106f65a10 code [0x0000000106f65c40, 0x0000000106f666f8]
Event: 108.077 Thread 0x00007fce8a877800 2810       1       sun.lwawt.macosx.NSEvent::getType (5 bytes)
Event: 108.078 Thread 0x00007fce8a877800 nmethod 2810 0x0000000106f59490 code [0x0000000106f595e0, 0x0000000106f596f0]
Event: 109.032 Thread 0x00007fce8b014800 2811   !   4       java.awt.Font::equals (132 bytes)
Event: 109.036 Thread 0x00007fce8b014800 nmethod 2811 0x0000000106f69c90 code [0x0000000106f69e00, 0x0000000106f6a0f8]
Event: 109.373 Thread 0x00007fce8a877800 2812       1       java.awt.AWTEvent::isConsumed (5 bytes)
Event: 109.373 Thread 0x00007fce8a877800 nmethod 2812 0x0000000106f699d0 code [0x0000000106f69b20, 0x0000000106f69c30]

GC Heap History (10 events):
Event: 94.980 GC heap before
{Heap before GC invocations=41 (full 1):
 PSYoungGen      total 317952K, used 301120K [0x00000007aab00000, 0x00000007bf280000, 0x00000007c0000000)
  eden space 301056K, 100% used [0x00000007aab00000,0x00000007bd100000,0x00000007bd100000)
  from space 16896K, 0% used [0x00000007bd100000,0x00000007bd110000,0x00000007be180000)
  to   space 15872K, 0% used [0x00000007be300000,0x00000007be300000,0x00000007bf280000)
 ParOldGen       total 86528K, used 72672K [0x0000000780000000, 0x0000000785480000, 0x00000007aab00000)
  object space 86528K, 83% used [0x0000000780000000,0x00000007846f8210,0x0000000785480000)
 Metaspace       used 26412K, capacity 26741K, committed 27136K, reserved 1075200K
  class space    used 2109K, capacity 2213K, committed 2304K, reserved 1048576K
Event: 94.997 GC heap after
Heap after GC invocations=41 (full 1):
 PSYoungGen      total 319488K, used 64K [0x00000007aab00000, 0x00000007bf200000, 0x00000007c0000000)
  eden space 304128K, 0% used [0x00000007aab00000,0x00000007aab00000,0x00000007bd400000)
  from space 15360K, 0% used [0x00000007be300000,0x00000007be310000,0x00000007bf200000)
  to   space 15360K, 0% used [0x00000007bd400000,0x00000007bd400000,0x00000007be300000)
 ParOldGen       total 86528K, used 72680K [0x0000000780000000, 0x0000000785480000, 0x00000007aab00000)
  object space 86528K, 83% used [0x0000000780000000,0x00000007846fa210,0x0000000785480000)
 Metaspace       used 26412K, capacity 26741K, committed 27136K, reserved 1075200K
  class space    used 2109K, capacity 2213K, committed 2304K, reserved 1048576K
}
Event: 98.297 GC heap before
{Heap before GC invocations=42 (full 1):
 PSYoungGen      total 319488K, used 304192K [0x00000007aab00000, 0x00000007bf200000, 0x00000007c0000000)
  eden space 304128K, 100% used [0x00000007aab00000,0x00000007bd400000,0x00000007bd400000)
  from space 15360K, 0% used [0x00000007be300000,0x00000007be310000,0x00000007bf200000)
  to   space 15360K, 0% used [0x00000007bd400000,0x00000007bd400000,0x00000007be300000)
 ParOldGen       total 86528K, used 72680K [0x0000000780000000, 0x0000000785480000, 0x00000007aab00000)
  object space 86528K, 83% used [0x0000000780000000,0x00000007846fa210,0x0000000785480000)
 Metaspace       used 26413K, capacity 26741K, committed 27136K, reserved 1075200K
  class space    used 2109K, capacity 2213K, committed 2304K, reserved 1048576K
Event: 98.315 GC heap after
Heap after GC invocations=42 (full 1):
 PSYoungGen      total 319488K, used 32K [0x00000007aab00000, 0x00000007bf400000, 0x00000007c0000000)
  eden space 304128K, 0% used [0x00000007aab00000,0x00000007aab00000,0x00000007bd400000)
  from space 15360K, 0% used [0x00000007bd400000,0x00000007bd408000,0x00000007be300000)
  to   space 14848K, 0% used [0x00000007be580000,0x00000007be580000,0x00000007bf400000)
 ParOldGen       total 86528K, used 72688K [0x0000000780000000, 0x0000000785480000, 0x00000007aab00000)
  object space 86528K, 84% used [0x0000000780000000,0x00000007846fc210,0x0000000785480000)
 Metaspace       used 26413K, capacity 26741K, committed 27136K, reserved 1075200K
  class space    used 2109K, capacity 2213K, committed 2304K, reserved 1048576K
}
Event: 102.064 GC heap before
{Heap before GC invocations=43 (full 1):
 PSYoungGen      total 319488K, used 304160K [0x00000007aab00000, 0x00000007bf400000, 0x00000007c0000000)
  eden space 304128K, 100% used [0x00000007aab00000,0x00000007bd400000,0x00000007bd400000)
  from space 15360K, 0% used [0x00000007bd400000,0x00000007bd408000,0x00000007be300000)
  to   space 14848K, 0% used [0x00000007be580000,0x00000007be580000,0x00000007bf400000)
 ParOldGen       total 86528K, used 72688K [0x0000000780000000, 0x0000000785480000, 0x00000007aab00000)
  object space 86528K, 84% used [0x0000000780000000,0x00000007846fc210,0x0000000785480000)
 Metaspace       used 26413K, capacity 26741K, committed 27136K, reserved 1075200K
  class space    used 2109K, capacity 2213K, committed 2304K, reserved 1048576K
Event: 102.082 GC heap after
Heap after GC invocations=43 (full 1):
 PSYoungGen      total 320000K, used 64K [0x00000007aab00000, 0x00000007bf200000, 0x00000007c0000000)
  eden space 307200K, 0% used [0x00000007aab00000,0x00000007aab00000,0x00000007bd700000)
  from space 12800K, 0% used [0x00000007be580000,0x00000007be590000,0x00000007bf200000)
  to   space 13824K, 0% used [0x00000007bd700000,0x00000007bd700000,0x00000007be480000)
 ParOldGen       total 86528K, used 72688K [0x0000000780000000, 0x0000000785480000, 0x00000007aab00000)
  object space 86528K, 84% used [0x0000000780000000,0x00000007846fc210,0x0000000785480000)
 Metaspace       used 26413K, capacity 26741K, committed 27136K, reserved 1075200K
  class space    used 2109K, capacity 2213K, committed 2304K, reserved 1048576K
}
Event: 105.897 GC heap before
{Heap before GC invocations=44 (full 1):
 PSYoungGen      total 320000K, used 307264K [0x00000007aab00000, 0x00000007bf200000, 0x00000007c0000000)
  eden space 307200K, 100% used [0x00000007aab00000,0x00000007bd700000,0x00000007bd700000)
  from space 12800K, 0% used [0x00000007be580000,0x00000007be590000,0x00000007bf200000)
  to   space 13824K, 0% used [0x00000007bd700000,0x00000007bd700000,0x00000007be480000)
 ParOldGen       total 86528K, used 72688K [0x0000000780000000, 0x0000000785480000, 0x00000007aab00000)
  object space 86528K, 84% used [0x0000000780000000,0x00000007846fc210,0x0000000785480000)
 Metaspace       used 26413K, capacity 26741K, committed 27136K, reserved 1075200K
  class space    used 2109K, capacity 2213K, committed 2304K, reserved 1048576K
Event: 105.901 GC heap after
Heap after GC invocations=44 (full 1):
 PSYoungGen      total 321024K, used 32K [0x00000007aab00000, 0x00000007bf380000, 0x00000007c0000000)
  eden space 307200K, 0% used [0x00000007aab00000,0x00000007aab00000,0x00000007bd700000)
  from space 13824K, 0% used [0x00000007bd700000,0x00000007bd708000,0x00000007be480000)
  to   space 13312K, 0% used [0x00000007be680000,0x00000007be680000,0x00000007bf380000)
 ParOldGen       total 86528K, used 72696K [0x0000000780000000, 0x0000000785480000, 0x00000007aab00000)
  object space 86528K, 84% used [0x0000000780000000,0x00000007846fe210,0x0000000785480000)
 Metaspace       used 26413K, capacity 26741K, committed 27136K, reserved 1075200K
  class space    used 2109K, capacity 2213K, committed 2304K, reserved 1048576K
}
Event: 108.456 GC heap before
{Heap before GC invocations=45 (full 1):
 PSYoungGen      total 321024K, used 307232K [0x00000007aab00000, 0x00000007bf380000, 0x00000007c0000000)
  eden space 307200K, 100% used [0x00000007aab00000,0x00000007bd700000,0x00000007bd700000)
  from space 13824K, 0% used [0x00000007bd700000,0x00000007bd708000,0x00000007be480000)
  to   space 13312K, 0% used [0x00000007be680000,0x00000007be680000,0x00000007bf380000)
 ParOldGen       total 86528K, used 72696K [0x0000000780000000, 0x0000000785480000, 0x00000007aab00000)
  object space 86528K, 84% used [0x0000000780000000,0x00000007846fe210,0x0000000785480000)
 Metaspace       used 26413K, capacity 26741K, committed 27136K, reserved 1075200K
  class space    used 2109K, capacity 2213K, committed 2304K, reserved 1048576K
Event: 108.464 GC heap after
Heap after GC invocations=45 (full 1):
 PSYoungGen      total 321024K, used 64K [0x00000007aab00000, 0x00000007bf180000, 0x00000007c0000000)
  eden space 309760K, 0% used [0x00000007aab00000,0x00000007aab00000,0x00000007bd980000)
  from space 11264K, 0% used [0x00000007be680000,0x00000007be690000,0x00000007bf180000)
  to   space 12288K, 0% used [0x00000007bd980000,0x00000007bd980000,0x00000007be580000)
 ParOldGen       total 86528K, used 72696K [0x0000000780000000, 0x0000000785480000, 0x00000007aab00000)
  object space 86528K, 84% used [0x0000000780000000,0x00000007846fe210,0x0000000785480000)
 Metaspace       used 26413K, capacity 26741K, committed 27136K, reserved 1075200K
  class space    used 2109K, capacity 2213K, committed 2304K, reserved 1048576K
}

Deoptimization events (10 events):
Event: 21.887 Thread 0x00007fce8b58f800 Uncommon trap: reason=bimorphic action=maybe_recompile pc=0x0000000106b2a290 method=java.util.regex.Pattern$Curly.match0(Ljava/util/regex/Matcher;IILjava/lang/CharSequence;)Z @ 31
Event: 25.951 Thread 0x00007fce8b58f800 Uncommon trap: reason=unstable_if action=reinterpret pc=0x0000000106bf5ae4 method=de.fhpotsdam.unfolding.mapdisplay.Java2DMapDisplay.getInnerTransformedPosition(FFZ)[F @ 1
Event: 33.846 Thread 0x00007fce8b58f800 Uncommon trap: reason=class_check action=maybe_recompile pc=0x0000000106aebd28 method=java.util.AbstractCollection.toArray([Ljava/lang/Object;)[Ljava/lang/Object; @ 1
Event: 33.955 Thread 0x00007fce8b58f800 Uncommon trap: reason=unstable_if action=reinterpret pc=0x0000000106bfdd44 method=processing.opengl.PGraphicsOpenGL$InGeometry.addVertex(FFFIFFFFFIFIIIFIZ)I @ 211
Event: 35.327 Thread 0x00007fce8b58f800 Uncommon trap: reason=unstable_if action=reinterpret pc=0x0000000106df02d4 method=de.fhpotsdam.unfolding.mapdisplay.Java2DMapDisplay.getTransformedPosition(FFZ)[F @ 1
Event: 108.949 Thread 0x00007fce8ab88800 Uncommon trap: reason=unstable_if action=reinterpret pc=0x0000000106d198a8 method=java.security.AccessControlContext.combine([Ljava/security/ProtectionDomain;[Ljava/security/ProtectionDomain;)[Ljava/security/ProtectionDomain; @ 151
Event: 108.961 Thread 0x00007fce8abd9000 Uncommon trap: reason=unstable_if action=reinterpret pc=0x0000000106c70734 method=java.awt.font.FontRenderContext.equals(Ljava/awt/font/FontRenderContext;)Z @ 2
Event: 109.263 Thread 0x00007fce8ab88800 Uncommon trap: reason=unstable_if action=reinterpret pc=0x0000000106ba5124 method=java.util.HashMap.putVal(ILjava/lang/Object;Ljava/lang/Object;ZZ)Ljava/lang/Object; @ 81
Event: 109.263 Thread 0x00007fce8ab88800 Uncommon trap: reason=unstable_if action=reinterpret pc=0x0000000106ae6968 method=java.util.HashMap.putVal(ILjava/lang/Object;Ljava/lang/Object;ZZ)Ljava/lang/Object; @ 81
Event: 109.266 Thread 0x00007fce8abd9000 Uncommon trap: reason=unstable_if action=reinterpret pc=0x0000000106c87a78 method=java.awt.font.FontRenderContext.equals(Ljava/awt/font/FontRenderContext;)Z @ 2

Classes redefined (0 events):
No events

Internal exceptions (10 events):
Event: 2.422 Thread 0x00007fce8a80c800 Exception <a 'java/io/FileNotFoundException'> (0x00000007aad6c810) thrown at [/Users/java_re/workspace/8-2-build-macosx-x86_64/jdk8u181/11358/hotspot/src/share/vm/prims/jni.cpp, line 709]
Event: 2.423 Thread 0x00007fce8a80c800 Exception <a 'java/io/FileNotFoundException'> (0x00000007aad6d360) thrown at [/Users/java_re/workspace/8-2-build-macosx-x86_64/jdk8u181/11358/hotspot/src/share/vm/prims/jni.cpp, line 709]
Event: 3.303 Thread 0x00007fce8a80c800 Exception <a 'java/io/FileNotFoundException'> (0x00000007aae96138) thrown at [/Users/java_re/workspace/8-2-build-macosx-x86_64/jdk8u181/11358/hotspot/src/share/vm/prims/jni.cpp, line 709]
Event: 8.337 Thread 0x00007fce8a85b800 Exception <a 'java/lang/NullPointerException'> (0x00000007aab52030) thrown at [/Users/java_re/workspace/8-2-build-macosx-x86_64/jdk8u181/11358/hotspot/src/share/vm/interpreter/linkResolver.cpp, line 1185]
Event: 8.887 Thread 0x00007fce8ae76000 Exception <a 'java/lang/UnsatisfiedLinkError': com.jogamp.common.util.JarUtil.fixNativeLibAttribs(Ljava/lang/String;)Z> (0x00000007ab0b1e10) thrown at [/Users/java_re/workspace/8-2-build-macosx-x86_64/jdk8u181/11358/hotspot/src/share/vm/prims/nativeLookup
Event: 13.312 Thread 0x00007fce8b58f800 Exception <a 'java/io/FileNotFoundException'> (0x00000007ab369a80) thrown at [/Users/java_re/workspace/8-2-build-macosx-x86_64/jdk8u181/11358/hotspot/src/share/vm/prims/jni.cpp, line 709]
Event: 13.313 Thread 0x00007fce8b58f800 Exception <a 'java/io/FileNotFoundException'> (0x00000007ab36fd08) thrown at [/Users/java_re/workspace/8-2-build-macosx-x86_64/jdk8u181/11358/hotspot/src/share/vm/prims/jni.cpp, line 709]
Event: 13.313 Thread 0x00007fce8b58f800 Implicit null exception at 0x00000001067de576 to 0x00000001067de931
Event: 20.424 Thread 0x00007fce8b58f800 Implicit null exception at 0x00000001069c9c06 to 0x00000001069c9e4d
Event: 20.655 Thread 0x00007fce8d991000 Implicit null exception at 0x00000001067efff3 to 0x00000001067f03f9

Events (10 events):
Event: 109.289 loading class jogamp/nativewindow/jawt/macosx/MacOSXJAWTWindow$4 done
Event: 109.347 loading class com/jogamp/nativewindow/awt/JAWTWindow$JAWTComponentListener$2
Event: 109.347 loading class com/jogamp/nativewindow/awt/JAWTWindow$JAWTComponentListener$2 done
Event: 109.349 Executing VM operation: RevokeBias
Event: 109.349 Executing VM operation: RevokeBias done
Event: 109.353 loading class jogamp/nativewindow/jawt/macosx/MacOSXJAWTWindow$1
Event: 109.353 loading class jogamp/nativewindow/jawt/macosx/MacOSXJAWTWindow$1 done
Event: 109.373 Thread 0x00007fce8a877800 flushing nmethod 0x0000000106709a90
Event: 109.375 Thread 0x00007fce8a877800 flushing nmethod 0x000000010673fd10
Event: 109.375 loading class java/awt/LightweightDispatcher$2


Dynamic libraries:
0x00007fff9ad29000 	/System/Library/Frameworks/Cocoa.framework/Versions/A/Cocoa
0x00007fff8b802000 	/System/Library/Frameworks/Security.framework/Versions/A/Security
0x00007fff98aa9000 	/System/Library/Frameworks/ApplicationServices.framework/Versions/A/ApplicationServices
0x00007fff8eb8f000 	/usr/lib/libz.1.dylib
0x00007fff9af9d000 	/usr/lib/libSystem.B.dylib
0x00007fff8a94b000 	/usr/lib/libobjc.A.dylib
0x00007fff8f62f000 	/System/Library/Frameworks/CoreFoundation.framework/Versions/A/CoreFoundation
0x00007fff93aa6000 	/System/Library/Frameworks/Foundation.framework/Versions/C/Foundation
0x00007fff9b1d4000 	/System/Library/Frameworks/AppKit.framework/Versions/C/AppKit
0x00007fff89d7e000 	/System/Library/Frameworks/CoreData.framework/Versions/A/CoreData
0x00007fff9c669000 	/System/Library/PrivateFrameworks/RemoteViewServices.framework/Versions/A/RemoteViewServices
0x00007fff9ade8000 	/System/Library/PrivateFrameworks/UIFoundation.framework/Versions/A/UIFoundation
0x00007fff95801000 	/usr/lib/libScreenReader.dylib
0x00007fff99af4000 	/System/Library/Frameworks/Accelerate.framework/Versions/A/Accelerate
0x00007fff8a0e9000 	/System/Library/Frameworks/IOSurface.framework/Versions/A/IOSurface
0x00007fff8ba9d000 	/System/Library/Frameworks/AudioToolbox.framework/Versions/A/AudioToolbox
0x00007fff9acd7000 	/System/Library/Frameworks/AudioUnit.framework/Versions/A/AudioUnit
0x00007fff8dd4f000 	/System/Library/PrivateFrameworks/DataDetectorsCore.framework/Versions/A/DataDetectorsCore
0x00007fff90ff3000 	/System/Library/PrivateFrameworks/DesktopServicesPriv.framework/Versions/A/DesktopServicesPriv
0x00007fff8c120000 	/System/Library/Frameworks/Carbon.framework/Versions/A/Frameworks/HIToolbox.framework/Versions/A/HIToolbox
0x00007fff8acfc000 	/System/Library/Frameworks/QuartzCore.framework/Versions/A/QuartzCore
0x00007fff8a8c5000 	/System/Library/Frameworks/Carbon.framework/Versions/A/Frameworks/SpeechRecognition.framework/Versions/A/SpeechRecognition
0x00007fff8bc4a000 	/usr/lib/libauto.dylib
0x00007fff8f230000 	/usr/lib/libicucore.A.dylib
0x00007fff989b9000 	/usr/lib/libxml2.2.dylib
0x00007fff9da57000 	/System/Library/PrivateFrameworks/CoreUI.framework/Versions/A/CoreUI
0x00007fff8eb3d000 	/System/Library/Frameworks/CoreAudio.framework/Versions/A/CoreAudio
0x00007fff9460d000 	/System/Library/Frameworks/DiskArbitration.framework/Versions/A/DiskArbitration
0x00007fff972ce000 	/usr/lib/liblangid.dylib
0x00007fff8acd7000 	/System/Library/PrivateFrameworks/MultitouchSupport.framework/Versions/A/MultitouchSupport
0x00007fff8b70e000 	/System/Library/Frameworks/IOKit.framework/Versions/A/IOKit
0x00007fff8bf05000 	/usr/lib/libDiagnosticMessagesClient.dylib
0x00007fff95d36000 	/System/Library/Frameworks/CoreServices.framework/Versions/A/CoreServices
0x00007fff9683e000 	/System/Library/PrivateFrameworks/PerformanceAnalysis.framework/Versions/A/PerformanceAnalysis
0x00007fff97d91000 	/System/Library/PrivateFrameworks/GenerationalStorage.framework/Versions/A/GenerationalStorage
0x00007fff96a41000 	/System/Library/Frameworks/OpenGL.framework/Versions/A/OpenGL
0x00007fff92376000 	/System/Library/PrivateFrameworks/Sharing.framework/Versions/A/Sharing
0x00007fff9c6a2000 	/System/Library/Frameworks/CoreGraphics.framework/Versions/A/CoreGraphics
0x00007fff91595000 	/System/Library/Frameworks/CoreImage.framework/Versions/A/CoreImage
0x00007fff917b8000 	/System/Library/Frameworks/CoreText.framework/Versions/A/CoreText
0x00007fff97626000 	/System/Library/Frameworks/ImageIO.framework/Versions/A/ImageIO
0x00007fff941bd000 	/System/Library/PrivateFrameworks/Backup.framework/Versions/A/Backup
0x00007fff8bc91000 	/usr/lib/libextension.dylib
0x00007fff8dc09000 	/usr/lib/libarchive.2.dylib
0x00007fff97e50000 	/System/Library/Frameworks/CFNetwork.framework/Versions/A/CFNetwork
0x00007fff93920000 	/System/Library/Frameworks/SystemConfiguration.framework/Versions/A/SystemConfiguration
0x00007fff9bdfe000 	/usr/lib/libCRFSuite.dylib
0x00007fff8f466000 	/usr/lib/libc++.1.dylib
0x00007fff8dbd1000 	/usr/lib/libc++abi.dylib
0x00007fff99537000 	/usr/lib/system/libcache.dylib
0x00007fff8ca9f000 	/usr/lib/system/libcommonCrypto.dylib
0x00007fff8a8cc000 	/usr/lib/system/libcompiler_rt.dylib
0x00007fff932ad000 	/usr/lib/system/libcopyfile.dylib
0x00007fff8fb44000 	/usr/lib/system/libcorecrypto.dylib
0x00007fff9026b000 	/usr/lib/system/libdispatch.dylib
0x00007fff9be22000 	/usr/lib/system/libdyld.dylib
0x00007fff88b57000 	/usr/lib/system/libkeymgr.dylib
0x00007fff88bcb000 	/usr/lib/system/liblaunch.dylib
0x00007fff9682d000 	/usr/lib/system/libmacho.dylib
0x00007fff8b5bb000 	/usr/lib/system/libquarantine.dylib
0x00007fff90480000 	/usr/lib/system/libremovefile.dylib
0x00007fff99c7a000 	/usr/lib/system/libsystem_asl.dylib
0x00007fff95f42000 	/usr/lib/system/libsystem_blocks.dylib
0x00007fff94325000 	/usr/lib/system/libsystem_c.dylib
0x00007fff89be3000 	/usr/lib/system/libsystem_configuration.dylib
0x00007fff88a7a000 	/usr/lib/system/libsystem_coreservices.dylib
0x00007fff97cc4000 	/usr/lib/system/libsystem_coretls.dylib
0x00007fff954c9000 	/usr/lib/system/libsystem_dnssd.dylib
0x00007fff93a00000 	/usr/lib/system/libsystem_info.dylib
0x00007fff97c44000 	/usr/lib/system/libsystem_kernel.dylib
0x00007fff9aca7000 	/usr/lib/system/libsystem_m.dylib
0x00007fff96a52000 	/usr/lib/system/libsystem_malloc.dylib
0x00007fff88840000 	/usr/lib/system/libsystem_network.dylib
0x00007fff89b9a000 	/usr/lib/system/libsystem_networkextension.dylib
0x00007fff89d58000 	/usr/lib/system/libsystem_notify.dylib
0x00007fff8d5b0000 	/usr/lib/system/libsystem_platform.dylib
0x00007fff8f5db000 	/usr/lib/system/libsystem_pthread.dylib
0x00007fff9d929000 	/usr/lib/system/libsystem_sandbox.dylib
0x00007fff8bfe4000 	/usr/lib/system/libsystem_secinit.dylib
0x00007fff93e55000 	/usr/lib/system/libsystem_trace.dylib
0x00007fff8d5ab000 	/usr/lib/system/libunc.dylib
0x00007fff97d8b000 	/usr/lib/system/libunwind.dylib
0x00007fff8c065000 	/usr/lib/system/libxpc.dylib
0x00007fff9456e000 	/usr/lib/libenergytrace.dylib
0x00007fff89b46000 	/usr/lib/libbsm.0.dylib
0x00007fff98506000 	/usr/lib/system/libkxld.dylib
0x00007fff94772000 	/usr/lib/libxar.1.dylib
0x00007fff9b00e000 	/usr/lib/libsqlite3.dylib
0x00007fff8d432000 	/usr/lib/libpam.2.dylib
0x00007fff8dbfc000 	/usr/lib/libOpenScriptingUtil.dylib
0x00007fff89bd4000 	/usr/lib/libbz2.1.0.dylib
0x00007fff97ddb000 	/usr/lib/liblzma.5.dylib
0x00007fff98446000 	/System/Library/Frameworks/CoreServices.framework/Versions/A/Frameworks/FSEvents.framework/Versions/A/FSEvents
0x00007fff88bcc000 	/System/Library/Frameworks/CoreServices.framework/Versions/A/Frameworks/CarbonCore.framework/Versions/A/CarbonCore
0x00007fff9ab5e000 	/System/Library/Frameworks/CoreServices.framework/Versions/A/Frameworks/Metadata.framework/Versions/A/Metadata
0x00007fff8dc35000 	/System/Library/Frameworks/CoreServices.framework/Versions/A/Frameworks/OSServices.framework/Versions/A/OSServices
0x00007fff988ed000 	/System/Library/Frameworks/CoreServices.framework/Versions/A/Frameworks/SearchKit.framework/Versions/A/SearchKit
0x00007fff93994000 	/System/Library/Frameworks/CoreServices.framework/Versions/A/Frameworks/AE.framework/Versions/A/AE
0x00007fff9924d000 	/System/Library/Frameworks/CoreServices.framework/Versions/A/Frameworks/LaunchServices.framework/Versions/A/LaunchServices
0x00007fff87268000 	/System/Library/Frameworks/CoreServices.framework/Versions/A/Frameworks/DictionaryServices.framework/Versions/A/DictionaryServices
0x00007fff96d82000 	/System/Library/Frameworks/CoreServices.framework/Versions/A/Frameworks/SharedFileList.framework/Versions/A/SharedFileList
0x00007fff96caf000 	/System/Library/Frameworks/NetFS.framework/Versions/A/NetFS
0x00007fff94613000 	/System/Library/PrivateFrameworks/NetAuth.framework/Versions/A/NetAuth
0x00007fff8840b000 	/System/Library/PrivateFrameworks/login.framework/Versions/A/Frameworks/loginsupport.framework/Versions/A/loginsupport
0x00007fff8d3cf000 	/System/Library/PrivateFrameworks/TCC.framework/Versions/A/TCC
0x00007fff906d9000 	/usr/lib/libmecabra.dylib
0x00007fff9af9f000 	/System/Library/Frameworks/ApplicationServices.framework/Versions/A/Frameworks/ATS.framework/Versions/A/ATS
0x00007fff9223f000 	/System/Library/Frameworks/ApplicationServices.framework/Versions/A/Frameworks/ColorSync.framework/Versions/A/ColorSync
0x00007fff88f2d000 	/System/Library/Frameworks/ApplicationServices.framework/Versions/A/Frameworks/HIServices.framework/Versions/A/HIServices
0x00007fff98b5a000 	/System/Library/Frameworks/ApplicationServices.framework/Versions/A/Frameworks/LangAnalysis.framework/Versions/A/LangAnalysis
0x00007fff91141000 	/System/Library/Frameworks/ApplicationServices.framework/Versions/A/Frameworks/PrintCore.framework/Versions/A/PrintCore
0x00007fff88a84000 	/System/Library/Frameworks/ApplicationServices.framework/Versions/A/Frameworks/QD.framework/Versions/A/QD
0x00007fff96e28000 	/System/Library/Frameworks/ApplicationServices.framework/Versions/A/Frameworks/SpeechSynthesis.framework/Versions/A/SpeechSynthesis
0x00007fff95d37000 	/System/Library/Frameworks/Metal.framework/Versions/A/Metal
0x00007fff90a7b000 	/System/Library/Frameworks/Accelerate.framework/Versions/A/Frameworks/vImage.framework/Versions/A/vImage
0x00007fff8d1ab000 	/System/Library/Frameworks/Accelerate.framework/Versions/A/Frameworks/vecLib.framework/Versions/A/vecLib
0x00007fff8e54d000 	/System/Library/Frameworks/Accelerate.framework/Versions/A/Frameworks/vecLib.framework/Versions/A/libvDSP.dylib
0x00007fff8bf2a000 	/System/Library/Frameworks/Accelerate.framework/Versions/A/Frameworks/vecLib.framework/Versions/A/libvMisc.dylib
0x00007fff8e660000 	/System/Library/Frameworks/Accelerate.framework/Versions/A/Frameworks/vecLib.framework/Versions/A/libLAPACK.dylib
0x00007fff95d7a000 	/System/Library/Frameworks/Accelerate.framework/Versions/A/Frameworks/vecLib.framework/Versions/A/libBLAS.dylib
0x00007fff99af5000 	/System/Library/Frameworks/Accelerate.framework/Versions/A/Frameworks/vecLib.framework/Versions/A/libLinearAlgebra.dylib
0x00007fff8a157000 	/System/Library/Frameworks/Accelerate.framework/Versions/A/Frameworks/vecLib.framework/Versions/A/libSparseBLAS.dylib
0x00007fff98960000 	/System/Library/PrivateFrameworks/GPUCompiler.framework/libmetal_timestamp.dylib
0x00007fff9a636000 	/System/Library/Frameworks/OpenGL.framework/Versions/A/Libraries/libCoreFSCache.dylib
0x00007fff97df6000 	/System/Library/PrivateFrameworks/IOAccelerator.framework/Versions/A/IOAccelerator
0x00007fff8b5be000 	/System/Library/Frameworks/ApplicationServices.framework/Versions/A/Frameworks/ATS.framework/Versions/A/Resources/libFontParser.dylib
0x00007fff912f7000 	/System/Library/Frameworks/ApplicationServices.framework/Versions/A/Frameworks/ATS.framework/Versions/A/Resources/libFontRegistry.dylib
0x00007fff9d9b9000 	/System/Library/PrivateFrameworks/AppleVPA.framework/Versions/A/AppleVPA
0x00007fff91398000 	/System/Library/PrivateFrameworks/AppleJPEG.framework/Versions/A/AppleJPEG
0x00007fff8ca04000 	/System/Library/Frameworks/ImageIO.framework/Versions/A/Resources/libJPEG.dylib
0x00007fff97c63000 	/System/Library/Frameworks/ImageIO.framework/Versions/A/Resources/libTIFF.dylib
0x00007fff9dba5000 	/System/Library/Frameworks/ImageIO.framework/Versions/A/Resources/libPng.dylib
0x00007fff98453000 	/System/Library/Frameworks/ImageIO.framework/Versions/A/Resources/libGIF.dylib
0x00007fff8874d000 	/System/Library/Frameworks/ImageIO.framework/Versions/A/Resources/libJP2.dylib
0x00007fff89bd1000 	/System/Library/Frameworks/ImageIO.framework/Versions/A/Resources/libRadiance.dylib
0x00007fff90482000 	/System/Library/Frameworks/CoreVideo.framework/Versions/A/CoreVideo
0x00007fff9426e000 	/System/Library/Frameworks/OpenGL.framework/Versions/A/Libraries/libGLU.dylib
0x00007fff8a064000 	/System/Library/Frameworks/OpenGL.framework/Versions/A/Libraries/libGFXShared.dylib
0x00007fff9729a000 	/System/Library/Frameworks/OpenGL.framework/Versions/A/Libraries/libGL.dylib
0x00007fff8a025000 	/System/Library/Frameworks/OpenGL.framework/Versions/A/Libraries/libGLImage.dylib
0x00007fff94054000 	/System/Library/Frameworks/OpenGL.framework/Versions/A/Libraries/libCVMSPluginSupport.dylib
0x00007fff9844f000 	/System/Library/Frameworks/OpenGL.framework/Versions/A/Libraries/libCoreVMClient.dylib
0x00007fff92008000 	/usr/lib/libcompression.dylib
0x00007fff89cc0000 	/usr/lib/libcups.2.dylib
0x00007fff8d828000 	/System/Library/Frameworks/Kerberos.framework/Versions/A/Kerberos
0x00007fff8d709000 	/System/Library/Frameworks/GSS.framework/Versions/A/GSS
0x00007fff94551000 	/usr/lib/libresolv.9.dylib
0x00007fff9719a000 	/usr/lib/libiconv.2.dylib
0x00007fff9c5d3000 	/System/Library/PrivateFrameworks/Heimdal.framework/Versions/A/Heimdal
0x00007fff8eb37000 	/usr/lib/libheimdal-asn1.dylib
0x00007fff93e97000 	/System/Library/Frameworks/OpenDirectory.framework/Versions/A/OpenDirectory
0x00007fff89b7d000 	/System/Library/PrivateFrameworks/CommonAuth.framework/Versions/A/CommonAuth
0x00007fff954d2000 	/System/Library/Frameworks/OpenDirectory.framework/Versions/A/Frameworks/CFOpenDirectory.framework/Versions/A/CFOpenDirectory
0x00007fff942b0000 	/System/Library/Frameworks/SecurityFoundation.framework/Versions/A/SecurityFoundation
0x00007fff9b12c000 	/System/Library/PrivateFrameworks/LanguageModeling.framework/Versions/A/LanguageModeling
0x00007fff91265000 	/usr/lib/libmarisa.dylib
0x00007fff8d883000 	/usr/lib/libChineseTokenizer.dylib
0x00007fff8ca29000 	/usr/lib/libcmph.dylib
0x00007fff904c4000 	/System/Library/Frameworks/ServiceManagement.framework/Versions/A/ServiceManagement
0x00007fff8fc02000 	/usr/lib/libxslt.1.dylib
0x00007fff901d5000 	/System/Library/Frameworks/Carbon.framework/Versions/A/Frameworks/Ink.framework/Versions/A/Ink
0x00007fff8848b000 	/usr/lib/libFosl_dynamic.dylib
0x00007fff8eba1000 	/System/Library/PrivateFrameworks/FaceCore.framework/Versions/A/FaceCore
0x00007fff9061d000 	/System/Library/Frameworks/OpenCL.framework/Versions/A/OpenCL
0x00007fff8a0ab000 	/System/Library/PrivateFrameworks/CrashReporterSupport.framework/Versions/A/CrashReporterSupport
0x00007fff906b6000 	/System/Library/PrivateFrameworks/IconServices.framework/Versions/A/IconServices
0x00007fff8acb7000 	/System/Library/PrivateFrameworks/Apple80211.framework/Versions/A/Apple80211
0x00007fff8d9a0000 	/System/Library/Frameworks/CoreWLAN.framework/Versions/A/CoreWLAN
0x00007fff99c92000 	/System/Library/Frameworks/IOBluetooth.framework/Versions/A/IOBluetooth
0x00007fff97d23000 	/System/Library/PrivateFrameworks/CoreWiFi.framework/Versions/A/CoreWiFi
0x00007fff8d814000 	/System/Library/Frameworks/CoreBluetooth.framework/Versions/A/CoreBluetooth
0x00007fff8bfe6000 	/System/Library/PrivateFrameworks/ChunkingLibrary.framework/Versions/A/ChunkingLibrary
0x00007fff9a5fb000 	/System/Library/PrivateFrameworks/DebugSymbols.framework/Versions/A/DebugSymbols
0x00007fff88382000 	/System/Library/PrivateFrameworks/CoreSymbolication.framework/Versions/A/CoreSymbolication
0x00007fff96d31000 	/System/Library/PrivateFrameworks/Symbolication.framework/Versions/A/Symbolication
0x00007fff97026000 	/System/Library/PrivateFrameworks/SpeechRecognitionCore.framework/Versions/A/SpeechRecognitionCore
0x0000000105158000 	/System/Library/CoreServices/Encodings/libCyrillicConverter.dylib
0x000000010518e000 	/Library/Java/JavaVirtualMachines/jdk1.8.0_181.jdk/Contents/Home/jre/lib/server/libjvm.dylib
0x00007fff8a841000 	/usr/lib/libstdc++.6.dylib
0x0000000106146000 	/Library/Java/JavaVirtualMachines/jdk1.8.0_181.jdk/Contents/Home/jre/lib/libverify.dylib
0x0000000106154000 	/Library/Java/JavaVirtualMachines/jdk1.8.0_181.jdk/Contents/Home/jre/lib/libjava.dylib
0x0000000106194000 	/Library/Java/JavaVirtualMachines/jdk1.8.0_181.jdk/Contents/Home/jre/lib/libzip.dylib
0x000000011acb8000 	/Library/Java/JavaVirtualMachines/jdk1.8.0_181.jdk/Contents/Home/jre/lib/libawt.dylib
0x000000011ad62000 	/Library/Java/JavaVirtualMachines/jdk1.8.0_181.jdk/Contents/Home/jre/lib/./libmlib_image.dylib
0x000000011ae2e000 	/System/Library/Frameworks/JavaVM.framework/Versions/A/Frameworks/JavaNativeFoundation.framework/Versions/A/JavaNativeFoundation
0x000000011ae43000 	/System/Library/Frameworks/JavaVM.framework/Versions/A/Frameworks/JavaRuntimeSupport.framework/Versions/A/JavaRuntimeSupport
0x000000011ae5e000 	/System/Library/Frameworks/JavaVM.framework/Versions/A/JavaVM
0x000000011ae6b000 	/System/Library/PrivateFrameworks/JavaLaunching.framework/Versions/A/JavaLaunching
0x00007fff917b7000 	/System/Library/Frameworks/Carbon.framework/Versions/A/Carbon
0x00007fff97cbf000 	/System/Library/Frameworks/Carbon.framework/Versions/A/Frameworks/CommonPanels.framework/Versions/A/CommonPanels
0x00007fff8da0c000 	/System/Library/Frameworks/Carbon.framework/Versions/A/Frameworks/Help.framework/Versions/A/Help
0x00007fff94627000 	/System/Library/Frameworks/Carbon.framework/Versions/A/Frameworks/ImageCapture.framework/Versions/A/ImageCapture
0x00007fff909d1000 	/System/Library/Frameworks/Carbon.framework/Versions/A/Frameworks/OpenScripting.framework/Versions/A/OpenScripting
0x00007fff88489000 	/System/Library/Frameworks/Carbon.framework/Versions/A/Frameworks/Print.framework/Versions/A/Print
0x00007fff8f43e000 	/System/Library/Frameworks/Carbon.framework/Versions/A/Frameworks/SecurityHI.framework/Versions/A/SecurityHI
0x000000011ae77000 	/Library/Java/JavaVirtualMachines/jdk1.8.0_181.jdk/Contents/Home/jre/lib/libawt_lwawt.dylib
0x000000011af31000 	/Library/Java/JavaVirtualMachines/jdk1.8.0_181.jdk/Contents/Home/jre/lib/./libosxapp.dylib
0x00007fff9c666000 	/System/Library/Frameworks/ExceptionHandling.framework/Versions/A/ExceptionHandling
0x00007fff94057000 	/System/Library/PrivateFrameworks/CoreServicesInternal.framework/Versions/A/CoreServicesInternal
0x00007fff9af67000 	/System/Library/Frameworks/CoreGraphics.framework/Versions/A/Resources/libRIP.A.dylib
0x00007fff8ca40000 	/System/Library/Frameworks/Accelerate.framework/Versions/A/Frameworks/vImage.framework/Versions/A/Libraries/libCGInterfaces.dylib
0x00007fff8e00a000 	/System/Library/Frameworks/CoreGraphics.framework/Versions/A/Resources/libCGXType.A.dylib
0x00007fff8a302000 	/System/Library/Frameworks/OpenCL.framework/Versions/A/Libraries/libcldcpuengine.dylib
0x00007fff9118e000 	/System/Library/PrivateFrameworks/DiskImages.framework/Versions/A/DiskImages
0x00007fff8dc94000 	/System/Library/Frameworks/DiscRecording.framework/Versions/A/DiscRecording
0x00007fff88ff7000 	/usr/lib/libcsfde.dylib
0x00007fff98b09000 	/usr/lib/libcurl.4.dylib
0x00007fff912c3000 	/System/Library/PrivateFrameworks/MediaKit.framework/Versions/A/MediaKit
0x00007fff96e41000 	/System/Library/PrivateFrameworks/ProtectedCloudStorage.framework/Versions/A/ProtectedCloudStorage
0x00007fff8c08f000 	/usr/lib/libCoreStorage.dylib
0x00007fff9895d000 	/System/Library/PrivateFrameworks/EFILogin.framework/Versions/A/EFILogin
0x00007fff97abb000 	/usr/lib/libutil.dylib
0x00007fff8eaeb000 	/System/Library/PrivateFrameworks/FindMyDevice.framework/Versions/A/FindMyDevice
0x00007fff8980d000 	/System/Library/Frameworks/LDAP.framework/Versions/A/LDAP
0x00007fff89b87000 	/usr/lib/libsasl2.2.dylib
0x00007fff9ac66000 	/System/Library/PrivateFrameworks/CoreDaemon.framework/Versions/B/CoreDaemon
0x00007fff9462d000 	/usr/lib/libcrypto.0.9.8.dylib
0x00007fff939ea000 	/System/Library/PrivateFrameworks/AppleSRP.framework/Versions/A/AppleSRP
0x00007fff89b2b000 	/System/Library/PrivateFrameworks/TrustEvaluationAgent.framework/Versions/A/TrustEvaluationAgent
0x000000011c64b000 	cl_kernels
0x00007fff8a16f000 	/System/Library/Frameworks/OpenCL.framework/Versions/A/Libraries/ImageFormats/unorm8_bgra.dylib
0x00007fff93ef5000 	/System/Library/Frameworks/OpenCL.framework/Versions/A/Libraries/ImageFormats/unorm8_rgba.dylib
0x00007fff8d3ac000 	/System/Library/PrivateFrameworks/FamilyControls.framework/Versions/A/FamilyControls
0x00007fff939f3000 	/System/Library/PrivateFrameworks/CommerceKit.framework/Versions/A/Frameworks/CommerceCore.framework/Versions/A/CommerceCore
0x00007fff95f61000 	/System/Library/PrivateFrameworks/SystemAdministration.framework/Versions/A/SystemAdministration
0x00007fff8eb05000 	/System/Library/PrivateFrameworks/AppContainer.framework/Versions/A/AppContainer
0x00007fff9dba2000 	/System/Library/PrivateFrameworks/SecCodeWrapper.framework/Versions/A/SecCodeWrapper
0x00007fff96e35000 	/System/Library/Frameworks/DirectoryService.framework/Versions/A/DirectoryService
0x00007fff8d451000 	/System/Library/PrivateFrameworks/LoginUIKit.framework/Versions/A/Frameworks/LoginUICore.framework/Versions/A/LoginUICore
0x00007fff8e008000 	/usr/lib/libodfde.dylib
0x00007fff8aecb000 	/System/Library/Frameworks/OpenGL.framework/Versions/A/Resources/GLEngine.bundle/GLEngine
0x00007fff8da18000 	/System/Library/Frameworks/OpenGL.framework/Versions/A/Libraries/libGLProgrammability.dylib
0x000000011d665000 	/System/Library/Extensions/GeForceTeslaGLDriver.bundle/Contents/MacOS/GeForceTeslaGLDriver
0x000000011f223000 	/System/Library/Extensions/GeForceTeslaGLDriver.bundle/Contents/MacOS/libclh.dylib
0x00007fff97c10000 	/System/Library/PrivateFrameworks/GPUSupport.framework/Versions/A/Libraries/libGPUSupport.dylib
0x00007fff93a7b000 	/System/Library/Frameworks/OpenGL.framework/Versions/A/Resources/GLRendererFloat.bundle/GLRendererFloat
0x000000011ffbb000 	/Library/Java/JavaVirtualMachines/jdk1.8.0_181.jdk/Contents/Home/jre/lib/libfontmanager.dylib
0x000000011fb45000 	/Library/Java/JavaVirtualMachines/jdk1.8.0_181.jdk/Contents/Home/jre/lib/libosxui.dylib
0x000000012284b000 	/Library/Java/JavaVirtualMachines/jdk1.8.0_181.jdk/Contents/Home/jre/lib/libnet.dylib
0x00000001228aa000 	/Library/Java/JavaVirtualMachines/jdk1.8.0_181.jdk/Contents/Home/jre/lib/libnio.dylib
0x00007fff9ac74000 	/System/Library/Frameworks/ApplicationServices.framework/Versions/A/Frameworks/ATS.framework/Versions/A/Resources/libTrueTypeScaler.dylib
0x000000011be4b000 	/private/var/folders/j0/y00zbzts2y705611_794rs200000gn/T/jogamp_0000/file_cache/jln4152012519508952745/jln7755641815539893107/libgluegen-rt.jnilib
0x000000011be50000 	/private/var/folders/j0/y00zbzts2y705611_794rs200000gn/T/jogamp_0000/file_cache/jln4152012519508952745/jln7755641815539893107/libnativewindow_awt.jnilib
0x000000011be53000 	/Library/Java/JavaVirtualMachines/jdk1.8.0_181.jdk/Contents/Home/jre/lib/libjawt.dylib
0x000000011be5c000 	/private/var/folders/j0/y00zbzts2y705611_794rs200000gn/T/jogamp_0000/file_cache/jln4152012519508952745/jln7755641815539893107/libnativewindow_macosx.jnilib
0x000000018ae9e000 	/private/var/folders/j0/y00zbzts2y705611_794rs200000gn/T/jogamp_0000/file_cache/jln4152012519508952745/jln7755641815539893107/libjogl_desktop.jnilib
0x0000000189f4b000 	/Library/Java/JavaVirtualMachines/jdk1.8.0_181.jdk/Contents/Home/jre/lib/libt2k.dylib

VM Arguments:
jvm_args: -Djava.security.policy=java.policy.applet -Dfile.encoding=UTF-8 
java_command: sun.applet.AppletViewer module6.AirportMap1538320166353.html
java_class_path (initial): /Library/Java/JavaVirtualMachines/jdk1.8.0_181.jdk/Contents/Home/jre/lib/resources.jar:/Library/Java/JavaVirtualMachines/jdk1.8.0_181.jdk/Contents/Home/jre/lib/rt.jar:/Library/Java/JavaVirtualMachines/jdk1.8.0_181.jdk/Contents/Home/jre/lib/jsse.jar:/Library/Java/JavaVirtualMachines/jdk1.8.0_181.jdk/Contents/Home/jre/lib/jce.jar:/Library/Java/JavaVirtualMachines/jdk1.8.0_181.jdk/Contents/Home/jre/lib/charsets.jar:/Library/Java/JavaVirtualMachines/jdk1.8.0_181.jdk/Contents/Home/jre/lib/jfr.jar:/Library/Java/JavaVirtualMachines/jdk1.8.0_181.jdk/Contents/Home/jre/lib/ext/cldrdata.jar:/Library/Java/JavaVirtualMachines/jdk1.8.0_181.jdk/Contents/Home/jre/lib/ext/dnsns.jar:/Library/Java/JavaVirtualMachines/jdk1.8.0_181.jdk/Contents/Home/jre/lib/ext/jaccess.jar:/Library/Java/JavaVirtualMachines/jdk1.8.0_181.jdk/Contents/Home/jre/lib/ext/jfxrt.jar:/Library/Java/JavaVirtualMachines/jdk1.8.0_181.jdk/Contents/Home/jre/lib/ext/localedata.jar:/Library/Java/JavaVirtualMachines/jdk1.8.0_181.jdk/Contents/Home/jre/lib/ext/nashorn.jar:/Library/Java/JavaVirtualMachines/jdk1.8.0_181.jdk/Contents/Home/jre/lib/ext/sunec.jar:/Library/Java/JavaVirtualMachines/jdk1.8.0_181.jdk/Contents/Home/jre/lib/ext/sunjce_provider.jar:/Library/Java/JavaVirtualMachines/jdk1.8.0_181.jdk/Contents/Home/jre/lib/ext/sunpkcs11.jar:/Library/Java/JavaVirtualMachines/jdk1.8.0_181.jdk/Contents/Home/jre/lib/ext/zipfs.jar:/System/Library/Java/Extensions/MRJToolkit.jar:/Users/hel/eclipse-workspace/UCSDUnfoldingMaps/build:/Users/hel/eclipse-workspace/UCSDUnfoldingMaps/lib/core.jar:/Users/hel/eclipse-workspace/UCSDUnfoldingMaps/lib/gluegen-rt.jar:/Users/hel/eclipse-workspace/UCSDUnfoldingMaps/lib/jogl-all.jar:/Users/hel/eclipse-workspace/UCSDUnfoldingMaps/lib/log4j-1.2.15.jar:/Users/hel/eclipse-workspace/UCSDUnfoldingMaps/lib/sqlite-jdbc-3.7.2.jar:/Users/hel/eclipse-workspace/UCSDUnfoldingMaps/lib/json4processing.jar:/Users/hel/eclipse-workspace/UCSDUnfoldingMaps/lib/libTUIO.jar:/Users/hel/ec
Launcher Type: SUN_STANDARD

Environment Variables:
PATH=/usr/bin:/bin:/usr/sbin:/sbin
SHELL=/bin/bash
DISPLAY=/private/tmp/com.apple.launchd.kT2AxtNqQ7/org.macosforge.xquartz:0

Signal Handlers:
SIGSEGV: [libjvm.dylib+0x5b6029], sa_mask[0]=11111111011111110111111111111111, sa_flags=SA_ONSTACK|SA_RESTART|SA_SIGINFO
SIGBUS: [libjvm.dylib+0x5b6029], sa_mask[0]=11111111011111110111111111111111, sa_flags=SA_RESTART|SA_SIGINFO
SIGFPE: [libjvm.dylib+0x48b934], sa_mask[0]=11111111011111110111111111111111, sa_flags=SA_RESTART|SA_SIGINFO
SIGPIPE: [libjvm.dylib+0x48b934], sa_mask[0]=11111111011111110111111111111111, sa_flags=SA_RESTART|SA_SIGINFO
SIGXFSZ: [libjvm.dylib+0x48b934], sa_mask[0]=11111111011111110111111111111111, sa_flags=SA_RESTART|SA_SIGINFO
SIGILL: [libjvm.dylib+0x48b934], sa_mask[0]=11111111011111110111111111111111, sa_flags=SA_RESTART|SA_SIGINFO
SIGUSR1: SIG_DFL, sa_mask[0]=00000000000000000000000000000000, sa_flags=none
SIGUSR2: [libjvm.dylib+0x48b452], sa_mask[0]=00100000000000000000000000000000, sa_flags=SA_RESTART|SA_SIGINFO
SIGHUP: [libjvm.dylib+0x489a1d], sa_mask[0]=11111111011111110111111111111111, sa_flags=SA_RESTART|SA_SIGINFO
SIGINT: [libjvm.dylib+0x489a1d], sa_mask[0]=11111111011111110111111111111111, sa_flags=SA_RESTART|SA_SIGINFO
SIGTERM: [libjvm.dylib+0x489a1d], sa_mask[0]=11111111011111110111111111111111, sa_flags=SA_RESTART|SA_SIGINFO
SIGQUIT: [libjvm.dylib+0x489a1d], sa_mask[0]=11111111011111110111111111111111, sa_flags=SA_RESTART|SA_SIGINFO


---------------  S Y S T E M  ---------------

OS:Bsduname:Darwin 15.6.0 Darwin Kernel Version 15.6.0: Thu Jun 21 20:07:40 PDT 2018; root:xnu-3248.73.11~1/RELEASE_X86_64 x86_64
rlimit: STACK 8192k, CORE 0k, NPROC 709, NOFILE 10240, AS infinity
load average:8.40 5.59 4.00

CPU:total 2 (initial active 2) (2 cores per cpu, 1 threads per core) family 6 model 23 stepping 10, cmov, cx8, fxsr, mmx, sse, sse2, sse3, ssse3, sse4.1, tsc

Memory: 4k page, physical 4194304k(42504k free)

/proc/meminfo:


vm_info: Java HotSpot(TM) 64-Bit Server VM (25.181-b13) for bsd-amd64 JRE (1.8.0_181-b13), built on Jul  7 2018 01:02:31 by "java_re" with gcc 4.2.1 (Based on Apple Inc. build 5658) (LLVM build 2336.11.00)

time: Sun Sep 30 17:11:16 2018
elapsed time: 109 seconds (0d 0h 1m 49s)

