#
# A fatal error has been detected by the Java Runtime Environment:
#
#  SIGSEGV (0xb) at pc=0x00007fff865634dd, pid=1240, tid=0x0000000000000a0b
#
# JRE version: Java(TM) SE Runtime Environment (8.0_181-b13) (build 1.8.0_181-b13)
# Java VM: Java HotSpot(TM) 64-Bit Server VM (25.181-b13 mixed mode bsd-amd64 compressed oops)
# Problematic frame:
# C  [libobjc.A.dylib+0x14dd]  objc_msgSend+0x1d
#
# Failed to write core dump. Core dumps have been disabled. To enable core dumping, try "ulimit -c unlimited" before starting Java again
#
# If you would like to submit a bug report, please visit:
#   http://bugreport.java.com/bugreport/crash.jsp
# The crash happened outside the Java Virtual Machine in native code.
# See problematic frame for where to report the bug.
#

---------------  T H R E A D  ---------------

Current thread (0x00007faf04121000):  JavaThread "AWT-AppKit" daemon [_thread_in_native, id=2571, stack(0x00007fff537ee000,0x00007fff53fee000)]

siginfo: si_signo: 11 (SIGSEGV), si_code: 1 (SEGV_MAPERR), si_addr: 0x0000000000000018

Registers:
RAX=0x00007faf0618e2c0, RBX=0x0000000127b64450, RCX=0x0000000122a57600, RDX=0x0000000122b514c0
RSP=0x00007fff53fe8da8, RBP=0x00007fff53fe8e60, RSI=0x00007fff8bde4cbe, RDI=0x00007faf037057c0
R8 =0x0000000000000000, R9 =0x0000000000000000, R10=0x00007fff8bde4cbe, R11=0x0000000000000000
R12=0x0000000000000000, R13=0x0000000191ae6dd0, R14=0x0000000127b64440, R15=0x00007faf04121000
RIP=0x00007fff865634dd, EFLAGS=0x0000000000010246, ERR=0x0000000000000004
  TRAPNO=0x000000000000000e

Top of Stack: (sp=0x00007fff53fe8da8)
0x00007fff53fe8da8:   0000000127b62157 00007fff53fe8e00
0x00007fff53fe8db8:   0000000000000003 00007fff53fe8de0
0x00007fff53fe8dc8:   000000010bfd764e 0000000191ae6dd0
0x00007fff53fe8dd8:   0000000191ae6dd0 00007faf0618e2c0
0x00007fff53fe8de8:   0000000127b646a0 0000000127b64710
0x00007fff53fe8df8:   00007fff74997770 00007fff73e98500
0x00007fff53fe8e08:   0000000127b64450 0000000127b64690
0x00007fff53fe8e18:   00007faf0618e2c0 00007faf037057c0
0x00007fff53fe8e28:   00007faf03554850 00007faf0618e2c0
0x00007fff53fe8e38:   00007faf037057c0 00007fff53fe8ee8
0x00007fff53fe8e48:   00007faf041211f8 0000000191ae6dd0
0x00007fff53fe8e58:   00007fff53fe8f10 00007fff53fe8ed8
0x00007fff53fe8e68:   000000010d416087 0000000191ae6dd0
0x00007fff53fe8e78:   00007fff53fe8f10 00007fff53fe8ed8
0x00007fff53fe8e88:   000000010d415de7 000000010d415da2
0x00007fff53fe8e98:   00007fff53fe8e98 0000000191ae6dd0
0x00007fff53fe8ea8:   00007fff53fe8f10 0000000191ae9a08
0x00007fff53fe8eb8:   0000000000000000 0000000191ae6dd0
0x00007fff53fe8ec8:   0000000000000000 00007fff53fe8ef8
0x00007fff53fe8ed8:   00007fff53fe8f58 000000010d407ffd
0x00007fff53fe8ee8:   0000000780839958 000000010d411a58
0x00007fff53fe8ef8:   00007faf0618e2c0 00007fff53fe8f58
0x00007fff53fe8f08:   00007faf037057c0 000000010d4134c2
0x00007fff53fe8f18:   00007fff53fe8f18 0000000191ae6f9a
0x00007fff53fe8f28:   00007fff53fe8f80 0000000191ae9a08
0x00007fff53fe8f38:   0000000000000000 0000000191ae6fa8
0x00007fff53fe8f48:   00007fff53fe8ef8 00007fff53fe8f68
0x00007fff53fe8f58:   00007fff53fe8fc8 000000010d407ffd
0x00007fff53fe8f68:   00007faf0618e2c0 0000000780da8110
0x00007fff53fe8f78:   00007faf037057c0 0000000780da8110
0x00007fff53fe8f88:   00007fff53fe8f88 0000000194487ef6
0x00007fff53fe8f98:   00007fff53fe8fd8 0000000194487fb0 

Instructions: (pc=0x00007fff865634dd)
0x00007fff865634bd:   44 00 00 48 85 ff 2e 74 62 40 f6 c7 01 2e 75 66
0x00007fff865634cd:   49 bb f8 ff ff ff ff 7f 00 00 4c 23 1f 49 89 f2
0x00007fff865634dd:   45 23 53 18 49 c1 e2 04 4d 03 53 10 49 3b 32 75
0x00007fff865634ed:   04 41 ff 62 08 49 83 3a 01 76 0d 49 83 c2 10 49 

Register to memory mapping:

RAX=0x00007faf0618e2c0 is an unknown value
RBX=0x0000000127b64450: Java_jogamp_nativewindow_macosx_OSXUtil_GetScreenRefreshRate0+0x1cf0 in /private/var/folders/j0/y00zbzts2y705611_794rs200000gn/T/jogamp_0000/file_cache/jln5877325302540350960/jln4021137816646211259/libnativewindow_macosx.jnilib at 0x0000000127b5d000
RCX=0x0000000122a57600 is an unknown value
RDX=0x0000000122b514c0 is an unknown value
RSP=0x00007fff53fe8da8 is pointing into the stack for thread: 0x00007faf04121000
RBP=0x00007fff53fe8e60 is pointing into the stack for thread: 0x00007faf04121000
RSI=0x00007fff8bde4cbe is an unknown value
RDI=0x00007faf037057c0 is an unknown value
R8 =0x0000000000000000 is an unknown value
R9 =0x0000000000000000 is an unknown value
R10=0x00007fff8bde4cbe is an unknown value
R11=0x0000000000000000 is an unknown value
R12=0x0000000000000000 is an unknown value
R13={method} {0x0000000191ae6dd0} 'UnsetJAWTRootSurfaceLayer0' '(JJ)V' in 'jogamp/nativewindow/jawt/macosx/MacOSXJAWTWindow'
R14=0x0000000127b64440: Java_jogamp_nativewindow_macosx_OSXUtil_GetScreenRefreshRate0+0x1ce0 in /private/var/folders/j0/y00zbzts2y705611_794rs200000gn/T/jogamp_0000/file_cache/jln5877325302540350960/jln4021137816646211259/libnativewindow_macosx.jnilib at 0x0000000127b5d000
R15=0x00007faf04121000 is a thread


Stack: [0x00007fff537ee000,0x00007fff53fee000],  sp=0x00007fff53fe8da8,  free space=8171k
Native frames: (J=compiled Java code, j=interpreted, Vv=VM code, C=native code)
C  [libobjc.A.dylib+0x14dd]  objc_msgSend+0x1d
j  jogamp.nativewindow.jawt.macosx.MacOSXJAWTWindow.UnsetJAWTRootSurfaceLayer0(JJ)V+0
j  jogamp.nativewindow.jawt.macosx.MacOSXJAWTWindow.access$200(JJ)V+2
j  jogamp.nativewindow.jawt.macosx.MacOSXJAWTWindow$1.run()V+38
J 2342 C1 com.jogamp.common.util.RunnableTask.run()V (345 bytes) @ 0x000000010dba95b4 [0x000000010dba9420+0x194]
v  ~StubRoutines::call_stub
V  [libjvm.dylib+0x2efcba]  JavaCalls::call_helper(JavaValue*, methodHandle*, JavaCallArguments*, Thread*)+0x6ae
V  [libjvm.dylib+0x326ff8]  jni_invoke_nonstatic(JNIEnv_*, JavaValue*, _jobject*, JNICallType, _jmethodID*, JNI_ArgumentPusher*, Thread*)+0x2ec
V  [libjvm.dylib+0x3197db]  jni_CallVoidMethod+0x16b
C  [libnativewindow_macosx.jnilib+0x5326]  Java_jogamp_nativewindow_jawt_macosx_MacOSXJAWTWindow_UnsetJAWTRootSurfaceLayer0+0x2b6
C  [Foundation+0x76dbe]  __NSThreadPerformPerform+0x117
C  [CoreFoundation+0xaa7e1]  __CFRUNLOOP_IS_CALLING_OUT_TO_A_SOURCE0_PERFORM_FUNCTION__+0x11
C  [CoreFoundation+0x89f0c]  __CFRunLoopDoSources0+0x22c
C  [CoreFoundation+0x8942f]  __CFRunLoopRun+0x39f
C  [CoreFoundation+0x88e28]  CFRunLoopRunSpecific+0x128
C  [HIToolbox+0x30935]  RunCurrentEventLoopInMode+0xeb
C  [HIToolbox+0x30677]  ReceiveNextEventCommon+0xb8
C  [HIToolbox+0x305af]  _BlockUntilNextEventMatchingListInModeWithFilter+0x47
C  [AppKit+0x48df6]  _DPSNextEvent+0x42b
C  [AppKit+0x48226]  -[NSApplication _nextEventMatchingEventMask:untilDate:inMode:dequeue:]+0x1c6
C  [libosxapp.dylib+0x2328]  -[NSApplicationAWT nextEventMatchingMask:untilDate:inMode:dequeue:]+0x7c
C  [AppKit+0x3cd80]  -[NSApplication run]+0x2aa
C  [libosxapp.dylib+0x1f72]  +[NSApplicationAWT runAWTLoopWithApp:]+0x9c
C  [libawt_lwawt.dylib+0x4711f]  -[AWTStarter starter:]+0x389
C  [Foundation+0x76dbe]  __NSThreadPerformPerform+0x117
C  [CoreFoundation+0xaa7e1]  __CFRUNLOOP_IS_CALLING_OUT_TO_A_SOURCE0_PERFORM_FUNCTION__+0x11
C  [CoreFoundation+0x89f0c]  __CFRunLoopDoSources0+0x22c
C  [CoreFoundation+0x8942f]  __CFRunLoopRun+0x39f
C  [CoreFoundation+0x88e28]  CFRunLoopRunSpecific+0x128
C  [java+0x646e]  CreateExecutionEnvironment+0x367
C  [java+0x203c]  JLI_Launch+0x7a0
C  [java+0x84cb]  main+0x65
C  [java+0x1894]  start+0x34
C  0x0000000000000007

Java frames: (J=compiled Java code, j=interpreted, Vv=VM code)
j  jogamp.nativewindow.jawt.macosx.MacOSXJAWTWindow.UnsetJAWTRootSurfaceLayer0(JJ)V+0
j  jogamp.nativewindow.jawt.macosx.MacOSXJAWTWindow.access$200(JJ)V+2
j  jogamp.nativewindow.jawt.macosx.MacOSXJAWTWindow$1.run()V+38
J 2342 C1 com.jogamp.common.util.RunnableTask.run()V (345 bytes) @ 0x000000010dba95b4 [0x000000010dba9420+0x194]
v  ~StubRoutines::call_stub

---------------  P R O C E S S  ---------------

Java Threads: ( => current thread )
  0x00007faf07748000 JavaThread "Thread-19" [_thread_blocked, id=65323, stack(0x0000700000d41000,0x0000700000e41000)]
  0x00007faf043d3800 JavaThread "AWT-EventQueue-1" [_thread_blocked, id=56639, stack(0x000070000155f000,0x000070000165f000)]
  0x00007faf04008800 JavaThread "DestroyJavaVM" [_thread_blocked, id=5891, stack(0x000070000011a000,0x000070000021a000)]
  0x00007faf03c6c800 JavaThread "AWT-EventQueue-0" [_thread_blocked, id=55043, stack(0x0000700001359000,0x0000700001459000)]
  0x00007faf03c38000 JavaThread "Java2D Disposer" daemon [_thread_blocked, id=51719, stack(0x00007000010d0000,0x00007000011d0000)]
  0x00007faf03b56800 JavaThread "Java2D Queue Flusher" daemon [_thread_blocked, id=48135, stack(0x0000700000fcd000,0x00007000010cd000)]
  0x00007faf03ae9000 JavaThread "AWT-Shutdown" [_thread_blocked, id=28691, stack(0x0000700000e47000,0x0000700000f47000)]
=>0x00007faf04121000 JavaThread "AWT-AppKit" daemon [_thread_in_native, id=2571, stack(0x00007fff537ee000,0x00007fff53fee000)]
  0x00007faf03890800 JavaThread "Service Thread" daemon [_thread_blocked, id=17155, stack(0x0000700000b3b000,0x0000700000c3b000)]
  0x00007faf03885800 JavaThread "C1 CompilerThread1" daemon [_thread_blocked, id=16643, stack(0x0000700000a38000,0x0000700000b38000)]
  0x00007faf03838000 JavaThread "C2 CompilerThread0" daemon [_thread_blocked, id=16131, stack(0x0000700000935000,0x0000700000a35000)]
  0x00007faf04026000 JavaThread "Signal Dispatcher" daemon [_thread_blocked, id=15379, stack(0x0000700000832000,0x0000700000932000)]
  0x00007faf03866000 JavaThread "Finalizer" daemon [_thread_blocked, id=11267, stack(0x0000700000629000,0x0000700000729000)]
  0x00007faf03865000 JavaThread "Reference Handler" daemon [_thread_blocked, id=10755, stack(0x0000700000526000,0x0000700000626000)]

Other Threads:
  0x00007faf0385e800 VMThread [stack: 0x0000700000423000,0x0000700000523000] [id=10243]
  0x00007faf03868000 WatcherThread [stack: 0x0000700000c3e000,0x0000700000d3e000] [id=17667]

VM state:not at safepoint (normal execution)

VM Mutex/Monitor currently owned by a thread: None

Heap:
 PSYoungGen      total 59392K, used 2458K [0x00000007aab00000, 0x00000007af800000, 0x00000007c0000000)
  eden space 56320K, 4% used [0x00000007aab00000,0x00000007aad4e8d8,0x00000007ae200000)
  from space 3072K, 3% used [0x00000007af500000,0x00000007af518000,0x00000007af800000)
  to   space 11264K, 0% used [0x00000007ae200000,0x00000007ae200000,0x00000007aed00000)
 ParOldGen       total 43520K, used 15416K [0x0000000780000000, 0x0000000782a80000, 0x00000007aab00000)
  object space 43520K, 35% used [0x0000000780000000,0x0000000780f0e1a0,0x0000000782a80000)
 Metaspace       used 21253K, capacity 21649K, committed 22016K, reserved 1069056K
  class space    used 2115K, capacity 2224K, committed 2304K, reserved 1048576K

Card table byte_map: [0x000000011c7c0000,0x000000011c9c1000] byte_map_base: 0x0000000118bc0000

Marking Bits: (ParMarkBitMap*) 0x000000010c78dcd0
 Begin Bits: [0x000000011c9c1000, 0x000000011d9c1000)
 End Bits:   [0x000000011d9c1000, 0x000000011e9c1000)

Polling page: 0x000000010ce90000

CodeCache: size=245760Kb used=8922Kb max_used=8934Kb free=236837Kb
 bounds [0x000000010d400000, 0x000000010dcd0000, 0x000000011c400000]
 total_blobs=3509 nmethods=2596 adapters=828
 compilation: enabled

Compilation events (10 events):
Event: 42.508 Thread 0x00007faf03838000 2692       4       processing.opengl.PJOGL::getError (10 bytes)
Event: 42.510 Thread 0x00007faf03838000 nmethod 2692 0x000000010dcba590 code [0x000000010dcba700, 0x000000010dcba848]
Event: 43.077 Thread 0x00007faf03838000 2693       4       processing.opengl.PGraphicsOpenGL::lightFalloff (16 bytes)
Event: 43.078 Thread 0x00007faf03838000 nmethod 2693 0x000000010dcab350 code [0x000000010dcab4a0, 0x000000010dcab518]
Event: 44.039 Thread 0x00007faf03885800 2694       3       java.awt.Rectangle::intersection (180 bytes)
Event: 44.040 Thread 0x00007faf03885800 nmethod 2694 0x000000010dcb9c10 code [0x000000010dcb9da0, 0x000000010dcba2d0]
Event: 44.125 Thread 0x00007faf03885800 2695       1       java.awt.Component::getTreeLock (4 bytes)
Event: 44.125 Thread 0x00007faf03885800 nmethod 2695 0x000000010dcb9890 code [0x000000010dcb99e0, 0x000000010dcb9af0]
Event: 44.126 Thread 0x00007faf03838000 2696  s    4       sun.misc.URLClassPath::getNextLoader (88 bytes)
Event: 44.136 Thread 0x00007faf03838000 nmethod 2696 0x000000010dcbd490 code [0x000000010dcbd600, 0x000000010dcbdd98]

GC Heap History (10 events):
Event: 20.616 GC heap before
{Heap before GC invocations=3 (full 0):
 PSYoungGen      total 18944K, used 18928K [0x00000007aab00000, 0x00000007ac000000, 0x00000007c0000000)
  eden space 16384K, 100% used [0x00000007aab00000,0x00000007abb00000,0x00000007abb00000)
  from space 2560K, 99% used [0x00000007abd80000,0x00000007abffc010,0x00000007ac000000)
  to   space 2560K, 0% used [0x00000007abb00000,0x00000007abb00000,0x00000007abd80000)
 ParOldGen       total 44032K, used 2722K [0x0000000780000000, 0x0000000782b00000, 0x00000007aab00000)
  object space 44032K, 6% used [0x0000000780000000,0x00000007802a8950,0x0000000782b00000)
 Metaspace       used 17941K, capacity 18263K, committed 18688K, reserved 1067008K
  class space    used 1854K, capacity 1957K, committed 2048K, reserved 1048576K
Event: 20.647 GC heap after
Heap after GC invocations=3 (full 0):
 PSYoungGen      total 18944K, used 2545K [0x00000007aab00000, 0x00000007ad000000, 0x00000007c0000000)
  eden space 16384K, 0% used [0x00000007aab00000,0x00000007aab00000,0x00000007abb00000)
  from space 2560K, 99% used [0x00000007abb00000,0x00000007abd7c770,0x00000007abd80000)
  to   space 2560K, 0% used [0x00000007acd80000,0x00000007acd80000,0x00000007ad000000)
 ParOldGen       total 44032K, used 6935K [0x0000000780000000, 0x0000000782b00000, 0x00000007aab00000)
  object space 44032K, 15% used [0x0000000780000000,0x00000007806c5e28,0x0000000782b00000)
 Metaspace       used 17941K, capacity 18263K, committed 18688K, reserved 1067008K
  class space    used 1854K, capacity 1957K, committed 2048K, reserved 1048576K
}
Event: 21.917 GC heap before
{Heap before GC invocations=4 (full 0):
 PSYoungGen      total 18944K, used 18929K [0x00000007aab00000, 0x00000007ad000000, 0x00000007c0000000)
  eden space 16384K, 100% used [0x00000007aab00000,0x00000007abb00000,0x00000007abb00000)
  from space 2560K, 99% used [0x00000007abb00000,0x00000007abd7c770,0x00000007abd80000)
  to   space 2560K, 0% used [0x00000007acd80000,0x00000007acd80000,0x00000007ad000000)
 ParOldGen       total 44032K, used 6935K [0x0000000780000000, 0x0000000782b00000, 0x00000007aab00000)
  object space 44032K, 15% used [0x0000000780000000,0x00000007806c5e28,0x0000000782b00000)
 Metaspace       used 20189K, capacity 20575K, committed 20992K, reserved 1069056K
  class space    used 2085K, capacity 2191K, committed 2304K, reserved 1048576K
Event: 21.979 GC heap after
Heap after GC invocations=4 (full 0):
 PSYoungGen      total 35328K, used 2544K [0x00000007aab00000, 0x00000007ad000000, 0x00000007c0000000)
  eden space 32768K, 0% used [0x00000007aab00000,0x00000007aab00000,0x00000007acb00000)
  from space 2560K, 99% used [0x00000007acd80000,0x00000007acffc050,0x00000007ad000000)
  to   space 2560K, 0% used [0x00000007acb00000,0x00000007acb00000,0x00000007acd80000)
 ParOldGen       total 44032K, used 14644K [0x0000000780000000, 0x0000000782b00000, 0x00000007aab00000)
  object space 44032K, 33% used [0x0000000780000000,0x0000000780e4d318,0x0000000782b00000)
 Metaspace       used 20189K, capacity 20575K, committed 20992K, reserved 1069056K
  class space    used 2085K, capacity 2191K, committed 2304K, reserved 1048576K
}
Event: 22.918 GC heap before
{Heap before GC invocations=5 (full 0):
 PSYoungGen      total 35328K, used 19207K [0x00000007aab00000, 0x00000007ad000000, 0x00000007c0000000)
  eden space 32768K, 50% used [0x00000007aab00000,0x00000007abb45f18,0x00000007acb00000)
  from space 2560K, 99% used [0x00000007acd80000,0x00000007acffc050,0x00000007ad000000)
  to   space 2560K, 0% used [0x00000007acb00000,0x00000007acb00000,0x00000007acd80000)
 ParOldGen       total 44032K, used 14644K [0x0000000780000000, 0x0000000782b00000, 0x00000007aab00000)
  object space 44032K, 33% used [0x0000000780000000,0x0000000780e4d318,0x0000000782b00000)
 Metaspace       used 20633K, capacity 20913K, committed 21248K, reserved 1069056K
  class space    used 2103K, capacity 2192K, committed 2304K, reserved 1048576K
Event: 22.947 GC heap after
Heap after GC invocations=5 (full 0):
 PSYoungGen      total 35328K, used 2544K [0x00000007aab00000, 0x00000007aff00000, 0x00000007c0000000)
  eden space 32768K, 0% used [0x00000007aab00000,0x00000007aab00000,0x00000007acb00000)
  from space 2560K, 99% used [0x00000007acb00000,0x00000007acd7c040,0x00000007acd80000)
  to   space 10240K, 0% used [0x00000007af500000,0x00000007af500000,0x00000007aff00000)
 ParOldGen       total 44032K, used 18032K [0x0000000780000000, 0x0000000782b00000, 0x00000007aab00000)
  object space 44032K, 40% used [0x0000000780000000,0x000000078119c290,0x0000000782b00000)
 Metaspace       used 20633K, capacity 20913K, committed 21248K, reserved 1069056K
  class space    used 2103K, capacity 2192K, committed 2304K, reserved 1048576K
}
Event: 22.947 GC heap before
{Heap before GC invocations=6 (full 1):
 PSYoungGen      total 35328K, used 2544K [0x00000007aab00000, 0x00000007aff00000, 0x00000007c0000000)
  eden space 32768K, 0% used [0x00000007aab00000,0x00000007aab00000,0x00000007acb00000)
  from space 2560K, 99% used [0x00000007acb00000,0x00000007acd7c040,0x00000007acd80000)
  to   space 10240K, 0% used [0x00000007af500000,0x00000007af500000,0x00000007aff00000)
 ParOldGen       total 44032K, used 18032K [0x0000000780000000, 0x0000000782b00000, 0x00000007aab00000)
  object space 44032K, 40% used [0x0000000780000000,0x000000078119c290,0x0000000782b00000)
 Metaspace       used 20633K, capacity 20913K, committed 21248K, reserved 1069056K
  class space    used 2103K, capacity 2192K, committed 2304K, reserved 1048576K
Event: 23.100 GC heap after
Heap after GC invocations=6 (full 1):
 PSYoungGen      total 35328K, used 0K [0x00000007aab00000, 0x00000007aff00000, 0x00000007c0000000)
  eden space 32768K, 0% used [0x00000007aab00000,0x00000007aab00000,0x00000007acb00000)
  from space 2560K, 0% used [0x00000007acb00000,0x00000007acb00000,0x00000007acd80000)
  to   space 10240K, 0% used [0x00000007af500000,0x00000007af500000,0x00000007aff00000)
 ParOldGen       total 43520K, used 15408K [0x0000000780000000, 0x0000000782a80000, 0x00000007aab00000)
  object space 43520K, 35% used [0x0000000780000000,0x0000000780f0c1a0,0x0000000782a80000)
 Metaspace       used 20629K, capacity 20903K, committed 21248K, reserved 1069056K
  class space    used 2101K, capacity 2189K, committed 2304K, reserved 1048576K
}
Event: 43.957 GC heap before
{Heap before GC invocations=7 (full 1):
 PSYoungGen      total 35328K, used 32768K [0x00000007aab00000, 0x00000007aff00000, 0x00000007c0000000)
  eden space 32768K, 100% used [0x00000007aab00000,0x00000007acb00000,0x00000007acb00000)
  from space 2560K, 0% used [0x00000007acb00000,0x00000007acb00000,0x00000007acd80000)
  to   space 10240K, 0% used [0x00000007af500000,0x00000007af500000,0x00000007aff00000)
 ParOldGen       total 43520K, used 15408K [0x0000000780000000, 0x0000000782a80000, 0x00000007aab00000)
  object space 43520K, 35% used [0x0000000780000000,0x0000000780f0c1a0,0x0000000782a80000)
 Metaspace       used 21186K, capacity 21485K, committed 22016K, reserved 1069056K
  class space    used 2102K, capacity 2190K, committed 2304K, reserved 1048576K
Event: 43.960 GC heap after
Heap after GC invocations=7 (full 1):
 PSYoungGen      total 59392K, used 96K [0x00000007aab00000, 0x00000007af800000, 0x00000007c0000000)
  eden space 56320K, 0% used [0x00000007aab00000,0x00000007aab00000,0x00000007ae200000)
  from space 3072K, 3% used [0x00000007af500000,0x00000007af518000,0x00000007af800000)
  to   space 11264K, 0% used [0x00000007ae200000,0x00000007ae200000,0x00000007aed00000)
 ParOldGen       total 43520K, used 15416K [0x0000000780000000, 0x0000000782a80000, 0x00000007aab00000)
  object space 43520K, 35% used [0x0000000780000000,0x0000000780f0e1a0,0x0000000782a80000)
 Metaspace       used 21186K, capacity 21485K, committed 22016K, reserved 1069056K
  class space    used 2102K, capacity 2190K, committed 2304K, reserved 1048576K
}

Deoptimization events (5 events):
Event: 4.786 Thread 0x00007faf04008800 Uncommon trap: reason=unstable_if action=reinterpret pc=0x000000010d5be934 method=java.lang.String.replace(CC)Ljava/lang/String; @ 26
Event: 17.426 Thread 0x00007faf03f9c000 Uncommon trap: reason=unstable_if action=reinterpret pc=0x000000010d5ec814 method=java.lang.String.indexOf([CII[CIII)I @ 3
Event: 20.403 Thread 0x00007faf043d3800 Uncommon trap: reason=unstable_if action=reinterpret pc=0x000000010d5e9e08 method=java.lang.AbstractStringBuilder.append(Ljava/lang/String;)Ljava/lang/AbstractStringBuilder; @ 1
Event: 21.398 Thread 0x00007faf043d3800 Uncommon trap: reason=unstable_if action=reinterpret pc=0x000000010d7cb3e4 method=java.util.HashMap$HashIterator.<init>(Ljava/util/HashMap;)V @ 38
Event: 44.041 Thread 0x00007faf03c6c800 Uncommon trap: reason=unstable_if action=reinterpret pc=0x000000010db4c0b8 method=java.awt.font.FontRenderContext.equals(Ljava/awt/font/FontRenderContext;)Z @ 2

Classes redefined (0 events):
No events

Internal exceptions (10 events):
Event: 1.092 Thread 0x00007faf04008800 Exception <a 'java/lang/NoSuchFieldError': method resolution failed> (0x00000007aacf1180) thrown at [/Users/java_re/workspace/8-2-build-macosx-x86_64/jdk8u181/11358/hotspot/src/share/vm/prims/methodHandles.cpp, line 1167]
Event: 2.384 Thread 0x00007faf04008800 Exception <a 'java/io/FileNotFoundException'> (0x00000007aad6c960) thrown at [/Users/java_re/workspace/8-2-build-macosx-x86_64/jdk8u181/11358/hotspot/src/share/vm/prims/jni.cpp, line 709]
Event: 2.384 Thread 0x00007faf04008800 Exception <a 'java/io/FileNotFoundException'> (0x00000007aad6d4b0) thrown at [/Users/java_re/workspace/8-2-build-macosx-x86_64/jdk8u181/11358/hotspot/src/share/vm/prims/jni.cpp, line 709]
Event: 4.380 Thread 0x00007faf04008800 Exception <a 'java/io/FileNotFoundException'> (0x00000007aae96150) thrown at [/Users/java_re/workspace/8-2-build-macosx-x86_64/jdk8u181/11358/hotspot/src/share/vm/prims/jni.cpp, line 709]
Event: 17.125 Thread 0x00007faf03866000 Exception <a 'java/lang/NullPointerException'> (0x00000007aab51f78) thrown at [/Users/java_re/workspace/8-2-build-macosx-x86_64/jdk8u181/11358/hotspot/src/share/vm/interpreter/linkResolver.cpp, line 1185]
Event: 17.580 Thread 0x00007faf03f9c000 Exception <a 'java/lang/UnsatisfiedLinkError': com.jogamp.common.util.JarUtil.fixNativeLibAttribs(Ljava/lang/String;)Z> (0x00000007ab0a2a00) thrown at [/Users/java_re/workspace/8-2-build-macosx-x86_64/jdk8u181/11358/hotspot/src/share/vm/prims/nativeLookup
Event: 20.402 Thread 0x00007faf043d3800 Exception <a 'java/io/FileNotFoundException'> (0x00000007ab31a918) thrown at [/Users/java_re/workspace/8-2-build-macosx-x86_64/jdk8u181/11358/hotspot/src/share/vm/prims/jni.cpp, line 709]
Event: 20.403 Thread 0x00007faf043d3800 Exception <a 'java/io/FileNotFoundException'> (0x00000007ab320ba0) thrown at [/Users/java_re/workspace/8-2-build-macosx-x86_64/jdk8u181/11358/hotspot/src/share/vm/prims/jni.cpp, line 709]
Event: 20.403 Thread 0x00007faf043d3800 Implicit null exception at 0x000000010d5e9a36 to 0x000000010d5e9df1
Event: 21.398 Thread 0x00007faf043d3800 Implicit null exception at 0x000000010d7cb186 to 0x000000010d7cb3cd

Events (10 events):
Event: 44.256 Executing VM operation: RevokeBias done
Event: 44.257 loading class jogamp/nativewindow/jawt/macosx/MacOSXJAWTWindow$1
Event: 44.257 loading class jogamp/nativewindow/jawt/macosx/MacOSXJAWTWindow$1 done
Event: 44.260 loading class java/awt/LightweightDispatcher$2
Event: 44.260 loading class java/awt/LightweightDispatcher$2 done
Event: 44.260 loading class java/awt/event/AWTEventListenerProxy
Event: 44.261 loading class java/awt/event/AWTEventListenerProxy done
Event: 44.261 loading class java/awt/Toolkit$ToolkitEventMulticaster
Event: 44.261 loading class java/awt/Toolkit$ToolkitEventMulticaster done
Event: 44.272 Thread 0x00007faf03c49000 Thread exited: 0x00007faf03c49000


Dynamic libraries:
0x00007fff96940000 	/System/Library/Frameworks/Cocoa.framework/Versions/A/Cocoa
0x00007fff87419000 	/System/Library/Frameworks/Security.framework/Versions/A/Security
0x00007fff946c0000 	/System/Library/Frameworks/ApplicationServices.framework/Versions/A/ApplicationServices
0x00007fff8a7a6000 	/usr/lib/libz.1.dylib
0x00007fff96bb4000 	/usr/lib/libSystem.B.dylib
0x00007fff86562000 	/usr/lib/libobjc.A.dylib
0x00007fff8b246000 	/System/Library/Frameworks/CoreFoundation.framework/Versions/A/CoreFoundation
0x00007fff8f6bd000 	/System/Library/Frameworks/Foundation.framework/Versions/C/Foundation
0x00007fff96deb000 	/System/Library/Frameworks/AppKit.framework/Versions/C/AppKit
0x00007fff85995000 	/System/Library/Frameworks/CoreData.framework/Versions/A/CoreData
0x00007fff98280000 	/System/Library/PrivateFrameworks/RemoteViewServices.framework/Versions/A/RemoteViewServices
0x00007fff969ff000 	/System/Library/PrivateFrameworks/UIFoundation.framework/Versions/A/UIFoundation
0x00007fff91418000 	/usr/lib/libScreenReader.dylib
0x00007fff9570b000 	/System/Library/Frameworks/Accelerate.framework/Versions/A/Accelerate
0x00007fff85d00000 	/System/Library/Frameworks/IOSurface.framework/Versions/A/IOSurface
0x00007fff876b4000 	/System/Library/Frameworks/AudioToolbox.framework/Versions/A/AudioToolbox
0x00007fff968ee000 	/System/Library/Frameworks/AudioUnit.framework/Versions/A/AudioUnit
0x00007fff89966000 	/System/Library/PrivateFrameworks/DataDetectorsCore.framework/Versions/A/DataDetectorsCore
0x00007fff8cc0a000 	/System/Library/PrivateFrameworks/DesktopServicesPriv.framework/Versions/A/DesktopServicesPriv
0x00007fff87d37000 	/System/Library/Frameworks/Carbon.framework/Versions/A/Frameworks/HIToolbox.framework/Versions/A/HIToolbox
0x00007fff86913000 	/System/Library/Frameworks/QuartzCore.framework/Versions/A/QuartzCore
0x00007fff864dc000 	/System/Library/Frameworks/Carbon.framework/Versions/A/Frameworks/SpeechRecognition.framework/Versions/A/SpeechRecognition
0x00007fff87861000 	/usr/lib/libauto.dylib
0x00007fff8ae47000 	/usr/lib/libicucore.A.dylib
0x00007fff945d0000 	/usr/lib/libxml2.2.dylib
0x00007fff9966e000 	/System/Library/PrivateFrameworks/CoreUI.framework/Versions/A/CoreUI
0x00007fff8a754000 	/System/Library/Frameworks/CoreAudio.framework/Versions/A/CoreAudio
0x00007fff90224000 	/System/Library/Frameworks/DiskArbitration.framework/Versions/A/DiskArbitration
0x00007fff92ee5000 	/usr/lib/liblangid.dylib
0x00007fff868ee000 	/System/Library/PrivateFrameworks/MultitouchSupport.framework/Versions/A/MultitouchSupport
0x00007fff87325000 	/System/Library/Frameworks/IOKit.framework/Versions/A/IOKit
0x00007fff87b1c000 	/usr/lib/libDiagnosticMessagesClient.dylib
0x00007fff9194d000 	/System/Library/Frameworks/CoreServices.framework/Versions/A/CoreServices
0x00007fff92455000 	/System/Library/PrivateFrameworks/PerformanceAnalysis.framework/Versions/A/PerformanceAnalysis
0x00007fff939a8000 	/System/Library/PrivateFrameworks/GenerationalStorage.framework/Versions/A/GenerationalStorage
0x00007fff92658000 	/System/Library/Frameworks/OpenGL.framework/Versions/A/OpenGL
0x00007fff8df8d000 	/System/Library/PrivateFrameworks/Sharing.framework/Versions/A/Sharing
0x00007fff982b9000 	/System/Library/Frameworks/CoreGraphics.framework/Versions/A/CoreGraphics
0x00007fff8d1ac000 	/System/Library/Frameworks/CoreImage.framework/Versions/A/CoreImage
0x00007fff8d3cf000 	/System/Library/Frameworks/CoreText.framework/Versions/A/CoreText
0x00007fff9323d000 	/System/Library/Frameworks/ImageIO.framework/Versions/A/ImageIO
0x00007fff8fdd4000 	/System/Library/PrivateFrameworks/Backup.framework/Versions/A/Backup
0x00007fff878a8000 	/usr/lib/libextension.dylib
0x00007fff89820000 	/usr/lib/libarchive.2.dylib
0x00007fff93a67000 	/System/Library/Frameworks/CFNetwork.framework/Versions/A/CFNetwork
0x00007fff8f537000 	/System/Library/Frameworks/SystemConfiguration.framework/Versions/A/SystemConfiguration
0x00007fff97a15000 	/usr/lib/libCRFSuite.dylib
0x00007fff8b07d000 	/usr/lib/libc++.1.dylib
0x00007fff897e8000 	/usr/lib/libc++abi.dylib
0x00007fff9514e000 	/usr/lib/system/libcache.dylib
0x00007fff886b6000 	/usr/lib/system/libcommonCrypto.dylib
0x00007fff864e3000 	/usr/lib/system/libcompiler_rt.dylib
0x00007fff8eec4000 	/usr/lib/system/libcopyfile.dylib
0x00007fff8b75b000 	/usr/lib/system/libcorecrypto.dylib
0x00007fff8be82000 	/usr/lib/system/libdispatch.dylib
0x00007fff97a39000 	/usr/lib/system/libdyld.dylib
0x00007fff8476e000 	/usr/lib/system/libkeymgr.dylib
0x00007fff847e2000 	/usr/lib/system/liblaunch.dylib
0x00007fff92444000 	/usr/lib/system/libmacho.dylib
0x00007fff871d2000 	/usr/lib/system/libquarantine.dylib
0x00007fff8c097000 	/usr/lib/system/libremovefile.dylib
0x00007fff95891000 	/usr/lib/system/libsystem_asl.dylib
0x00007fff91b59000 	/usr/lib/system/libsystem_blocks.dylib
0x00007fff8ff3c000 	/usr/lib/system/libsystem_c.dylib
0x00007fff857fa000 	/usr/lib/system/libsystem_configuration.dylib
0x00007fff84691000 	/usr/lib/system/libsystem_coreservices.dylib
0x00007fff938db000 	/usr/lib/system/libsystem_coretls.dylib
0x00007fff910e0000 	/usr/lib/system/libsystem_dnssd.dylib
0x00007fff8f617000 	/usr/lib/system/libsystem_info.dylib
0x00007fff9385b000 	/usr/lib/system/libsystem_kernel.dylib
0x00007fff968be000 	/usr/lib/system/libsystem_m.dylib
0x00007fff92669000 	/usr/lib/system/libsystem_malloc.dylib
0x00007fff84457000 	/usr/lib/system/libsystem_network.dylib
0x00007fff857b1000 	/usr/lib/system/libsystem_networkextension.dylib
0x00007fff8596f000 	/usr/lib/system/libsystem_notify.dylib
0x00007fff891c7000 	/usr/lib/system/libsystem_platform.dylib
0x00007fff8b1f2000 	/usr/lib/system/libsystem_pthread.dylib
0x00007fff99540000 	/usr/lib/system/libsystem_sandbox.dylib
0x00007fff87bfb000 	/usr/lib/system/libsystem_secinit.dylib
0x00007fff8fa6c000 	/usr/lib/system/libsystem_trace.dylib
0x00007fff891c2000 	/usr/lib/system/libunc.dylib
0x00007fff939a2000 	/usr/lib/system/libunwind.dylib
0x00007fff87c7c000 	/usr/lib/system/libxpc.dylib
0x00007fff90185000 	/usr/lib/libenergytrace.dylib
0x00007fff8575d000 	/usr/lib/libbsm.0.dylib
0x00007fff9411d000 	/usr/lib/system/libkxld.dylib
0x00007fff90389000 	/usr/lib/libxar.1.dylib
0x00007fff96c25000 	/usr/lib/libsqlite3.dylib
0x00007fff89049000 	/usr/lib/libpam.2.dylib
0x00007fff89813000 	/usr/lib/libOpenScriptingUtil.dylib
0x00007fff857eb000 	/usr/lib/libbz2.1.0.dylib
0x00007fff939f2000 	/usr/lib/liblzma.5.dylib
0x00007fff9405d000 	/System/Library/Frameworks/CoreServices.framework/Versions/A/Frameworks/FSEvents.framework/Versions/A/FSEvents
0x00007fff847e3000 	/System/Library/Frameworks/CoreServices.framework/Versions/A/Frameworks/CarbonCore.framework/Versions/A/CarbonCore
0x00007fff96775000 	/System/Library/Frameworks/CoreServices.framework/Versions/A/Frameworks/Metadata.framework/Versions/A/Metadata
0x00007fff8984c000 	/System/Library/Frameworks/CoreServices.framework/Versions/A/Frameworks/OSServices.framework/Versions/A/OSServices
0x00007fff94504000 	/System/Library/Frameworks/CoreServices.framework/Versions/A/Frameworks/SearchKit.framework/Versions/A/SearchKit
0x00007fff8f5ab000 	/System/Library/Frameworks/CoreServices.framework/Versions/A/Frameworks/AE.framework/Versions/A/AE
0x00007fff94e64000 	/System/Library/Frameworks/CoreServices.framework/Versions/A/Frameworks/LaunchServices.framework/Versions/A/LaunchServices
0x00007fff82e7f000 	/System/Library/Frameworks/CoreServices.framework/Versions/A/Frameworks/DictionaryServices.framework/Versions/A/DictionaryServices
0x00007fff92999000 	/System/Library/Frameworks/CoreServices.framework/Versions/A/Frameworks/SharedFileList.framework/Versions/A/SharedFileList
0x00007fff928c6000 	/System/Library/Frameworks/NetFS.framework/Versions/A/NetFS
0x00007fff9022a000 	/System/Library/PrivateFrameworks/NetAuth.framework/Versions/A/NetAuth
0x00007fff84022000 	/System/Library/PrivateFrameworks/login.framework/Versions/A/Frameworks/loginsupport.framework/Versions/A/loginsupport
0x00007fff88fe6000 	/System/Library/PrivateFrameworks/TCC.framework/Versions/A/TCC
0x00007fff8c2f0000 	/usr/lib/libmecabra.dylib
0x00007fff96bb6000 	/System/Library/Frameworks/ApplicationServices.framework/Versions/A/Frameworks/ATS.framework/Versions/A/ATS
0x00007fff8de56000 	/System/Library/Frameworks/ApplicationServices.framework/Versions/A/Frameworks/ColorSync.framework/Versions/A/ColorSync
0x00007fff84b44000 	/System/Library/Frameworks/ApplicationServices.framework/Versions/A/Frameworks/HIServices.framework/Versions/A/HIServices
0x00007fff94771000 	/System/Library/Frameworks/ApplicationServices.framework/Versions/A/Frameworks/LangAnalysis.framework/Versions/A/LangAnalysis
0x00007fff8cd58000 	/System/Library/Frameworks/ApplicationServices.framework/Versions/A/Frameworks/PrintCore.framework/Versions/A/PrintCore
0x00007fff8469b000 	/System/Library/Frameworks/ApplicationServices.framework/Versions/A/Frameworks/QD.framework/Versions/A/QD
0x00007fff92a3f000 	/System/Library/Frameworks/ApplicationServices.framework/Versions/A/Frameworks/SpeechSynthesis.framework/Versions/A/SpeechSynthesis
0x00007fff9194e000 	/System/Library/Frameworks/Metal.framework/Versions/A/Metal
0x00007fff8c692000 	/System/Library/Frameworks/Accelerate.framework/Versions/A/Frameworks/vImage.framework/Versions/A/vImage
0x00007fff88dc2000 	/System/Library/Frameworks/Accelerate.framework/Versions/A/Frameworks/vecLib.framework/Versions/A/vecLib
0x00007fff8a164000 	/System/Library/Frameworks/Accelerate.framework/Versions/A/Frameworks/vecLib.framework/Versions/A/libvDSP.dylib
0x00007fff87b41000 	/System/Library/Frameworks/Accelerate.framework/Versions/A/Frameworks/vecLib.framework/Versions/A/libvMisc.dylib
0x00007fff8a277000 	/System/Library/Frameworks/Accelerate.framework/Versions/A/Frameworks/vecLib.framework/Versions/A/libLAPACK.dylib
0x00007fff91991000 	/System/Library/Frameworks/Accelerate.framework/Versions/A/Frameworks/vecLib.framework/Versions/A/libBLAS.dylib
0x00007fff9570c000 	/System/Library/Frameworks/Accelerate.framework/Versions/A/Frameworks/vecLib.framework/Versions/A/libLinearAlgebra.dylib
0x00007fff85d6e000 	/System/Library/Frameworks/Accelerate.framework/Versions/A/Frameworks/vecLib.framework/Versions/A/libSparseBLAS.dylib
0x00007fff94577000 	/System/Library/PrivateFrameworks/GPUCompiler.framework/libmetal_timestamp.dylib
0x00007fff9624d000 	/System/Library/Frameworks/OpenGL.framework/Versions/A/Libraries/libCoreFSCache.dylib
0x00007fff93a0d000 	/System/Library/PrivateFrameworks/IOAccelerator.framework/Versions/A/IOAccelerator
0x00007fff871d5000 	/System/Library/Frameworks/ApplicationServices.framework/Versions/A/Frameworks/ATS.framework/Versions/A/Resources/libFontParser.dylib
0x00007fff8cf0e000 	/System/Library/Frameworks/ApplicationServices.framework/Versions/A/Frameworks/ATS.framework/Versions/A/Resources/libFontRegistry.dylib
0x00007fff995d0000 	/System/Library/PrivateFrameworks/AppleVPA.framework/Versions/A/AppleVPA
0x00007fff8cfaf000 	/System/Library/PrivateFrameworks/AppleJPEG.framework/Versions/A/AppleJPEG
0x00007fff8861b000 	/System/Library/Frameworks/ImageIO.framework/Versions/A/Resources/libJPEG.dylib
0x00007fff9387a000 	/System/Library/Frameworks/ImageIO.framework/Versions/A/Resources/libTIFF.dylib
0x00007fff997bc000 	/System/Library/Frameworks/ImageIO.framework/Versions/A/Resources/libPng.dylib
0x00007fff9406a000 	/System/Library/Frameworks/ImageIO.framework/Versions/A/Resources/libGIF.dylib
0x00007fff84364000 	/System/Library/Frameworks/ImageIO.framework/Versions/A/Resources/libJP2.dylib
0x00007fff857e8000 	/System/Library/Frameworks/ImageIO.framework/Versions/A/Resources/libRadiance.dylib
0x00007fff8c099000 	/System/Library/Frameworks/CoreVideo.framework/Versions/A/CoreVideo
0x00007fff8fe85000 	/System/Library/Frameworks/OpenGL.framework/Versions/A/Libraries/libGLU.dylib
0x00007fff85c7b000 	/System/Library/Frameworks/OpenGL.framework/Versions/A/Libraries/libGFXShared.dylib
0x00007fff92eb1000 	/System/Library/Frameworks/OpenGL.framework/Versions/A/Libraries/libGL.dylib
0x00007fff85c3c000 	/System/Library/Frameworks/OpenGL.framework/Versions/A/Libraries/libGLImage.dylib
0x00007fff8fc6b000 	/System/Library/Frameworks/OpenGL.framework/Versions/A/Libraries/libCVMSPluginSupport.dylib
0x00007fff94066000 	/System/Library/Frameworks/OpenGL.framework/Versions/A/Libraries/libCoreVMClient.dylib
0x00007fff8dc1f000 	/usr/lib/libcompression.dylib
0x00007fff858d7000 	/usr/lib/libcups.2.dylib
0x00007fff8943f000 	/System/Library/Frameworks/Kerberos.framework/Versions/A/Kerberos
0x00007fff89320000 	/System/Library/Frameworks/GSS.framework/Versions/A/GSS
0x00007fff90168000 	/usr/lib/libresolv.9.dylib
0x00007fff92db1000 	/usr/lib/libiconv.2.dylib
0x00007fff981ea000 	/System/Library/PrivateFrameworks/Heimdal.framework/Versions/A/Heimdal
0x00007fff8a74e000 	/usr/lib/libheimdal-asn1.dylib
0x00007fff8faae000 	/System/Library/Frameworks/OpenDirectory.framework/Versions/A/OpenDirectory
0x00007fff85794000 	/System/Library/PrivateFrameworks/CommonAuth.framework/Versions/A/CommonAuth
0x00007fff910e9000 	/System/Library/Frameworks/OpenDirectory.framework/Versions/A/Frameworks/CFOpenDirectory.framework/Versions/A/CFOpenDirectory
0x00007fff8fec7000 	/System/Library/Frameworks/SecurityFoundation.framework/Versions/A/SecurityFoundation
0x00007fff96d43000 	/System/Library/PrivateFrameworks/LanguageModeling.framework/Versions/A/LanguageModeling
0x00007fff8ce7c000 	/usr/lib/libmarisa.dylib
0x00007fff8949a000 	/usr/lib/libChineseTokenizer.dylib
0x00007fff88640000 	/usr/lib/libcmph.dylib
0x00007fff8c0db000 	/System/Library/Frameworks/ServiceManagement.framework/Versions/A/ServiceManagement
0x00007fff8b819000 	/usr/lib/libxslt.1.dylib
0x00007fff8bdec000 	/System/Library/Frameworks/Carbon.framework/Versions/A/Frameworks/Ink.framework/Versions/A/Ink
0x00007fff840a2000 	/usr/lib/libFosl_dynamic.dylib
0x00007fff8a7b8000 	/System/Library/PrivateFrameworks/FaceCore.framework/Versions/A/FaceCore
0x00007fff8c234000 	/System/Library/Frameworks/OpenCL.framework/Versions/A/OpenCL
0x00007fff85cc2000 	/System/Library/PrivateFrameworks/CrashReporterSupport.framework/Versions/A/CrashReporterSupport
0x00007fff8c2cd000 	/System/Library/PrivateFrameworks/IconServices.framework/Versions/A/IconServices
0x00007fff868ce000 	/System/Library/PrivateFrameworks/Apple80211.framework/Versions/A/Apple80211
0x00007fff895b7000 	/System/Library/Frameworks/CoreWLAN.framework/Versions/A/CoreWLAN
0x00007fff958a9000 	/System/Library/Frameworks/IOBluetooth.framework/Versions/A/IOBluetooth
0x00007fff9393a000 	/System/Library/PrivateFrameworks/CoreWiFi.framework/Versions/A/CoreWiFi
0x00007fff8942b000 	/System/Library/Frameworks/CoreBluetooth.framework/Versions/A/CoreBluetooth
0x00007fff87bfd000 	/System/Library/PrivateFrameworks/ChunkingLibrary.framework/Versions/A/ChunkingLibrary
0x00007fff96212000 	/System/Library/PrivateFrameworks/DebugSymbols.framework/Versions/A/DebugSymbols
0x00007fff83f99000 	/System/Library/PrivateFrameworks/CoreSymbolication.framework/Versions/A/CoreSymbolication
0x00007fff92948000 	/System/Library/PrivateFrameworks/Symbolication.framework/Versions/A/Symbolication
0x00007fff92c3d000 	/System/Library/PrivateFrameworks/SpeechRecognitionCore.framework/Versions/A/SpeechRecognitionCore
0x000000010be5e000 	/System/Library/CoreServices/Encodings/libCyrillicConverter.dylib
0x000000010be94000 	/Library/Java/JavaVirtualMachines/jdk1.8.0_181.jdk/Contents/Home/jre/lib/server/libjvm.dylib
0x00007fff86458000 	/usr/lib/libstdc++.6.dylib
0x000000010ce4c000 	/Library/Java/JavaVirtualMachines/jdk1.8.0_181.jdk/Contents/Home/jre/lib/libverify.dylib
0x000000010ce5a000 	/Library/Java/JavaVirtualMachines/jdk1.8.0_181.jdk/Contents/Home/jre/lib/libjava.dylib
0x000000010ce9a000 	/Library/Java/JavaVirtualMachines/jdk1.8.0_181.jdk/Contents/Home/jre/lib/libzip.dylib
0x00000001219be000 	/Library/Java/JavaVirtualMachines/jdk1.8.0_181.jdk/Contents/Home/jre/lib/libawt.dylib
0x0000000121a68000 	/Library/Java/JavaVirtualMachines/jdk1.8.0_181.jdk/Contents/Home/jre/lib/./libmlib_image.dylib
0x0000000121b34000 	/System/Library/Frameworks/JavaVM.framework/Versions/A/Frameworks/JavaNativeFoundation.framework/Versions/A/JavaNativeFoundation
0x0000000121b49000 	/System/Library/Frameworks/JavaVM.framework/Versions/A/Frameworks/JavaRuntimeSupport.framework/Versions/A/JavaRuntimeSupport
0x0000000121b64000 	/System/Library/Frameworks/JavaVM.framework/Versions/A/JavaVM
0x0000000121b71000 	/System/Library/PrivateFrameworks/JavaLaunching.framework/Versions/A/JavaLaunching
0x00007fff8d3ce000 	/System/Library/Frameworks/Carbon.framework/Versions/A/Carbon
0x00007fff938d6000 	/System/Library/Frameworks/Carbon.framework/Versions/A/Frameworks/CommonPanels.framework/Versions/A/CommonPanels
0x00007fff89623000 	/System/Library/Frameworks/Carbon.framework/Versions/A/Frameworks/Help.framework/Versions/A/Help
0x00007fff9023e000 	/System/Library/Frameworks/Carbon.framework/Versions/A/Frameworks/ImageCapture.framework/Versions/A/ImageCapture
0x00007fff8c5e8000 	/System/Library/Frameworks/Carbon.framework/Versions/A/Frameworks/OpenScripting.framework/Versions/A/OpenScripting
0x00007fff840a0000 	/System/Library/Frameworks/Carbon.framework/Versions/A/Frameworks/Print.framework/Versions/A/Print
0x00007fff8b055000 	/System/Library/Frameworks/Carbon.framework/Versions/A/Frameworks/SecurityHI.framework/Versions/A/SecurityHI
0x0000000121b7d000 	/Library/Java/JavaVirtualMachines/jdk1.8.0_181.jdk/Contents/Home/jre/lib/libawt_lwawt.dylib
0x0000000121c37000 	/Library/Java/JavaVirtualMachines/jdk1.8.0_181.jdk/Contents/Home/jre/lib/./libosxapp.dylib
0x00007fff9827d000 	/System/Library/Frameworks/ExceptionHandling.framework/Versions/A/ExceptionHandling
0x00007fff8fc6e000 	/System/Library/PrivateFrameworks/CoreServicesInternal.framework/Versions/A/CoreServicesInternal
0x00007fff96b7e000 	/System/Library/Frameworks/CoreGraphics.framework/Versions/A/Resources/libRIP.A.dylib
0x00007fff88657000 	/System/Library/Frameworks/Accelerate.framework/Versions/A/Frameworks/vImage.framework/Versions/A/Libraries/libCGInterfaces.dylib
0x00007fff89c21000 	/System/Library/Frameworks/CoreGraphics.framework/Versions/A/Resources/libCGXType.A.dylib
0x00007fff85f19000 	/System/Library/Frameworks/OpenCL.framework/Versions/A/Libraries/libcldcpuengine.dylib
0x00007fff8cda5000 	/System/Library/PrivateFrameworks/DiskImages.framework/Versions/A/DiskImages
0x00007fff898ab000 	/System/Library/Frameworks/DiscRecording.framework/Versions/A/DiscRecording
0x00007fff84c0e000 	/usr/lib/libcsfde.dylib
0x00007fff94720000 	/usr/lib/libcurl.4.dylib
0x00007fff8ceda000 	/System/Library/PrivateFrameworks/MediaKit.framework/Versions/A/MediaKit
0x00007fff92a58000 	/System/Library/PrivateFrameworks/ProtectedCloudStorage.framework/Versions/A/ProtectedCloudStorage
0x00007fff87ca6000 	/usr/lib/libCoreStorage.dylib
0x00007fff94574000 	/System/Library/PrivateFrameworks/EFILogin.framework/Versions/A/EFILogin
0x00007fff936d2000 	/usr/lib/libutil.dylib
0x00007fff8a702000 	/System/Library/PrivateFrameworks/FindMyDevice.framework/Versions/A/FindMyDevice
0x00007fff85424000 	/System/Library/Frameworks/LDAP.framework/Versions/A/LDAP
0x00007fff8579e000 	/usr/lib/libsasl2.2.dylib
0x00007fff9687d000 	/System/Library/PrivateFrameworks/CoreDaemon.framework/Versions/B/CoreDaemon
0x00007fff90244000 	/usr/lib/libcrypto.0.9.8.dylib
0x00007fff8f601000 	/System/Library/PrivateFrameworks/AppleSRP.framework/Versions/A/AppleSRP
0x00007fff85742000 	/System/Library/PrivateFrameworks/TrustEvaluationAgent.framework/Versions/A/TrustEvaluationAgent
0x000000012357d000 	cl_kernels
0x00007fff85d86000 	/System/Library/Frameworks/OpenCL.framework/Versions/A/Libraries/ImageFormats/unorm8_bgra.dylib
0x00007fff8fb0c000 	/System/Library/Frameworks/OpenCL.framework/Versions/A/Libraries/ImageFormats/unorm8_rgba.dylib
0x00007fff88fc3000 	/System/Library/PrivateFrameworks/FamilyControls.framework/Versions/A/FamilyControls
0x00007fff8f60a000 	/System/Library/PrivateFrameworks/CommerceKit.framework/Versions/A/Frameworks/CommerceCore.framework/Versions/A/CommerceCore
0x00007fff91b78000 	/System/Library/PrivateFrameworks/SystemAdministration.framework/Versions/A/SystemAdministration
0x00007fff8a71c000 	/System/Library/PrivateFrameworks/AppContainer.framework/Versions/A/AppContainer
0x00007fff997b9000 	/System/Library/PrivateFrameworks/SecCodeWrapper.framework/Versions/A/SecCodeWrapper
0x00007fff92a4c000 	/System/Library/Frameworks/DirectoryService.framework/Versions/A/DirectoryService
0x00007fff89068000 	/System/Library/PrivateFrameworks/LoginUIKit.framework/Versions/A/Frameworks/LoginUICore.framework/Versions/A/LoginUICore
0x00007fff89c1f000 	/usr/lib/libodfde.dylib
0x00007fff86ae2000 	/System/Library/Frameworks/OpenGL.framework/Versions/A/Resources/GLEngine.bundle/GLEngine
0x00007fff8962f000 	/System/Library/Frameworks/OpenGL.framework/Versions/A/Libraries/libGLProgrammability.dylib
0x0000000124597000 	/System/Library/Extensions/GeForceTeslaGLDriver.bundle/Contents/MacOS/GeForceTeslaGLDriver
0x0000000126155000 	/System/Library/Extensions/GeForceTeslaGLDriver.bundle/Contents/MacOS/libclh.dylib
0x00007fff93827000 	/System/Library/PrivateFrameworks/GPUSupport.framework/Versions/A/Libraries/libGPUSupport.dylib
0x00007fff8f692000 	/System/Library/Frameworks/OpenGL.framework/Versions/A/Resources/GLRendererFloat.bundle/GLRendererFloat
0x0000000126eed000 	/Library/Java/JavaVirtualMachines/jdk1.8.0_181.jdk/Contents/Home/jre/lib/libfontmanager.dylib
0x00000001278f5000 	/Library/Java/JavaVirtualMachines/jdk1.8.0_181.jdk/Contents/Home/jre/lib/libosxui.dylib
0x00000001292e1000 	/Library/Java/JavaVirtualMachines/jdk1.8.0_181.jdk/Contents/Home/jre/lib/libnet.dylib
0x00000001292f8000 	/Library/Java/JavaVirtualMachines/jdk1.8.0_181.jdk/Contents/Home/jre/lib/libnio.dylib
0x00007fff9688b000 	/System/Library/Frameworks/ApplicationServices.framework/Versions/A/Frameworks/ATS.framework/Versions/A/Resources/libTrueTypeScaler.dylib
0x0000000127063000 	/private/var/folders/j0/y00zbzts2y705611_794rs200000gn/T/jogamp_0000/file_cache/jln5877325302540350960/jln4021137816646211259/libgluegen-rt.jnilib
0x0000000127067000 	/private/var/folders/j0/y00zbzts2y705611_794rs200000gn/T/jogamp_0000/file_cache/jln5877325302540350960/jln4021137816646211259/libnativewindow_awt.jnilib
0x000000012706a000 	/Library/Java/JavaVirtualMachines/jdk1.8.0_181.jdk/Contents/Home/jre/lib/libjawt.dylib
0x0000000127b5d000 	/private/var/folders/j0/y00zbzts2y705611_794rs200000gn/T/jogamp_0000/file_cache/jln5877325302540350960/jln4021137816646211259/libnativewindow_macosx.jnilib
0x0000000191bcc000 	/private/var/folders/j0/y00zbzts2y705611_794rs200000gn/T/jogamp_0000/file_cache/jln5877325302540350960/jln4021137816646211259/libjogl_desktop.jnilib
0x00000001914f0000 	/Library/Java/JavaVirtualMachines/jdk1.8.0_181.jdk/Contents/Home/jre/lib/libt2k.dylib

VM Arguments:
jvm_args: -Djava.security.policy=java.policy.applet -Dfile.encoding=UTF-8 
java_command: sun.applet.AppletViewer module4.EarthquakeCityMap1536870637470.html
java_class_path (initial): /Library/Java/JavaVirtualMachines/jdk1.8.0_181.jdk/Contents/Home/jre/lib/resources.jar:/Library/Java/JavaVirtualMachines/jdk1.8.0_181.jdk/Contents/Home/jre/lib/rt.jar:/Library/Java/JavaVirtualMachines/jdk1.8.0_181.jdk/Contents/Home/jre/lib/jsse.jar:/Library/Java/JavaVirtualMachines/jdk1.8.0_181.jdk/Contents/Home/jre/lib/jce.jar:/Library/Java/JavaVirtualMachines/jdk1.8.0_181.jdk/Contents/Home/jre/lib/charsets.jar:/Library/Java/JavaVirtualMachines/jdk1.8.0_181.jdk/Contents/Home/jre/lib/jfr.jar:/Library/Java/JavaVirtualMachines/jdk1.8.0_181.jdk/Contents/Home/jre/lib/ext/cldrdata.jar:/Library/Java/JavaVirtualMachines/jdk1.8.0_181.jdk/Contents/Home/jre/lib/ext/dnsns.jar:/Library/Java/JavaVirtualMachines/jdk1.8.0_181.jdk/Contents/Home/jre/lib/ext/jaccess.jar:/Library/Java/JavaVirtualMachines/jdk1.8.0_181.jdk/Contents/Home/jre/lib/ext/jfxrt.jar:/Library/Java/JavaVirtualMachines/jdk1.8.0_181.jdk/Contents/Home/jre/lib/ext/localedata.jar:/Library/Java/JavaVirtualMachines/jdk1.8.0_181.jdk/Contents/Home/jre/lib/ext/nashorn.jar:/Library/Java/JavaVirtualMachines/jdk1.8.0_181.jdk/Contents/Home/jre/lib/ext/sunec.jar:/Library/Java/JavaVirtualMachines/jdk1.8.0_181.jdk/Contents/Home/jre/lib/ext/sunjce_provider.jar:/Library/Java/JavaVirtualMachines/jdk1.8.0_181.jdk/Contents/Home/jre/lib/ext/sunpkcs11.jar:/Library/Java/JavaVirtualMachines/jdk1.8.0_181.jdk/Contents/Home/jre/lib/ext/zipfs.jar:/System/Library/Java/Extensions/MRJToolkit.jar:/Users/hel/eclipse-workspace/UCSDUnfoldingMaps/build:/Users/hel/eclipse-workspace/UCSDUnfoldingMaps/lib/core.jar:/Users/hel/eclipse-workspace/UCSDUnfoldingMaps/lib/gluegen-rt.jar:/Users/hel/eclipse-workspace/UCSDUnfoldingMaps/lib/jogl-all.jar:/Users/hel/eclipse-workspace/UCSDUnfoldingMaps/lib/log4j-1.2.15.jar:/Users/hel/eclipse-workspace/UCSDUnfoldingMaps/lib/sqlite-jdbc-3.7.2.jar:/Users/hel/eclipse-workspace/UCSDUnfoldingMaps/lib/json4processing.jar:/Users/hel/eclipse-workspace/UCSDUnfoldingMaps/lib/libTUIO.jar:/Users/hel/ec
Launcher Type: SUN_STANDARD

Environment Variables:
PATH=/usr/bin:/bin:/usr/sbin:/sbin
SHELL=/bin/bash
DISPLAY=/private/tmp/com.apple.launchd.59sy7JgAk5/org.macosforge.xquartz:0

Signal Handlers:
SIGSEGV: [libjvm.dylib+0x5b6029], sa_mask[0]=11111111011111110111111111111111, sa_flags=SA_ONSTACK|SA_RESTART|SA_SIGINFO
SIGBUS: [libjvm.dylib+0x5b6029], sa_mask[0]=11111111011111110111111111111111, sa_flags=SA_RESTART|SA_SIGINFO
SIGFPE: [libjvm.dylib+0x48b934], sa_mask[0]=11111111011111110111111111111111, sa_flags=SA_RESTART|SA_SIGINFO
SIGPIPE: [libjvm.dylib+0x48b934], sa_mask[0]=11111111011111110111111111111111, sa_flags=SA_RESTART|SA_SIGINFO
SIGXFSZ: [libjvm.dylib+0x48b934], sa_mask[0]=11111111011111110111111111111111, sa_flags=SA_RESTART|SA_SIGINFO
SIGILL: [libjvm.dylib+0x48b934], sa_mask[0]=11111111011111110111111111111111, sa_flags=SA_RESTART|SA_SIGINFO
SIGUSR1: SIG_DFL, sa_mask[0]=00000000000000000000000000000000, sa_flags=none
SIGUSR2: [libjvm.dylib+0x48b452], sa_mask[0]=00100000000000000000000000000000, sa_flags=SA_RESTART|SA_SIGINFO
SIGHUP: [libjvm.dylib+0x489a1d], sa_mask[0]=11111111011111110111111111111111, sa_flags=SA_RESTART|SA_SIGINFO
SIGINT: [libjvm.dylib+0x489a1d], sa_mask[0]=11111111011111110111111111111111, sa_flags=SA_RESTART|SA_SIGINFO
SIGTERM: [libjvm.dylib+0x489a1d], sa_mask[0]=11111111011111110111111111111111, sa_flags=SA_RESTART|SA_SIGINFO
SIGQUIT: [libjvm.dylib+0x489a1d], sa_mask[0]=11111111011111110111111111111111, sa_flags=SA_RESTART|SA_SIGINFO


---------------  S Y S T E M  ---------------

OS:Bsduname:Darwin 15.6.0 Darwin Kernel Version 15.6.0: Thu Jun 21 20:07:40 PDT 2018; root:xnu-3248.73.11~1/RELEASE_X86_64 x86_64
rlimit: STACK 8192k, CORE 0k, NPROC 709, NOFILE 10240, AS infinity
load average:2.45 1.87 1.78

CPU:total 2 (initial active 2) (2 cores per cpu, 1 threads per core) family 6 model 23 stepping 10, cmov, cx8, fxsr, mmx, sse, sse2, sse3, ssse3, sse4.1, tsc

Memory: 4k page, physical 4194304k(24464k free)

/proc/meminfo:


vm_info: Java HotSpot(TM) 64-Bit Server VM (25.181-b13) for bsd-amd64 JRE (1.8.0_181-b13), built on Jul  7 2018 01:02:31 by "java_re" with gcc 4.2.1 (Based on Apple Inc. build 5658) (LLVM build 2336.11.00)

time: Thu Sep 13 23:31:23 2018
elapsed time: 45 seconds (0d 0h 0m 45s)

