#
# A fatal error has been detected by the Java Runtime Environment:
#
#  SIGSEGV (0xb) at pc=0x00007fff8bc614dd, pid=937, tid=0x0000000000000a0b
#
# JRE version: Java(TM) SE Runtime Environment (8.0_181-b13) (build 1.8.0_181-b13)
# Java VM: Java HotSpot(TM) 64-Bit Server VM (25.181-b13 mixed mode bsd-amd64 compressed oops)
# Problematic frame:
# C  [libobjc.A.dylib+0x14dd]  objc_msgSend+0x1d
#
# Failed to write core dump. Core dumps have been disabled. To enable core dumping, try "ulimit -c unlimited" before starting Java again
#
# If you would like to submit a bug report, please visit:
#   http://bugreport.java.com/bugreport/crash.jsp
# The crash happened outside the Java Virtual Machine in native code.
# See problematic frame for where to report the bug.
#

---------------  T H R E A D  ---------------

Current thread (0x00007f8c79a84000):  JavaThread "AWT-AppKit" daemon [_thread_in_native, id=2571, stack(0x00007fff53c82000,0x00007fff54482000)]

siginfo: si_signo: 11 (SIGSEGV), si_code: 1 (SEGV_MAPERR), si_addr: 0x0000000000000018

Registers:
RAX=0x00007f8c7c1824c0, RBX=0x000000018d6f3450, RCX=0x0000000126601c80, RDX=0x00000001225c3920
RSP=0x00007fff5447cdd8, RBP=0x00007fff5447ce90, RSI=0x00007fff914e2cbe, RDI=0x00007f8c79452220
R8 =0x0000000000000000, R9 =0x0000000000000000, R10=0x00007fff914e2cbe, R11=0x0000000000000000
R12=0x0000000000000000, R13=0x0000000190079c38, R14=0x000000018d6f3440, R15=0x00007f8c79a84000
RIP=0x00007fff8bc614dd, EFLAGS=0x0000000000010246, ERR=0x0000000000000004
  TRAPNO=0x000000000000000e

Top of Stack: (sp=0x00007fff5447cdd8)
0x00007fff5447cdd8:   000000018d6f1157 00007fff5447ce30
0x00007fff5447cde8:   0000000000000003 00007fff5447ce10
0x00007fff5447cdf8:   000000010bb4364e 0000000190079c38
0x00007fff5447ce08:   0000000190079c38 00007f8c7c1824c0
0x00007fff5447ce18:   000000018d6f36a0 000000018d6f3710
0x00007fff5447ce28:   00007fff7a095770 00007fff79596500
0x00007fff5447ce38:   000000018d6f3450 000000018d6f3690
0x00007fff5447ce48:   00007f8c7c1824c0 00007f8c79452220
0x00007fff5447ce58:   00007f8c795f9be0 00007f8c7c1824c0
0x00007fff5447ce68:   00007f8c79452220 00007fff5447cf18
0x00007fff5447ce78:   00007f8c79a841f8 0000000190079c38
0x00007fff5447ce88:   00007fff5447cf40 00007fff5447cf08
0x00007fff5447ce98:   000000010ce27087 0000000190079c38
0x00007fff5447cea8:   00007fff5447cf40 00007fff5447cf08
0x00007fff5447ceb8:   000000010ce26de7 000000010ce26da2
0x00007fff5447cec8:   00007fff5447cec8 0000000190079c38
0x00007fff5447ced8:   00007fff5447cf40 000000019009c8b0
0x00007fff5447cee8:   0000000000000000 0000000190079c38
0x00007fff5447cef8:   0000000000000000 00007fff5447cf28
0x00007fff5447cf08:   00007fff5447cf88 000000010ce18ffd
0x00007fff5447cf18:   00000007800c6658 000000010ce22a58
0x00007fff5447cf28:   00007f8c7c1824c0 00007fff5447cf88
0x00007fff5447cf38:   00007f8c79452220 000000010ce244c2
0x00007fff5447cf48:   00007fff5447cf48 0000000190079e02
0x00007fff5447cf58:   00007fff5447cfb0 000000019009c8b0
0x00007fff5447cf68:   0000000000000000 0000000190079e10
0x00007fff5447cf78:   00007fff5447cf28 00007fff5447cf98
0x00007fff5447cf88:   00007fff5447cff8 000000010ce18ffd
0x00007fff5447cf98:   00007f8c7c1824c0 00000007805c3b48
0x00007fff5447cfa8:   00007f8c79452220 00000007805c3b48
0x00007fff5447cfb8:   00007fff5447cfb8 00000001963f365e
0x00007fff5447cfc8:   00007fff5447d008 00000001963f3718 

Instructions: (pc=0x00007fff8bc614dd)
0x00007fff8bc614bd:   44 00 00 48 85 ff 2e 74 62 40 f6 c7 01 2e 75 66
0x00007fff8bc614cd:   49 bb f8 ff ff ff ff 7f 00 00 4c 23 1f 49 89 f2
0x00007fff8bc614dd:   45 23 53 18 49 c1 e2 04 4d 03 53 10 49 3b 32 75
0x00007fff8bc614ed:   04 41 ff 62 08 49 83 3a 01 76 0d 49 83 c2 10 49 

Register to memory mapping:

RAX=0x00007f8c7c1824c0 is an unknown value
RBX=0x000000018d6f3450: Java_jogamp_nativewindow_macosx_OSXUtil_GetScreenRefreshRate0+0x1cf0 in /private/var/folders/j0/y00zbzts2y705611_794rs200000gn/T/jogamp_0000/file_cache/jln9212768216658282501/jln8667568609284889838/libnativewindow_macosx.jnilib at 0x000000018d6ec000
RCX=0x0000000126601c80 is an unknown value
RDX=0x00000001225c3920 is an unknown value
RSP=0x00007fff5447cdd8 is pointing into the stack for thread: 0x00007f8c79a84000
RBP=0x00007fff5447ce90 is pointing into the stack for thread: 0x00007f8c79a84000
RSI=0x00007fff914e2cbe is an unknown value
RDI=0x00007f8c79452220 is an unknown value
R8 =0x0000000000000000 is an unknown value
R9 =0x0000000000000000 is an unknown value
R10=0x00007fff914e2cbe is an unknown value
R11=0x0000000000000000 is an unknown value
R12=0x0000000000000000 is an unknown value
R13={method} {0x0000000190079c38} 'UnsetJAWTRootSurfaceLayer0' '(JJ)V' in 'jogamp/nativewindow/jawt/macosx/MacOSXJAWTWindow'
R14=0x000000018d6f3440: Java_jogamp_nativewindow_macosx_OSXUtil_GetScreenRefreshRate0+0x1ce0 in /private/var/folders/j0/y00zbzts2y705611_794rs200000gn/T/jogamp_0000/file_cache/jln9212768216658282501/jln8667568609284889838/libnativewindow_macosx.jnilib at 0x000000018d6ec000
R15=0x00007f8c79a84000 is a thread


Stack: [0x00007fff53c82000,0x00007fff54482000],  sp=0x00007fff5447cdd8,  free space=8171k
Native frames: (J=compiled Java code, j=interpreted, Vv=VM code, C=native code)
C  [libobjc.A.dylib+0x14dd]  objc_msgSend+0x1d
j  jogamp.nativewindow.jawt.macosx.MacOSXJAWTWindow.UnsetJAWTRootSurfaceLayer0(JJ)V+0
j  jogamp.nativewindow.jawt.macosx.MacOSXJAWTWindow.access$200(JJ)V+2
j  jogamp.nativewindow.jawt.macosx.MacOSXJAWTWindow$1.run()V+38
J 1889 C1 com.jogamp.common.util.RunnableTask.run()V (345 bytes) @ 0x000000010d4688b4 [0x000000010d468720+0x194]
v  ~StubRoutines::call_stub
V  [libjvm.dylib+0x2efcba]  JavaCalls::call_helper(JavaValue*, methodHandle*, JavaCallArguments*, Thread*)+0x6ae
V  [libjvm.dylib+0x326ff8]  jni_invoke_nonstatic(JNIEnv_*, JavaValue*, _jobject*, JNICallType, _jmethodID*, JNI_ArgumentPusher*, Thread*)+0x2ec
V  [libjvm.dylib+0x3197db]  jni_CallVoidMethod+0x16b
C  [libnativewindow_macosx.jnilib+0x5326]  Java_jogamp_nativewindow_jawt_macosx_MacOSXJAWTWindow_UnsetJAWTRootSurfaceLayer0+0x2b6
C  [Foundation+0x76dbe]  __NSThreadPerformPerform+0x117
C  [CoreFoundation+0xaa7e1]  __CFRUNLOOP_IS_CALLING_OUT_TO_A_SOURCE0_PERFORM_FUNCTION__+0x11
C  [CoreFoundation+0x89e87]  __CFRunLoopDoSources0+0x1a7
C  [CoreFoundation+0x8942f]  __CFRunLoopRun+0x39f
C  [CoreFoundation+0x88e28]  CFRunLoopRunSpecific+0x128
C  [HIToolbox+0x30935]  RunCurrentEventLoopInMode+0xeb
C  [HIToolbox+0x30677]  ReceiveNextEventCommon+0xb8
C  [HIToolbox+0x305af]  _BlockUntilNextEventMatchingListInModeWithFilter+0x47
C  [AppKit+0x48df6]  _DPSNextEvent+0x42b
C  [AppKit+0x48226]  -[NSApplication _nextEventMatchingEventMask:untilDate:inMode:dequeue:]+0x1c6
C  [libosxapp.dylib+0x2328]  -[NSApplicationAWT nextEventMatchingMask:untilDate:inMode:dequeue:]+0x7c
C  [AppKit+0x3cd80]  -[NSApplication run]+0x2aa
C  [libosxapp.dylib+0x1f72]  +[NSApplicationAWT runAWTLoopWithApp:]+0x9c
C  [libawt_lwawt.dylib+0x4711f]  -[AWTStarter starter:]+0x389
C  [Foundation+0x76dbe]  __NSThreadPerformPerform+0x117
C  [CoreFoundation+0xaa7e1]  __CFRUNLOOP_IS_CALLING_OUT_TO_A_SOURCE0_PERFORM_FUNCTION__+0x11
C  [CoreFoundation+0x89f0c]  __CFRunLoopDoSources0+0x22c
C  [CoreFoundation+0x8942f]  __CFRunLoopRun+0x39f
C  [CoreFoundation+0x88e28]  CFRunLoopRunSpecific+0x128
C  [java+0x646e]  CreateExecutionEnvironment+0x367
C  [java+0x203c]  JLI_Launch+0x7a0
C  [java+0x84cb]  main+0x65
C  [java+0x1894]  start+0x34
C  0x0000000000000007

Java frames: (J=compiled Java code, j=interpreted, Vv=VM code)
j  jogamp.nativewindow.jawt.macosx.MacOSXJAWTWindow.UnsetJAWTRootSurfaceLayer0(JJ)V+0
j  jogamp.nativewindow.jawt.macosx.MacOSXJAWTWindow.access$200(JJ)V+2
j  jogamp.nativewindow.jawt.macosx.MacOSXJAWTWindow$1.run()V+38
J 1889 C1 com.jogamp.common.util.RunnableTask.run()V (345 bytes) @ 0x000000010d4688b4 [0x000000010d468720+0x194]
v  ~StubRoutines::call_stub

---------------  P R O C E S S  ---------------

Java Threads: ( => current thread )
  0x00007f8c79fac800 JavaThread "Thread-101" [_thread_blocked, id=58655, stack(0x0000700001af4000,0x0000700001bf4000)]
  0x00007f8c79dbc800 JavaThread "AWT-EventQueue-1" [_thread_blocked, id=57635, stack(0x00007000015e2000,0x00007000016e2000)]
  0x00007f8c7a00a800 JavaThread "DestroyJavaVM" [_thread_blocked, id=4099, stack(0x0000700000084000,0x0000700000184000)]
  0x00007f8c79b98800 JavaThread "AWT-EventQueue-0" [_thread_blocked, id=55555, stack(0x00007000013dc000,0x00007000014dc000)]
  0x00007f8c7a295800 JavaThread "Java2D Disposer" daemon [_thread_blocked, id=52231, stack(0x0000700001153000,0x0000700001253000)]
  0x00007f8c7a18b800 JavaThread "Java2D Queue Flusher" daemon [_thread_blocked, id=48647, stack(0x0000700001050000,0x0000700001150000)]
  0x00007f8c79aa2000 JavaThread "AWT-Shutdown" [_thread_blocked, id=29199, stack(0x0000700000eca000,0x0000700000fca000)]
=>0x00007f8c79a84000 JavaThread "AWT-AppKit" daemon [_thread_in_native, id=2571, stack(0x00007fff53c82000,0x00007fff54482000)]
  0x00007f8c7a06b800 JavaThread "Service Thread" daemon [_thread_blocked, id=17411, stack(0x0000700000b3b000,0x0000700000c3b000)]
  0x00007f8c7a058800 JavaThread "C1 CompilerThread1" daemon [_thread_blocked, id=16899, stack(0x0000700000a38000,0x0000700000b38000)]
  0x00007f8c7a057000 JavaThread "C2 CompilerThread0" daemon [_thread_blocked, id=16387, stack(0x0000700000935000,0x0000700000a35000)]
  0x00007f8c79841000 JavaThread "Signal Dispatcher" daemon [_thread_blocked, id=12819, stack(0x0000700000832000,0x0000700000932000)]
  0x00007f8c7a048000 JavaThread "Finalizer" daemon [_thread_blocked, id=11779, stack(0x0000700000629000,0x0000700000729000)]
  0x00007f8c7a042000 JavaThread "Reference Handler" daemon [_thread_blocked, id=11267, stack(0x0000700000526000,0x0000700000626000)]

Other Threads:
  0x00007f8c7a03d000 VMThread [stack: 0x0000700000423000,0x0000700000523000] [id=10755]
  0x00007f8c7a01a800 WatcherThread [stack: 0x0000700000c3e000,0x0000700000d3e000] [id=17923]

VM state:not at safepoint (normal execution)

VM Mutex/Monitor currently owned by a thread: None

Heap:
 PSYoungGen      total 95232K, used 60954K [0x00000007aab00000, 0x00000007b2580000, 0x00000007c0000000)
  eden space 80384K, 69% used [0x00000007aab00000,0x00000007ae1467e8,0x00000007af980000)
  from space 14848K, 36% used [0x00000007b0d00000,0x00000007b1240150,0x00000007b1b80000)
  to   space 19968K, 0% used [0x00000007af980000,0x00000007af980000,0x00000007b0d00000)
 ParOldGen       total 75264K, used 33430K [0x0000000780000000, 0x0000000784980000, 0x00000007aab00000)
  object space 75264K, 44% used [0x0000000780000000,0x00000007820a59c8,0x0000000784980000)
 Metaspace       used 24831K, capacity 25175K, committed 25600K, reserved 1073152K
  class space    used 2456K, capacity 2558K, committed 2560K, reserved 1048576K

Card table byte_map: [0x000000011c1d1000,0x000000011c3d2000] byte_map_base: 0x00000001185d1000

Marking Bits: (ParMarkBitMap*) 0x000000010c2f9cd0
 Begin Bits: [0x000000011c528000, 0x000000011d528000)
 End Bits:   [0x000000011d528000, 0x000000011e528000)

Polling page: 0x000000010c9fc000

CodeCache: size=245760Kb used=10190Kb max_used=10202Kb free=235569Kb
 bounds [0x000000010ce11000, 0x000000010d821000, 0x000000011be11000]
 total_blobs=4065 nmethods=3116 adapters=864
 compilation: enabled

Compilation events (10 events):
Event: 40.283 Thread 0x00007f8c7a058800 3581       3       java.lang.reflect.Constructor::setConstructorAccessor (21 bytes)
Event: 40.284 Thread 0x00007f8c7a058800 nmethod 3581 0x000000010d812350 code [0x000000010d8124c0, 0x000000010d812888]
Event: 40.284 Thread 0x00007f8c7a058800 3582       3       java.lang.invoke.LambdaForm::uncustomize (58 bytes)
Event: 40.284 Thread 0x00007f8c7a058800 nmethod 3582 0x000000010d812990 code [0x000000010d812b00, 0x000000010d812db0]
Event: 40.285 Thread 0x00007f8c7a058800 3583       3       java.util.concurrent.locks.ReentrantReadWriteLock$Sync::exclusiveCount (5 bytes)
Event: 40.286 Thread 0x00007f8c7a058800 nmethod 3583 0x000000010d812e50 code [0x000000010d812fa0, 0x000000010d8130d0]
Event: 40.286 Thread 0x00007f8c7a058800 3584       3       java.awt.Rectangle::intersection (180 bytes)
Event: 40.287 Thread 0x00007f8c7a058800 nmethod 3584 0x000000010d813150 code [0x000000010d8132e0, 0x000000010d813810]
Event: 40.297 Thread 0x00007f8c7a058800 3585       3       java.lang.invoke.MethodType::basicType (8 bytes)
Event: 40.297 Thread 0x00007f8c7a058800 nmethod 3585 0x000000010d813ad0 code [0x000000010d813c40, 0x000000010d813e30]

GC Heap History (10 events):
Event: 15.774 GC heap before
{Heap before GC invocations=6 (full 1):
 PSYoungGen      total 35328K, used 32768K [0x00000007aab00000, 0x00000007ad000000, 0x00000007c0000000)
  eden space 32768K, 100% used [0x00000007aab00000,0x00000007acb00000,0x00000007acb00000)
  from space 2560K, 0% used [0x00000007acd80000,0x00000007acd80000,0x00000007ad000000)
  to   space 2560K, 0% used [0x00000007acb00000,0x00000007acb00000,0x00000007acd80000)
 ParOldGen       total 33792K, used 7429K [0x0000000780000000, 0x0000000782100000, 0x00000007aab00000)
  object space 33792K, 21% used [0x0000000780000000,0x0000000780741548,0x0000000782100000)
 Metaspace       used 23903K, capacity 24263K, committed 24576K, reserved 1071104K
  class space    used 2440K, capacity 2554K, committed 2560K, reserved 1048576K
Event: 15.866 GC heap after
Heap after GC invocations=6 (full 1):
 PSYoungGen      total 35328K, used 2544K [0x00000007aab00000, 0x00000007af900000, 0x00000007c0000000)
  eden space 32768K, 0% used [0x00000007aab00000,0x00000007aab00000,0x00000007acb00000)
  from space 2560K, 99% used [0x00000007acb00000,0x00000007acd7c0b0,0x00000007acd80000)
  to   space 12288K, 0% used [0x00000007aed00000,0x00000007aed00000,0x00000007af900000)
 ParOldGen       total 33792K, used 18754K [0x0000000780000000, 0x0000000782100000, 0x00000007aab00000)
  object space 33792K, 55% used [0x0000000780000000,0x0000000781250b78,0x0000000782100000)
 Metaspace       used 23903K, capacity 24263K, committed 24576K, reserved 1071104K
  class space    used 2440K, capacity 2554K, committed 2560K, reserved 1048576K
}
Event: 21.684 GC heap before
{Heap before GC invocations=7 (full 1):
 PSYoungGen      total 35328K, used 35312K [0x00000007aab00000, 0x00000007af900000, 0x00000007c0000000)
  eden space 32768K, 100% used [0x00000007aab00000,0x00000007acb00000,0x00000007acb00000)
  from space 2560K, 99% used [0x00000007acb00000,0x00000007acd7c0b0,0x00000007acd80000)
  to   space 12288K, 0% used [0x00000007aed00000,0x00000007aed00000,0x00000007af900000)
 ParOldGen       total 33792K, used 18754K [0x0000000780000000, 0x0000000782100000, 0x00000007aab00000)
  object space 33792K, 55% used [0x0000000780000000,0x0000000781250b78,0x0000000782100000)
 Metaspace       used 24233K, capacity 24595K, committed 24832K, reserved 1071104K
  class space    used 2442K, capacity 2556K, committed 2560K, reserved 1048576K
Event: 21.705 GC heap after
Heap after GC invocations=7 (full 1):
 PSYoungGen      total 63488K, used 5456K [0x00000007aab00000, 0x00000007af680000, 0x00000007c0000000)
  eden space 53760K, 0% used [0x00000007aab00000,0x00000007aab00000,0x00000007adf80000)
  from space 9728K, 56% used [0x00000007aed00000,0x00000007af2541e0,0x00000007af680000)
  to   space 11776K, 0% used [0x00000007adf80000,0x00000007adf80000,0x00000007aeb00000)
 ParOldGen       total 33792K, used 18762K [0x0000000780000000, 0x0000000782100000, 0x00000007aab00000)
  object space 33792K, 55% used [0x0000000780000000,0x0000000781252b78,0x0000000782100000)
 Metaspace       used 24233K, capacity 24595K, committed 24832K, reserved 1071104K
  class space    used 2442K, capacity 2556K, committed 2560K, reserved 1048576K
}
Event: 28.670 GC heap before
{Heap before GC invocations=8 (full 1):
 PSYoungGen      total 63488K, used 59216K [0x00000007aab00000, 0x00000007af680000, 0x00000007c0000000)
  eden space 53760K, 100% used [0x00000007aab00000,0x00000007adf80000,0x00000007adf80000)
  from space 9728K, 56% used [0x00000007aed00000,0x00000007af2541e0,0x00000007af680000)
  to   space 11776K, 0% used [0x00000007adf80000,0x00000007adf80000,0x00000007aeb00000)
 ParOldGen       total 33792K, used 18762K [0x0000000780000000, 0x0000000782100000, 0x00000007aab00000)
  object space 33792K, 55% used [0x0000000780000000,0x0000000781252b78,0x0000000782100000)
 Metaspace       used 24426K, capacity 24787K, committed 25088K, reserved 1071104K
  class space    used 2443K, capacity 2556K, committed 2560K, reserved 1048576K
Event: 28.708 GC heap after
Heap after GC invocations=8 (full 1):
 PSYoungGen      total 65536K, used 11760K [0x00000007aab00000, 0x00000007b1b80000, 0x00000007c0000000)
  eden space 53760K, 0% used [0x00000007aab00000,0x00000007aab00000,0x00000007adf80000)
  from space 11776K, 99% used [0x00000007adf80000,0x00000007aeafc300,0x00000007aeb00000)
  to   space 14848K, 0% used [0x00000007b0d00000,0x00000007b0d00000,0x00000007b1b80000)
 ParOldGen       total 33792K, used 21036K [0x0000000780000000, 0x0000000782100000, 0x00000007aab00000)
  object space 33792K, 62% used [0x0000000780000000,0x000000078148b3f0,0x0000000782100000)
 Metaspace       used 24426K, capacity 24787K, committed 25088K, reserved 1071104K
  class space    used 2443K, capacity 2556K, committed 2560K, reserved 1048576K
}
Event: 34.033 GC heap before
{Heap before GC invocations=9 (full 1):
 PSYoungGen      total 65536K, used 65459K [0x00000007aab00000, 0x00000007b1b80000, 0x00000007c0000000)
  eden space 53760K, 99% used [0x00000007aab00000,0x00000007adf70c40,0x00000007adf80000)
  from space 11776K, 99% used [0x00000007adf80000,0x00000007aeafc300,0x00000007aeb00000)
  to   space 14848K, 0% used [0x00000007b0d00000,0x00000007b0d00000,0x00000007b1b80000)
 ParOldGen       total 33792K, used 21036K [0x0000000780000000, 0x0000000782100000, 0x00000007aab00000)
  object space 33792K, 62% used [0x0000000780000000,0x000000078148b3f0,0x0000000782100000)
 Metaspace       used 24638K, capacity 25043K, committed 25344K, reserved 1073152K
  class space    used 2444K, capacity 2556K, committed 2560K, reserved 1048576K
Event: 34.106 GC heap after
Heap after GC invocations=9 (full 1):
 PSYoungGen      total 95232K, used 14816K [0x00000007aab00000, 0x00000007b2580000, 0x00000007c0000000)
  eden space 80384K, 0% used [0x00000007aab00000,0x00000007aab00000,0x00000007af980000)
  from space 14848K, 99% used [0x00000007b0d00000,0x00000007b1b783b0,0x00000007b1b80000)
  to   space 19968K, 0% used [0x00000007af980000,0x00000007af980000,0x00000007b0d00000)
 ParOldGen       total 33792K, used 27495K [0x0000000780000000, 0x0000000782100000, 0x00000007aab00000)
  object space 33792K, 81% used [0x0000000780000000,0x0000000781ad9d30,0x0000000782100000)
 Metaspace       used 24638K, capacity 25043K, committed 25344K, reserved 1073152K
  class space    used 2444K, capacity 2556K, committed 2560K, reserved 1048576K
}
Event: 34.106 GC heap before
{Heap before GC invocations=10 (full 2):
 PSYoungGen      total 95232K, used 14816K [0x00000007aab00000, 0x00000007b2580000, 0x00000007c0000000)
  eden space 80384K, 0% used [0x00000007aab00000,0x00000007aab00000,0x00000007af980000)
  from space 14848K, 99% used [0x00000007b0d00000,0x00000007b1b783b0,0x00000007b1b80000)
  to   space 19968K, 0% used [0x00000007af980000,0x00000007af980000,0x00000007b0d00000)
 ParOldGen       total 33792K, used 27495K [0x0000000780000000, 0x0000000782100000, 0x00000007aab00000)
  object space 33792K, 81% used [0x0000000780000000,0x0000000781ad9d30,0x0000000782100000)
 Metaspace       used 24638K, capacity 25043K, committed 25344K, reserved 1073152K
  class space    used 2444K, capacity 2556K, committed 2560K, reserved 1048576K
Event: 34.340 GC heap after
Heap after GC invocations=10 (full 2):
 PSYoungGen      total 95232K, used 5376K [0x00000007aab00000, 0x00000007b2580000, 0x00000007c0000000)
  eden space 80384K, 0% used [0x00000007aab00000,0x00000007aab00000,0x00000007af980000)
  from space 14848K, 36% used [0x00000007b0d00000,0x00000007b1240150,0x00000007b1b80000)
  to   space 19968K, 0% used [0x00000007af980000,0x00000007af980000,0x00000007b0d00000)
 ParOldGen       total 75264K, used 33430K [0x0000000780000000, 0x0000000784980000, 0x00000007aab00000)
  object space 75264K, 44% used [0x0000000780000000,0x00000007820a59c8,0x0000000784980000)
 Metaspace       used 24638K, capacity 25043K, committed 25344K, reserved 1073152K
  class space    used 2444K, capacity 2556K, committed 2560K, reserved 1048576K
}

Deoptimization events (10 events):
Event: 27.181 Thread 0x00007f8c79dbc800 Uncommon trap: reason=unstable_if action=reinterpret pc=0x000000010d721d8c method=module5.CommonMarker.draw(Lprocessing/core/PGraphics;FF)V @ 4
Event: 28.360 Thread 0x00007f8c79dbc800 Uncommon trap: reason=unstable_if action=reinterpret pc=0x000000010d60776c method=java.text.DigitList.getDataChars(I)[C @ 13
Event: 28.360 Thread 0x00007f8c79dbc800 Uncommon trap: reason=unstable_if action=reinterpret pc=0x000000010d5e77bc method=java.text.DecimalFormat.subformat(Ljava/lang/StringBuffer;Ljava/text/Format$FieldDelegate;ZZIIII)Ljava/lang/StringBuffer; @ 753
Event: 31.032 Thread 0x00007f8c79dbc800 Uncommon trap: reason=unstable_if action=reinterpret pc=0x000000010d1e572c method=java.text.DigitList.set(ZLjava/lang/String;ZZIZ)V @ 305
Event: 40.154 Thread 0x00007f8c7a28d000 Uncommon trap: reason=bimorphic action=maybe_recompile pc=0x000000010d358d28 method=java.util.HashMap.putVal(ILjava/lang/Object;Ljava/lang/Object;ZZ)Ljava/lang/Object; @ 91
Event: 40.154 Thread 0x00007f8c7a28d000 Uncommon trap: reason=bimorphic action=maybe_recompile pc=0x000000010d358d28 method=java.util.HashMap.putVal(ILjava/lang/Object;Ljava/lang/Object;ZZ)Ljava/lang/Object; @ 91
Event: 40.154 Thread 0x00007f8c7a28d000 Uncommon trap: reason=bimorphic action=maybe_recompile pc=0x000000010d358d28 method=java.util.HashMap.putVal(ILjava/lang/Object;Ljava/lang/Object;ZZ)Ljava/lang/Object; @ 91
Event: 40.154 Thread 0x00007f8c7a28d000 Uncommon trap: reason=bimorphic action=maybe_recompile pc=0x000000010d358d28 method=java.util.HashMap.putVal(ILjava/lang/Object;Ljava/lang/Object;ZZ)Ljava/lang/Object; @ 91
Event: 40.154 Thread 0x00007f8c7a28d000 Uncommon trap: reason=bimorphic action=maybe_recompile pc=0x000000010d45d574 method=java.util.HashMap.putVal(ILjava/lang/Object;Ljava/lang/Object;ZZ)Ljava/lang/Object; @ 91
Event: 40.281 Thread 0x00007f8c79fac800 Uncommon trap: reason=predicate action=maybe_recompile pc=0x000000010d76fbb4 method=java.util.Vector.indexOf(Ljava/lang/Object;I)I @ 44

Classes redefined (0 events):
No events

Internal exceptions (10 events):
Event: 39.351 Thread 0x00007f8c7cdb6800 Exception <a 'java/security/PrivilegedActionException'> (0x00000007ad245e50) thrown at [/Users/java_re/workspace/8-2-build-macosx-x86_64/jdk8u181/11358/hotspot/src/share/vm/prims/jvm.cpp, line 1435]
Event: 39.356 Thread 0x00007f8c7a3c7000 Exception <a 'java/security/PrivilegedActionException'> (0x00000007ad088268) thrown at [/Users/java_re/workspace/8-2-build-macosx-x86_64/jdk8u181/11358/hotspot/src/share/vm/prims/jvm.cpp, line 1435]
Event: 39.579 Thread 0x00007f8c7a772000 Exception <a 'java/security/PrivilegedActionException'> (0x00000007ad541648) thrown at [/Users/java_re/workspace/8-2-build-macosx-x86_64/jdk8u181/11358/hotspot/src/share/vm/prims/jvm.cpp, line 1435]
Event: 39.671 Thread 0x00007f8c7a3e2800 Exception <a 'java/security/PrivilegedActionException'> (0x00000007ad3c3a60) thrown at [/Users/java_re/workspace/8-2-build-macosx-x86_64/jdk8u181/11358/hotspot/src/share/vm/prims/jvm.cpp, line 1435]
Event: 39.678 Thread 0x00007f8c79da9800 Exception <a 'java/security/PrivilegedActionException'> (0x00000007ad607680) thrown at [/Users/java_re/workspace/8-2-build-macosx-x86_64/jdk8u181/11358/hotspot/src/share/vm/prims/jvm.cpp, line 1435]
Event: 39.850 Thread 0x00007f8c79da8800 Exception <a 'java/security/PrivilegedActionException'> (0x00000007ad59aba8) thrown at [/Users/java_re/workspace/8-2-build-macosx-x86_64/jdk8u181/11358/hotspot/src/share/vm/prims/jvm.cpp, line 1435]
Event: 40.062 Thread 0x00007f8c79dac000 Exception <a 'java/security/PrivilegedActionException'> (0x00000007ad9563b8) thrown at [/Users/java_re/workspace/8-2-build-macosx-x86_64/jdk8u181/11358/hotspot/src/share/vm/prims/jvm.cpp, line 1435]
Event: 40.146 Thread 0x00007f8c79da9800 Exception <a 'java/security/PrivilegedActionException'> (0x00000007adad3f90) thrown at [/Users/java_re/workspace/8-2-build-macosx-x86_64/jdk8u181/11358/hotspot/src/share/vm/prims/jvm.cpp, line 1435]
Event: 40.192 Thread 0x00007f8c79fab000 Exception <a 'java/security/PrivilegedActionException'> (0x00000007adb00a58) thrown at [/Users/java_re/workspace/8-2-build-macosx-x86_64/jdk8u181/11358/hotspot/src/share/vm/prims/jvm.cpp, line 1435]
Event: 40.193 Thread 0x00007f8c7a3c7000 Exception <a 'java/security/PrivilegedActionException'> (0x00000007adc7e658) thrown at [/Users/java_re/workspace/8-2-build-macosx-x86_64/jdk8u181/11358/hotspot/src/share/vm/prims/jvm.cpp, line 1435]

Events (10 events):
Event: 40.281 loading class java/awt/Window$1DisposeAction
Event: 40.281 loading class java/awt/Window$1DisposeAction done
Event: 40.299 Executing VM operation: RevokeBias
Event: 40.309 Executing VM operation: RevokeBias done
Event: 40.309 Executing VM operation: RevokeBias
Event: 40.309 Executing VM operation: RevokeBias done
Event: 40.310 loading class java/util/IdentityHashMap$KeyIterator
Event: 40.310 loading class java/util/IdentityHashMap$IdentityHashMapIterator
Event: 40.317 loading class java/util/IdentityHashMap$IdentityHashMapIterator done
Event: 40.317 loading class java/util/IdentityHashMap$KeyIterator done


Dynamic libraries:
0x00007fff9c03e000 	/System/Library/Frameworks/Cocoa.framework/Versions/A/Cocoa
0x00007fff8cb17000 	/System/Library/Frameworks/Security.framework/Versions/A/Security
0x00007fff99dbe000 	/System/Library/Frameworks/ApplicationServices.framework/Versions/A/ApplicationServices
0x00007fff8fea4000 	/usr/lib/libz.1.dylib
0x00007fff9c2b2000 	/usr/lib/libSystem.B.dylib
0x00007fff8bc60000 	/usr/lib/libobjc.A.dylib
0x00007fff90944000 	/System/Library/Frameworks/CoreFoundation.framework/Versions/A/CoreFoundation
0x00007fff94dbb000 	/System/Library/Frameworks/Foundation.framework/Versions/C/Foundation
0x00007fff9c4e9000 	/System/Library/Frameworks/AppKit.framework/Versions/C/AppKit
0x00007fff8b093000 	/System/Library/Frameworks/CoreData.framework/Versions/A/CoreData
0x00007fff9d97e000 	/System/Library/PrivateFrameworks/RemoteViewServices.framework/Versions/A/RemoteViewServices
0x00007fff9c0fd000 	/System/Library/PrivateFrameworks/UIFoundation.framework/Versions/A/UIFoundation
0x00007fff96b16000 	/usr/lib/libScreenReader.dylib
0x00007fff9ae09000 	/System/Library/Frameworks/Accelerate.framework/Versions/A/Accelerate
0x00007fff8b3fe000 	/System/Library/Frameworks/IOSurface.framework/Versions/A/IOSurface
0x00007fff8cdb2000 	/System/Library/Frameworks/AudioToolbox.framework/Versions/A/AudioToolbox
0x00007fff9bfec000 	/System/Library/Frameworks/AudioUnit.framework/Versions/A/AudioUnit
0x00007fff8f064000 	/System/Library/PrivateFrameworks/DataDetectorsCore.framework/Versions/A/DataDetectorsCore
0x00007fff92308000 	/System/Library/PrivateFrameworks/DesktopServicesPriv.framework/Versions/A/DesktopServicesPriv
0x00007fff8d435000 	/System/Library/Frameworks/Carbon.framework/Versions/A/Frameworks/HIToolbox.framework/Versions/A/HIToolbox
0x00007fff8c011000 	/System/Library/Frameworks/QuartzCore.framework/Versions/A/QuartzCore
0x00007fff8bbda000 	/System/Library/Frameworks/Carbon.framework/Versions/A/Frameworks/SpeechRecognition.framework/Versions/A/SpeechRecognition
0x00007fff8cf5f000 	/usr/lib/libauto.dylib
0x00007fff90545000 	/usr/lib/libicucore.A.dylib
0x00007fff99cce000 	/usr/lib/libxml2.2.dylib
0x00007fff9ed6c000 	/System/Library/PrivateFrameworks/CoreUI.framework/Versions/A/CoreUI
0x00007fff8fe52000 	/System/Library/Frameworks/CoreAudio.framework/Versions/A/CoreAudio
0x00007fff95922000 	/System/Library/Frameworks/DiskArbitration.framework/Versions/A/DiskArbitration
0x00007fff985e3000 	/usr/lib/liblangid.dylib
0x00007fff8bfec000 	/System/Library/PrivateFrameworks/MultitouchSupport.framework/Versions/A/MultitouchSupport
0x00007fff8ca23000 	/System/Library/Frameworks/IOKit.framework/Versions/A/IOKit
0x00007fff8d21a000 	/usr/lib/libDiagnosticMessagesClient.dylib
0x00007fff9704b000 	/System/Library/Frameworks/CoreServices.framework/Versions/A/CoreServices
0x00007fff97b53000 	/System/Library/PrivateFrameworks/PerformanceAnalysis.framework/Versions/A/PerformanceAnalysis
0x00007fff990a6000 	/System/Library/PrivateFrameworks/GenerationalStorage.framework/Versions/A/GenerationalStorage
0x00007fff97d56000 	/System/Library/Frameworks/OpenGL.framework/Versions/A/OpenGL
0x00007fff9368b000 	/System/Library/PrivateFrameworks/Sharing.framework/Versions/A/Sharing
0x00007fff9d9b7000 	/System/Library/Frameworks/CoreGraphics.framework/Versions/A/CoreGraphics
0x00007fff928aa000 	/System/Library/Frameworks/CoreImage.framework/Versions/A/CoreImage
0x00007fff92acd000 	/System/Library/Frameworks/CoreText.framework/Versions/A/CoreText
0x00007fff9893b000 	/System/Library/Frameworks/ImageIO.framework/Versions/A/ImageIO
0x00007fff954d2000 	/System/Library/PrivateFrameworks/Backup.framework/Versions/A/Backup
0x00007fff8cfa6000 	/usr/lib/libextension.dylib
0x00007fff8ef1e000 	/usr/lib/libarchive.2.dylib
0x00007fff99165000 	/System/Library/Frameworks/CFNetwork.framework/Versions/A/CFNetwork
0x00007fff94c35000 	/System/Library/Frameworks/SystemConfiguration.framework/Versions/A/SystemConfiguration
0x00007fff9d113000 	/usr/lib/libCRFSuite.dylib
0x00007fff9077b000 	/usr/lib/libc++.1.dylib
0x00007fff8eee6000 	/usr/lib/libc++abi.dylib
0x00007fff9a84c000 	/usr/lib/system/libcache.dylib
0x00007fff8ddb4000 	/usr/lib/system/libcommonCrypto.dylib
0x00007fff8bbe1000 	/usr/lib/system/libcompiler_rt.dylib
0x00007fff945c2000 	/usr/lib/system/libcopyfile.dylib
0x00007fff90e59000 	/usr/lib/system/libcorecrypto.dylib
0x00007fff91580000 	/usr/lib/system/libdispatch.dylib
0x00007fff9d137000 	/usr/lib/system/libdyld.dylib
0x00007fff89e6c000 	/usr/lib/system/libkeymgr.dylib
0x00007fff89ee0000 	/usr/lib/system/liblaunch.dylib
0x00007fff97b42000 	/usr/lib/system/libmacho.dylib
0x00007fff8c8d0000 	/usr/lib/system/libquarantine.dylib
0x00007fff91795000 	/usr/lib/system/libremovefile.dylib
0x00007fff9af8f000 	/usr/lib/system/libsystem_asl.dylib
0x00007fff97257000 	/usr/lib/system/libsystem_blocks.dylib
0x00007fff9563a000 	/usr/lib/system/libsystem_c.dylib
0x00007fff8aef8000 	/usr/lib/system/libsystem_configuration.dylib
0x00007fff89d8f000 	/usr/lib/system/libsystem_coreservices.dylib
0x00007fff98fd9000 	/usr/lib/system/libsystem_coretls.dylib
0x00007fff967de000 	/usr/lib/system/libsystem_dnssd.dylib
0x00007fff94d15000 	/usr/lib/system/libsystem_info.dylib
0x00007fff98f59000 	/usr/lib/system/libsystem_kernel.dylib
0x00007fff9bfbc000 	/usr/lib/system/libsystem_m.dylib
0x00007fff97d67000 	/usr/lib/system/libsystem_malloc.dylib
0x00007fff89b55000 	/usr/lib/system/libsystem_network.dylib
0x00007fff8aeaf000 	/usr/lib/system/libsystem_networkextension.dylib
0x00007fff8b06d000 	/usr/lib/system/libsystem_notify.dylib
0x00007fff8e8c5000 	/usr/lib/system/libsystem_platform.dylib
0x00007fff908f0000 	/usr/lib/system/libsystem_pthread.dylib
0x00007fff9ec3e000 	/usr/lib/system/libsystem_sandbox.dylib
0x00007fff8d2f9000 	/usr/lib/system/libsystem_secinit.dylib
0x00007fff9516a000 	/usr/lib/system/libsystem_trace.dylib
0x00007fff8e8c0000 	/usr/lib/system/libunc.dylib
0x00007fff990a0000 	/usr/lib/system/libunwind.dylib
0x00007fff8d37a000 	/usr/lib/system/libxpc.dylib
0x00007fff95883000 	/usr/lib/libenergytrace.dylib
0x00007fff8ae5b000 	/usr/lib/libbsm.0.dylib
0x00007fff9981b000 	/usr/lib/system/libkxld.dylib
0x00007fff95a87000 	/usr/lib/libxar.1.dylib
0x00007fff9c323000 	/usr/lib/libsqlite3.dylib
0x00007fff8e747000 	/usr/lib/libpam.2.dylib
0x00007fff8ef11000 	/usr/lib/libOpenScriptingUtil.dylib
0x00007fff8aee9000 	/usr/lib/libbz2.1.0.dylib
0x00007fff990f0000 	/usr/lib/liblzma.5.dylib
0x00007fff9975b000 	/System/Library/Frameworks/CoreServices.framework/Versions/A/Frameworks/FSEvents.framework/Versions/A/FSEvents
0x00007fff89ee1000 	/System/Library/Frameworks/CoreServices.framework/Versions/A/Frameworks/CarbonCore.framework/Versions/A/CarbonCore
0x00007fff9be73000 	/System/Library/Frameworks/CoreServices.framework/Versions/A/Frameworks/Metadata.framework/Versions/A/Metadata
0x00007fff8ef4a000 	/System/Library/Frameworks/CoreServices.framework/Versions/A/Frameworks/OSServices.framework/Versions/A/OSServices
0x00007fff99c02000 	/System/Library/Frameworks/CoreServices.framework/Versions/A/Frameworks/SearchKit.framework/Versions/A/SearchKit
0x00007fff94ca9000 	/System/Library/Frameworks/CoreServices.framework/Versions/A/Frameworks/AE.framework/Versions/A/AE
0x00007fff9a562000 	/System/Library/Frameworks/CoreServices.framework/Versions/A/Frameworks/LaunchServices.framework/Versions/A/LaunchServices
0x00007fff8857d000 	/System/Library/Frameworks/CoreServices.framework/Versions/A/Frameworks/DictionaryServices.framework/Versions/A/DictionaryServices
0x00007fff98097000 	/System/Library/Frameworks/CoreServices.framework/Versions/A/Frameworks/SharedFileList.framework/Versions/A/SharedFileList
0x00007fff97fc4000 	/System/Library/Frameworks/NetFS.framework/Versions/A/NetFS
0x00007fff95928000 	/System/Library/PrivateFrameworks/NetAuth.framework/Versions/A/NetAuth
0x00007fff89720000 	/System/Library/PrivateFrameworks/login.framework/Versions/A/Frameworks/loginsupport.framework/Versions/A/loginsupport
0x00007fff8e6e4000 	/System/Library/PrivateFrameworks/TCC.framework/Versions/A/TCC
0x00007fff919ee000 	/usr/lib/libmecabra.dylib
0x00007fff9c2b4000 	/System/Library/Frameworks/ApplicationServices.framework/Versions/A/Frameworks/ATS.framework/Versions/A/ATS
0x00007fff93554000 	/System/Library/Frameworks/ApplicationServices.framework/Versions/A/Frameworks/ColorSync.framework/Versions/A/ColorSync
0x00007fff8a242000 	/System/Library/Frameworks/ApplicationServices.framework/Versions/A/Frameworks/HIServices.framework/Versions/A/HIServices
0x00007fff99e6f000 	/System/Library/Frameworks/ApplicationServices.framework/Versions/A/Frameworks/LangAnalysis.framework/Versions/A/LangAnalysis
0x00007fff92456000 	/System/Library/Frameworks/ApplicationServices.framework/Versions/A/Frameworks/PrintCore.framework/Versions/A/PrintCore
0x00007fff89d99000 	/System/Library/Frameworks/ApplicationServices.framework/Versions/A/Frameworks/QD.framework/Versions/A/QD
0x00007fff9813d000 	/System/Library/Frameworks/ApplicationServices.framework/Versions/A/Frameworks/SpeechSynthesis.framework/Versions/A/SpeechSynthesis
0x00007fff9704c000 	/System/Library/Frameworks/Metal.framework/Versions/A/Metal
0x00007fff91d90000 	/System/Library/Frameworks/Accelerate.framework/Versions/A/Frameworks/vImage.framework/Versions/A/vImage
0x00007fff8e4c0000 	/System/Library/Frameworks/Accelerate.framework/Versions/A/Frameworks/vecLib.framework/Versions/A/vecLib
0x00007fff8f862000 	/System/Library/Frameworks/Accelerate.framework/Versions/A/Frameworks/vecLib.framework/Versions/A/libvDSP.dylib
0x00007fff8d23f000 	/System/Library/Frameworks/Accelerate.framework/Versions/A/Frameworks/vecLib.framework/Versions/A/libvMisc.dylib
0x00007fff8f975000 	/System/Library/Frameworks/Accelerate.framework/Versions/A/Frameworks/vecLib.framework/Versions/A/libLAPACK.dylib
0x00007fff9708f000 	/System/Library/Frameworks/Accelerate.framework/Versions/A/Frameworks/vecLib.framework/Versions/A/libBLAS.dylib
0x00007fff9ae0a000 	/System/Library/Frameworks/Accelerate.framework/Versions/A/Frameworks/vecLib.framework/Versions/A/libLinearAlgebra.dylib
0x00007fff8b46c000 	/System/Library/Frameworks/Accelerate.framework/Versions/A/Frameworks/vecLib.framework/Versions/A/libSparseBLAS.dylib
0x00007fff99c75000 	/System/Library/PrivateFrameworks/GPUCompiler.framework/libmetal_timestamp.dylib
0x00007fff9b94b000 	/System/Library/Frameworks/OpenGL.framework/Versions/A/Libraries/libCoreFSCache.dylib
0x00007fff9910b000 	/System/Library/PrivateFrameworks/IOAccelerator.framework/Versions/A/IOAccelerator
0x00007fff8c8d3000 	/System/Library/Frameworks/ApplicationServices.framework/Versions/A/Frameworks/ATS.framework/Versions/A/Resources/libFontParser.dylib
0x00007fff9260c000 	/System/Library/Frameworks/ApplicationServices.framework/Versions/A/Frameworks/ATS.framework/Versions/A/Resources/libFontRegistry.dylib
0x00007fff9ecce000 	/System/Library/PrivateFrameworks/AppleVPA.framework/Versions/A/AppleVPA
0x00007fff926ad000 	/System/Library/PrivateFrameworks/AppleJPEG.framework/Versions/A/AppleJPEG
0x00007fff8dd19000 	/System/Library/Frameworks/ImageIO.framework/Versions/A/Resources/libJPEG.dylib
0x00007fff98f78000 	/System/Library/Frameworks/ImageIO.framework/Versions/A/Resources/libTIFF.dylib
0x00007fff9eeba000 	/System/Library/Frameworks/ImageIO.framework/Versions/A/Resources/libPng.dylib
0x00007fff99768000 	/System/Library/Frameworks/ImageIO.framework/Versions/A/Resources/libGIF.dylib
0x00007fff89a62000 	/System/Library/Frameworks/ImageIO.framework/Versions/A/Resources/libJP2.dylib
0x00007fff8aee6000 	/System/Library/Frameworks/ImageIO.framework/Versions/A/Resources/libRadiance.dylib
0x00007fff91797000 	/System/Library/Frameworks/CoreVideo.framework/Versions/A/CoreVideo
0x00007fff95583000 	/System/Library/Frameworks/OpenGL.framework/Versions/A/Libraries/libGLU.dylib
0x00007fff8b379000 	/System/Library/Frameworks/OpenGL.framework/Versions/A/Libraries/libGFXShared.dylib
0x00007fff985af000 	/System/Library/Frameworks/OpenGL.framework/Versions/A/Libraries/libGL.dylib
0x00007fff8b33a000 	/System/Library/Frameworks/OpenGL.framework/Versions/A/Libraries/libGLImage.dylib
0x00007fff95369000 	/System/Library/Frameworks/OpenGL.framework/Versions/A/Libraries/libCVMSPluginSupport.dylib
0x00007fff99764000 	/System/Library/Frameworks/OpenGL.framework/Versions/A/Libraries/libCoreVMClient.dylib
0x00007fff9331d000 	/usr/lib/libcompression.dylib
0x00007fff8afd5000 	/usr/lib/libcups.2.dylib
0x00007fff8eb3d000 	/System/Library/Frameworks/Kerberos.framework/Versions/A/Kerberos
0x00007fff8ea1e000 	/System/Library/Frameworks/GSS.framework/Versions/A/GSS
0x00007fff95866000 	/usr/lib/libresolv.9.dylib
0x00007fff984af000 	/usr/lib/libiconv.2.dylib
0x00007fff9d8e8000 	/System/Library/PrivateFrameworks/Heimdal.framework/Versions/A/Heimdal
0x00007fff8fe4c000 	/usr/lib/libheimdal-asn1.dylib
0x00007fff951ac000 	/System/Library/Frameworks/OpenDirectory.framework/Versions/A/OpenDirectory
0x00007fff8ae92000 	/System/Library/PrivateFrameworks/CommonAuth.framework/Versions/A/CommonAuth
0x00007fff967e7000 	/System/Library/Frameworks/OpenDirectory.framework/Versions/A/Frameworks/CFOpenDirectory.framework/Versions/A/CFOpenDirectory
0x00007fff955c5000 	/System/Library/Frameworks/SecurityFoundation.framework/Versions/A/SecurityFoundation
0x00007fff9c441000 	/System/Library/PrivateFrameworks/LanguageModeling.framework/Versions/A/LanguageModeling
0x00007fff9257a000 	/usr/lib/libmarisa.dylib
0x00007fff8eb98000 	/usr/lib/libChineseTokenizer.dylib
0x00007fff8dd3e000 	/usr/lib/libcmph.dylib
0x00007fff917d9000 	/System/Library/Frameworks/ServiceManagement.framework/Versions/A/ServiceManagement
0x00007fff90f17000 	/usr/lib/libxslt.1.dylib
0x00007fff914ea000 	/System/Library/Frameworks/Carbon.framework/Versions/A/Frameworks/Ink.framework/Versions/A/Ink
0x00007fff897a0000 	/usr/lib/libFosl_dynamic.dylib
0x00007fff8feb6000 	/System/Library/PrivateFrameworks/FaceCore.framework/Versions/A/FaceCore
0x00007fff91932000 	/System/Library/Frameworks/OpenCL.framework/Versions/A/OpenCL
0x00007fff8b3c0000 	/System/Library/PrivateFrameworks/CrashReporterSupport.framework/Versions/A/CrashReporterSupport
0x00007fff919cb000 	/System/Library/PrivateFrameworks/IconServices.framework/Versions/A/IconServices
0x00007fff8bfcc000 	/System/Library/PrivateFrameworks/Apple80211.framework/Versions/A/Apple80211
0x00007fff8ecb5000 	/System/Library/Frameworks/CoreWLAN.framework/Versions/A/CoreWLAN
0x00007fff9afa7000 	/System/Library/Frameworks/IOBluetooth.framework/Versions/A/IOBluetooth
0x00007fff99038000 	/System/Library/PrivateFrameworks/CoreWiFi.framework/Versions/A/CoreWiFi
0x00007fff8eb29000 	/System/Library/Frameworks/CoreBluetooth.framework/Versions/A/CoreBluetooth
0x00007fff8d2fb000 	/System/Library/PrivateFrameworks/ChunkingLibrary.framework/Versions/A/ChunkingLibrary
0x00007fff9b910000 	/System/Library/PrivateFrameworks/DebugSymbols.framework/Versions/A/DebugSymbols
0x00007fff89697000 	/System/Library/PrivateFrameworks/CoreSymbolication.framework/Versions/A/CoreSymbolication
0x00007fff98046000 	/System/Library/PrivateFrameworks/Symbolication.framework/Versions/A/Symbolication
0x00007fff9833b000 	/System/Library/PrivateFrameworks/SpeechRecognitionCore.framework/Versions/A/SpeechRecognitionCore
0x000000010b9ca000 	/System/Library/CoreServices/Encodings/libCyrillicConverter.dylib
0x000000010ba00000 	/Library/Java/JavaVirtualMachines/jdk1.8.0_181.jdk/Contents/Home/jre/lib/server/libjvm.dylib
0x00007fff8bb56000 	/usr/lib/libstdc++.6.dylib
0x000000010c9b8000 	/Library/Java/JavaVirtualMachines/jdk1.8.0_181.jdk/Contents/Home/jre/lib/libverify.dylib
0x000000010c9c6000 	/Library/Java/JavaVirtualMachines/jdk1.8.0_181.jdk/Contents/Home/jre/lib/libjava.dylib
0x000000010ce08000 	/Library/Java/JavaVirtualMachines/jdk1.8.0_181.jdk/Contents/Home/jre/lib/libzip.dylib
0x000000012152a000 	/Library/Java/JavaVirtualMachines/jdk1.8.0_181.jdk/Contents/Home/jre/lib/libawt.dylib
0x00000001215d4000 	/Library/Java/JavaVirtualMachines/jdk1.8.0_181.jdk/Contents/Home/jre/lib/./libmlib_image.dylib
0x00000001216a0000 	/System/Library/Frameworks/JavaVM.framework/Versions/A/Frameworks/JavaNativeFoundation.framework/Versions/A/JavaNativeFoundation
0x00000001216b5000 	/System/Library/Frameworks/JavaVM.framework/Versions/A/Frameworks/JavaRuntimeSupport.framework/Versions/A/JavaRuntimeSupport
0x00000001216d0000 	/System/Library/Frameworks/JavaVM.framework/Versions/A/JavaVM
0x00000001216dd000 	/System/Library/PrivateFrameworks/JavaLaunching.framework/Versions/A/JavaLaunching
0x00007fff92acc000 	/System/Library/Frameworks/Carbon.framework/Versions/A/Carbon
0x00007fff98fd4000 	/System/Library/Frameworks/Carbon.framework/Versions/A/Frameworks/CommonPanels.framework/Versions/A/CommonPanels
0x00007fff8ed21000 	/System/Library/Frameworks/Carbon.framework/Versions/A/Frameworks/Help.framework/Versions/A/Help
0x00007fff9593c000 	/System/Library/Frameworks/Carbon.framework/Versions/A/Frameworks/ImageCapture.framework/Versions/A/ImageCapture
0x00007fff91ce6000 	/System/Library/Frameworks/Carbon.framework/Versions/A/Frameworks/OpenScripting.framework/Versions/A/OpenScripting
0x00007fff8979e000 	/System/Library/Frameworks/Carbon.framework/Versions/A/Frameworks/Print.framework/Versions/A/Print
0x00007fff90753000 	/System/Library/Frameworks/Carbon.framework/Versions/A/Frameworks/SecurityHI.framework/Versions/A/SecurityHI
0x00000001216e9000 	/Library/Java/JavaVirtualMachines/jdk1.8.0_181.jdk/Contents/Home/jre/lib/libawt_lwawt.dylib
0x00000001217a3000 	/Library/Java/JavaVirtualMachines/jdk1.8.0_181.jdk/Contents/Home/jre/lib/./libosxapp.dylib
0x00007fff9d97b000 	/System/Library/Frameworks/ExceptionHandling.framework/Versions/A/ExceptionHandling
0x00007fff9536c000 	/System/Library/PrivateFrameworks/CoreServicesInternal.framework/Versions/A/CoreServicesInternal
0x00007fff9c27c000 	/System/Library/Frameworks/CoreGraphics.framework/Versions/A/Resources/libRIP.A.dylib
0x00007fff8dd55000 	/System/Library/Frameworks/Accelerate.framework/Versions/A/Frameworks/vImage.framework/Versions/A/Libraries/libCGInterfaces.dylib
0x00007fff8f31f000 	/System/Library/Frameworks/CoreGraphics.framework/Versions/A/Resources/libCGXType.A.dylib
0x00007fff8b617000 	/System/Library/Frameworks/OpenCL.framework/Versions/A/Libraries/libcldcpuengine.dylib
0x00007fff924a3000 	/System/Library/PrivateFrameworks/DiskImages.framework/Versions/A/DiskImages
0x00007fff8efa9000 	/System/Library/Frameworks/DiscRecording.framework/Versions/A/DiscRecording
0x00007fff8a30c000 	/usr/lib/libcsfde.dylib
0x00007fff99e1e000 	/usr/lib/libcurl.4.dylib
0x00007fff925d8000 	/System/Library/PrivateFrameworks/MediaKit.framework/Versions/A/MediaKit
0x00007fff98156000 	/System/Library/PrivateFrameworks/ProtectedCloudStorage.framework/Versions/A/ProtectedCloudStorage
0x00007fff8d3a4000 	/usr/lib/libCoreStorage.dylib
0x00007fff99c72000 	/System/Library/PrivateFrameworks/EFILogin.framework/Versions/A/EFILogin
0x00007fff98dd0000 	/usr/lib/libutil.dylib
0x00007fff8fe00000 	/System/Library/PrivateFrameworks/FindMyDevice.framework/Versions/A/FindMyDevice
0x00007fff8ab22000 	/System/Library/Frameworks/LDAP.framework/Versions/A/LDAP
0x00007fff8ae9c000 	/usr/lib/libsasl2.2.dylib
0x00007fff9bf7b000 	/System/Library/PrivateFrameworks/CoreDaemon.framework/Versions/B/CoreDaemon
0x00007fff95942000 	/usr/lib/libcrypto.0.9.8.dylib
0x00007fff94cff000 	/System/Library/PrivateFrameworks/AppleSRP.framework/Versions/A/AppleSRP
0x00007fff8ae40000 	/System/Library/PrivateFrameworks/TrustEvaluationAgent.framework/Versions/A/TrustEvaluationAgent
0x00000001230e9000 	cl_kernels
0x00007fff8b484000 	/System/Library/Frameworks/OpenCL.framework/Versions/A/Libraries/ImageFormats/unorm8_bgra.dylib
0x00007fff9520a000 	/System/Library/Frameworks/OpenCL.framework/Versions/A/Libraries/ImageFormats/unorm8_rgba.dylib
0x00007fff8e6c1000 	/System/Library/PrivateFrameworks/FamilyControls.framework/Versions/A/FamilyControls
0x00007fff94d08000 	/System/Library/PrivateFrameworks/CommerceKit.framework/Versions/A/Frameworks/CommerceCore.framework/Versions/A/CommerceCore
0x00007fff97276000 	/System/Library/PrivateFrameworks/SystemAdministration.framework/Versions/A/SystemAdministration
0x00007fff8fe1a000 	/System/Library/PrivateFrameworks/AppContainer.framework/Versions/A/AppContainer
0x00007fff9eeb7000 	/System/Library/PrivateFrameworks/SecCodeWrapper.framework/Versions/A/SecCodeWrapper
0x00007fff9814a000 	/System/Library/Frameworks/DirectoryService.framework/Versions/A/DirectoryService
0x00007fff8e766000 	/System/Library/PrivateFrameworks/LoginUIKit.framework/Versions/A/Frameworks/LoginUICore.framework/Versions/A/LoginUICore
0x00007fff8f31d000 	/usr/lib/libodfde.dylib
0x00007fff8c1e0000 	/System/Library/Frameworks/OpenGL.framework/Versions/A/Resources/GLEngine.bundle/GLEngine
0x00007fff8ed2d000 	/System/Library/Frameworks/OpenGL.framework/Versions/A/Libraries/libGLProgrammability.dylib
0x0000000124103000 	/System/Library/Extensions/GeForceTeslaGLDriver.bundle/Contents/MacOS/GeForceTeslaGLDriver
0x0000000125cc1000 	/System/Library/Extensions/GeForceTeslaGLDriver.bundle/Contents/MacOS/libclh.dylib
0x00007fff98f25000 	/System/Library/PrivateFrameworks/GPUSupport.framework/Versions/A/Libraries/libGPUSupport.dylib
0x00007fff94d90000 	/System/Library/Frameworks/OpenGL.framework/Versions/A/Resources/GLRendererFloat.bundle/GLRendererFloat
0x0000000126a59000 	/Library/Java/JavaVirtualMachines/jdk1.8.0_181.jdk/Contents/Home/jre/lib/libfontmanager.dylib
0x0000000127811000 	/Library/Java/JavaVirtualMachines/jdk1.8.0_181.jdk/Contents/Home/jre/lib/libosxui.dylib
0x0000000128c9c000 	/Library/Java/JavaVirtualMachines/jdk1.8.0_181.jdk/Contents/Home/jre/lib/libnet.dylib
0x0000000128cb3000 	/Library/Java/JavaVirtualMachines/jdk1.8.0_181.jdk/Contents/Home/jre/lib/libnio.dylib
0x00007fff9bf89000 	/System/Library/Frameworks/ApplicationServices.framework/Versions/A/Frameworks/ATS.framework/Versions/A/Resources/libTrueTypeScaler.dylib
0x000000018d6e8000 	/private/var/folders/j0/y00zbzts2y705611_794rs200000gn/T/jogamp_0000/file_cache/jln9212768216658282501/jln8667568609284889838/libgluegen-rt.jnilib
0x0000000127461000 	/private/var/folders/j0/y00zbzts2y705611_794rs200000gn/T/jogamp_0000/file_cache/jln9212768216658282501/jln8667568609284889838/libnativewindow_awt.jnilib
0x000000012781a000 	/Library/Java/JavaVirtualMachines/jdk1.8.0_181.jdk/Contents/Home/jre/lib/libjawt.dylib
0x000000018d6ec000 	/private/var/folders/j0/y00zbzts2y705611_794rs200000gn/T/jogamp_0000/file_cache/jln9212768216658282501/jln8667568609284889838/libnativewindow_macosx.jnilib
0x000000019015b000 	/private/var/folders/j0/y00zbzts2y705611_794rs200000gn/T/jogamp_0000/file_cache/jln9212768216658282501/jln8667568609284889838/libjogl_desktop.jnilib
0x0000000191367000 	/Library/Java/JavaVirtualMachines/jdk1.8.0_181.jdk/Contents/Home/jre/lib/libsunec.dylib
0x0000000191d87000 	/Library/Java/JavaVirtualMachines/jdk1.8.0_181.jdk/Contents/Home/jre/lib/libt2k.dylib

VM Arguments:
jvm_args: -Djava.security.policy=java.policy.applet -Dfile.encoding=UTF-8 
java_command: sun.applet.AppletViewer module5.EarthquakeCityMap1537050310713.html
java_class_path (initial): /Library/Java/JavaVirtualMachines/jdk1.8.0_181.jdk/Contents/Home/jre/lib/resources.jar:/Library/Java/JavaVirtualMachines/jdk1.8.0_181.jdk/Contents/Home/jre/lib/rt.jar:/Library/Java/JavaVirtualMachines/jdk1.8.0_181.jdk/Contents/Home/jre/lib/jsse.jar:/Library/Java/JavaVirtualMachines/jdk1.8.0_181.jdk/Contents/Home/jre/lib/jce.jar:/Library/Java/JavaVirtualMachines/jdk1.8.0_181.jdk/Contents/Home/jre/lib/charsets.jar:/Library/Java/JavaVirtualMachines/jdk1.8.0_181.jdk/Contents/Home/jre/lib/jfr.jar:/Library/Java/JavaVirtualMachines/jdk1.8.0_181.jdk/Contents/Home/jre/lib/ext/cldrdata.jar:/Library/Java/JavaVirtualMachines/jdk1.8.0_181.jdk/Contents/Home/jre/lib/ext/dnsns.jar:/Library/Java/JavaVirtualMachines/jdk1.8.0_181.jdk/Contents/Home/jre/lib/ext/jaccess.jar:/Library/Java/JavaVirtualMachines/jdk1.8.0_181.jdk/Contents/Home/jre/lib/ext/jfxrt.jar:/Library/Java/JavaVirtualMachines/jdk1.8.0_181.jdk/Contents/Home/jre/lib/ext/localedata.jar:/Library/Java/JavaVirtualMachines/jdk1.8.0_181.jdk/Contents/Home/jre/lib/ext/nashorn.jar:/Library/Java/JavaVirtualMachines/jdk1.8.0_181.jdk/Contents/Home/jre/lib/ext/sunec.jar:/Library/Java/JavaVirtualMachines/jdk1.8.0_181.jdk/Contents/Home/jre/lib/ext/sunjce_provider.jar:/Library/Java/JavaVirtualMachines/jdk1.8.0_181.jdk/Contents/Home/jre/lib/ext/sunpkcs11.jar:/Library/Java/JavaVirtualMachines/jdk1.8.0_181.jdk/Contents/Home/jre/lib/ext/zipfs.jar:/System/Library/Java/Extensions/MRJToolkit.jar:/Users/hel/eclipse-workspace/UCSDUnfoldingMaps/build:/Users/hel/eclipse-workspace/UCSDUnfoldingMaps/lib/core.jar:/Users/hel/eclipse-workspace/UCSDUnfoldingMaps/lib/gluegen-rt.jar:/Users/hel/eclipse-workspace/UCSDUnfoldingMaps/lib/jogl-all.jar:/Users/hel/eclipse-workspace/UCSDUnfoldingMaps/lib/log4j-1.2.15.jar:/Users/hel/eclipse-workspace/UCSDUnfoldingMaps/lib/sqlite-jdbc-3.7.2.jar:/Users/hel/eclipse-workspace/UCSDUnfoldingMaps/lib/json4processing.jar:/Users/hel/eclipse-workspace/UCSDUnfoldingMaps/lib/libTUIO.jar:/Users/hel/ec
Launcher Type: SUN_STANDARD

Environment Variables:
PATH=/usr/bin:/bin:/usr/sbin:/sbin
SHELL=/bin/bash
DISPLAY=/private/tmp/com.apple.launchd.ejtDj08Op9/org.macosforge.xquartz:0

Signal Handlers:
SIGSEGV: [libjvm.dylib+0x5b6029], sa_mask[0]=11111111011111110111111111111111, sa_flags=SA_ONSTACK|SA_RESTART|SA_SIGINFO
SIGBUS: [libjvm.dylib+0x5b6029], sa_mask[0]=11111111011111110111111111111111, sa_flags=SA_RESTART|SA_SIGINFO
SIGFPE: [libjvm.dylib+0x48b934], sa_mask[0]=11111111011111110111111111111111, sa_flags=SA_RESTART|SA_SIGINFO
SIGPIPE: [libjvm.dylib+0x48b934], sa_mask[0]=11111111011111110111111111111111, sa_flags=SA_RESTART|SA_SIGINFO
SIGXFSZ: [libjvm.dylib+0x48b934], sa_mask[0]=11111111011111110111111111111111, sa_flags=SA_RESTART|SA_SIGINFO
SIGILL: [libjvm.dylib+0x48b934], sa_mask[0]=11111111011111110111111111111111, sa_flags=SA_RESTART|SA_SIGINFO
SIGUSR1: SIG_DFL, sa_mask[0]=00000000000000000000000000000000, sa_flags=none
SIGUSR2: [libjvm.dylib+0x48b452], sa_mask[0]=00100000000000000000000000000000, sa_flags=SA_RESTART|SA_SIGINFO
SIGHUP: [libjvm.dylib+0x489a1d], sa_mask[0]=11111111011111110111111111111111, sa_flags=SA_RESTART|SA_SIGINFO
SIGINT: [libjvm.dylib+0x489a1d], sa_mask[0]=11111111011111110111111111111111, sa_flags=SA_RESTART|SA_SIGINFO
SIGTERM: [libjvm.dylib+0x489a1d], sa_mask[0]=11111111011111110111111111111111, sa_flags=SA_RESTART|SA_SIGINFO
SIGQUIT: [libjvm.dylib+0x489a1d], sa_mask[0]=11111111011111110111111111111111, sa_flags=SA_RESTART|SA_SIGINFO


---------------  S Y S T E M  ---------------

OS:Bsduname:Darwin 15.6.0 Darwin Kernel Version 15.6.0: Thu Jun 21 20:07:40 PDT 2018; root:xnu-3248.73.11~1/RELEASE_X86_64 x86_64
rlimit: STACK 8192k, CORE 0k, NPROC 709, NOFILE 10240, AS infinity
load average:2.52 2.20 2.08

CPU:total 2 (initial active 2) (2 cores per cpu, 1 threads per core) family 6 model 23 stepping 10, cmov, cx8, fxsr, mmx, sse, sse2, sse3, ssse3, sse4.1, tsc

Memory: 4k page, physical 4194304k(99284k free)

/proc/meminfo:


vm_info: Java HotSpot(TM) 64-Bit Server VM (25.181-b13) for bsd-amd64 JRE (1.8.0_181-b13), built on Jul  7 2018 01:02:31 by "java_re" with gcc 4.2.1 (Based on Apple Inc. build 5658) (LLVM build 2336.11.00)

time: Sun Sep 16 01:25:51 2018
elapsed time: 40 seconds (0d 0h 0m 40s)

