#
# A fatal error has been detected by the Java Runtime Environment:
#
#  SIGSEGV (0xb) at pc=0x00007fff8a9506f3, pid=2618, tid=0x0000000000000a0b
#
# JRE version: Java(TM) SE Runtime Environment (8.0_181-b13) (build 1.8.0_181-b13)
# Java VM: Java HotSpot(TM) 64-Bit Server VM (25.181-b13 mixed mode bsd-amd64 compressed oops)
# Problematic frame:
# C  [libobjc.A.dylib+0x56f3]  _ZL12realizeClassP10objc_class+0x2c
#
# Failed to write core dump. Core dumps have been disabled. To enable core dumping, try "ulimit -c unlimited" before starting Java again
#
# If you would like to submit a bug report, please visit:
#   http://bugreport.java.com/bugreport/crash.jsp
# The crash happened outside the Java Virtual Machine in native code.
# See problematic frame for where to report the bug.
#

---------------  T H R E A D  ---------------

Current thread (0x00007ff5ea9d2000):  JavaThread "AWT-AppKit" daemon [_thread_in_native, id=2571, stack(0x00007fff53d9e000,0x00007fff5459e000)]

siginfo: si_signo: 11 (SIGSEGV), si_code: 1 (SEGV_MAPERR), si_addr: 0x00000000000007e8

Registers:
RAX=0x0000000000000000, RBX=0x00007fff78eaad08, RCX=0x0000000000000000, RDX=0x00007fff78eaad08
RSP=0x00007fff545984e0, RBP=0x00007fff545987c0, RSI=0x00000000b8eaacb8, RDI=0x00000000000007c8
R8 =0x0000000080000000, R9 =0x0000000000000001, R10=0x00007ff5ec8f71d0, R11=0x00007ff5ec8f17c0
R12=0x00007ffffffffff8, R13=0x00000000000007c8, R14=0x00007fff78eaace0, R15=0x0000000000000000
RIP=0x00007fff8a9506f3, EFLAGS=0x0000000000010202, ERR=0x0000000000000004
  TRAPNO=0x000000000000000e

Top of Stack: (sp=0x00007fff545984e0)
0x00007fff545984e0:   00007fff54598560 00007fff65e5839c
0x00007fff545984f0:   00000001e9d4a450 000000010b681400
0x00007fff54598500:   0000000060001001 000000000000007a
0x00007fff54598510:   00007ff5e9d4a700 00000000e9d4a7d0
0x00007fff54598520:   0000000000000008 0030633662383863
0x00007fff54598530:   fd00000060001001 000000000000ffff
0x00007fff54598540:   00007fff65e5f9ef 0000000000000000
0x00007fff54598550:   cc00277085902300 00007fff54598900
0x00007fff54598560:   000000010b67d000 000000000000007a
0x00007fff54598570:   00007fff545985a0 00007fff96a545a1
0x00007fff54598580:   000000010b6ad000 000000000000007a
0x00007fff54598590:   000000010c92f028 cc00277085902300
0x00007fff545985a0:   00007fff545985c0 00007fff96a530cc
0x00007fff545985b0:   00007fff7b5e2150 000000000000007a
0x00007fff545985c0:   00007fff545985f0 00007fff96a54688
0x00007fff545985d0:   000000010c92f000 cc00277085902300
0x00007fff545985e0:   00007ff5ec9eed90 cc00277085902300
0x00007fff545985f0:   00007fff545986f0 00007fff65e374d6
0x00007fff54598600:   682f73726573552f 00007ff5ec88b6c0
0x00007fff54598610:   00007ff5eca03940 00007fff54598530
0x00007fff54598620:   00007fff545986b8 00007fff54598770
0x00007fff54598630:   403b000000000000 0000000000000000
0x00007fff54598640:   0000000060001001 0000000000000051
0x00007fff54598650:   00007fff545986f0 0000000096a56dcc
0x00007fff54598660:   0000000000000006 0000000000000000
0x00007fff54598670:   fd00000060001001 000000000000ffff
0x00007fff54598680:   0000000000000000 0000000000000000
0x00007fff54598690:   0000000000000000 0000000000000050
0x00007fff545986a0:   000000010b67d000 0000000000000051
0x00007fff545986b0:   00007fff545986f0 00007fff65e444ac
0x00007fff545986c0:   00007fff54597f00 cc00277085902300
0x00007fff545986d0:   00007fff545986f0 00007fff65e48672 

Instructions: (pc=0x00007fff8a9506f3)
0x00007fff8a9506d3:   53 48 81 ec b8 02 00 00 31 c0 48 85 ff 49 89 fd
0x00007fff8a9506e3:   0f 84 80 10 00 00 49 bc f8 ff ff ff ff 7f 00 00
0x00007fff8a9506f3:   4d 8b 75 20 4c 89 f3 4c 21 e3 8b 3b 85 ff 78 3d
0x00007fff8a950703:   f7 c7 00 00 00 40 75 3d bf 40 00 00 00 be 01 00 

Register to memory mapping:

RAX=0x0000000000000000 is an unknown value
RBX=0x00007fff78eaad08: __CFConstantStringClassReference+0 in /System/Library/Frameworks/CoreFoundation.framework/Versions/A/CoreFoundation at 0x00007fff8f62f000
RCX=0x0000000000000000 is an unknown value
RDX=0x00007fff78eaad08: __CFConstantStringClassReference+0 in /System/Library/Frameworks/CoreFoundation.framework/Versions/A/CoreFoundation at 0x00007fff8f62f000
RSP=0x00007fff545984e0 is pointing into the stack for thread: 0x00007ff5ea9d2000
RBP=0x00007fff545987c0 is pointing into the stack for thread: 0x00007ff5ea9d2000
RSI=0x00000000b8eaacb8 is an unknown value
RDI=0x00000000000007c8 is an unknown value
R8 =0x0000000080000000 is an unknown value
R9 =0x0000000000000001 is an unknown value
R10=0x00007ff5ec8f71d0 is an unknown value
R11=0x00007ff5ec8f17c0 is an unknown value
R12=0x00007ffffffffff8 is an unknown value
R13=0x00000000000007c8 is an unknown value
R14=0x00007fff78eaace0: OBJC_CLASS_$___NSCFString+0 in /System/Library/Frameworks/CoreFoundation.framework/Versions/A/CoreFoundation at 0x00007fff8f62f000
R15=0x0000000000000000 is an unknown value


Stack: [0x00007fff53d9e000,0x00007fff5459e000],  sp=0x00007fff545984e0,  free space=8169k
Native frames: (J=compiled Java code, j=interpreted, Vv=VM code, C=native code)
C  [libobjc.A.dylib+0x56f3]  _ZL12realizeClassP10objc_class+0x2c
C  [libobjc.A.dylib+0x57df]  _ZL12realizeClassP10objc_class+0x118
C  [libobjc.A.dylib+0x57df]  _ZL12realizeClassP10objc_class+0x118
C  [libobjc.A.dylib+0x7c45]  lookUpImpOrForward+0x6c
C  [libobjc.A.dylib+0x1591]  objc_msgSend+0xd1
C  [libnativewindow_macosx.jnilib+0x5157]  Java_jogamp_nativewindow_jawt_macosx_MacOSXJAWTWindow_UnsetJAWTRootSurfaceLayer0+0xe7
j  jogamp.nativewindow.jawt.macosx.MacOSXJAWTWindow.UnsetJAWTRootSurfaceLayer0(JJ)V+0
j  jogamp.nativewindow.jawt.macosx.MacOSXJAWTWindow.access$200(JJ)V+2
j  jogamp.nativewindow.jawt.macosx.MacOSXJAWTWindow$1.run()V+38
j  com.jogamp.common.util.RunnableTask.run()V+24
v  ~StubRoutines::call_stub
V  [libjvm.dylib+0x2efcba]
V  [libjvm.dylib+0x326ff8]
V  [libjvm.dylib+0x3197db]
C  [libnativewindow_macosx.jnilib+0x5326]  Java_jogamp_nativewindow_jawt_macosx_MacOSXJAWTWindow_UnsetJAWTRootSurfaceLayer0+0x2b6
C  [Foundation+0x76dbe]  __NSThreadPerformPerform+0x117
C  [CoreFoundation+0xaa7e1]  __CFRUNLOOP_IS_CALLING_OUT_TO_A_SOURCE0_PERFORM_FUNCTION__+0x11
C  [CoreFoundation+0x89e87]  __CFRunLoopDoSources0+0x1a7
C  [CoreFoundation+0x8942f]  __CFRunLoopRun+0x39f
C  [CoreFoundation+0x88e28]  CFRunLoopRunSpecific+0x128
C  [HIToolbox+0x30935]  RunCurrentEventLoopInMode+0xeb
C  [HIToolbox+0x30677]  ReceiveNextEventCommon+0xb8
C  [HIToolbox+0x305af]  _BlockUntilNextEventMatchingListInModeWithFilter+0x47
C  [AppKit+0x48df6]  _DPSNextEvent+0x42b
C  [AppKit+0x48226]  -[NSApplication _nextEventMatchingEventMask:untilDate:inMode:dequeue:]+0x1c6
C  [libosxapp.dylib+0x2328]  -[NSApplicationAWT nextEventMatchingMask:untilDate:inMode:dequeue:]+0x7c
C  [AppKit+0x3cd80]  -[NSApplication run]+0x2aa
C  [libosxapp.dylib+0x1f72]  +[NSApplicationAWT runAWTLoopWithApp:]+0x9c
C  [libawt_lwawt.dylib+0x4711f]  -[AWTStarter starter:]+0x389
C  [Foundation+0x76dbe]  __NSThreadPerformPerform+0x117
C  [CoreFoundation+0xaa7e1]  __CFRUNLOOP_IS_CALLING_OUT_TO_A_SOURCE0_PERFORM_FUNCTION__+0x11
C  [CoreFoundation+0x89f0c]  __CFRunLoopDoSources0+0x22c
C  [CoreFoundation+0x8942f]  __CFRunLoopRun+0x39f
C  [CoreFoundation+0x88e28]  CFRunLoopRunSpecific+0x128
C  [java+0x646e]  CreateExecutionEnvironment+0x367
C  [java+0x203c]  JLI_Launch+0x7a0
C  [java+0x84cb]  main+0x65
C  [java+0x1894]  start+0x34
C  0x0000000000000007

Java frames: (J=compiled Java code, j=interpreted, Vv=VM code)
j  jogamp.nativewindow.jawt.macosx.MacOSXJAWTWindow.UnsetJAWTRootSurfaceLayer0(JJ)V+0
j  jogamp.nativewindow.jawt.macosx.MacOSXJAWTWindow.access$200(JJ)V+2
j  jogamp.nativewindow.jawt.macosx.MacOSXJAWTWindow$1.run()V+38
j  com.jogamp.common.util.RunnableTask.run()V+24
v  ~StubRoutines::call_stub

---------------  P R O C E S S  ---------------

Java Threads: ( => current thread )
  0x00007ff5eaef3000 JavaThread "Thread-3" [_thread_blocked, id=59395, stack(0x000070000145c000,0x000070000155c000)]
  0x00007ff5ead8a000 JavaThread "AWT-EventQueue-1" [_thread_in_native, id=31551, stack(0x000070000155f000,0x000070000165f000)]
  0x00007ff5ea808800 JavaThread "DestroyJavaVM" [_thread_blocked, id=5891, stack(0x000070000011a000,0x000070000021a000)]
  0x00007ff5eab3e800 JavaThread "AWT-EventQueue-0" [_thread_blocked, id=55043, stack(0x0000700001359000,0x0000700001459000)]
  0x00007ff5ea360800 JavaThread "Java2D Disposer" daemon [_thread_blocked, id=51719, stack(0x00007000010d0000,0x00007000011d0000)]
  0x00007ff5eaa66000 JavaThread "Java2D Queue Flusher" daemon [_thread_blocked, id=48135, stack(0x0000700000fcd000,0x00007000010cd000)]
  0x00007ff5ea2a4000 JavaThread "AWT-Shutdown" [_thread_blocked, id=27667, stack(0x0000700000dc4000,0x0000700000ec4000)]
=>0x00007ff5ea9d2000 JavaThread "AWT-AppKit" daemon [_thread_in_native, id=2571, stack(0x00007fff53d9e000,0x00007fff5459e000)]
  0x00007ff5ea86c800 JavaThread "Service Thread" daemon [_thread_blocked, id=17155, stack(0x0000700000b3b000,0x0000700000c3b000)]
  0x00007ff5ea031000 JavaThread "C1 CompilerThread1" daemon [_thread_blocked, id=16643, stack(0x0000700000a38000,0x0000700000b38000)]
  0x00007ff5ea861800 JavaThread "C2 CompilerThread0" daemon [_thread_blocked, id=16131, stack(0x0000700000935000,0x0000700000a35000)]
  0x00007ff5ea836000 JavaThread "Signal Dispatcher" daemon [_thread_blocked, id=12307, stack(0x0000700000832000,0x0000700000932000)]
  0x00007ff5ea02d800 JavaThread "Finalizer" daemon [_thread_blocked, id=11267, stack(0x0000700000629000,0x0000700000729000)]
  0x00007ff5ea027000 JavaThread "Reference Handler" daemon [_thread_blocked, id=10755, stack(0x0000700000526000,0x0000700000626000)]

Other Threads:
  0x00007ff5ea807800 VMThread [stack: 0x0000700000423000,0x0000700000523000] [id=10243]
  0x00007ff5ea837000 WatcherThread [stack: 0x0000700000c3e000,0x0000700000d3e000] [id=17667]

VM state:not at safepoint (normal execution)

VM Mutex/Monitor currently owned by a thread: None

Heap:
 PSYoungGen      total 112640K, used 41155K [0x00000007aab00000, 0x00000007b6b00000, 0x00000007c0000000)
  eden space 75776K, 54% used [0x00000007aab00000,0x00000007ad330ca8,0x00000007af500000)
  from space 36864K, 0% used [0x00000007af500000,0x00000007af500000,0x00000007b1900000)
  to   space 39424K, 0% used [0x00000007b4480000,0x00000007b4480000,0x00000007b6b00000)
 ParOldGen       total 109056K, used 63517K [0x0000000780000000, 0x0000000786a80000, 0x00000007aab00000)
  object space 109056K, 58% used [0x0000000780000000,0x0000000783e074b0,0x0000000786a80000)
 Metaspace       used 18481K, capacity 18779K, committed 18944K, reserved 1067008K
  class space    used 1904K, capacity 2021K, committed 2048K, reserved 1048576K

Card table byte_map: [0x000000011c1c0000,0x000000011c3c1000] byte_map_base: 0x00000001185c0000

Marking Bits: (ParMarkBitMap*) 0x000000010c1ddcd0
 Begin Bits: [0x000000011c517000, 0x000000011d517000)
 End Bits:   [0x000000011d517000, 0x000000011e517000)

Polling page: 0x000000010c8e0000

CodeCache: size=245760Kb used=6015Kb max_used=6015Kb free=239744Kb
 bounds [0x000000010ce00000, 0x000000010d3f0000, 0x000000011be00000]
 total_blobs=2305 nmethods=1416 adapters=804
 compilation: enabled

Compilation events (10 events):
Event: 32.620 Thread 0x00007ff5ea031000 1457       3       java.awt.EventQueue::postEvent (13 bytes)
Event: 32.620 Thread 0x00007ff5ea031000 nmethod 1457 0x000000010d3def50 code [0x000000010d3df100, 0x000000010d3df528]
Event: 32.621 Thread 0x00007ff5ea031000 1458       3       java.awt.Rectangle::intersection (180 bytes)
Event: 32.622 Thread 0x00007ff5ea031000 nmethod 1458 0x000000010d3df6d0 code [0x000000010d3df860, 0x000000010d3dfd90]
Event: 32.624 Thread 0x00007ff5ea031000 1459       3       java.util.concurrent.locks.AbstractQueuedSynchronizer::compareAndSetTail (13 bytes)
Event: 32.624 Thread 0x00007ff5ea031000 nmethod 1459 0x000000010d3e0050 code [0x000000010d3e01a0, 0x000000010d3e0330]
Event: 32.624 Thread 0x00007ff5ea031000 1460       3       java.util.concurrent.locks.AbstractQueuedSynchronizer::setHead (16 bytes)
Event: 32.625 Thread 0x00007ff5ea031000 nmethod 1460 0x000000010d3e0390 code [0x000000010d3e0500, 0x000000010d3e06d0]
Event: 32.627 Thread 0x00007ff5ea031000 1461   !   3       jogamp.common.util.locks.RecursiveLockImpl01Unfairish::tryLock (582 bytes)
Event: 32.630 Thread 0x00007ff5ea031000 nmethod 1461 0x000000010d3e0790 code [0x000000010d3e09e0, 0x000000010d3e1eb8]

GC Heap History (10 events):
Event: 20.834 GC heap before
{Heap before GC invocations=9 (full 1):
 PSYoungGen      total 74752K, used 19440K [0x00000007aab00000, 0x00000007b1c00000, 0x00000007c0000000)
  eden space 55296K, 0% used [0x00000007aab00000,0x00000007aab00000,0x00000007ae100000)
  from space 19456K, 99% used [0x00000007afb00000,0x00000007b0dfc1d8,0x00000007b0e00000)
  to   space 26624K, 0% used [0x00000007ae100000,0x00000007ae100000,0x00000007afb00000)
 ParOldGen       total 44032K, used 37169K [0x0000000780000000, 0x0000000782b00000, 0x00000007aab00000)
  object space 44032K, 84% used [0x0000000780000000,0x000000078244c608,0x0000000782b00000)
 Metaspace       used 18253K, capacity 18581K, committed 18688K, reserved 1067008K
  class space    used 1892K, capacity 2020K, committed 2048K, reserved 1048576K
Event: 21.448 GC heap after
Heap after GC invocations=9 (full 1):
 PSYoungGen      total 74752K, used 0K [0x00000007aab00000, 0x00000007b1c00000, 0x00000007c0000000)
  eden space 55296K, 0% used [0x00000007aab00000,0x00000007aab00000,0x00000007ae100000)
  from space 19456K, 0% used [0x00000007afb00000,0x00000007afb00000,0x00000007b0e00000)
  to   space 26624K, 0% used [0x00000007ae100000,0x00000007ae100000,0x00000007afb00000)
 ParOldGen       total 73216K, used 42986K [0x0000000780000000, 0x0000000784780000, 0x00000007aab00000)
  object space 73216K, 58% used [0x0000000780000000,0x00000007829faaa0,0x0000000784780000)
 Metaspace       used 18253K, capacity 18581K, committed 18688K, reserved 1067008K
  class space    used 1892K, capacity 2020K, committed 2048K, reserved 1048576K
}
Event: 21.725 GC heap before
{Heap before GC invocations=10 (full 1):
 PSYoungGen      total 74752K, used 55296K [0x00000007aab00000, 0x00000007b1c00000, 0x00000007c0000000)
  eden space 55296K, 100% used [0x00000007aab00000,0x00000007ae100000,0x00000007ae100000)
  from space 19456K, 0% used [0x00000007afb00000,0x00000007afb00000,0x00000007b0e00000)
  to   space 26624K, 0% used [0x00000007ae100000,0x00000007ae100000,0x00000007afb00000)
 ParOldGen       total 73216K, used 42986K [0x0000000780000000, 0x0000000784780000, 0x00000007aab00000)
  object space 73216K, 58% used [0x0000000780000000,0x00000007829faaa0,0x0000000784780000)
 Metaspace       used 18254K, capacity 18581K, committed 18688K, reserved 1067008K
  class space    used 1892K, capacity 2020K, committed 2048K, reserved 1048576K
Event: 21.838 GC heap after
Heap after GC invocations=10 (full 1):
 PSYoungGen      total 81920K, used 20451K [0x00000007aab00000, 0x00000007b3480000, 0x00000007c0000000)
  eden space 55296K, 0% used [0x00000007aab00000,0x00000007aab00000,0x00000007ae100000)
  from space 26624K, 76% used [0x00000007ae100000,0x00000007af4f8fc0,0x00000007afb00000)
  to   space 28160K, 0% used [0x00000007b1900000,0x00000007b1900000,0x00000007b3480000)
 ParOldGen       total 73216K, used 42986K [0x0000000780000000, 0x0000000784780000, 0x00000007aab00000)
  object space 73216K, 58% used [0x0000000780000000,0x00000007829faaa0,0x0000000784780000)
 Metaspace       used 18254K, capacity 18581K, committed 18688K, reserved 1067008K
  class space    used 1892K, capacity 2020K, committed 2048K, reserved 1048576K
}
Event: 22.016 GC heap before
{Heap before GC invocations=11 (full 1):
 PSYoungGen      total 81920K, used 75747K [0x00000007aab00000, 0x00000007b3480000, 0x00000007c0000000)
  eden space 55296K, 100% used [0x00000007aab00000,0x00000007ae100000,0x00000007ae100000)
  from space 26624K, 76% used [0x00000007ae100000,0x00000007af4f8fc0,0x00000007afb00000)
  to   space 28160K, 0% used [0x00000007b1900000,0x00000007b1900000,0x00000007b3480000)
 ParOldGen       total 73216K, used 42986K [0x0000000780000000, 0x0000000784780000, 0x00000007aab00000)
  object space 73216K, 58% used [0x0000000780000000,0x00000007829faaa0,0x0000000784780000)
 Metaspace       used 18254K, capacity 18581K, committed 18688K, reserved 1067008K
  class space    used 1892K, capacity 2020K, committed 2048K, reserved 1048576K
Event: 22.218 GC heap after
Heap after GC invocations=11 (full 1):
 PSYoungGen      total 103936K, used 28144K [0x00000007aab00000, 0x00000007b4680000, 0x00000007c0000000)
  eden space 75776K, 0% used [0x00000007aab00000,0x00000007aab00000,0x00000007af500000)
  from space 28160K, 99% used [0x00000007b1900000,0x00000007b347c1b8,0x00000007b3480000)
  to   space 36864K, 0% used [0x00000007af500000,0x00000007af500000,0x00000007b1900000)
 ParOldGen       total 73216K, used 53935K [0x0000000780000000, 0x0000000784780000, 0x00000007aab00000)
  object space 73216K, 73% used [0x0000000780000000,0x00000007834abd28,0x0000000784780000)
 Metaspace       used 18254K, capacity 18581K, committed 18688K, reserved 1067008K
  class space    used 1892K, capacity 2020K, committed 2048K, reserved 1048576K
}
Event: 22.596 GC heap before
{Heap before GC invocations=12 (full 1):
 PSYoungGen      total 103936K, used 103920K [0x00000007aab00000, 0x00000007b4680000, 0x00000007c0000000)
  eden space 75776K, 100% used [0x00000007aab00000,0x00000007af500000,0x00000007af500000)
  from space 28160K, 99% used [0x00000007b1900000,0x00000007b347c1b8,0x00000007b3480000)
  to   space 36864K, 0% used [0x00000007af500000,0x00000007af500000,0x00000007b1900000)
 ParOldGen       total 73216K, used 53935K [0x0000000780000000, 0x0000000784780000, 0x00000007aab00000)
  object space 73216K, 73% used [0x0000000780000000,0x00000007834abd28,0x0000000784780000)
 Metaspace       used 18260K, capacity 18581K, committed 18688K, reserved 1067008K
  class space    used 1892K, capacity 2020K, committed 2048K, reserved 1048576K
Event: 22.819 GC heap after
Heap after GC invocations=12 (full 1):
 PSYoungGen      total 112640K, used 27878K [0x00000007aab00000, 0x00000007b6b00000, 0x00000007c0000000)
  eden space 75776K, 0% used [0x00000007aab00000,0x00000007aab00000,0x00000007af500000)
  from space 36864K, 75% used [0x00000007af500000,0x00000007b1039938,0x00000007b1900000)
  to   space 39424K, 0% used [0x00000007b4480000,0x00000007b4480000,0x00000007b6b00000)
 ParOldGen       total 80384K, used 79893K [0x0000000780000000, 0x0000000784e80000, 0x00000007aab00000)
  object space 80384K, 99% used [0x0000000780000000,0x0000000784e054c8,0x0000000784e80000)
 Metaspace       used 18260K, capacity 18581K, committed 18688K, reserved 1067008K
  class space    used 1892K, capacity 2020K, committed 2048K, reserved 1048576K
}
Event: 22.819 GC heap before
{Heap before GC invocations=13 (full 2):
 PSYoungGen      total 112640K, used 27878K [0x00000007aab00000, 0x00000007b6b00000, 0x00000007c0000000)
  eden space 75776K, 0% used [0x00000007aab00000,0x00000007aab00000,0x00000007af500000)
  from space 36864K, 75% used [0x00000007af500000,0x00000007b1039938,0x00000007b1900000)
  to   space 39424K, 0% used [0x00000007b4480000,0x00000007b4480000,0x00000007b6b00000)
 ParOldGen       total 80384K, used 79893K [0x0000000780000000, 0x0000000784e80000, 0x00000007aab00000)
  object space 80384K, 99% used [0x0000000780000000,0x0000000784e054c8,0x0000000784e80000)
 Metaspace       used 18260K, capacity 18581K, committed 18688K, reserved 1067008K
  class space    used 1892K, capacity 2020K, committed 2048K, reserved 1048576K
Event: 23.480 GC heap after
Heap after GC invocations=13 (full 2):
 PSYoungGen      total 112640K, used 0K [0x00000007aab00000, 0x00000007b6b00000, 0x00000007c0000000)
  eden space 75776K, 0% used [0x00000007aab00000,0x00000007aab00000,0x00000007af500000)
  from space 36864K, 0% used [0x00000007af500000,0x00000007af500000,0x00000007b1900000)
  to   space 39424K, 0% used [0x00000007b4480000,0x00000007b4480000,0x00000007b6b00000)
 ParOldGen       total 109056K, used 63517K [0x0000000780000000, 0x0000000786a80000, 0x00000007aab00000)
  object space 109056K, 58% used [0x0000000780000000,0x0000000783e074b0,0x0000000786a80000)
 Metaspace       used 18260K, capacity 18581K, committed 18688K, reserved 1067008K
  class space    used 1892K, capacity 2020K, committed 2048K, reserved 1048576K
}

Deoptimization events (10 events):
Event: 21.451 Thread 0x00007ff5ead8a000 Uncommon trap: reason=unstable_if action=reinterpret pc=0x000000010d326b40 method=java.lang.String.split(Ljava/lang/String;I)[Ljava/lang/String; @ 8
Event: 21.452 Thread 0x00007ff5ead8a000 Uncommon trap: reason=predicate action=maybe_recompile pc=0x000000010d2e7d6c method=java.util.AbstractCollection.toArray([Ljava/lang/Object;)[Ljava/lang/Object; @ 49
Event: 21.475 Thread 0x00007ff5ead8a000 Uncommon trap: reason=array_check action=maybe_recompile pc=0x000000010cf0f9ec method=java.util.AbstractCollection.toArray([Ljava/lang/Object;)[Ljava/lang/Object; @ 119
Event: 21.475 Thread 0x00007ff5ead8a000 Uncommon trap: reason=array_check action=maybe_recompile pc=0x000000010cf0f9ec method=java.util.AbstractCollection.toArray([Ljava/lang/Object;)[Ljava/lang/Object; @ 119
Event: 21.475 Thread 0x00007ff5ead8a000 Uncommon trap: reason=array_check action=maybe_recompile pc=0x000000010cf0f9ec method=java.util.AbstractCollection.toArray([Ljava/lang/Object;)[Ljava/lang/Object; @ 119
Event: 21.475 Thread 0x00007ff5ead8a000 Uncommon trap: reason=array_check action=maybe_recompile pc=0x000000010cf0f9ec method=java.util.AbstractCollection.toArray([Ljava/lang/Object;)[Ljava/lang/Object; @ 119
Event: 22.223 Thread 0x00007ff5ead8a000 Uncommon trap: reason=class_check action=maybe_recompile pc=0x000000010d2eeb4c method=java.util.regex.Pattern$Curly.match0(Ljava/util/regex/Matcher;IILjava/lang/CharSequence;)Z @ 31
Event: 22.224 Thread 0x00007ff5ead8a000 Uncommon trap: reason=unstable_if action=reinterpret pc=0x000000010d2eedac method=java.util.regex.Pattern$Curly.match(Ljava/util/regex/Matcher;ILjava/lang/CharSequence;)Z @ 9
Event: 32.623 Thread 0x00007ff5eaabe800 Uncommon trap: reason=unstable_if action=reinterpret pc=0x000000010d3a195c method=java.security.AccessControlContext.combine([Ljava/security/ProtectionDomain;[Ljava/security/ProtectionDomain;)[Ljava/security/ProtectionDomain; @ 151
Event: 32.626 Thread 0x00007ff5eaabe800 Uncommon trap: reason=unstable_if action=reinterpret pc=0x000000010cf2ae24 method=java.util.HashMap$HashIterator.<init>(Ljava/util/HashMap;)V @ 38

Classes redefined (0 events):
No events

Internal exceptions (10 events):
Event: 0.808 Thread 0x00007ff5ea808800 Exception <a 'java/lang/NoSuchFieldError': method resolution failed> (0x00000007aacf1168) thrown at [/Users/java_re/workspace/8-2-build-macosx-x86_64/jdk8u181/11358/hotspot/src/share/vm/prims/methodHandles.cpp, line 1167]
Event: 2.165 Thread 0x00007ff5ea808800 Exception <a 'java/io/FileNotFoundException'> (0x00000007aad6c810) thrown at [/Users/java_re/workspace/8-2-build-macosx-x86_64/jdk8u181/11358/hotspot/src/share/vm/prims/jni.cpp, line 709]
Event: 2.165 Thread 0x00007ff5ea808800 Exception <a 'java/io/FileNotFoundException'> (0x00000007aad6d360) thrown at [/Users/java_re/workspace/8-2-build-macosx-x86_64/jdk8u181/11358/hotspot/src/share/vm/prims/jni.cpp, line 709]
Event: 2.734 Thread 0x00007ff5ea808800 Exception <a 'java/io/FileNotFoundException'> (0x00000007aae96138) thrown at [/Users/java_re/workspace/8-2-build-macosx-x86_64/jdk8u181/11358/hotspot/src/share/vm/prims/jni.cpp, line 709]
Event: 13.988 Thread 0x00007ff5ea02d800 Exception <a 'java/lang/NullPointerException'> (0x00000007aab82c58) thrown at [/Users/java_re/workspace/8-2-build-macosx-x86_64/jdk8u181/11358/hotspot/src/share/vm/interpreter/linkResolver.cpp, line 1185]
Event: 14.333 Thread 0x00007ff5eabb3800 Exception <a 'java/lang/UnsatisfiedLinkError': com.jogamp.common.util.JarUtil.fixNativeLibAttribs(Ljava/lang/String;)Z> (0x00000007ab04f200) thrown at [/Users/java_re/workspace/8-2-build-macosx-x86_64/jdk8u181/11358/hotspot/src/share/vm/prims/nativeLookup
Event: 16.900 Thread 0x00007ff5ead8a000 Exception <a 'java/io/FileNotFoundException'> (0x00000007ab37ea30) thrown at [/Users/java_re/workspace/8-2-build-macosx-x86_64/jdk8u181/11358/hotspot/src/share/vm/prims/jni.cpp, line 709]
Event: 16.901 Thread 0x00007ff5ead8a000 Exception <a 'java/io/FileNotFoundException'> (0x00000007ab384cb8) thrown at [/Users/java_re/workspace/8-2-build-macosx-x86_64/jdk8u181/11358/hotspot/src/share/vm/prims/jni.cpp, line 709]
Event: 16.902 Thread 0x00007ff5ead8a000 Implicit null exception at 0x000000010cfd92f6 to 0x000000010cfd96b1
Event: 32.626 Thread 0x00007ff5eaabe800 Implicit null exception at 0x000000010cf2abc6 to 0x000000010cf2ae0d

Events (10 events):
Event: 32.658 loading class jogamp/nativewindow/jawt/macosx/MacOSXJAWTWindow$1 done
Event: 32.662 loading class java/awt/LightweightDispatcher$2
Event: 32.663 loading class java/awt/LightweightDispatcher$2 done
Event: 32.663 loading class java/awt/event/AWTEventListenerProxy
Event: 32.663 loading class java/awt/event/AWTEventListenerProxy done
Event: 32.663 loading class java/awt/Toolkit$ToolkitEventMulticaster
Event: 32.663 loading class java/awt/Toolkit$ToolkitEventMulticaster done
Event: 32.664 Thread 0x00007ff5eaabe800 Thread exited: 0x00007ff5eaabe800
Event: 32.665 loading class java/awt/Window$1DisposeAction
Event: 32.666 loading class java/awt/Window$1DisposeAction done


Dynamic libraries:
0x00007fff9ad29000 	/System/Library/Frameworks/Cocoa.framework/Versions/A/Cocoa
0x00007fff8b802000 	/System/Library/Frameworks/Security.framework/Versions/A/Security
0x00007fff98aa9000 	/System/Library/Frameworks/ApplicationServices.framework/Versions/A/ApplicationServices
0x00007fff8eb8f000 	/usr/lib/libz.1.dylib
0x00007fff9af9d000 	/usr/lib/libSystem.B.dylib
0x00007fff8a94b000 	/usr/lib/libobjc.A.dylib
0x00007fff8f62f000 	/System/Library/Frameworks/CoreFoundation.framework/Versions/A/CoreFoundation
0x00007fff93aa6000 	/System/Library/Frameworks/Foundation.framework/Versions/C/Foundation
0x00007fff9b1d4000 	/System/Library/Frameworks/AppKit.framework/Versions/C/AppKit
0x00007fff89d7e000 	/System/Library/Frameworks/CoreData.framework/Versions/A/CoreData
0x00007fff9c669000 	/System/Library/PrivateFrameworks/RemoteViewServices.framework/Versions/A/RemoteViewServices
0x00007fff9ade8000 	/System/Library/PrivateFrameworks/UIFoundation.framework/Versions/A/UIFoundation
0x00007fff95801000 	/usr/lib/libScreenReader.dylib
0x00007fff99af4000 	/System/Library/Frameworks/Accelerate.framework/Versions/A/Accelerate
0x00007fff8a0e9000 	/System/Library/Frameworks/IOSurface.framework/Versions/A/IOSurface
0x00007fff8ba9d000 	/System/Library/Frameworks/AudioToolbox.framework/Versions/A/AudioToolbox
0x00007fff9acd7000 	/System/Library/Frameworks/AudioUnit.framework/Versions/A/AudioUnit
0x00007fff8dd4f000 	/System/Library/PrivateFrameworks/DataDetectorsCore.framework/Versions/A/DataDetectorsCore
0x00007fff90ff3000 	/System/Library/PrivateFrameworks/DesktopServicesPriv.framework/Versions/A/DesktopServicesPriv
0x00007fff8c120000 	/System/Library/Frameworks/Carbon.framework/Versions/A/Frameworks/HIToolbox.framework/Versions/A/HIToolbox
0x00007fff8acfc000 	/System/Library/Frameworks/QuartzCore.framework/Versions/A/QuartzCore
0x00007fff8a8c5000 	/System/Library/Frameworks/Carbon.framework/Versions/A/Frameworks/SpeechRecognition.framework/Versions/A/SpeechRecognition
0x00007fff8bc4a000 	/usr/lib/libauto.dylib
0x00007fff8f230000 	/usr/lib/libicucore.A.dylib
0x00007fff989b9000 	/usr/lib/libxml2.2.dylib
0x00007fff9da57000 	/System/Library/PrivateFrameworks/CoreUI.framework/Versions/A/CoreUI
0x00007fff8eb3d000 	/System/Library/Frameworks/CoreAudio.framework/Versions/A/CoreAudio
0x00007fff9460d000 	/System/Library/Frameworks/DiskArbitration.framework/Versions/A/DiskArbitration
0x00007fff972ce000 	/usr/lib/liblangid.dylib
0x00007fff8acd7000 	/System/Library/PrivateFrameworks/MultitouchSupport.framework/Versions/A/MultitouchSupport
0x00007fff8b70e000 	/System/Library/Frameworks/IOKit.framework/Versions/A/IOKit
0x00007fff8bf05000 	/usr/lib/libDiagnosticMessagesClient.dylib
0x00007fff95d36000 	/System/Library/Frameworks/CoreServices.framework/Versions/A/CoreServices
0x00007fff9683e000 	/System/Library/PrivateFrameworks/PerformanceAnalysis.framework/Versions/A/PerformanceAnalysis
0x00007fff97d91000 	/System/Library/PrivateFrameworks/GenerationalStorage.framework/Versions/A/GenerationalStorage
0x00007fff96a41000 	/System/Library/Frameworks/OpenGL.framework/Versions/A/OpenGL
0x00007fff92376000 	/System/Library/PrivateFrameworks/Sharing.framework/Versions/A/Sharing
0x00007fff9c6a2000 	/System/Library/Frameworks/CoreGraphics.framework/Versions/A/CoreGraphics
0x00007fff91595000 	/System/Library/Frameworks/CoreImage.framework/Versions/A/CoreImage
0x00007fff917b8000 	/System/Library/Frameworks/CoreText.framework/Versions/A/CoreText
0x00007fff97626000 	/System/Library/Frameworks/ImageIO.framework/Versions/A/ImageIO
0x00007fff941bd000 	/System/Library/PrivateFrameworks/Backup.framework/Versions/A/Backup
0x00007fff8bc91000 	/usr/lib/libextension.dylib
0x00007fff8dc09000 	/usr/lib/libarchive.2.dylib
0x00007fff97e50000 	/System/Library/Frameworks/CFNetwork.framework/Versions/A/CFNetwork
0x00007fff93920000 	/System/Library/Frameworks/SystemConfiguration.framework/Versions/A/SystemConfiguration
0x00007fff9bdfe000 	/usr/lib/libCRFSuite.dylib
0x00007fff8f466000 	/usr/lib/libc++.1.dylib
0x00007fff8dbd1000 	/usr/lib/libc++abi.dylib
0x00007fff99537000 	/usr/lib/system/libcache.dylib
0x00007fff8ca9f000 	/usr/lib/system/libcommonCrypto.dylib
0x00007fff8a8cc000 	/usr/lib/system/libcompiler_rt.dylib
0x00007fff932ad000 	/usr/lib/system/libcopyfile.dylib
0x00007fff8fb44000 	/usr/lib/system/libcorecrypto.dylib
0x00007fff9026b000 	/usr/lib/system/libdispatch.dylib
0x00007fff9be22000 	/usr/lib/system/libdyld.dylib
0x00007fff88b57000 	/usr/lib/system/libkeymgr.dylib
0x00007fff88bcb000 	/usr/lib/system/liblaunch.dylib
0x00007fff9682d000 	/usr/lib/system/libmacho.dylib
0x00007fff8b5bb000 	/usr/lib/system/libquarantine.dylib
0x00007fff90480000 	/usr/lib/system/libremovefile.dylib
0x00007fff99c7a000 	/usr/lib/system/libsystem_asl.dylib
0x00007fff95f42000 	/usr/lib/system/libsystem_blocks.dylib
0x00007fff94325000 	/usr/lib/system/libsystem_c.dylib
0x00007fff89be3000 	/usr/lib/system/libsystem_configuration.dylib
0x00007fff88a7a000 	/usr/lib/system/libsystem_coreservices.dylib
0x00007fff97cc4000 	/usr/lib/system/libsystem_coretls.dylib
0x00007fff954c9000 	/usr/lib/system/libsystem_dnssd.dylib
0x00007fff93a00000 	/usr/lib/system/libsystem_info.dylib
0x00007fff97c44000 	/usr/lib/system/libsystem_kernel.dylib
0x00007fff9aca7000 	/usr/lib/system/libsystem_m.dylib
0x00007fff96a52000 	/usr/lib/system/libsystem_malloc.dylib
0x00007fff88840000 	/usr/lib/system/libsystem_network.dylib
0x00007fff89b9a000 	/usr/lib/system/libsystem_networkextension.dylib
0x00007fff89d58000 	/usr/lib/system/libsystem_notify.dylib
0x00007fff8d5b0000 	/usr/lib/system/libsystem_platform.dylib
0x00007fff8f5db000 	/usr/lib/system/libsystem_pthread.dylib
0x00007fff9d929000 	/usr/lib/system/libsystem_sandbox.dylib
0x00007fff8bfe4000 	/usr/lib/system/libsystem_secinit.dylib
0x00007fff93e55000 	/usr/lib/system/libsystem_trace.dylib
0x00007fff8d5ab000 	/usr/lib/system/libunc.dylib
0x00007fff97d8b000 	/usr/lib/system/libunwind.dylib
0x00007fff8c065000 	/usr/lib/system/libxpc.dylib
0x00007fff9456e000 	/usr/lib/libenergytrace.dylib
0x00007fff89b46000 	/usr/lib/libbsm.0.dylib
0x00007fff98506000 	/usr/lib/system/libkxld.dylib
0x00007fff94772000 	/usr/lib/libxar.1.dylib
0x00007fff9b00e000 	/usr/lib/libsqlite3.dylib
0x00007fff8d432000 	/usr/lib/libpam.2.dylib
0x00007fff8dbfc000 	/usr/lib/libOpenScriptingUtil.dylib
0x00007fff89bd4000 	/usr/lib/libbz2.1.0.dylib
0x00007fff97ddb000 	/usr/lib/liblzma.5.dylib
0x00007fff98446000 	/System/Library/Frameworks/CoreServices.framework/Versions/A/Frameworks/FSEvents.framework/Versions/A/FSEvents
0x00007fff88bcc000 	/System/Library/Frameworks/CoreServices.framework/Versions/A/Frameworks/CarbonCore.framework/Versions/A/CarbonCore
0x00007fff9ab5e000 	/System/Library/Frameworks/CoreServices.framework/Versions/A/Frameworks/Metadata.framework/Versions/A/Metadata
0x00007fff8dc35000 	/System/Library/Frameworks/CoreServices.framework/Versions/A/Frameworks/OSServices.framework/Versions/A/OSServices
0x00007fff988ed000 	/System/Library/Frameworks/CoreServices.framework/Versions/A/Frameworks/SearchKit.framework/Versions/A/SearchKit
0x00007fff93994000 	/System/Library/Frameworks/CoreServices.framework/Versions/A/Frameworks/AE.framework/Versions/A/AE
0x00007fff9924d000 	/System/Library/Frameworks/CoreServices.framework/Versions/A/Frameworks/LaunchServices.framework/Versions/A/LaunchServices
0x00007fff87268000 	/System/Library/Frameworks/CoreServices.framework/Versions/A/Frameworks/DictionaryServices.framework/Versions/A/DictionaryServices
0x00007fff96d82000 	/System/Library/Frameworks/CoreServices.framework/Versions/A/Frameworks/SharedFileList.framework/Versions/A/SharedFileList
0x00007fff96caf000 	/System/Library/Frameworks/NetFS.framework/Versions/A/NetFS
0x00007fff94613000 	/System/Library/PrivateFrameworks/NetAuth.framework/Versions/A/NetAuth
0x00007fff8840b000 	/System/Library/PrivateFrameworks/login.framework/Versions/A/Frameworks/loginsupport.framework/Versions/A/loginsupport
0x00007fff8d3cf000 	/System/Library/PrivateFrameworks/TCC.framework/Versions/A/TCC
0x00007fff906d9000 	/usr/lib/libmecabra.dylib
0x00007fff9af9f000 	/System/Library/Frameworks/ApplicationServices.framework/Versions/A/Frameworks/ATS.framework/Versions/A/ATS
0x00007fff9223f000 	/System/Library/Frameworks/ApplicationServices.framework/Versions/A/Frameworks/ColorSync.framework/Versions/A/ColorSync
0x00007fff88f2d000 	/System/Library/Frameworks/ApplicationServices.framework/Versions/A/Frameworks/HIServices.framework/Versions/A/HIServices
0x00007fff98b5a000 	/System/Library/Frameworks/ApplicationServices.framework/Versions/A/Frameworks/LangAnalysis.framework/Versions/A/LangAnalysis
0x00007fff91141000 	/System/Library/Frameworks/ApplicationServices.framework/Versions/A/Frameworks/PrintCore.framework/Versions/A/PrintCore
0x00007fff88a84000 	/System/Library/Frameworks/ApplicationServices.framework/Versions/A/Frameworks/QD.framework/Versions/A/QD
0x00007fff96e28000 	/System/Library/Frameworks/ApplicationServices.framework/Versions/A/Frameworks/SpeechSynthesis.framework/Versions/A/SpeechSynthesis
0x00007fff95d37000 	/System/Library/Frameworks/Metal.framework/Versions/A/Metal
0x00007fff90a7b000 	/System/Library/Frameworks/Accelerate.framework/Versions/A/Frameworks/vImage.framework/Versions/A/vImage
0x00007fff8d1ab000 	/System/Library/Frameworks/Accelerate.framework/Versions/A/Frameworks/vecLib.framework/Versions/A/vecLib
0x00007fff8e54d000 	/System/Library/Frameworks/Accelerate.framework/Versions/A/Frameworks/vecLib.framework/Versions/A/libvDSP.dylib
0x00007fff8bf2a000 	/System/Library/Frameworks/Accelerate.framework/Versions/A/Frameworks/vecLib.framework/Versions/A/libvMisc.dylib
0x00007fff8e660000 	/System/Library/Frameworks/Accelerate.framework/Versions/A/Frameworks/vecLib.framework/Versions/A/libLAPACK.dylib
0x00007fff95d7a000 	/System/Library/Frameworks/Accelerate.framework/Versions/A/Frameworks/vecLib.framework/Versions/A/libBLAS.dylib
0x00007fff99af5000 	/System/Library/Frameworks/Accelerate.framework/Versions/A/Frameworks/vecLib.framework/Versions/A/libLinearAlgebra.dylib
0x00007fff8a157000 	/System/Library/Frameworks/Accelerate.framework/Versions/A/Frameworks/vecLib.framework/Versions/A/libSparseBLAS.dylib
0x00007fff98960000 	/System/Library/PrivateFrameworks/GPUCompiler.framework/libmetal_timestamp.dylib
0x00007fff9a636000 	/System/Library/Frameworks/OpenGL.framework/Versions/A/Libraries/libCoreFSCache.dylib
0x00007fff97df6000 	/System/Library/PrivateFrameworks/IOAccelerator.framework/Versions/A/IOAccelerator
0x00007fff8b5be000 	/System/Library/Frameworks/ApplicationServices.framework/Versions/A/Frameworks/ATS.framework/Versions/A/Resources/libFontParser.dylib
0x00007fff912f7000 	/System/Library/Frameworks/ApplicationServices.framework/Versions/A/Frameworks/ATS.framework/Versions/A/Resources/libFontRegistry.dylib
0x00007fff9d9b9000 	/System/Library/PrivateFrameworks/AppleVPA.framework/Versions/A/AppleVPA
0x00007fff91398000 	/System/Library/PrivateFrameworks/AppleJPEG.framework/Versions/A/AppleJPEG
0x00007fff8ca04000 	/System/Library/Frameworks/ImageIO.framework/Versions/A/Resources/libJPEG.dylib
0x00007fff97c63000 	/System/Library/Frameworks/ImageIO.framework/Versions/A/Resources/libTIFF.dylib
0x00007fff9dba5000 	/System/Library/Frameworks/ImageIO.framework/Versions/A/Resources/libPng.dylib
0x00007fff98453000 	/System/Library/Frameworks/ImageIO.framework/Versions/A/Resources/libGIF.dylib
0x00007fff8874d000 	/System/Library/Frameworks/ImageIO.framework/Versions/A/Resources/libJP2.dylib
0x00007fff89bd1000 	/System/Library/Frameworks/ImageIO.framework/Versions/A/Resources/libRadiance.dylib
0x00007fff90482000 	/System/Library/Frameworks/CoreVideo.framework/Versions/A/CoreVideo
0x00007fff9426e000 	/System/Library/Frameworks/OpenGL.framework/Versions/A/Libraries/libGLU.dylib
0x00007fff8a064000 	/System/Library/Frameworks/OpenGL.framework/Versions/A/Libraries/libGFXShared.dylib
0x00007fff9729a000 	/System/Library/Frameworks/OpenGL.framework/Versions/A/Libraries/libGL.dylib
0x00007fff8a025000 	/System/Library/Frameworks/OpenGL.framework/Versions/A/Libraries/libGLImage.dylib
0x00007fff94054000 	/System/Library/Frameworks/OpenGL.framework/Versions/A/Libraries/libCVMSPluginSupport.dylib
0x00007fff9844f000 	/System/Library/Frameworks/OpenGL.framework/Versions/A/Libraries/libCoreVMClient.dylib
0x00007fff92008000 	/usr/lib/libcompression.dylib
0x00007fff89cc0000 	/usr/lib/libcups.2.dylib
0x00007fff8d828000 	/System/Library/Frameworks/Kerberos.framework/Versions/A/Kerberos
0x00007fff8d709000 	/System/Library/Frameworks/GSS.framework/Versions/A/GSS
0x00007fff94551000 	/usr/lib/libresolv.9.dylib
0x00007fff9719a000 	/usr/lib/libiconv.2.dylib
0x00007fff9c5d3000 	/System/Library/PrivateFrameworks/Heimdal.framework/Versions/A/Heimdal
0x00007fff8eb37000 	/usr/lib/libheimdal-asn1.dylib
0x00007fff93e97000 	/System/Library/Frameworks/OpenDirectory.framework/Versions/A/OpenDirectory
0x00007fff89b7d000 	/System/Library/PrivateFrameworks/CommonAuth.framework/Versions/A/CommonAuth
0x00007fff954d2000 	/System/Library/Frameworks/OpenDirectory.framework/Versions/A/Frameworks/CFOpenDirectory.framework/Versions/A/CFOpenDirectory
0x00007fff942b0000 	/System/Library/Frameworks/SecurityFoundation.framework/Versions/A/SecurityFoundation
0x00007fff9b12c000 	/System/Library/PrivateFrameworks/LanguageModeling.framework/Versions/A/LanguageModeling
0x00007fff91265000 	/usr/lib/libmarisa.dylib
0x00007fff8d883000 	/usr/lib/libChineseTokenizer.dylib
0x00007fff8ca29000 	/usr/lib/libcmph.dylib
0x00007fff904c4000 	/System/Library/Frameworks/ServiceManagement.framework/Versions/A/ServiceManagement
0x00007fff8fc02000 	/usr/lib/libxslt.1.dylib
0x00007fff901d5000 	/System/Library/Frameworks/Carbon.framework/Versions/A/Frameworks/Ink.framework/Versions/A/Ink
0x00007fff8848b000 	/usr/lib/libFosl_dynamic.dylib
0x00007fff8eba1000 	/System/Library/PrivateFrameworks/FaceCore.framework/Versions/A/FaceCore
0x00007fff9061d000 	/System/Library/Frameworks/OpenCL.framework/Versions/A/OpenCL
0x00007fff8a0ab000 	/System/Library/PrivateFrameworks/CrashReporterSupport.framework/Versions/A/CrashReporterSupport
0x00007fff906b6000 	/System/Library/PrivateFrameworks/IconServices.framework/Versions/A/IconServices
0x00007fff8acb7000 	/System/Library/PrivateFrameworks/Apple80211.framework/Versions/A/Apple80211
0x00007fff8d9a0000 	/System/Library/Frameworks/CoreWLAN.framework/Versions/A/CoreWLAN
0x00007fff99c92000 	/System/Library/Frameworks/IOBluetooth.framework/Versions/A/IOBluetooth
0x00007fff97d23000 	/System/Library/PrivateFrameworks/CoreWiFi.framework/Versions/A/CoreWiFi
0x00007fff8d814000 	/System/Library/Frameworks/CoreBluetooth.framework/Versions/A/CoreBluetooth
0x00007fff8bfe6000 	/System/Library/PrivateFrameworks/ChunkingLibrary.framework/Versions/A/ChunkingLibrary
0x00007fff9a5fb000 	/System/Library/PrivateFrameworks/DebugSymbols.framework/Versions/A/DebugSymbols
0x00007fff88382000 	/System/Library/PrivateFrameworks/CoreSymbolication.framework/Versions/A/CoreSymbolication
0x00007fff96d31000 	/System/Library/PrivateFrameworks/Symbolication.framework/Versions/A/Symbolication
0x00007fff97026000 	/System/Library/PrivateFrameworks/SpeechRecognitionCore.framework/Versions/A/SpeechRecognitionCore
0x000000010b8ae000 	/System/Library/CoreServices/Encodings/libCyrillicConverter.dylib
0x000000010b8e4000 	/Library/Java/JavaVirtualMachines/jdk1.8.0_181.jdk/Contents/Home/jre/lib/server/libjvm.dylib
0x00007fff8a841000 	/usr/lib/libstdc++.6.dylib
0x000000010c89c000 	/Library/Java/JavaVirtualMachines/jdk1.8.0_181.jdk/Contents/Home/jre/lib/libverify.dylib
0x000000010c8aa000 	/Library/Java/JavaVirtualMachines/jdk1.8.0_181.jdk/Contents/Home/jre/lib/libjava.dylib
0x000000010c8ea000 	/Library/Java/JavaVirtualMachines/jdk1.8.0_181.jdk/Contents/Home/jre/lib/libzip.dylib
0x000000012140e000 	/Library/Java/JavaVirtualMachines/jdk1.8.0_181.jdk/Contents/Home/jre/lib/libawt.dylib
0x00000001214b8000 	/Library/Java/JavaVirtualMachines/jdk1.8.0_181.jdk/Contents/Home/jre/lib/./libmlib_image.dylib
0x0000000121584000 	/System/Library/Frameworks/JavaVM.framework/Versions/A/Frameworks/JavaNativeFoundation.framework/Versions/A/JavaNativeFoundation
0x0000000121599000 	/System/Library/Frameworks/JavaVM.framework/Versions/A/Frameworks/JavaRuntimeSupport.framework/Versions/A/JavaRuntimeSupport
0x00000001215b4000 	/System/Library/Frameworks/JavaVM.framework/Versions/A/JavaVM
0x00000001215c1000 	/System/Library/PrivateFrameworks/JavaLaunching.framework/Versions/A/JavaLaunching
0x00007fff917b7000 	/System/Library/Frameworks/Carbon.framework/Versions/A/Carbon
0x00007fff97cbf000 	/System/Library/Frameworks/Carbon.framework/Versions/A/Frameworks/CommonPanels.framework/Versions/A/CommonPanels
0x00007fff8da0c000 	/System/Library/Frameworks/Carbon.framework/Versions/A/Frameworks/Help.framework/Versions/A/Help
0x00007fff94627000 	/System/Library/Frameworks/Carbon.framework/Versions/A/Frameworks/ImageCapture.framework/Versions/A/ImageCapture
0x00007fff909d1000 	/System/Library/Frameworks/Carbon.framework/Versions/A/Frameworks/OpenScripting.framework/Versions/A/OpenScripting
0x00007fff88489000 	/System/Library/Frameworks/Carbon.framework/Versions/A/Frameworks/Print.framework/Versions/A/Print
0x00007fff8f43e000 	/System/Library/Frameworks/Carbon.framework/Versions/A/Frameworks/SecurityHI.framework/Versions/A/SecurityHI
0x00000001215cd000 	/Library/Java/JavaVirtualMachines/jdk1.8.0_181.jdk/Contents/Home/jre/lib/libawt_lwawt.dylib
0x0000000121687000 	/Library/Java/JavaVirtualMachines/jdk1.8.0_181.jdk/Contents/Home/jre/lib/./libosxapp.dylib
0x00007fff9c666000 	/System/Library/Frameworks/ExceptionHandling.framework/Versions/A/ExceptionHandling
0x00007fff94057000 	/System/Library/PrivateFrameworks/CoreServicesInternal.framework/Versions/A/CoreServicesInternal
0x00007fff9af67000 	/System/Library/Frameworks/CoreGraphics.framework/Versions/A/Resources/libRIP.A.dylib
0x00007fff8ca40000 	/System/Library/Frameworks/Accelerate.framework/Versions/A/Frameworks/vImage.framework/Versions/A/Libraries/libCGInterfaces.dylib
0x00007fff8e00a000 	/System/Library/Frameworks/CoreGraphics.framework/Versions/A/Resources/libCGXType.A.dylib
0x00007fff8a302000 	/System/Library/Frameworks/OpenCL.framework/Versions/A/Libraries/libcldcpuengine.dylib
0x00007fff9118e000 	/System/Library/PrivateFrameworks/DiskImages.framework/Versions/A/DiskImages
0x00007fff8dc94000 	/System/Library/Frameworks/DiscRecording.framework/Versions/A/DiscRecording
0x00007fff88ff7000 	/usr/lib/libcsfde.dylib
0x00007fff98b09000 	/usr/lib/libcurl.4.dylib
0x00007fff912c3000 	/System/Library/PrivateFrameworks/MediaKit.framework/Versions/A/MediaKit
0x00007fff96e41000 	/System/Library/PrivateFrameworks/ProtectedCloudStorage.framework/Versions/A/ProtectedCloudStorage
0x00007fff8c08f000 	/usr/lib/libCoreStorage.dylib
0x00007fff9895d000 	/System/Library/PrivateFrameworks/EFILogin.framework/Versions/A/EFILogin
0x00007fff97abb000 	/usr/lib/libutil.dylib
0x00007fff8eaeb000 	/System/Library/PrivateFrameworks/FindMyDevice.framework/Versions/A/FindMyDevice
0x00007fff8980d000 	/System/Library/Frameworks/LDAP.framework/Versions/A/LDAP
0x00007fff89b87000 	/usr/lib/libsasl2.2.dylib
0x00007fff9ac66000 	/System/Library/PrivateFrameworks/CoreDaemon.framework/Versions/B/CoreDaemon
0x00007fff9462d000 	/usr/lib/libcrypto.0.9.8.dylib
0x00007fff939ea000 	/System/Library/PrivateFrameworks/AppleSRP.framework/Versions/A/AppleSRP
0x00007fff89b2b000 	/System/Library/PrivateFrameworks/TrustEvaluationAgent.framework/Versions/A/TrustEvaluationAgent
0x0000000122fcd000 	cl_kernels
0x00007fff8a16f000 	/System/Library/Frameworks/OpenCL.framework/Versions/A/Libraries/ImageFormats/unorm8_bgra.dylib
0x00007fff93ef5000 	/System/Library/Frameworks/OpenCL.framework/Versions/A/Libraries/ImageFormats/unorm8_rgba.dylib
0x00007fff8d3ac000 	/System/Library/PrivateFrameworks/FamilyControls.framework/Versions/A/FamilyControls
0x00007fff939f3000 	/System/Library/PrivateFrameworks/CommerceKit.framework/Versions/A/Frameworks/CommerceCore.framework/Versions/A/CommerceCore
0x00007fff95f61000 	/System/Library/PrivateFrameworks/SystemAdministration.framework/Versions/A/SystemAdministration
0x00007fff8eb05000 	/System/Library/PrivateFrameworks/AppContainer.framework/Versions/A/AppContainer
0x00007fff9dba2000 	/System/Library/PrivateFrameworks/SecCodeWrapper.framework/Versions/A/SecCodeWrapper
0x00007fff96e35000 	/System/Library/Frameworks/DirectoryService.framework/Versions/A/DirectoryService
0x00007fff8d451000 	/System/Library/PrivateFrameworks/LoginUIKit.framework/Versions/A/Frameworks/LoginUICore.framework/Versions/A/LoginUICore
0x00007fff8e008000 	/usr/lib/libodfde.dylib
0x00007fff8aecb000 	/System/Library/Frameworks/OpenGL.framework/Versions/A/Resources/GLEngine.bundle/GLEngine
0x00007fff8da18000 	/System/Library/Frameworks/OpenGL.framework/Versions/A/Libraries/libGLProgrammability.dylib
0x0000000123fe7000 	/System/Library/Extensions/GeForceTeslaGLDriver.bundle/Contents/MacOS/GeForceTeslaGLDriver
0x0000000125ba5000 	/System/Library/Extensions/GeForceTeslaGLDriver.bundle/Contents/MacOS/libclh.dylib
0x00007fff97c10000 	/System/Library/PrivateFrameworks/GPUSupport.framework/Versions/A/Libraries/libGPUSupport.dylib
0x00007fff93a7b000 	/System/Library/Frameworks/OpenGL.framework/Versions/A/Resources/GLRendererFloat.bundle/GLRendererFloat
0x00000001267bd000 	/Library/Java/JavaVirtualMachines/jdk1.8.0_181.jdk/Contents/Home/jre/lib/libfontmanager.dylib
0x0000000127b14000 	/Library/Java/JavaVirtualMachines/jdk1.8.0_181.jdk/Contents/Home/jre/lib/libosxui.dylib
0x0000000128692000 	/Library/Java/JavaVirtualMachines/jdk1.8.0_181.jdk/Contents/Home/jre/lib/libnet.dylib
0x00000001286a9000 	/Library/Java/JavaVirtualMachines/jdk1.8.0_181.jdk/Contents/Home/jre/lib/libnio.dylib
0x00007fff9ac74000 	/System/Library/Frameworks/ApplicationServices.framework/Versions/A/Frameworks/ATS.framework/Versions/A/Resources/libTrueTypeScaler.dylib
0x00000001225a2000 	/private/var/folders/j0/y00zbzts2y705611_794rs200000gn/T/jogamp_0000/file_cache/jln7983658463003504032/jln1166128243793694143/libgluegen-rt.jnilib
0x00000001225a7000 	/private/var/folders/j0/y00zbzts2y705611_794rs200000gn/T/jogamp_0000/file_cache/jln7983658463003504032/jln1166128243793694143/libnativewindow_awt.jnilib
0x00000001225aa000 	/Library/Java/JavaVirtualMachines/jdk1.8.0_181.jdk/Contents/Home/jre/lib/libjawt.dylib
0x00000001225ad000 	/private/var/folders/j0/y00zbzts2y705611_794rs200000gn/T/jogamp_0000/file_cache/jln7983658463003504032/jln1166128243793694143/libnativewindow_macosx.jnilib
0x000000018f751000 	/private/var/folders/j0/y00zbzts2y705611_794rs200000gn/T/jogamp_0000/file_cache/jln7983658463003504032/jln1166128243793694143/libjogl_desktop.jnilib

VM Arguments:
jvm_args: -Djava.security.policy=java.policy.applet -Dfile.encoding=UTF-8 
java_command: sun.applet.AppletViewer module6.AirportMap1538229675639.html
java_class_path (initial): /Library/Java/JavaVirtualMachines/jdk1.8.0_181.jdk/Contents/Home/jre/lib/resources.jar:/Library/Java/JavaVirtualMachines/jdk1.8.0_181.jdk/Contents/Home/jre/lib/rt.jar:/Library/Java/JavaVirtualMachines/jdk1.8.0_181.jdk/Contents/Home/jre/lib/jsse.jar:/Library/Java/JavaVirtualMachines/jdk1.8.0_181.jdk/Contents/Home/jre/lib/jce.jar:/Library/Java/JavaVirtualMachines/jdk1.8.0_181.jdk/Contents/Home/jre/lib/charsets.jar:/Library/Java/JavaVirtualMachines/jdk1.8.0_181.jdk/Contents/Home/jre/lib/jfr.jar:/Library/Java/JavaVirtualMachines/jdk1.8.0_181.jdk/Contents/Home/jre/lib/ext/cldrdata.jar:/Library/Java/JavaVirtualMachines/jdk1.8.0_181.jdk/Contents/Home/jre/lib/ext/dnsns.jar:/Library/Java/JavaVirtualMachines/jdk1.8.0_181.jdk/Contents/Home/jre/lib/ext/jaccess.jar:/Library/Java/JavaVirtualMachines/jdk1.8.0_181.jdk/Contents/Home/jre/lib/ext/jfxrt.jar:/Library/Java/JavaVirtualMachines/jdk1.8.0_181.jdk/Contents/Home/jre/lib/ext/localedata.jar:/Library/Java/JavaVirtualMachines/jdk1.8.0_181.jdk/Contents/Home/jre/lib/ext/nashorn.jar:/Library/Java/JavaVirtualMachines/jdk1.8.0_181.jdk/Contents/Home/jre/lib/ext/sunec.jar:/Library/Java/JavaVirtualMachines/jdk1.8.0_181.jdk/Contents/Home/jre/lib/ext/sunjce_provider.jar:/Library/Java/JavaVirtualMachines/jdk1.8.0_181.jdk/Contents/Home/jre/lib/ext/sunpkcs11.jar:/Library/Java/JavaVirtualMachines/jdk1.8.0_181.jdk/Contents/Home/jre/lib/ext/zipfs.jar:/System/Library/Java/Extensions/MRJToolkit.jar:/Users/hel/eclipse-workspace/UCSDUnfoldingMaps/build:/Users/hel/eclipse-workspace/UCSDUnfoldingMaps/lib/core.jar:/Users/hel/eclipse-workspace/UCSDUnfoldingMaps/lib/gluegen-rt.jar:/Users/hel/eclipse-workspace/UCSDUnfoldingMaps/lib/jogl-all.jar:/Users/hel/eclipse-workspace/UCSDUnfoldingMaps/lib/log4j-1.2.15.jar:/Users/hel/eclipse-workspace/UCSDUnfoldingMaps/lib/sqlite-jdbc-3.7.2.jar:/Users/hel/eclipse-workspace/UCSDUnfoldingMaps/lib/json4processing.jar:/Users/hel/eclipse-workspace/UCSDUnfoldingMaps/lib/libTUIO.jar:/Users/hel/ec
Launcher Type: SUN_STANDARD

Environment Variables:
PATH=/usr/bin:/bin:/usr/sbin:/sbin
SHELL=/bin/bash
DISPLAY=/private/tmp/com.apple.launchd.kT2AxtNqQ7/org.macosforge.xquartz:0

Signal Handlers:
SIGSEGV: [libjvm.dylib+0x5b6029], sa_mask[0]=11111111011111110111111111111111, sa_flags=SA_ONSTACK|SA_RESTART|SA_SIGINFO
SIGBUS: [libjvm.dylib+0x5b6029], sa_mask[0]=11111111011111110111111111111111, sa_flags=SA_RESTART|SA_SIGINFO
SIGFPE: [libjvm.dylib+0x48b934], sa_mask[0]=11111111011111110111111111111111, sa_flags=SA_RESTART|SA_SIGINFO
SIGPIPE: [libjvm.dylib+0x48b934], sa_mask[0]=11111111011111110111111111111111, sa_flags=SA_RESTART|SA_SIGINFO
SIGXFSZ: [libjvm.dylib+0x48b934], sa_mask[0]=11111111011111110111111111111111, sa_flags=SA_RESTART|SA_SIGINFO
SIGILL: [libjvm.dylib+0x48b934], sa_mask[0]=11111111011111110111111111111111, sa_flags=SA_RESTART|SA_SIGINFO
SIGUSR1: SIG_DFL, sa_mask[0]=00000000000000000000000000000000, sa_flags=none
SIGUSR2: [libjvm.dylib+0x48b452], sa_mask[0]=00100000000000000000000000000000, sa_flags=SA_RESTART|SA_SIGINFO
SIGHUP: [libjvm.dylib+0x489a1d], sa_mask[0]=11111111011111110111111111111111, sa_flags=SA_RESTART|SA_SIGINFO
SIGINT: [libjvm.dylib+0x489a1d], sa_mask[0]=11111111011111110111111111111111, sa_flags=SA_RESTART|SA_SIGINFO
SIGTERM: [libjvm.dylib+0x489a1d], sa_mask[0]=11111111011111110111111111111111, sa_flags=SA_RESTART|SA_SIGINFO
SIGQUIT: [libjvm.dylib+0x489a1d], sa_mask[0]=11111111011111110111111111111111, sa_flags=SA_RESTART|SA_SIGINFO


---------------  S Y S T E M  ---------------

OS:Bsduname:Darwin 15.6.0 Darwin Kernel Version 15.6.0: Thu Jun 21 20:07:40 PDT 2018; root:xnu-3248.73.11~1/RELEASE_X86_64 x86_64
rlimit: STACK 8192k, CORE 0k, NPROC 709, NOFILE 10240, AS infinity
load average:2.03 2.17 2.21

CPU:total 2 (initial active 2) (2 cores per cpu, 1 threads per core) family 6 model 23 stepping 10, cmov, cx8, fxsr, mmx, sse, sse2, sse3, ssse3, sse4.1, tsc

Memory: 4k page, physical 4194304k(19288k free)

/proc/meminfo:


vm_info: Java HotSpot(TM) 64-Bit Server VM (25.181-b13) for bsd-amd64 JRE (1.8.0_181-b13), built on Jul  7 2018 01:02:31 by "java_re" with gcc 4.2.1 (Based on Apple Inc. build 5658) (LLVM build 2336.11.00)

time: Sat Sep 29 16:01:48 2018
elapsed time: 32 seconds (0d 0h 0m 32s)

