#
# A fatal error has been detected by the Java Runtime Environment:
#
#  SIGSEGV (0xb) at pc=0x00007fff84ddd4dd, pid=1607, tid=0x0000000000000a0b
#
# JRE version: Java(TM) SE Runtime Environment (8.0_181-b13) (build 1.8.0_181-b13)
# Java VM: Java HotSpot(TM) 64-Bit Server VM (25.181-b13 mixed mode bsd-amd64 compressed oops)
# Problematic frame:
# C  [libobjc.A.dylib+0x14dd]  objc_msgSend+0x1d
#
# Failed to write core dump. Core dumps have been disabled. To enable core dumping, try "ulimit -c unlimited" before starting Java again
#
# If you would like to submit a bug report, please visit:
#   http://bugreport.java.com/bugreport/crash.jsp
# The crash happened outside the Java Virtual Machine in native code.
# See problematic frame for where to report the bug.
#

---------------  T H R E A D  ---------------

Current thread (0x00007fdc4a29b000):  JavaThread "AWT-AppKit" daemon [_thread_in_native, id=2571, stack(0x00007fff565f5000,0x00007fff56df5000)]

siginfo: si_signo: 11 (SIGSEGV), si_code: 1 (SEGV_MAPERR), si_addr: 0x0000000000000018

Registers:
RAX=0x00007fdc4c268330, RBX=0x0000000126337450, RCX=0x0000000123a62480, RDX=0x0000000123a621a0
RSP=0x00007fff56defdd8, RBP=0x00007fff56defe90, RSI=0x00007fff8a65ecbe, RDI=0x00007fdc4c140250
R8 =0x0000000000000000, R9 =0x0000000000000000, R10=0x00007fff8a65ecbe, R11=0x0000000000000000
R12=0x0000000000000000, R13=0x000000018e0cacc8, R14=0x0000000126337440, R15=0x00007fdc4a29b000
RIP=0x00007fff84ddd4dd, EFLAGS=0x0000000000010246, ERR=0x0000000000000004
  TRAPNO=0x000000000000000e

Top of Stack: (sp=0x00007fff56defdd8)
0x00007fff56defdd8:   0000000126335157 00007fff56defe30
0x00007fff56defde8:   0000000000000003 00007fff56defe10
0x00007fff56defdf8:   00000001091d064e 000000018e0cacc8
0x00007fff56defe08:   000000018e0cacc8 00007fdc4c268330
0x00007fff56defe18:   00000001263376a0 0000000126337710
0x00007fff56defe28:   00007fff73211770 00007fff72712500
0x00007fff56defe38:   0000000126337450 0000000126337690
0x00007fff56defe48:   00007fdc4c268330 00007fdc4c140250
0x00007fff56defe58:   00007fdc4945c0c0 00007fdc4c268330
0x00007fff56defe68:   00007fdc4c140250 00007fff56deff18
0x00007fff56defe78:   00007fdc4a29b1f8 000000018e0cacc8
0x00007fff56defe88:   00007fff56deff40 00007fff56deff08
0x00007fff56defe98:   000000010a616087 000000018e0cacc8
0x00007fff56defea8:   00007fff56deff40 00007fff56deff08
0x00007fff56defeb8:   000000010a615de7 000000010a615da2
0x00007fff56defec8:   00007fff56defec8 000000018e0cacc8
0x00007fff56defed8:   00007fff56deff40 000000018e0cd900
0x00007fff56defee8:   0000000000000000 000000018e0cacc8
0x00007fff56defef8:   0000000000000000 00007fff56deff28
0x00007fff56deff08:   00007fff56deff88 000000010a607ffd
0x00007fff56deff18:   0000000781020248 000000010a611a58
0x00007fff56deff28:   00007fdc4c268330 00007fff56deff88
0x00007fff56deff38:   00007fdc4c140250 000000010a6134c2
0x00007fff56deff48:   00007fff56deff48 000000018e0cae92
0x00007fff56deff58:   00007fff56deffb0 000000018e0cd900
0x00007fff56deff68:   0000000000000000 000000018e0caea0
0x00007fff56deff78:   00007fff56deff28 00007fff56deff98
0x00007fff56deff88:   00007fff56defff8 000000010a607ffd
0x00007fff56deff98:   00007fdc4c268330 00000007810afe78
0x00007fff56deffa8:   00007fdc4c140250 00000007810afe78
0x00007fff56deffb8:   00007fff56deffb8 0000000191eac56e
0x00007fff56deffc8:   00007fff56df0008 0000000191eac628 

Instructions: (pc=0x00007fff84ddd4dd)
0x00007fff84ddd4bd:   44 00 00 48 85 ff 2e 74 62 40 f6 c7 01 2e 75 66
0x00007fff84ddd4cd:   49 bb f8 ff ff ff ff 7f 00 00 4c 23 1f 49 89 f2
0x00007fff84ddd4dd:   45 23 53 18 49 c1 e2 04 4d 03 53 10 49 3b 32 75
0x00007fff84ddd4ed:   04 41 ff 62 08 49 83 3a 01 76 0d 49 83 c2 10 49 

Register to memory mapping:

RAX=0x00007fdc4c268330 is an unknown value
RBX=0x0000000126337450: Java_jogamp_nativewindow_macosx_OSXUtil_GetScreenRefreshRate0+0x1cf0 in /private/var/folders/j0/y00zbzts2y705611_794rs200000gn/T/jogamp_0000/file_cache/jln1008199971950530266/jln8116863015722178325/libnativewindow_macosx.jnilib at 0x0000000126330000
RCX=0x0000000123a62480 is an unknown value
RDX=0x0000000123a621a0 is an unknown value
RSP=0x00007fff56defdd8 is pointing into the stack for thread: 0x00007fdc4a29b000
RBP=0x00007fff56defe90 is pointing into the stack for thread: 0x00007fdc4a29b000
RSI=0x00007fff8a65ecbe is an unknown value
RDI=0x00007fdc4c140250 is an unknown value
R8 =0x0000000000000000 is an unknown value
R9 =0x0000000000000000 is an unknown value
R10=0x00007fff8a65ecbe is an unknown value
R11=0x0000000000000000 is an unknown value
R12=0x0000000000000000 is an unknown value
R13={method} {0x000000018e0cacc8} 'UnsetJAWTRootSurfaceLayer0' '(JJ)V' in 'jogamp/nativewindow/jawt/macosx/MacOSXJAWTWindow'
R14=0x0000000126337440: Java_jogamp_nativewindow_macosx_OSXUtil_GetScreenRefreshRate0+0x1ce0 in /private/var/folders/j0/y00zbzts2y705611_794rs200000gn/T/jogamp_0000/file_cache/jln1008199971950530266/jln8116863015722178325/libnativewindow_macosx.jnilib at 0x0000000126330000
R15=0x00007fdc4a29b000 is a thread


Stack: [0x00007fff565f5000,0x00007fff56df5000],  sp=0x00007fff56defdd8,  free space=8171k
Native frames: (J=compiled Java code, j=interpreted, Vv=VM code, C=native code)
C  [libobjc.A.dylib+0x14dd]  objc_msgSend+0x1d
j  jogamp.nativewindow.jawt.macosx.MacOSXJAWTWindow.UnsetJAWTRootSurfaceLayer0(JJ)V+0
j  jogamp.nativewindow.jawt.macosx.MacOSXJAWTWindow.access$200(JJ)V+2
j  jogamp.nativewindow.jawt.macosx.MacOSXJAWTWindow$1.run()V+38
J 3611 C1 com.jogamp.common.util.RunnableTask.run()V (345 bytes) @ 0x000000010acd45b4 [0x000000010acd4420+0x194]
v  ~StubRoutines::call_stub
V  [libjvm.dylib+0x2efcba]  JavaCalls::call_helper(JavaValue*, methodHandle*, JavaCallArguments*, Thread*)+0x6ae
V  [libjvm.dylib+0x326ff8]  jni_invoke_nonstatic(JNIEnv_*, JavaValue*, _jobject*, JNICallType, _jmethodID*, JNI_ArgumentPusher*, Thread*)+0x2ec
V  [libjvm.dylib+0x3197db]  jni_CallVoidMethod+0x16b
C  [libnativewindow_macosx.jnilib+0x5326]  Java_jogamp_nativewindow_jawt_macosx_MacOSXJAWTWindow_UnsetJAWTRootSurfaceLayer0+0x2b6
C  [Foundation+0x76dbe]  __NSThreadPerformPerform+0x117
C  [CoreFoundation+0xaa7e1]  __CFRUNLOOP_IS_CALLING_OUT_TO_A_SOURCE0_PERFORM_FUNCTION__+0x11
C  [CoreFoundation+0x89e87]  __CFRunLoopDoSources0+0x1a7
C  [CoreFoundation+0x8942f]  __CFRunLoopRun+0x39f
C  [CoreFoundation+0x88e28]  CFRunLoopRunSpecific+0x128
C  [HIToolbox+0x30935]  RunCurrentEventLoopInMode+0xeb
C  [HIToolbox+0x30677]  ReceiveNextEventCommon+0xb8
C  [HIToolbox+0x305af]  _BlockUntilNextEventMatchingListInModeWithFilter+0x47
C  [AppKit+0x48df6]  _DPSNextEvent+0x42b
C  [AppKit+0x48226]  -[NSApplication _nextEventMatchingEventMask:untilDate:inMode:dequeue:]+0x1c6
C  [libosxapp.dylib+0x2328]  -[NSApplicationAWT nextEventMatchingMask:untilDate:inMode:dequeue:]+0x7c
C  [AppKit+0x3cd80]  -[NSApplication run]+0x2aa
C  [libosxapp.dylib+0x1f72]  +[NSApplicationAWT runAWTLoopWithApp:]+0x9c
C  [libawt_lwawt.dylib+0x4711f]  -[AWTStarter starter:]+0x389
C  [Foundation+0x76dbe]  __NSThreadPerformPerform+0x117
C  [CoreFoundation+0xaa7e1]  __CFRUNLOOP_IS_CALLING_OUT_TO_A_SOURCE0_PERFORM_FUNCTION__+0x11
C  [CoreFoundation+0x89f0c]  __CFRunLoopDoSources0+0x22c
C  [CoreFoundation+0x8942f]  __CFRunLoopRun+0x39f
C  [CoreFoundation+0x88e28]  CFRunLoopRunSpecific+0x128
C  [java+0x646e]  CreateExecutionEnvironment+0x367
C  [java+0x203c]  JLI_Launch+0x7a0
C  [java+0x84cb]  main+0x65
C  [java+0x1894]  start+0x34
C  0x0000000000000007

Java frames: (J=compiled Java code, j=interpreted, Vv=VM code)
j  jogamp.nativewindow.jawt.macosx.MacOSXJAWTWindow.UnsetJAWTRootSurfaceLayer0(JJ)V+0
j  jogamp.nativewindow.jawt.macosx.MacOSXJAWTWindow.access$200(JJ)V+2
j  jogamp.nativewindow.jawt.macosx.MacOSXJAWTWindow$1.run()V+38
J 3611 C1 com.jogamp.common.util.RunnableTask.run()V (345 bytes) @ 0x000000010acd45b4 [0x000000010acd4420+0x194]
v  ~StubRoutines::call_stub

---------------  P R O C E S S  ---------------

Java Threads: ( => current thread )
  0x00007fdc4a644000 JavaThread "Thread-20" [_thread_blocked, id=58723, stack(0x0000700001662000,0x0000700001762000)]
  0x00007fdc49dba800 JavaThread "AWT-EventQueue-1" [_thread_in_Java, id=54559, stack(0x000070000155f000,0x000070000165f000)]
  0x00007fdc4980e000 JavaThread "DestroyJavaVM" [_thread_blocked, id=5891, stack(0x000070000011a000,0x000070000021a000)]
  0x00007fdc4a116800 JavaThread "AWT-EventQueue-0" [_thread_blocked, id=54019, stack(0x0000700001359000,0x0000700001459000)]
  0x00007fdc4a3d2800 JavaThread "AWT-Shutdown" [_thread_blocked, id=29967, stack(0x0000700001256000,0x0000700001356000)]
  0x00007fdc4a3d3800 JavaThread "Java2D Disposer" daemon [_thread_blocked, id=51971, stack(0x0000700001153000,0x0000700001253000)]
  0x00007fdc4a311000 JavaThread "Java2D Queue Flusher" daemon [_thread_blocked, id=48903, stack(0x0000700001050000,0x0000700001150000)]
=>0x00007fdc4a29b000 JavaThread "AWT-AppKit" daemon [_thread_in_native, id=2571, stack(0x00007fff565f5000,0x00007fff56df5000)]
  0x00007fdc4a06c000 JavaThread "Service Thread" daemon [_thread_blocked, id=16899, stack(0x0000700000ab8000,0x0000700000bb8000)]
  0x00007fdc4983e800 JavaThread "C1 CompilerThread1" daemon [_thread_blocked, id=16387, stack(0x00007000009b5000,0x0000700000ab5000)]
  0x00007fdc4a02e000 JavaThread "C2 CompilerThread0" daemon [_thread_blocked, id=15875, stack(0x00007000008b2000,0x00007000009b2000)]
  0x00007fdc4a02d000 JavaThread "Signal Dispatcher" daemon [_thread_blocked, id=13075, stack(0x00007000007af000,0x00007000008af000)]
  0x00007fdc49837000 JavaThread "Finalizer" daemon [_thread_blocked, id=11267, stack(0x0000700000629000,0x0000700000729000)]
  0x00007fdc49806800 JavaThread "Reference Handler" daemon [_thread_blocked, id=10755, stack(0x0000700000526000,0x0000700000626000)]

Other Threads:
  0x00007fdc4a040800 VMThread [stack: 0x0000700000423000,0x0000700000523000] [id=10243]
  0x00007fdc4a04a000 WatcherThread [stack: 0x0000700000bbb000,0x0000700000cbb000] [id=17411]

VM state:synchronizing (normal execution)

VM Mutex/Monitor currently owned by a thread:  ([mutex/lock_event])
[0x00007fdc4950d4e0] Safepoint_lock - owner thread: 0x00007fdc4a040800
[0x00007fdc4950d560] Threads_lock - owner thread: 0x00007fdc4a040800

Heap:
 PSYoungGen      total 194048K, used 75822K [0x00000007aab00000, 0x00000007b7c00000, 0x00000007c0000000)
  eden space 184320K, 41% used [0x00000007aab00000,0x00000007af4ebb28,0x00000007b5f00000)
  from space 9728K, 1% used [0x00000007b7280000,0x00000007b72a0000,0x00000007b7c00000)
  to   space 14848K, 0% used [0x00000007b5f00000,0x00000007b5f00000,0x00000007b6d80000)
 ParOldGen       total 44544K, used 29063K [0x0000000780000000, 0x0000000782b80000, 0x00000007aab00000)
  object space 44544K, 65% used [0x0000000780000000,0x0000000781c61dc8,0x0000000782b80000)
 Metaspace       used 28007K, capacity 28313K, committed 28544K, reserved 1075200K
  class space    used 2221K, capacity 2311K, committed 2432K, reserved 1048576K

Card table byte_map: [0x00000001199c0000,0x0000000119bc1000] byte_map_base: 0x0000000115dc0000

Marking Bits: (ParMarkBitMap*) 0x0000000109986cd0
 Begin Bits: [0x0000000119bc1000, 0x000000011abc1000)
 End Bits:   [0x000000011abc1000, 0x000000011bbc1000)

Polling page: 0x000000010a089000

CodeCache: size=245760Kb used=11622Kb max_used=12034Kb free=234137Kb
 bounds [0x000000010a600000, 0x000000010b1e0000, 0x0000000119600000]
 total_blobs=4009 nmethods=3089 adapters=835
 compilation: enabled

Compilation events (10 events):
Event: 250.266 Thread 0x00007fdc4a02e000 3714       4       sun.util.logging.PlatformLogger$DefaultLoggerProxy::isLoggable (29 bytes)
Event: 250.270 Thread 0x00007fdc4a02e000 nmethod 3714 0x000000010aca9310 code [0x000000010aca9460, 0x000000010aca9558]
Event: 251.077 Thread 0x00007fdc4983e800 3715       3       java.awt.Rectangle::isEmpty (20 bytes)
Event: 251.077 Thread 0x00007fdc4983e800 nmethod 3715 0x000000010aae2a90 code [0x000000010aae2c00, 0x000000010aae2df0]
Event: 251.127 Thread 0x00007fdc4a02e000 3716       4       java.io.UnixFileSystem::parentOrNull (118 bytes)
Event: 251.150 Thread 0x00007fdc4a02e000 nmethod 3716 0x000000010ad25bd0 code [0x000000010ad25d60, 0x000000010ad26438]
Event: 251.220 Thread 0x00007fdc4983e800 3717       1       sun.java2d.SurfaceData::isSurfaceLost (5 bytes)
Event: 251.220 Thread 0x00007fdc4983e800 nmethod 3717 0x000000010a9d9650 code [0x000000010a9d97a0, 0x000000010a9d98b0]
Event: 251.226 Thread 0x00007fdc4983e800 3718       3       java.util.IdentityHashMap::hash (18 bytes)
Event: 251.226 Thread 0x00007fdc4983e800 nmethod 3718 0x000000010acaef90 code [0x000000010acaf100, 0x000000010acaf288]

GC Heap History (10 events):
Event: 118.642 GC heap before
{Heap before GC invocations=11 (full 1):
 PSYoungGen      total 72704K, used 70089K [0x00000007aab00000, 0x00000007b2000000, 0x00000007c0000000)
  eden space 59392K, 100% used [0x00000007aab00000,0x00000007ae500000,0x00000007ae500000)
  from space 13312K, 80% used [0x00000007ae500000,0x00000007aef72700,0x00000007af200000)
  to   space 14336K, 0% used [0x00000007b1200000,0x00000007b1200000,0x00000007b2000000)
 ParOldGen       total 44544K, used 18577K [0x0000000780000000, 0x0000000782b80000, 0x00000007aab00000)
  object space 44544K, 41% used [0x0000000780000000,0x0000000781224700,0x0000000782b80000)
 Metaspace       used 27828K, capacity 28181K, committed 28544K, reserved 1075200K
  class space    used 2212K, capacity 2309K, committed 2432K, reserved 1048576K
Event: 118.746 GC heap after
Heap after GC invocations=11 (full 1):
 PSYoungGen      total 104448K, used 608K [0x00000007aab00000, 0x00000007b2000000, 0x00000007c0000000)
  eden space 90112K, 0% used [0x00000007aab00000,0x00000007aab00000,0x00000007b0300000)
  from space 14336K, 4% used [0x00000007b1200000,0x00000007b1298010,0x00000007b2000000)
  to   space 14848K, 0% used [0x00000007b0300000,0x00000007b0300000,0x00000007b1180000)
 ParOldGen       total 44544K, used 28554K [0x0000000780000000, 0x0000000782b80000, 0x00000007aab00000)
  object space 44544K, 64% used [0x0000000780000000,0x0000000781be2968,0x0000000782b80000)
 Metaspace       used 27828K, capacity 28181K, committed 28544K, reserved 1075200K
  class space    used 2212K, capacity 2309K, committed 2432K, reserved 1048576K
}
Event: 145.446 GC heap before
{Heap before GC invocations=12 (full 1):
 PSYoungGen      total 104448K, used 90720K [0x00000007aab00000, 0x00000007b2000000, 0x00000007c0000000)
  eden space 90112K, 100% used [0x00000007aab00000,0x00000007b0300000,0x00000007b0300000)
  from space 14336K, 4% used [0x00000007b1200000,0x00000007b1298010,0x00000007b2000000)
  to   space 14848K, 0% used [0x00000007b0300000,0x00000007b0300000,0x00000007b1180000)
 ParOldGen       total 44544K, used 28554K [0x0000000780000000, 0x0000000782b80000, 0x00000007aab00000)
  object space 44544K, 64% used [0x0000000780000000,0x0000000781be2968,0x0000000782b80000)
 Metaspace       used 27892K, capacity 28181K, committed 28544K, reserved 1075200K
  class space    used 2212K, capacity 2309K, committed 2432K, reserved 1048576K
Event: 145.462 GC heap after
Heap after GC invocations=12 (full 1):
 PSYoungGen      total 104960K, used 96K [0x00000007aab00000, 0x00000007b4b80000, 0x00000007c0000000)
  eden space 90112K, 0% used [0x00000007aab00000,0x00000007aab00000,0x00000007b0300000)
  from space 14848K, 0% used [0x00000007b0300000,0x00000007b0318000,0x00000007b1180000)
  to   space 14848K, 0% used [0x00000007b3d00000,0x00000007b3d00000,0x00000007b4b80000)
 ParOldGen       total 44544K, used 28951K [0x0000000780000000, 0x0000000782b80000, 0x00000007aab00000)
  object space 44544K, 64% used [0x0000000780000000,0x0000000781c45dc8,0x0000000782b80000)
 Metaspace       used 27892K, capacity 28181K, committed 28544K, reserved 1075200K
  class space    used 2212K, capacity 2309K, committed 2432K, reserved 1048576K
}
Event: 169.289 GC heap before
{Heap before GC invocations=13 (full 1):
 PSYoungGen      total 104960K, used 90208K [0x00000007aab00000, 0x00000007b4b80000, 0x00000007c0000000)
  eden space 90112K, 100% used [0x00000007aab00000,0x00000007b0300000,0x00000007b0300000)
  from space 14848K, 0% used [0x00000007b0300000,0x00000007b0318000,0x00000007b1180000)
  to   space 14848K, 0% used [0x00000007b3d00000,0x00000007b3d00000,0x00000007b4b80000)
 ParOldGen       total 44544K, used 28951K [0x0000000780000000, 0x0000000782b80000, 0x00000007aab00000)
  object space 44544K, 64% used [0x0000000780000000,0x0000000781c45dc8,0x0000000782b80000)
 Metaspace       used 27932K, capacity 28309K, committed 28544K, reserved 1075200K
  class space    used 2213K, capacity 2309K, committed 2432K, reserved 1048576K
Event: 169.293 GC heap after
Heap after GC invocations=13 (full 1):
 PSYoungGen      total 144384K, used 96K [0x00000007aab00000, 0x00000007b4900000, 0x00000007c0000000)
  eden space 132096K, 0% used [0x00000007aab00000,0x00000007aab00000,0x00000007b2c00000)
  from space 12288K, 0% used [0x00000007b3d00000,0x00000007b3d18000,0x00000007b4900000)
  to   space 14848K, 0% used [0x00000007b2c00000,0x00000007b2c00000,0x00000007b3a80000)
 ParOldGen       total 44544K, used 28975K [0x0000000780000000, 0x0000000782b80000, 0x00000007aab00000)
  object space 44544K, 65% used [0x0000000780000000,0x0000000781c4bdc8,0x0000000782b80000)
 Metaspace       used 27932K, capacity 28309K, committed 28544K, reserved 1075200K
  class space    used 2213K, capacity 2309K, committed 2432K, reserved 1048576K
}
Event: 204.449 GC heap before
{Heap before GC invocations=14 (full 1):
 PSYoungGen      total 144384K, used 132192K [0x00000007aab00000, 0x00000007b4900000, 0x00000007c0000000)
  eden space 132096K, 100% used [0x00000007aab00000,0x00000007b2c00000,0x00000007b2c00000)
  from space 12288K, 0% used [0x00000007b3d00000,0x00000007b3d18000,0x00000007b4900000)
  to   space 14848K, 0% used [0x00000007b2c00000,0x00000007b2c00000,0x00000007b3a80000)
 ParOldGen       total 44544K, used 28975K [0x0000000780000000, 0x0000000782b80000, 0x00000007aab00000)
  object space 44544K, 65% used [0x0000000780000000,0x0000000781c4bdc8,0x0000000782b80000)
 Metaspace       used 27932K, capacity 28309K, committed 28544K, reserved 1075200K
  class space    used 2213K, capacity 2309K, committed 2432K, reserved 1048576K
Event: 204.452 GC heap after
Heap after GC invocations=14 (full 1):
 PSYoungGen      total 146944K, used 64K [0x00000007aab00000, 0x00000007b8100000, 0x00000007c0000000)
  eden space 132096K, 0% used [0x00000007aab00000,0x00000007aab00000,0x00000007b2c00000)
  from space 14848K, 0% used [0x00000007b2c00000,0x00000007b2c10000,0x00000007b3a80000)
  to   space 14848K, 0% used [0x00000007b7280000,0x00000007b7280000,0x00000007b8100000)
 ParOldGen       total 44544K, used 29047K [0x0000000780000000, 0x0000000782b80000, 0x00000007aab00000)
  object space 44544K, 65% used [0x0000000780000000,0x0000000781c5ddc8,0x0000000782b80000)
 Metaspace       used 27932K, capacity 28309K, committed 28544K, reserved 1075200K
  class space    used 2213K, capacity 2309K, committed 2432K, reserved 1048576K
}
Event: 234.892 GC heap before
{Heap before GC invocations=15 (full 1):
 PSYoungGen      total 146944K, used 132160K [0x00000007aab00000, 0x00000007b8100000, 0x00000007c0000000)
  eden space 132096K, 100% used [0x00000007aab00000,0x00000007b2c00000,0x00000007b2c00000)
  from space 14848K, 0% used [0x00000007b2c00000,0x00000007b2c10000,0x00000007b3a80000)
  to   space 14848K, 0% used [0x00000007b7280000,0x00000007b7280000,0x00000007b8100000)
 ParOldGen       total 44544K, used 29047K [0x0000000780000000, 0x0000000782b80000, 0x00000007aab00000)
  object space 44544K, 65% used [0x0000000780000000,0x0000000781c5ddc8,0x0000000782b80000)
 Metaspace       used 27963K, capacity 28309K, committed 28544K, reserved 1075200K
  class space    used 2213K, capacity 2309K, committed 2432K, reserved 1048576K
Event: 234.895 GC heap after
Heap after GC invocations=15 (full 1):
 PSYoungGen      total 194048K, used 128K [0x00000007aab00000, 0x00000007b7c00000, 0x00000007c0000000)
  eden space 184320K, 0% used [0x00000007aab00000,0x00000007aab00000,0x00000007b5f00000)
  from space 9728K, 1% used [0x00000007b7280000,0x00000007b72a0000,0x00000007b7c00000)
  to   space 14848K, 0% used [0x00000007b5f00000,0x00000007b5f00000,0x00000007b6d80000)
 ParOldGen       total 44544K, used 29063K [0x0000000780000000, 0x0000000782b80000, 0x00000007aab00000)
  object space 44544K, 65% used [0x0000000780000000,0x0000000781c61dc8,0x0000000782b80000)
 Metaspace       used 27963K, capacity 28309K, committed 28544K, reserved 1075200K
  class space    used 2213K, capacity 2309K, committed 2432K, reserved 1048576K
}

Deoptimization events (10 events):
Event: 251.076 Thread 0x00007fdc4a116800 Uncommon trap: reason=unstable_if action=reinterpret pc=0x000000010ae256a8 method=sun.lwawt.LWContainerPeer.cutChildren(Lsun/java2d/pipe/Region;Lsun/lwawt/LWComponentPeer;)Lsun/java2d/pipe/Region; @ 67
Event: 251.076 Thread 0x00007fdc4a116800 Uncommon trap: reason=unstable_if action=reinterpret pc=0x000000010a82afac method=sun.java2d.SunGraphics2D.validateCompClip()V @ 9
Event: 251.082 Thread 0x00007fdc4a2b9000 Uncommon trap: reason=unstable_if action=reinterpret pc=0x000000010ab37650 method=java.security.AccessControlContext.combine([Ljava/security/ProtectionDomain;[Ljava/security/ProtectionDomain;)[Ljava/security/ProtectionDomain; @ 151
Event: 251.082 Thread 0x00007fdc4a116800 Uncommon trap: reason=unstable_if action=reinterpret pc=0x000000010b184038 method=sun.java2d.pipe.Region.isInsideQuickCheck(Lsun/java2d/pipe/Region;)Z @ 48
Event: 251.082 Thread 0x00007fdc4a116800 Uncommon trap: reason=unstable_if action=reinterpret pc=0x000000010ada195c method=sun.java2d.pipe.Region.isInsideQuickCheck(Lsun/java2d/pipe/Region;)Z @ 48
Event: 251.084 Thread 0x00007fdc4a116800 Uncommon trap: reason=unstable_if action=reinterpret pc=0x000000010b12e1f8 method=java.awt.Font.equals(Ljava/lang/Object;)Z @ 2
Event: 251.123 Thread 0x00007fdc4a2b9000 Uncommon trap: reason=unstable_if action=reinterpret pc=0x000000010af1e450 method=java.util.HashMap.putVal(ILjava/lang/Object;Ljava/lang/Object;ZZ)Ljava/lang/Object; @ 81
Event: 251.124 Thread 0x00007fdc4a116800 Uncommon trap: reason=unstable_if action=reinterpret pc=0x000000010abc5ce8 method=sun.java2d.pipe.Region.isInsideQuickCheck(Lsun/java2d/pipe/Region;)Z @ 48
Event: 251.218 Thread 0x00007fdc49dba800 Uncommon trap: reason=unstable_if action=reinterpret pc=0x000000010a9e2968 method=java.security.AccessControlContext.combine([Ljava/security/ProtectionDomain;[Ljava/security/ProtectionDomain;)[Ljava/security/ProtectionDomain; @ 151
Event: 251.219 Thread 0x00007fdc4a644000 Uncommon trap: reason=predicate action=maybe_recompile pc=0x000000010a9e4dd0 method=java.util.Vector.indexOf(Ljava/lang/Object;I)I @ 44

Classes redefined (0 events):
No events

Internal exceptions (10 events):
Event: 3.920 Thread 0x00007fdc4980e000 Exception <a 'java/io/FileNotFoundException'> (0x00000007aad6c810) thrown at [/Users/java_re/workspace/8-2-build-macosx-x86_64/jdk8u181/11358/hotspot/src/share/vm/prims/jni.cpp, line 709]
Event: 3.920 Thread 0x00007fdc4980e000 Exception <a 'java/io/FileNotFoundException'> (0x00000007aad6d360) thrown at [/Users/java_re/workspace/8-2-build-macosx-x86_64/jdk8u181/11358/hotspot/src/share/vm/prims/jni.cpp, line 709]
Event: 10.777 Thread 0x00007fdc4980e000 Exception <a 'java/io/FileNotFoundException'> (0x00000007aaee7fc0) thrown at [/Users/java_re/workspace/8-2-build-macosx-x86_64/jdk8u181/11358/hotspot/src/share/vm/prims/jni.cpp, line 709]
Event: 64.483 Thread 0x00007fdc49837000 Exception <a 'java/lang/NullPointerException'> (0x00000007aab51f00) thrown at [/Users/java_re/workspace/8-2-build-macosx-x86_64/jdk8u181/11358/hotspot/src/share/vm/interpreter/linkResolver.cpp, line 1185]
Event: 65.565 Thread 0x00007fdc4a624800 Exception <a 'java/lang/UnsatisfiedLinkError': com.jogamp.common.util.JarUtil.fixNativeLibAttribs(Ljava/lang/String;)Z> (0x00000007ab0b6f20) thrown at [/Users/java_re/workspace/8-2-build-macosx-x86_64/jdk8u181/11358/hotspot/src/share/vm/prims/nativeLookup
Event: 69.939 Thread 0x00007fdc49dba800 Exception <a 'java/io/FileNotFoundException'> (0x00000007ab348a90) thrown at [/Users/java_re/workspace/8-2-build-macosx-x86_64/jdk8u181/11358/hotspot/src/share/vm/prims/jni.cpp, line 709]
Event: 69.939 Thread 0x00007fdc49dba800 Exception <a 'java/io/FileNotFoundException'> (0x00000007ab34ed18) thrown at [/Users/java_re/workspace/8-2-build-macosx-x86_64/jdk8u181/11358/hotspot/src/share/vm/prims/jni.cpp, line 709]
Event: 69.939 Thread 0x00007fdc49dba800 Implicit null exception at 0x000000010a7e43b6 to 0x000000010a7e4771
Event: 72.880 Thread 0x00007fdc49dba800 Implicit null exception at 0x000000010a9c1886 to 0x000000010a9c1acd
Event: 73.079 Thread 0x00007fdc4a549000 Implicit null exception at 0x000000010a7e7ef3 to 0x000000010a7e82f9

Events (10 events):
Event: 251.219 Thread 0x00007fdc4a2b9000 Thread exited: 0x00007fdc4a2b9000
Event: 251.219 Thread 0x00007fdc4a644000 Uncommon trap: trap_request=0xffffff86 fr.pc=0x000000010a9e4dd0
Event: 251.219 Thread 0x00007fdc4a644000 DEOPT PACKING pc=0x000000010a9e4dd0 sp=0x0000700001761770
Event: 251.219 Thread 0x00007fdc4a644000 DEOPT UNPACKING pc=0x000000010a64547a sp=0x0000700001761748 mode 2
Event: 251.219 loading class java/awt/Window$1DisposeAction
Event: 251.219 loading class java/awt/Window$1DisposeAction done
Event: 251.225 Executing VM operation: RevokeBias
Event: 251.225 Executing VM operation: RevokeBias done
Event: 251.225 Executing VM operation: RevokeBias
Event: 251.225 Executing VM operation: RevokeBias done


Dynamic libraries:
0x00007fff951ba000 	/System/Library/Frameworks/Cocoa.framework/Versions/A/Cocoa
0x00007fff85c93000 	/System/Library/Frameworks/Security.framework/Versions/A/Security
0x00007fff92f3a000 	/System/Library/Frameworks/ApplicationServices.framework/Versions/A/ApplicationServices
0x00007fff89020000 	/usr/lib/libz.1.dylib
0x00007fff9542e000 	/usr/lib/libSystem.B.dylib
0x00007fff84ddc000 	/usr/lib/libobjc.A.dylib
0x00007fff89ac0000 	/System/Library/Frameworks/CoreFoundation.framework/Versions/A/CoreFoundation
0x00007fff8df37000 	/System/Library/Frameworks/Foundation.framework/Versions/C/Foundation
0x00007fff95665000 	/System/Library/Frameworks/AppKit.framework/Versions/C/AppKit
0x00007fff8420f000 	/System/Library/Frameworks/CoreData.framework/Versions/A/CoreData
0x00007fff96afa000 	/System/Library/PrivateFrameworks/RemoteViewServices.framework/Versions/A/RemoteViewServices
0x00007fff95279000 	/System/Library/PrivateFrameworks/UIFoundation.framework/Versions/A/UIFoundation
0x00007fff8fc92000 	/usr/lib/libScreenReader.dylib
0x00007fff93f85000 	/System/Library/Frameworks/Accelerate.framework/Versions/A/Accelerate
0x00007fff8457a000 	/System/Library/Frameworks/IOSurface.framework/Versions/A/IOSurface
0x00007fff85f2e000 	/System/Library/Frameworks/AudioToolbox.framework/Versions/A/AudioToolbox
0x00007fff95168000 	/System/Library/Frameworks/AudioUnit.framework/Versions/A/AudioUnit
0x00007fff881e0000 	/System/Library/PrivateFrameworks/DataDetectorsCore.framework/Versions/A/DataDetectorsCore
0x00007fff8b484000 	/System/Library/PrivateFrameworks/DesktopServicesPriv.framework/Versions/A/DesktopServicesPriv
0x00007fff865b1000 	/System/Library/Frameworks/Carbon.framework/Versions/A/Frameworks/HIToolbox.framework/Versions/A/HIToolbox
0x00007fff8518d000 	/System/Library/Frameworks/QuartzCore.framework/Versions/A/QuartzCore
0x00007fff84d56000 	/System/Library/Frameworks/Carbon.framework/Versions/A/Frameworks/SpeechRecognition.framework/Versions/A/SpeechRecognition
0x00007fff860db000 	/usr/lib/libauto.dylib
0x00007fff896c1000 	/usr/lib/libicucore.A.dylib
0x00007fff92e4a000 	/usr/lib/libxml2.2.dylib
0x00007fff97ee8000 	/System/Library/PrivateFrameworks/CoreUI.framework/Versions/A/CoreUI
0x00007fff88fce000 	/System/Library/Frameworks/CoreAudio.framework/Versions/A/CoreAudio
0x00007fff8ea9e000 	/System/Library/Frameworks/DiskArbitration.framework/Versions/A/DiskArbitration
0x00007fff9175f000 	/usr/lib/liblangid.dylib
0x00007fff85168000 	/System/Library/PrivateFrameworks/MultitouchSupport.framework/Versions/A/MultitouchSupport
0x00007fff85b9f000 	/System/Library/Frameworks/IOKit.framework/Versions/A/IOKit
0x00007fff86396000 	/usr/lib/libDiagnosticMessagesClient.dylib
0x00007fff901c7000 	/System/Library/Frameworks/CoreServices.framework/Versions/A/CoreServices
0x00007fff90ccf000 	/System/Library/PrivateFrameworks/PerformanceAnalysis.framework/Versions/A/PerformanceAnalysis
0x00007fff92222000 	/System/Library/PrivateFrameworks/GenerationalStorage.framework/Versions/A/GenerationalStorage
0x00007fff90ed2000 	/System/Library/Frameworks/OpenGL.framework/Versions/A/OpenGL
0x00007fff8c807000 	/System/Library/PrivateFrameworks/Sharing.framework/Versions/A/Sharing
0x00007fff96b33000 	/System/Library/Frameworks/CoreGraphics.framework/Versions/A/CoreGraphics
0x00007fff8ba26000 	/System/Library/Frameworks/CoreImage.framework/Versions/A/CoreImage
0x00007fff8bc49000 	/System/Library/Frameworks/CoreText.framework/Versions/A/CoreText
0x00007fff91ab7000 	/System/Library/Frameworks/ImageIO.framework/Versions/A/ImageIO
0x00007fff8e64e000 	/System/Library/PrivateFrameworks/Backup.framework/Versions/A/Backup
0x00007fff86122000 	/usr/lib/libextension.dylib
0x00007fff8809a000 	/usr/lib/libarchive.2.dylib
0x00007fff922e1000 	/System/Library/Frameworks/CFNetwork.framework/Versions/A/CFNetwork
0x00007fff8ddb1000 	/System/Library/Frameworks/SystemConfiguration.framework/Versions/A/SystemConfiguration
0x00007fff9628f000 	/usr/lib/libCRFSuite.dylib
0x00007fff898f7000 	/usr/lib/libc++.1.dylib
0x00007fff88062000 	/usr/lib/libc++abi.dylib
0x00007fff939c8000 	/usr/lib/system/libcache.dylib
0x00007fff86f30000 	/usr/lib/system/libcommonCrypto.dylib
0x00007fff84d5d000 	/usr/lib/system/libcompiler_rt.dylib
0x00007fff8d73e000 	/usr/lib/system/libcopyfile.dylib
0x00007fff89fd5000 	/usr/lib/system/libcorecrypto.dylib
0x00007fff8a6fc000 	/usr/lib/system/libdispatch.dylib
0x00007fff962b3000 	/usr/lib/system/libdyld.dylib
0x00007fff82fe8000 	/usr/lib/system/libkeymgr.dylib
0x00007fff8305c000 	/usr/lib/system/liblaunch.dylib
0x00007fff90cbe000 	/usr/lib/system/libmacho.dylib
0x00007fff85a4c000 	/usr/lib/system/libquarantine.dylib
0x00007fff8a911000 	/usr/lib/system/libremovefile.dylib
0x00007fff9410b000 	/usr/lib/system/libsystem_asl.dylib
0x00007fff903d3000 	/usr/lib/system/libsystem_blocks.dylib
0x00007fff8e7b6000 	/usr/lib/system/libsystem_c.dylib
0x00007fff84074000 	/usr/lib/system/libsystem_configuration.dylib
0x00007fff82f0b000 	/usr/lib/system/libsystem_coreservices.dylib
0x00007fff92155000 	/usr/lib/system/libsystem_coretls.dylib
0x00007fff8f95a000 	/usr/lib/system/libsystem_dnssd.dylib
0x00007fff8de91000 	/usr/lib/system/libsystem_info.dylib
0x00007fff920d5000 	/usr/lib/system/libsystem_kernel.dylib
0x00007fff95138000 	/usr/lib/system/libsystem_m.dylib
0x00007fff90ee3000 	/usr/lib/system/libsystem_malloc.dylib
0x00007fff82cd1000 	/usr/lib/system/libsystem_network.dylib
0x00007fff8402b000 	/usr/lib/system/libsystem_networkextension.dylib
0x00007fff841e9000 	/usr/lib/system/libsystem_notify.dylib
0x00007fff87a41000 	/usr/lib/system/libsystem_platform.dylib
0x00007fff89a6c000 	/usr/lib/system/libsystem_pthread.dylib
0x00007fff97dba000 	/usr/lib/system/libsystem_sandbox.dylib
0x00007fff86475000 	/usr/lib/system/libsystem_secinit.dylib
0x00007fff8e2e6000 	/usr/lib/system/libsystem_trace.dylib
0x00007fff87a3c000 	/usr/lib/system/libunc.dylib
0x00007fff9221c000 	/usr/lib/system/libunwind.dylib
0x00007fff864f6000 	/usr/lib/system/libxpc.dylib
0x00007fff8e9ff000 	/usr/lib/libenergytrace.dylib
0x00007fff83fd7000 	/usr/lib/libbsm.0.dylib
0x00007fff92997000 	/usr/lib/system/libkxld.dylib
0x00007fff8ec03000 	/usr/lib/libxar.1.dylib
0x00007fff9549f000 	/usr/lib/libsqlite3.dylib
0x00007fff878c3000 	/usr/lib/libpam.2.dylib
0x00007fff8808d000 	/usr/lib/libOpenScriptingUtil.dylib
0x00007fff84065000 	/usr/lib/libbz2.1.0.dylib
0x00007fff9226c000 	/usr/lib/liblzma.5.dylib
0x00007fff928d7000 	/System/Library/Frameworks/CoreServices.framework/Versions/A/Frameworks/FSEvents.framework/Versions/A/FSEvents
0x00007fff8305d000 	/System/Library/Frameworks/CoreServices.framework/Versions/A/Frameworks/CarbonCore.framework/Versions/A/CarbonCore
0x00007fff94fef000 	/System/Library/Frameworks/CoreServices.framework/Versions/A/Frameworks/Metadata.framework/Versions/A/Metadata
0x00007fff880c6000 	/System/Library/Frameworks/CoreServices.framework/Versions/A/Frameworks/OSServices.framework/Versions/A/OSServices
0x00007fff92d7e000 	/System/Library/Frameworks/CoreServices.framework/Versions/A/Frameworks/SearchKit.framework/Versions/A/SearchKit
0x00007fff8de25000 	/System/Library/Frameworks/CoreServices.framework/Versions/A/Frameworks/AE.framework/Versions/A/AE
0x00007fff936de000 	/System/Library/Frameworks/CoreServices.framework/Versions/A/Frameworks/LaunchServices.framework/Versions/A/LaunchServices
0x00007fff816f9000 	/System/Library/Frameworks/CoreServices.framework/Versions/A/Frameworks/DictionaryServices.framework/Versions/A/DictionaryServices
0x00007fff91213000 	/System/Library/Frameworks/CoreServices.framework/Versions/A/Frameworks/SharedFileList.framework/Versions/A/SharedFileList
0x00007fff91140000 	/System/Library/Frameworks/NetFS.framework/Versions/A/NetFS
0x00007fff8eaa4000 	/System/Library/PrivateFrameworks/NetAuth.framework/Versions/A/NetAuth
0x00007fff8289c000 	/System/Library/PrivateFrameworks/login.framework/Versions/A/Frameworks/loginsupport.framework/Versions/A/loginsupport
0x00007fff87860000 	/System/Library/PrivateFrameworks/TCC.framework/Versions/A/TCC
0x00007fff8ab6a000 	/usr/lib/libmecabra.dylib
0x00007fff95430000 	/System/Library/Frameworks/ApplicationServices.framework/Versions/A/Frameworks/ATS.framework/Versions/A/ATS
0x00007fff8c6d0000 	/System/Library/Frameworks/ApplicationServices.framework/Versions/A/Frameworks/ColorSync.framework/Versions/A/ColorSync
0x00007fff833be000 	/System/Library/Frameworks/ApplicationServices.framework/Versions/A/Frameworks/HIServices.framework/Versions/A/HIServices
0x00007fff92feb000 	/System/Library/Frameworks/ApplicationServices.framework/Versions/A/Frameworks/LangAnalysis.framework/Versions/A/LangAnalysis
0x00007fff8b5d2000 	/System/Library/Frameworks/ApplicationServices.framework/Versions/A/Frameworks/PrintCore.framework/Versions/A/PrintCore
0x00007fff82f15000 	/System/Library/Frameworks/ApplicationServices.framework/Versions/A/Frameworks/QD.framework/Versions/A/QD
0x00007fff912b9000 	/System/Library/Frameworks/ApplicationServices.framework/Versions/A/Frameworks/SpeechSynthesis.framework/Versions/A/SpeechSynthesis
0x00007fff901c8000 	/System/Library/Frameworks/Metal.framework/Versions/A/Metal
0x00007fff8af0c000 	/System/Library/Frameworks/Accelerate.framework/Versions/A/Frameworks/vImage.framework/Versions/A/vImage
0x00007fff8763c000 	/System/Library/Frameworks/Accelerate.framework/Versions/A/Frameworks/vecLib.framework/Versions/A/vecLib
0x00007fff889de000 	/System/Library/Frameworks/Accelerate.framework/Versions/A/Frameworks/vecLib.framework/Versions/A/libvDSP.dylib
0x00007fff863bb000 	/System/Library/Frameworks/Accelerate.framework/Versions/A/Frameworks/vecLib.framework/Versions/A/libvMisc.dylib
0x00007fff88af1000 	/System/Library/Frameworks/Accelerate.framework/Versions/A/Frameworks/vecLib.framework/Versions/A/libLAPACK.dylib
0x00007fff9020b000 	/System/Library/Frameworks/Accelerate.framework/Versions/A/Frameworks/vecLib.framework/Versions/A/libBLAS.dylib
0x00007fff93f86000 	/System/Library/Frameworks/Accelerate.framework/Versions/A/Frameworks/vecLib.framework/Versions/A/libLinearAlgebra.dylib
0x00007fff845e8000 	/System/Library/Frameworks/Accelerate.framework/Versions/A/Frameworks/vecLib.framework/Versions/A/libSparseBLAS.dylib
0x00007fff92df1000 	/System/Library/PrivateFrameworks/GPUCompiler.framework/libmetal_timestamp.dylib
0x00007fff94ac7000 	/System/Library/Frameworks/OpenGL.framework/Versions/A/Libraries/libCoreFSCache.dylib
0x00007fff92287000 	/System/Library/PrivateFrameworks/IOAccelerator.framework/Versions/A/IOAccelerator
0x00007fff85a4f000 	/System/Library/Frameworks/ApplicationServices.framework/Versions/A/Frameworks/ATS.framework/Versions/A/Resources/libFontParser.dylib
0x00007fff8b788000 	/System/Library/Frameworks/ApplicationServices.framework/Versions/A/Frameworks/ATS.framework/Versions/A/Resources/libFontRegistry.dylib
0x00007fff97e4a000 	/System/Library/PrivateFrameworks/AppleVPA.framework/Versions/A/AppleVPA
0x00007fff8b829000 	/System/Library/PrivateFrameworks/AppleJPEG.framework/Versions/A/AppleJPEG
0x00007fff86e95000 	/System/Library/Frameworks/ImageIO.framework/Versions/A/Resources/libJPEG.dylib
0x00007fff920f4000 	/System/Library/Frameworks/ImageIO.framework/Versions/A/Resources/libTIFF.dylib
0x00007fff98036000 	/System/Library/Frameworks/ImageIO.framework/Versions/A/Resources/libPng.dylib
0x00007fff928e4000 	/System/Library/Frameworks/ImageIO.framework/Versions/A/Resources/libGIF.dylib
0x00007fff82bde000 	/System/Library/Frameworks/ImageIO.framework/Versions/A/Resources/libJP2.dylib
0x00007fff84062000 	/System/Library/Frameworks/ImageIO.framework/Versions/A/Resources/libRadiance.dylib
0x00007fff8a913000 	/System/Library/Frameworks/CoreVideo.framework/Versions/A/CoreVideo
0x00007fff8e6ff000 	/System/Library/Frameworks/OpenGL.framework/Versions/A/Libraries/libGLU.dylib
0x00007fff844f5000 	/System/Library/Frameworks/OpenGL.framework/Versions/A/Libraries/libGFXShared.dylib
0x00007fff9172b000 	/System/Library/Frameworks/OpenGL.framework/Versions/A/Libraries/libGL.dylib
0x00007fff844b6000 	/System/Library/Frameworks/OpenGL.framework/Versions/A/Libraries/libGLImage.dylib
0x00007fff8e4e5000 	/System/Library/Frameworks/OpenGL.framework/Versions/A/Libraries/libCVMSPluginSupport.dylib
0x00007fff928e0000 	/System/Library/Frameworks/OpenGL.framework/Versions/A/Libraries/libCoreVMClient.dylib
0x00007fff8c499000 	/usr/lib/libcompression.dylib
0x00007fff84151000 	/usr/lib/libcups.2.dylib
0x00007fff87cb9000 	/System/Library/Frameworks/Kerberos.framework/Versions/A/Kerberos
0x00007fff87b9a000 	/System/Library/Frameworks/GSS.framework/Versions/A/GSS
0x00007fff8e9e2000 	/usr/lib/libresolv.9.dylib
0x00007fff9162b000 	/usr/lib/libiconv.2.dylib
0x00007fff96a64000 	/System/Library/PrivateFrameworks/Heimdal.framework/Versions/A/Heimdal
0x00007fff88fc8000 	/usr/lib/libheimdal-asn1.dylib
0x00007fff8e328000 	/System/Library/Frameworks/OpenDirectory.framework/Versions/A/OpenDirectory
0x00007fff8400e000 	/System/Library/PrivateFrameworks/CommonAuth.framework/Versions/A/CommonAuth
0x00007fff8f963000 	/System/Library/Frameworks/OpenDirectory.framework/Versions/A/Frameworks/CFOpenDirectory.framework/Versions/A/CFOpenDirectory
0x00007fff8e741000 	/System/Library/Frameworks/SecurityFoundation.framework/Versions/A/SecurityFoundation
0x00007fff955bd000 	/System/Library/PrivateFrameworks/LanguageModeling.framework/Versions/A/LanguageModeling
0x00007fff8b6f6000 	/usr/lib/libmarisa.dylib
0x00007fff87d14000 	/usr/lib/libChineseTokenizer.dylib
0x00007fff86eba000 	/usr/lib/libcmph.dylib
0x00007fff8a955000 	/System/Library/Frameworks/ServiceManagement.framework/Versions/A/ServiceManagement
0x00007fff8a093000 	/usr/lib/libxslt.1.dylib
0x00007fff8a666000 	/System/Library/Frameworks/Carbon.framework/Versions/A/Frameworks/Ink.framework/Versions/A/Ink
0x00007fff8291c000 	/usr/lib/libFosl_dynamic.dylib
0x00007fff89032000 	/System/Library/PrivateFrameworks/FaceCore.framework/Versions/A/FaceCore
0x00007fff8aaae000 	/System/Library/Frameworks/OpenCL.framework/Versions/A/OpenCL
0x00007fff8453c000 	/System/Library/PrivateFrameworks/CrashReporterSupport.framework/Versions/A/CrashReporterSupport
0x00007fff8ab47000 	/System/Library/PrivateFrameworks/IconServices.framework/Versions/A/IconServices
0x00007fff85148000 	/System/Library/PrivateFrameworks/Apple80211.framework/Versions/A/Apple80211
0x00007fff87e31000 	/System/Library/Frameworks/CoreWLAN.framework/Versions/A/CoreWLAN
0x00007fff94123000 	/System/Library/Frameworks/IOBluetooth.framework/Versions/A/IOBluetooth
0x00007fff921b4000 	/System/Library/PrivateFrameworks/CoreWiFi.framework/Versions/A/CoreWiFi
0x00007fff87ca5000 	/System/Library/Frameworks/CoreBluetooth.framework/Versions/A/CoreBluetooth
0x00007fff86477000 	/System/Library/PrivateFrameworks/ChunkingLibrary.framework/Versions/A/ChunkingLibrary
0x00007fff94a8c000 	/System/Library/PrivateFrameworks/DebugSymbols.framework/Versions/A/DebugSymbols
0x00007fff82813000 	/System/Library/PrivateFrameworks/CoreSymbolication.framework/Versions/A/CoreSymbolication
0x00007fff911c2000 	/System/Library/PrivateFrameworks/Symbolication.framework/Versions/A/Symbolication
0x00007fff914b7000 	/System/Library/PrivateFrameworks/SpeechRecognitionCore.framework/Versions/A/SpeechRecognitionCore
0x0000000109057000 	/System/Library/CoreServices/Encodings/libCyrillicConverter.dylib
0x000000010908d000 	/Library/Java/JavaVirtualMachines/jdk1.8.0_181.jdk/Contents/Home/jre/lib/server/libjvm.dylib
0x00007fff84cd2000 	/usr/lib/libstdc++.6.dylib
0x000000010a045000 	/Library/Java/JavaVirtualMachines/jdk1.8.0_181.jdk/Contents/Home/jre/lib/libverify.dylib
0x000000010a053000 	/Library/Java/JavaVirtualMachines/jdk1.8.0_181.jdk/Contents/Home/jre/lib/libjava.dylib
0x000000010a093000 	/Library/Java/JavaVirtualMachines/jdk1.8.0_181.jdk/Contents/Home/jre/lib/libzip.dylib
0x000000011ebb7000 	/Library/Java/JavaVirtualMachines/jdk1.8.0_181.jdk/Contents/Home/jre/lib/libawt.dylib
0x000000011ec61000 	/Library/Java/JavaVirtualMachines/jdk1.8.0_181.jdk/Contents/Home/jre/lib/./libmlib_image.dylib
0x000000011ed2d000 	/System/Library/Frameworks/JavaVM.framework/Versions/A/Frameworks/JavaNativeFoundation.framework/Versions/A/JavaNativeFoundation
0x000000011ed42000 	/System/Library/Frameworks/JavaVM.framework/Versions/A/Frameworks/JavaRuntimeSupport.framework/Versions/A/JavaRuntimeSupport
0x000000011ed5d000 	/System/Library/Frameworks/JavaVM.framework/Versions/A/JavaVM
0x000000011ed6a000 	/System/Library/PrivateFrameworks/JavaLaunching.framework/Versions/A/JavaLaunching
0x00007fff8bc48000 	/System/Library/Frameworks/Carbon.framework/Versions/A/Carbon
0x00007fff92150000 	/System/Library/Frameworks/Carbon.framework/Versions/A/Frameworks/CommonPanels.framework/Versions/A/CommonPanels
0x00007fff87e9d000 	/System/Library/Frameworks/Carbon.framework/Versions/A/Frameworks/Help.framework/Versions/A/Help
0x00007fff8eab8000 	/System/Library/Frameworks/Carbon.framework/Versions/A/Frameworks/ImageCapture.framework/Versions/A/ImageCapture
0x00007fff8ae62000 	/System/Library/Frameworks/Carbon.framework/Versions/A/Frameworks/OpenScripting.framework/Versions/A/OpenScripting
0x00007fff8291a000 	/System/Library/Frameworks/Carbon.framework/Versions/A/Frameworks/Print.framework/Versions/A/Print
0x00007fff898cf000 	/System/Library/Frameworks/Carbon.framework/Versions/A/Frameworks/SecurityHI.framework/Versions/A/SecurityHI
0x000000011ed76000 	/Library/Java/JavaVirtualMachines/jdk1.8.0_181.jdk/Contents/Home/jre/lib/libawt_lwawt.dylib
0x000000011ee30000 	/Library/Java/JavaVirtualMachines/jdk1.8.0_181.jdk/Contents/Home/jre/lib/./libosxapp.dylib
0x00007fff96af7000 	/System/Library/Frameworks/ExceptionHandling.framework/Versions/A/ExceptionHandling
0x00007fff8e4e8000 	/System/Library/PrivateFrameworks/CoreServicesInternal.framework/Versions/A/CoreServicesInternal
0x00007fff953f8000 	/System/Library/Frameworks/CoreGraphics.framework/Versions/A/Resources/libRIP.A.dylib
0x00007fff86ed1000 	/System/Library/Frameworks/Accelerate.framework/Versions/A/Frameworks/vImage.framework/Versions/A/Libraries/libCGInterfaces.dylib
0x00007fff8849b000 	/System/Library/Frameworks/CoreGraphics.framework/Versions/A/Resources/libCGXType.A.dylib
0x00007fff84793000 	/System/Library/Frameworks/OpenCL.framework/Versions/A/Libraries/libcldcpuengine.dylib
0x00007fff8b61f000 	/System/Library/PrivateFrameworks/DiskImages.framework/Versions/A/DiskImages
0x00007fff88125000 	/System/Library/Frameworks/DiscRecording.framework/Versions/A/DiscRecording
0x00007fff83488000 	/usr/lib/libcsfde.dylib
0x00007fff92f9a000 	/usr/lib/libcurl.4.dylib
0x00007fff8b754000 	/System/Library/PrivateFrameworks/MediaKit.framework/Versions/A/MediaKit
0x00007fff912d2000 	/System/Library/PrivateFrameworks/ProtectedCloudStorage.framework/Versions/A/ProtectedCloudStorage
0x00007fff86520000 	/usr/lib/libCoreStorage.dylib
0x00007fff92dee000 	/System/Library/PrivateFrameworks/EFILogin.framework/Versions/A/EFILogin
0x00007fff91f4c000 	/usr/lib/libutil.dylib
0x00007fff88f7c000 	/System/Library/PrivateFrameworks/FindMyDevice.framework/Versions/A/FindMyDevice
0x00007fff83c9e000 	/System/Library/Frameworks/LDAP.framework/Versions/A/LDAP
0x00007fff84018000 	/usr/lib/libsasl2.2.dylib
0x00007fff950f7000 	/System/Library/PrivateFrameworks/CoreDaemon.framework/Versions/B/CoreDaemon
0x00007fff8eabe000 	/usr/lib/libcrypto.0.9.8.dylib
0x00007fff8de7b000 	/System/Library/PrivateFrameworks/AppleSRP.framework/Versions/A/AppleSRP
0x00007fff83fbc000 	/System/Library/PrivateFrameworks/TrustEvaluationAgent.framework/Versions/A/TrustEvaluationAgent
0x000000012054a000 	cl_kernels
0x00007fff84600000 	/System/Library/Frameworks/OpenCL.framework/Versions/A/Libraries/ImageFormats/unorm8_bgra.dylib
0x00007fff8e386000 	/System/Library/Frameworks/OpenCL.framework/Versions/A/Libraries/ImageFormats/unorm8_rgba.dylib
0x00007fff8783d000 	/System/Library/PrivateFrameworks/FamilyControls.framework/Versions/A/FamilyControls
0x00007fff8de84000 	/System/Library/PrivateFrameworks/CommerceKit.framework/Versions/A/Frameworks/CommerceCore.framework/Versions/A/CommerceCore
0x00007fff903f2000 	/System/Library/PrivateFrameworks/SystemAdministration.framework/Versions/A/SystemAdministration
0x00007fff88f96000 	/System/Library/PrivateFrameworks/AppContainer.framework/Versions/A/AppContainer
0x00007fff98033000 	/System/Library/PrivateFrameworks/SecCodeWrapper.framework/Versions/A/SecCodeWrapper
0x00007fff912c6000 	/System/Library/Frameworks/DirectoryService.framework/Versions/A/DirectoryService
0x00007fff878e2000 	/System/Library/PrivateFrameworks/LoginUIKit.framework/Versions/A/Frameworks/LoginUICore.framework/Versions/A/LoginUICore
0x00007fff88499000 	/usr/lib/libodfde.dylib
0x00007fff8535c000 	/System/Library/Frameworks/OpenGL.framework/Versions/A/Resources/GLEngine.bundle/GLEngine
0x00007fff87ea9000 	/System/Library/Frameworks/OpenGL.framework/Versions/A/Libraries/libGLProgrammability.dylib
0x0000000121564000 	/System/Library/Extensions/GeForceTeslaGLDriver.bundle/Contents/MacOS/GeForceTeslaGLDriver
0x0000000123122000 	/System/Library/Extensions/GeForceTeslaGLDriver.bundle/Contents/MacOS/libclh.dylib
0x00007fff920a1000 	/System/Library/PrivateFrameworks/GPUSupport.framework/Versions/A/Libraries/libGPUSupport.dylib
0x00007fff8df0c000 	/System/Library/Frameworks/OpenGL.framework/Versions/A/Resources/GLRendererFloat.bundle/GLRendererFloat
0x0000000123eba000 	/Library/Java/JavaVirtualMachines/jdk1.8.0_181.jdk/Contents/Home/jre/lib/libfontmanager.dylib
0x0000000123dba000 	/Library/Java/JavaVirtualMachines/jdk1.8.0_181.jdk/Contents/Home/jre/lib/libosxui.dylib
0x000000011f481000 	/Library/Java/JavaVirtualMachines/jdk1.8.0_181.jdk/Contents/Home/jre/lib/libnet.dylib
0x000000011f4e0000 	/Library/Java/JavaVirtualMachines/jdk1.8.0_181.jdk/Contents/Home/jre/lib/libnio.dylib
0x00007fff95105000 	/System/Library/Frameworks/ApplicationServices.framework/Versions/A/Frameworks/ATS.framework/Versions/A/Resources/libTrueTypeScaler.dylib
0x0000000124269000 	/private/var/folders/j0/y00zbzts2y705611_794rs200000gn/T/jogamp_0000/file_cache/jln1008199971950530266/jln8116863015722178325/libgluegen-rt.jnilib
0x0000000123e97000 	/private/var/folders/j0/y00zbzts2y705611_794rs200000gn/T/jogamp_0000/file_cache/jln1008199971950530266/jln8116863015722178325/libnativewindow_awt.jnilib
0x0000000124aee000 	/Library/Java/JavaVirtualMachines/jdk1.8.0_181.jdk/Contents/Home/jre/lib/libjawt.dylib
0x0000000126330000 	/private/var/folders/j0/y00zbzts2y705611_794rs200000gn/T/jogamp_0000/file_cache/jln1008199971950530266/jln8116863015722178325/libnativewindow_macosx.jnilib
0x000000018e1a9000 	/private/var/folders/j0/y00zbzts2y705611_794rs200000gn/T/jogamp_0000/file_cache/jln1008199971950530266/jln8116863015722178325/libjogl_desktop.jnilib
0x000000018eb27000 	/Library/Java/JavaVirtualMachines/jdk1.8.0_181.jdk/Contents/Home/jre/lib/libt2k.dylib

VM Arguments:
jvm_args: -Djava.security.policy=java.policy.applet -Dfile.encoding=UTF-8 
java_command: sun.applet.AppletViewer module6.EarthquakeCityMap1537730577105.html
java_class_path (initial): /Library/Java/JavaVirtualMachines/jdk1.8.0_181.jdk/Contents/Home/jre/lib/resources.jar:/Library/Java/JavaVirtualMachines/jdk1.8.0_181.jdk/Contents/Home/jre/lib/rt.jar:/Library/Java/JavaVirtualMachines/jdk1.8.0_181.jdk/Contents/Home/jre/lib/jsse.jar:/Library/Java/JavaVirtualMachines/jdk1.8.0_181.jdk/Contents/Home/jre/lib/jce.jar:/Library/Java/JavaVirtualMachines/jdk1.8.0_181.jdk/Contents/Home/jre/lib/charsets.jar:/Library/Java/JavaVirtualMachines/jdk1.8.0_181.jdk/Contents/Home/jre/lib/jfr.jar:/Library/Java/JavaVirtualMachines/jdk1.8.0_181.jdk/Contents/Home/jre/lib/ext/cldrdata.jar:/Library/Java/JavaVirtualMachines/jdk1.8.0_181.jdk/Contents/Home/jre/lib/ext/dnsns.jar:/Library/Java/JavaVirtualMachines/jdk1.8.0_181.jdk/Contents/Home/jre/lib/ext/jaccess.jar:/Library/Java/JavaVirtualMachines/jdk1.8.0_181.jdk/Contents/Home/jre/lib/ext/jfxrt.jar:/Library/Java/JavaVirtualMachines/jdk1.8.0_181.jdk/Contents/Home/jre/lib/ext/localedata.jar:/Library/Java/JavaVirtualMachines/jdk1.8.0_181.jdk/Contents/Home/jre/lib/ext/nashorn.jar:/Library/Java/JavaVirtualMachines/jdk1.8.0_181.jdk/Contents/Home/jre/lib/ext/sunec.jar:/Library/Java/JavaVirtualMachines/jdk1.8.0_181.jdk/Contents/Home/jre/lib/ext/sunjce_provider.jar:/Library/Java/JavaVirtualMachines/jdk1.8.0_181.jdk/Contents/Home/jre/lib/ext/sunpkcs11.jar:/Library/Java/JavaVirtualMachines/jdk1.8.0_181.jdk/Contents/Home/jre/lib/ext/zipfs.jar:/System/Library/Java/Extensions/MRJToolkit.jar:/Users/hel/eclipse-workspace/UCSDUnfoldingMaps/build:/Users/hel/eclipse-workspace/UCSDUnfoldingMaps/lib/core.jar:/Users/hel/eclipse-workspace/UCSDUnfoldingMaps/lib/gluegen-rt.jar:/Users/hel/eclipse-workspace/UCSDUnfoldingMaps/lib/jogl-all.jar:/Users/hel/eclipse-workspace/UCSDUnfoldingMaps/lib/log4j-1.2.15.jar:/Users/hel/eclipse-workspace/UCSDUnfoldingMaps/lib/sqlite-jdbc-3.7.2.jar:/Users/hel/eclipse-workspace/UCSDUnfoldingMaps/lib/json4processing.jar:/Users/hel/eclipse-workspace/UCSDUnfoldingMaps/lib/libTUIO.jar:/Users/hel/ec
Launcher Type: SUN_STANDARD

Environment Variables:
PATH=/usr/bin:/bin:/usr/sbin:/sbin
SHELL=/bin/bash
DISPLAY=/private/tmp/com.apple.launchd.3KoagpEvT7/org.macosforge.xquartz:0

Signal Handlers:
SIGSEGV: [libjvm.dylib+0x5b6029], sa_mask[0]=11111111011111110111111111111111, sa_flags=SA_ONSTACK|SA_RESTART|SA_SIGINFO
SIGBUS: [libjvm.dylib+0x5b6029], sa_mask[0]=11111111011111110111111111111111, sa_flags=SA_RESTART|SA_SIGINFO
SIGFPE: [libjvm.dylib+0x48b934], sa_mask[0]=11111111011111110111111111111111, sa_flags=SA_RESTART|SA_SIGINFO
SIGPIPE: [libjvm.dylib+0x48b934], sa_mask[0]=11111111011111110111111111111111, sa_flags=SA_RESTART|SA_SIGINFO
SIGXFSZ: [libjvm.dylib+0x48b934], sa_mask[0]=11111111011111110111111111111111, sa_flags=SA_RESTART|SA_SIGINFO
SIGILL: [libjvm.dylib+0x48b934], sa_mask[0]=11111111011111110111111111111111, sa_flags=SA_RESTART|SA_SIGINFO
SIGUSR1: SIG_DFL, sa_mask[0]=00000000000000000000000000000000, sa_flags=none
SIGUSR2: [libjvm.dylib+0x48b452], sa_mask[0]=00100000000000000000000000000000, sa_flags=SA_RESTART|SA_SIGINFO
SIGHUP: [libjvm.dylib+0x489a1d], sa_mask[0]=11111111011111110111111111111111, sa_flags=SA_RESTART|SA_SIGINFO
SIGINT: [libjvm.dylib+0x489a1d], sa_mask[0]=11111111011111110111111111111111, sa_flags=SA_RESTART|SA_SIGINFO
SIGTERM: [libjvm.dylib+0x489a1d], sa_mask[0]=11111111011111110111111111111111, sa_flags=SA_RESTART|SA_SIGINFO
SIGQUIT: [libjvm.dylib+0x489a1d], sa_mask[0]=11111111011111110111111111111111, sa_flags=SA_RESTART|SA_SIGINFO


---------------  S Y S T E M  ---------------

OS:Bsduname:Darwin 15.6.0 Darwin Kernel Version 15.6.0: Thu Jun 21 20:07:40 PDT 2018; root:xnu-3248.73.11~1/RELEASE_X86_64 x86_64
rlimit: STACK 8192k, CORE 0k, NPROC 709, NOFILE 10240, AS infinity
load average:5.66 4.40 3.53

CPU:total 2 (initial active 2) (2 cores per cpu, 1 threads per core) family 6 model 23 stepping 10, cmov, cx8, fxsr, mmx, sse, sse2, sse3, ssse3, sse4.1, tsc

Memory: 4k page, physical 4194304k(27360k free)

/proc/meminfo:


vm_info: Java HotSpot(TM) 64-Bit Server VM (25.181-b13) for bsd-amd64 JRE (1.8.0_181-b13), built on Jul  7 2018 01:02:31 by "java_re" with gcc 4.2.1 (Based on Apple Inc. build 5658) (LLVM build 2336.11.00)

time: Sun Sep 23 21:27:09 2018
elapsed time: 251 seconds (0d 0h 4m 11s)

